#! /usr/local/bin/vvp
:ivl_version "10.1 (stable)" "(v10_1-97-g480fb0b4)";
:ivl_delay_selection "TYPICAL";
:vpi_time_precision - 12;
:vpi_module "system";
:vpi_module "vhdl_sys";
:vpi_module "v2005_math";
:vpi_module "va_math";
S_0x7ff2dd4033a0 .scope module, "ripple" "ripple" 2 3;
 .timescale -9 -12;
    .port_info 0 /INPUT 1 "clk"
    .port_info 1 /INPUT 1 "rot"
    .port_info 2 /INPUT 1 "dir"
    .port_info 3 /OUTPUT 8 "led"
o0x107b13008 .functor BUFZ 1, C4<z>; HiZ drive
v0x7ff2dd403500_0 .net "clk", 0 0, o0x107b13008;  0 drivers
o0x107b13038 .functor BUFZ 1, C4<z>; HiZ drive
v0x7ff2dd4135a0_0 .net "dir", 0 0, o0x107b13038;  0 drivers
v0x7ff2dd413640_0 .var "led", 7 0;
v0x7ff2dd4136e0_0 .var "prev", 0 0;
o0x107b130c8 .functor BUFZ 1, C4<z>; HiZ drive
v0x7ff2dd413780_0 .net "rot", 0 0, o0x107b130c8;  0 drivers
E_0x7ff2dd4032b0 .event posedge, v0x7ff2dd403500_0;
    .scope S_0x7ff2dd4033a0;
T_0 ;
    %pushi/vec4 1, 0, 1;
    %store/vec4 v0x7ff2dd4136e0_0, 0, 1;
    %end;
    .thread T_0;
    .scope S_0x7ff2dd4033a0;
T_1 ;
    %pushi/vec4 1, 0, 1;
    %ix/load 4, 0, 0;
    %flag_set/imm 4, 0;
    %store/vec4 v0x7ff2dd413640_0, 4, 1;
    %end;
    .thread T_1;
    .scope S_0x7ff2dd4033a0;
T_2 ;
    %wait E_0x7ff2dd4032b0;
    %load/vec4 v0x7ff2dd413780_0;
    %assign/vec4 v0x7ff2dd4136e0_0, 0;
    %load/vec4 v0x7ff2dd4136e0_0;
    %pad/u 32;
    %pushi/vec4 0, 0, 32;
    %cmp/e;
    %flag_get/vec4 4;
    %load/vec4 v0x7ff2dd413780_0;
    %pad/u 32;
    %pushi/vec4 1, 0, 32;
    %cmp/e;
    %flag_get/vec4 4;
    %and;
    %flag_set/vec4 8;
    %jmp/0xz  T_2.0, 8;
    %load/vec4 v0x7ff2dd4135a0_0;
    %pad/u 32;
    %cmpi/e 1, 0, 32;
    %jmp/0xz  T_2.2, 4;
    %load/vec4 v0x7ff2dd413640_0;
    %parti/s 1, 0, 2;
    %ix/load 4, 1, 0;
    %ix/load 5, 0, 0;
    %flag_set/imm 4, 0;
    %assign/vec4/off/d v0x7ff2dd413640_0, 4, 5;
    %load/vec4 v0x7ff2dd413640_0;
    %parti/s 1, 1, 2;
    %ix/load 4, 2, 0;
    %ix/load 5, 0, 0;
    %flag_set/imm 4, 0;
    %assign/vec4/off/d v0x7ff2dd413640_0, 4, 5;
    %load/vec4 v0x7ff2dd413640_0;
    %parti/s 1, 2, 3;
    %ix/load 4, 3, 0;
    %ix/load 5, 0, 0;
    %flag_set/imm 4, 0;
    %assign/vec4/off/d v0x7ff2dd413640_0, 4, 5;
    %load/vec4 v0x7ff2dd413640_0;
    %parti/s 1, 3, 3;
    %ix/load 4, 4, 0;
    %ix/load 5, 0, 0;
    %flag_set/imm 4, 0;
    %assign/vec4/off/d v0x7ff2dd413640_0, 4, 5;
    %load/vec4 v0x7ff2dd413640_0;
    %parti/s 1, 4, 4;
    %ix/load 4, 5, 0;
    %ix/load 5, 0, 0;
    %flag_set/imm 4, 0;
    %assign/vec4/off/d v0x7ff2dd413640_0, 4, 5;
    %load/vec4 v0x7ff2dd413640_0;
    %parti/s 1, 5, 4;
    %ix/load 4, 6, 0;
    %ix/load 5, 0, 0;
    %flag_set/imm 4, 0;
    %assign/vec4/off/d v0x7ff2dd413640_0, 4, 5;
    %load/vec4 v0x7ff2dd413640_0;
    %parti/s 1, 6, 4;
    %ix/load 4, 7, 0;
    %ix/load 5, 0, 0;
    %flag_set/imm 4, 0;
    %assign/vec4/off/d v0x7ff2dd413640_0, 4, 5;
    %load/vec4 v0x7ff2dd413640_0;
    %parti/s 1, 7, 4;
    %ix/load 4, 0, 0;
    %ix/load 5, 0, 0;
    %flag_set/imm 4, 0;
    %assign/vec4/off/d v0x7ff2dd413640_0, 4, 5;
    %jmp T_2.3;
T_2.2 ;
    %load/vec4 v0x7ff2dd413640_0;
    %parti/s 1, 0, 2;
    %ix/load 4, 7, 0;
    %ix/load 5, 0, 0;
    %flag_set/imm 4, 0;
    %assign/vec4/off/d v0x7ff2dd413640_0, 4, 5;
    %load/vec4 v0x7ff2dd413640_0;
    %parti/s 1, 1, 2;
    %ix/load 4, 0, 0;
    %ix/load 5, 0, 0;
    %flag_set/imm 4, 0;
    %assign/vec4/off/d v0x7ff2dd413640_0, 4, 5;
    %load/vec4 v0x7ff2dd413640_0;
    %parti/s 1, 2, 3;
    %ix/load 4, 1, 0;
    %ix/load 5, 0, 0;
    %flag_set/imm 4, 0;
    %assign/vec4/off/d v0x7ff2dd413640_0, 4, 5;
    %load/vec4 v0x7ff2dd413640_0;
    %parti/s 1, 3, 3;
    %ix/load 4, 2, 0;
    %ix/load 5, 0, 0;
    %flag_set/imm 4, 0;
    %assign/vec4/off/d v0x7ff2dd413640_0, 4, 5;
    %load/vec4 v0x7ff2dd413640_0;
    %parti/s 1, 4, 4;
    %ix/load 4, 3, 0;
    %ix/load 5, 0, 0;
    %flag_set/imm 4, 0;
    %assign/vec4/off/d v0x7ff2dd413640_0, 4, 5;
    %load/vec4 v0x7ff2dd413640_0;
    %parti/s 1, 5, 4;
    %ix/load 4, 4, 0;
    %ix/load 5, 0, 0;
    %flag_set/imm 4, 0;
    %assign/vec4/off/d v0x7ff2dd413640_0, 4, 5;
    %load/vec4 v0x7ff2dd413640_0;
    %parti/s 1, 6, 4;
    %ix/load 4, 5, 0;
    %ix/load 5, 0, 0;
    %flag_set/imm 4, 0;
    %assign/vec4/off/d v0x7ff2dd413640_0, 4, 5;
    %load/vec4 v0x7ff2dd413640_0;
    %parti/s 1, 7, 4;
    %ix/load 4, 6, 0;
    %ix/load 5, 0, 0;
    %flag_set/imm 4, 0;
    %assign/vec4/off/d v0x7ff2dd413640_0, 4, 5;
T_2.3 ;
T_2.0 ;
    %jmp T_2;
    .thread T_2;
# The file index is used to find the file name in the following table.
:file_names 3;
    "N/A";
    "<interactive>";
    "ripple.v";
