Release 14.7 - xst P.20131013 (lin64)
Copyright (c) 1995-2013 Xilinx, Inc.  All rights reserved.
--> 
Parameter TMPDIR set to xst/projnav.tmp


Total REAL time to Xst completion: 0.00 secs
Total CPU time to Xst completion: 0.19 secs
 
--> 
Parameter xsthdpdir set to xst


Total REAL time to Xst completion: 0.00 secs
Total CPU time to Xst completion: 0.20 secs
 
--> 
Reading design: main.prj

TABLE OF CONTENTS
  1) Synthesis Options Summary
  2) HDL Compilation
  3) Design Hierarchy Analysis
  4) HDL Analysis
  5) HDL Synthesis
     5.1) HDL Synthesis Report
  6) Advanced HDL Synthesis
     6.1) Advanced HDL Synthesis Report
  7) Low Level Synthesis
  8) Partition Report
  9) Final Report
	9.1) Device utilization summary
	9.2) Partition Resource Summary
	9.3) TIMING REPORT


=========================================================================
*                      Synthesis Options Summary                        *
=========================================================================
---- Source Parameters
Input File Name                    : "main.prj"
Input Format                       : mixed
Ignore Synthesis Constraint File   : NO

---- Target Parameters
Output File Name                   : "main"
Output Format                      : NGC
Target Device                      : xc3s500e-4-fg320

---- Source Options
Top Module Name                    : main
Automatic FSM Extraction           : YES
FSM Encoding Algorithm             : Auto
Safe Implementation                : No
FSM Style                          : LUT
RAM Extraction                     : Yes
RAM Style                          : Auto
ROM Extraction                     : Yes
Mux Style                          : Auto
Decoder Extraction                 : YES
Priority Encoder Extraction        : Yes
Shift Register Extraction          : YES
Logical Shifter Extraction         : YES
XOR Collapsing                     : YES
ROM Style                          : Auto
Mux Extraction                     : Yes
Resource Sharing                   : YES
Asynchronous To Synchronous        : NO
Multiplier Style                   : Auto
Automatic Register Balancing       : No

---- Target Options
Add IO Buffers                     : YES
Global Maximum Fanout              : 500
Add Generic Clock Buffer(BUFG)     : 24
Register Duplication               : YES
Slice Packing                      : YES
Optimize Instantiated Primitives   : NO
Use Clock Enable                   : Yes
Use Synchronous Set                : Yes
Use Synchronous Reset              : Yes
Pack IO Registers into IOBs        : Auto
Equivalent register Removal        : YES

---- General Options
Optimization Goal                  : Speed
Optimization Effort                : 1
Keep Hierarchy                     : No
Netlist Hierarchy                  : As_Optimized
RTL Output                         : Yes
Global Optimization                : AllClockNets
Read Cores                         : YES
Write Timing Constraints           : NO
Cross Clock Analysis               : NO
Hierarchy Separator                : /
Bus Delimiter                      : <>
Case Specifier                     : Maintain
Slice Utilization Ratio            : 100
BRAM Utilization Ratio             : 100
Verilog 2001                       : YES
Auto BRAM Packing                  : NO
Slice Utilization Ratio Delta      : 5

=========================================================================


=========================================================================
*                          HDL Compilation                              *
=========================================================================
Compiling verilog file "main.v" in library work
Module <main> compiled
No errors in compilation
Analysis of file <"main.prj"> succeeded.
 

=========================================================================
*                     Design Hierarchy Analysis                         *
=========================================================================
Analyzing hierarchy for module <main> in library <work>.


=========================================================================
*                            HDL Analysis                               *
=========================================================================
Analyzing top module <main>.
Module <main> is correct for synthesis.
 

=========================================================================
*                           HDL Synthesis                               *
=========================================================================

Performing bidirectional port resolution...

Synthesizing Unit <main>.
    Related source file is "main.v".
WARNING:Xst:1781 - Signal <file<0:7>> is used but never assigned. Tied to default value.
WARNING:Xst:1780 - Signal <file<8:63>> is never used or assigned. This unconnected signal will be trimmed during the optimization process.
    Found 8-bit register for signal <led>.
    Found 3-bit up counter for signal <c3>.
    Found 3-bit register for signal <c4>.
    Found 3-bit adder for signal <c4$share0000>.
    Found 3-bit register for signal <c5>.
    Found 3-bit adder for signal <c5$share0000>.
    Found 3-bit register for signal <c6>.
    Found 3-bit adder for signal <c6$share0000>.
    Found 4-bit up counter for signal <cnt>.
    Found 32-bit register for signal <data>.
    Found 3-bit up counter for signal <i>.
    Found 3-bit up counter for signal <j>.
    Found 3-bit up counter for signal <r>.
    Summary:
	inferred   5 Counter(s).
	inferred  49 D-type flip-flop(s).
	inferred   3 Adder/Subtractor(s).
Unit <main> synthesized.

INFO:Xst:1767 - HDL ADVISOR - Resource sharing has identified that some arithmetic operations in this design can share the same physical resources for reduced device utilization. For improved clock frequency you may try to disable resource sharing.

=========================================================================
HDL Synthesis Report

Macro Statistics
# Adders/Subtractors                                   : 3
 3-bit adder                                           : 3
# Counters                                             : 5
 3-bit up counter                                      : 4
 4-bit up counter                                      : 1
# Registers                                            : 12
 1-bit register                                        : 8
 3-bit register                                        : 3
 32-bit register                                       : 1

=========================================================================

=========================================================================
*                       Advanced HDL Synthesis                          *
=========================================================================

WARNING:Xst:1293 - FF/Latch <data_19> has a constant value of 0 in block <main>. This FF/Latch will be trimmed during the optimization process.
WARNING:Xst:1896 - Due to other FF/Latch trimming, FF/Latch <data_28> has a constant value of 0 in block <main>. This FF/Latch will be trimmed during the optimization process.
WARNING:Xst:1896 - Due to other FF/Latch trimming, FF/Latch <data_30> has a constant value of 0 in block <main>. This FF/Latch will be trimmed during the optimization process.
WARNING:Xst:2677 - Node <data_0> of sequential type is unconnected in block <main>.
WARNING:Xst:2677 - Node <data_1> of sequential type is unconnected in block <main>.
WARNING:Xst:2677 - Node <data_2> of sequential type is unconnected in block <main>.
WARNING:Xst:2677 - Node <data_3> of sequential type is unconnected in block <main>.
WARNING:Xst:2677 - Node <data_4> of sequential type is unconnected in block <main>.
WARNING:Xst:2677 - Node <data_5> of sequential type is unconnected in block <main>.
WARNING:Xst:2677 - Node <data_6> of sequential type is unconnected in block <main>.
WARNING:Xst:2677 - Node <data_7> of sequential type is unconnected in block <main>.
WARNING:Xst:2677 - Node <data_8> of sequential type is unconnected in block <main>.
WARNING:Xst:2677 - Node <data_9> of sequential type is unconnected in block <main>.
WARNING:Xst:2677 - Node <data_10> of sequential type is unconnected in block <main>.
WARNING:Xst:2677 - Node <data_21> of sequential type is unconnected in block <main>.
WARNING:Xst:2677 - Node <data_22> of sequential type is unconnected in block <main>.
WARNING:Xst:2677 - Node <data_23> of sequential type is unconnected in block <main>.
WARNING:Xst:2677 - Node <data_24> of sequential type is unconnected in block <main>.
WARNING:Xst:2677 - Node <data_25> of sequential type is unconnected in block <main>.
WARNING:Xst:2677 - Node <data_0> of sequential type is unconnected in block <main>.
WARNING:Xst:2677 - Node <data_1> of sequential type is unconnected in block <main>.
WARNING:Xst:2677 - Node <data_2> of sequential type is unconnected in block <main>.
WARNING:Xst:2677 - Node <data_3> of sequential type is unconnected in block <main>.
WARNING:Xst:2677 - Node <data_4> of sequential type is unconnected in block <main>.
WARNING:Xst:2677 - Node <data_5> of sequential type is unconnected in block <main>.
WARNING:Xst:2677 - Node <data_6> of sequential type is unconnected in block <main>.
WARNING:Xst:2677 - Node <data_7> of sequential type is unconnected in block <main>.
WARNING:Xst:2677 - Node <data_8> of sequential type is unconnected in block <main>.
WARNING:Xst:2677 - Node <data_9> of sequential type is unconnected in block <main>.
WARNING:Xst:2677 - Node <data_10> of sequential type is unconnected in block <main>.
WARNING:Xst:2677 - Node <data_21> of sequential type is unconnected in block <main>.
WARNING:Xst:2677 - Node <data_22> of sequential type is unconnected in block <main>.
WARNING:Xst:2677 - Node <data_23> of sequential type is unconnected in block <main>.
WARNING:Xst:2677 - Node <data_24> of sequential type is unconnected in block <main>.
WARNING:Xst:2677 - Node <data_25> of sequential type is unconnected in block <main>.

=========================================================================
Advanced HDL Synthesis Report

Macro Statistics
# Adders/Subtractors                                   : 3
 3-bit adder                                           : 3
# Counters                                             : 5
 3-bit up counter                                      : 4
 4-bit up counter                                      : 1
# Registers                                            : 33
 Flip-Flops                                            : 33

=========================================================================

=========================================================================
*                         Low Level Synthesis                           *
=========================================================================
WARNING:Xst:1293 - FF/Latch <data_19> has a constant value of 0 in block <main>. This FF/Latch will be trimmed during the optimization process.
WARNING:Xst:1896 - Due to other FF/Latch trimming, FF/Latch <data_28> has a constant value of 0 in block <main>. This FF/Latch will be trimmed during the optimization process.
WARNING:Xst:1896 - Due to other FF/Latch trimming, FF/Latch <data_30> has a constant value of 0 in block <main>. This FF/Latch will be trimmed during the optimization process.
WARNING:Xst:2677 - Node <c4_2> of sequential type is unconnected in block <main>.
WARNING:Xst:2677 - Node <c5_2> of sequential type is unconnected in block <main>.
WARNING:Xst:2677 - Node <c6_2> of sequential type is unconnected in block <main>.
WARNING:Xst:2677 - Node <c3_2> of sequential type is unconnected in block <main>.
WARNING:Xst:2677 - Node <j_2> of sequential type is unconnected in block <main>.

Optimizing unit <main> ...

Mapping all equations...
Building and optimizing final netlist ...
Found area constraint ratio of 100 (+ 5) on block main, actual ratio is 1.
FlipFlop cnt_0 has been replicated 1 time(s)
FlipFlop cnt_2 has been replicated 1 time(s)

Final Macro Processing ...

=========================================================================
Final Register Report

Macro Statistics
# Registers                                            : 43
 Flip-Flops                                            : 43

=========================================================================

=========================================================================
*                           Partition Report                            *
=========================================================================

Partition Implementation Status
-------------------------------

  No Partitions were found in this design.

-------------------------------

=========================================================================
*                            Final Report                               *
=========================================================================
Final Results
RTL Top Level Output File Name     : main.ngr
Top Level Output File Name         : main
Output Format                      : NGC
Optimization Goal                  : Speed
Keep Hierarchy                     : No

Design Statistics
# IOs                              : 10

Cell Usage :
# BELS                             : 107
#      INV                         : 5
#      LUT2                        : 6
#      LUT2_D                      : 3
#      LUT3                        : 26
#      LUT3_D                      : 3
#      LUT3_L                      : 9
#      LUT4                        : 42
#      LUT4_D                      : 3
#      LUT4_L                      : 5
#      MUXF5                       : 5
# FlipFlops/Latches                : 43
#      FDE                         : 43
# Clock Buffers                    : 1
#      BUFGP                       : 1
# IO Buffers                       : 9
#      IBUF                        : 1
#      OBUF                        : 8
=========================================================================

Device utilization summary:
---------------------------

Selected Device : 3s500efg320-4 

 Number of Slices:                       54  out of   4656     1%  
 Number of Slice Flip Flops:             43  out of   9312     0%  
 Number of 4 input LUTs:                102  out of   9312     1%  
 Number of IOs:                          10
 Number of bonded IOBs:                  10  out of    232     4%  
 Number of GCLKs:                         1  out of     24     4%  

---------------------------
Partition Resource Summary:
---------------------------

  No Partitions were found in this design.

---------------------------


=========================================================================
TIMING REPORT

NOTE: THESE TIMING NUMBERS ARE ONLY A SYNTHESIS ESTIMATE.
      FOR ACCURATE TIMING INFORMATION PLEASE REFER TO THE TRACE REPORT
      GENERATED AFTER PLACE-and-ROUTE.

Clock Information:
------------------
-----------------------------------+------------------------+-------+
Clock Signal                       | Clock buffer(FF name)  | Load  |
-----------------------------------+------------------------+-------+
clk                                | BUFGP                  | 43    |
-----------------------------------+------------------------+-------+

Asynchronous Control Signals Information:
----------------------------------------
No asynchronous control signals found in this design

Timing Summary:
---------------
Speed Grade: -4

   Minimum period: 9.358ns (Maximum Frequency: 106.857MHz)
   Minimum input arrival time before clock: 3.162ns
   Maximum output required time after clock: 4.283ns
   Maximum combinational path delay: No path found

Timing Detail:
--------------
All values displayed in nanoseconds (ns)

=========================================================================
Timing constraint: Default period analysis for Clock 'clk'
  Clock period: 9.358ns (frequency: 106.857MHz)
  Total number of paths / destination ports: 1965 / 86
-------------------------------------------------------------------------
Delay:               9.358ns (Levels of Logic = 7)
  Source:            cnt_3 (FF)
  Destination:       c5_1 (FF)
  Source Clock:      clk rising
  Destination Clock: clk rising

  Data Path: cnt_3 to c5_1
                                Gate     Net
    Cell:in->out      fanout   Delay   Delay  Logical Name (Net Name)
    ----------------------------------------  ------------
     FDE:C->Q             26   0.591   1.264  cnt_3 (cnt_3)
     LUT4:I3->O            4   0.704   0.591  _old_data_1<27>1 (_old_data_1<27>)
     LUT4:I3->O            1   0.704   0.000  c3_not000111_G (N84)
     MUXF5:I1->O          13   0.321   0.987  c3_not000111 (N11)
     LUT4_D:I3->LO         1   0.704   0.135  c5_mux0000<0>214 (N106)
     LUT3:I2->O            2   0.704   0.447  c5_mux0000<0>218 (N7)
     MUXF5:S->O            1   0.739   0.455  c5_mux0000<0>1_SW3 (N30)
     LUT4:I2->O            1   0.704   0.000  c5_mux0000<1>1 (c5_mux0000<1>)
     FDE:D                     0.308          c5_1
    ----------------------------------------
    Total                      9.358ns (5.479ns logic, 3.879ns route)
                                       (58.5% logic, 41.5% route)

=========================================================================
Timing constraint: Default OFFSET IN BEFORE for Clock 'clk'
  Total number of paths / destination ports: 8 / 8
-------------------------------------------------------------------------
Offset:              3.162ns (Levels of Logic = 2)
  Source:            switch (PAD)
  Destination:       led_2 (FF)
  Destination Clock: clk rising

  Data Path: switch to led_2
                                Gate     Net
    Cell:in->out      fanout   Delay   Delay  Logical Name (Net Name)
    ----------------------------------------  ------------
     IBUF:I->O             8   1.218   0.932  switch_IBUF (switch_IBUF)
     LUT3:I0->O            1   0.704   0.000  led_7_mux00001 (led_7_mux0000)
     FDE:D                     0.308          led_7
    ----------------------------------------
    Total                      3.162ns (2.230ns logic, 0.932ns route)
                                       (70.5% logic, 29.5% route)

=========================================================================
Timing constraint: Default OFFSET OUT AFTER for Clock 'clk'
  Total number of paths / destination ports: 8 / 8
-------------------------------------------------------------------------
Offset:              4.283ns (Levels of Logic = 1)
  Source:            led_7 (FF)
  Destination:       led<7> (PAD)
  Source Clock:      clk rising

  Data Path: led_7 to led<7>
                                Gate     Net
    Cell:in->out      fanout   Delay   Delay  Logical Name (Net Name)
    ----------------------------------------  ------------
     FDE:C->Q              1   0.591   0.420  led_7 (led_7)
     OBUF:I->O                 3.272          led_7_OBUF (led<7>)
    ----------------------------------------
    Total                      4.283ns (3.863ns logic, 0.420ns route)
                                       (90.2% logic, 9.8% route)

=========================================================================


Total REAL time to Xst completion: 38.00 secs
Total CPU time to Xst completion: 35.73 secs
 
--> 


Total memory usage is 522844 kilobytes

Number of errors   :    0 (   0 filtered)
Number of warnings :   45 (   0 filtered)
Number of infos    :    1 (   0 filtered)

