Command line:
   bit_adder_top_isim_beh.exe
     -simmode  gui
     -simrunnum  0
     -socket  37080

Mon Jan 15 17:06:41 2018


 Elaboration Time: 0.09 sec

 Current Memory Usage: 200.421 Meg

 Total Signals          : 30
 Total Nets             : 22
 Total Signal Drivers   : 12
 Total Blocks           : 5
 Total Primitive Blocks : 3
 Total Processes        : 15
 Total Traceable Variables  : 20
 Total Scalar Nets and Variables : 106
Total Line Count : 36

 Total Simulation Time: 0.12 sec

 Current Memory Usage: 275.923 Meg

Mon Jan 15 17:07:06 2018

