#! /usr/local/bin/vvp
:ivl_version "10.1 (stable)" "(v10_1-97-g480fb0b4)";
:ivl_delay_selection "TYPICAL";
:vpi_time_precision - 12;
:vpi_module "system";
:vpi_module "vhdl_sys";
:vpi_module "v2005_math";
:vpi_module "va_math";
S_0x7ff0e65192c0 .scope module, "main" "main" 2 30;
 .timescale -9 -12;
    .port_info 0 /INPUT 1 "clk"
    .port_info 1 /OUTPUT 8 "led"
o0x10f36d008 .functor BUFZ 1, C4<z>; HiZ drive
v0x7ff0e6500890_0 .net "clk", 0 0, o0x10f36d008;  0 drivers
v0x7ff0e6529020_0 .var "cnt", 3 0;
v0x7ff0e65290c0_0 .var "cur", 31 0;
v0x7ff0e6529170_0 .var "da", 4 0;
v0x7ff0e6529220_0 .var "im", 7 0;
v0x7ff0e6529310_0 .var "inval", 0 0;
v0x7ff0e65293b0_0 .var/i "kk", 31 0;
v0x7ff0e6529460_0 .var "led", 7 0;
v0x7ff0e6529510 .array "mem", 2 0, 7 0;
v0x7ff0e6529620 .array "op", 10 0, 31 0;
v0x7ff0e65296b0_0 .var "pc", 3 0;
v0x7ff0e6529760 .array "regfile", 31 0, 8 0;
v0x7ff0e6529800_0 .var "res", 7 0;
v0x7ff0e65298b0_0 .var "s1", 7 0;
v0x7ff0e6529960_0 .var "s2", 7 0;
v0x7ff0e6529a10_0 .var "sa1", 4 0;
v0x7ff0e6529ac0_0 .var "sa2", 4 0;
E_0x7ff0e6501be0 .event posedge, v0x7ff0e6500890_0;
    .scope S_0x7ff0e65192c0;
T_0 ;
    %pushi/vec4 255, 0, 8;
    %assign/vec4 v0x7ff0e6529460_0, 0;
    %pushi/vec4 0, 0, 4;
    %assign/vec4 v0x7ff0e6529020_0, 0;
    %pushi/vec4 0, 0, 4;
    %assign/vec4 v0x7ff0e65296b0_0, 0;
    %pushi/vec4 0, 0, 32;
    %assign/vec4 v0x7ff0e65290c0_0, 0;
    %pushi/vec4 0, 0, 5;
    %assign/vec4 v0x7ff0e6529a10_0, 0;
    %pushi/vec4 0, 0, 5;
    %assign/vec4 v0x7ff0e6529ac0_0, 0;
    %pushi/vec4 0, 0, 5;
    %assign/vec4 v0x7ff0e6529170_0, 0;
    %pushi/vec4 0, 0, 8;
    %assign/vec4 v0x7ff0e65298b0_0, 0;
    %pushi/vec4 0, 0, 8;
    %assign/vec4 v0x7ff0e6529960_0, 0;
    %pushi/vec4 0, 0, 8;
    %assign/vec4 v0x7ff0e6529800_0, 0;
    %pushi/vec4 0, 0, 8;
    %assign/vec4 v0x7ff0e6529220_0, 0;
    %pushi/vec4 236, 0, 8;
    %ix/load 4, 0, 0;
    %flag_set/imm 4, 0;
    %store/vec4a v0x7ff0e6529510, 4, 0;
    %pushi/vec4 10, 0, 8;
    %ix/load 4, 1, 0;
    %flag_set/imm 4, 0;
    %store/vec4a v0x7ff0e6529510, 4, 0;
    %pushi/vec4 2, 0, 8;
    %ix/load 4, 2, 0;
    %flag_set/imm 4, 0;
    %store/vec4a v0x7ff0e6529510, 4, 0;
    %pushi/vec4 2348875776, 0, 32;
    %ix/load 4, 0, 0;
    %flag_set/imm 4, 0;
    %store/vec4a v0x7ff0e6529620, 4, 0;
    %pushi/vec4 2348941313, 0, 32;
    %ix/load 4, 1, 0;
    %flag_set/imm 4, 0;
    %store/vec4a v0x7ff0e6529620, 4, 0;
    %pushi/vec4 2349006850, 0, 32;
    %ix/load 4, 2, 0;
    %flag_set/imm 4, 0;
    %store/vec4a v0x7ff0e6529620, 4, 0;
    %pushi/vec4 604241920, 0, 32;
    %ix/load 4, 3, 0;
    %flag_set/imm 4, 0;
    %store/vec4a v0x7ff0e6529620, 4, 0;
    %pushi/vec4 606404608, 0, 32;
    %ix/load 4, 4, 0;
    %flag_set/imm 4, 0;
    %store/vec4a v0x7ff0e6529620, 4, 0;
    %pushi/vec4 10629162, 0, 32;
    %ix/load 4, 5, 0;
    %flag_set/imm 4, 0;
    %store/vec4a v0x7ff0e6529620, 4, 0;
    %pushi/vec4 281018373, 0, 32;
    %ix/load 4, 6, 0;
    %flag_set/imm 4, 0;
    %store/vec4a v0x7ff0e6529620, 4, 0;
    %pushi/vec4 8724513, 0, 32;
    %ix/load 4, 7, 0;
    %flag_set/imm 4, 0;
    %store/vec4a v0x7ff0e6529620, 4, 0;
    %pushi/vec4 10819617, 0, 32;
    %ix/load 4, 8, 0;
    %flag_set/imm 4, 0;
    %store/vec4a v0x7ff0e6529620, 4, 0;
    %pushi/vec4 10629162, 0, 32;
    %ix/load 4, 9, 0;
    %flag_set/imm 4, 0;
    %store/vec4a v0x7ff0e6529620, 4, 0;
    %pushi/vec4 281083901, 0, 32;
    %ix/load 4, 10, 0;
    %flag_set/imm 4, 0;
    %store/vec4a v0x7ff0e6529620, 4, 0;
    %pushi/vec4 0, 0, 32;
    %store/vec4 v0x7ff0e65293b0_0, 0, 32;
T_0.0 ;
    %load/vec4 v0x7ff0e65293b0_0;
    %cmpi/s 32, 0, 32;
    %jmp/0xz T_0.1, 5;
    %pushi/vec4 0, 0, 9;
    %ix/getv/s 3, v0x7ff0e65293b0_0;
    %ix/load 4, 0, 0; Constant delay
    %assign/vec4/a/d v0x7ff0e6529760, 0, 4;
    %load/vec4 v0x7ff0e65293b0_0;
    %addi 1, 0, 32;
    %store/vec4 v0x7ff0e65293b0_0, 0, 32;
    %jmp T_0.0;
T_0.1 ;
    %end;
    .thread T_0;
    .scope S_0x7ff0e65192c0;
T_1 ;
    %wait E_0x7ff0e6501be0;
    %load/vec4 v0x7ff0e6529020_0;
    %pad/u 32;
    %cmpi/e 0, 0, 32;
    %jmp/0xz  T_1.0, 4;
    %load/vec4 v0x7ff0e65296b0_0;
    %pad/u 7;
    %ix/vec4 4;
    %load/vec4a v0x7ff0e6529760, 4;
    %pad/u 32;
    %store/vec4 v0x7ff0e65290c0_0, 0, 32;
    %load/vec4 v0x7ff0e6529020_0;
    %addi 1, 0, 4;
    %assign/vec4 v0x7ff0e6529020_0, 0;
    %jmp T_1.1;
T_1.0 ;
    %load/vec4 v0x7ff0e6529020_0;
    %pad/u 32;
    %cmpi/e 1, 0, 32;
    %jmp/0xz  T_1.2, 4;
    %load/vec4 v0x7ff0e65290c0_0;
    %parti/s 6, 26, 6;
    %cmpi/e 0, 0, 6;
    %jmp/0xz  T_1.4, 4;
    %load/vec4 v0x7ff0e65290c0_0;
    %parti/s 5, 21, 6;
    %assign/vec4 v0x7ff0e6529a10_0, 0;
    %load/vec4 v0x7ff0e65290c0_0;
    %parti/s 5, 16, 6;
    %assign/vec4 v0x7ff0e6529ac0_0, 0;
    %load/vec4 v0x7ff0e65290c0_0;
    %parti/s 5, 11, 5;
    %assign/vec4 v0x7ff0e6529170_0, 0;
    %jmp T_1.5;
T_1.4 ;
    %load/vec4 v0x7ff0e65290c0_0;
    %parti/s 5, 21, 6;
    %assign/vec4 v0x7ff0e6529a10_0, 0;
    %load/vec4 v0x7ff0e65290c0_0;
    %parti/s 5, 16, 6;
    %assign/vec4 v0x7ff0e6529170_0, 0;
    %load/vec4 v0x7ff0e65290c0_0;
    %parti/s 8, 0, 2;
    %assign/vec4 v0x7ff0e6529220_0, 0;
T_1.5 ;
    %load/vec4 v0x7ff0e6529020_0;
    %addi 1, 0, 4;
    %assign/vec4 v0x7ff0e6529020_0, 0;
    %jmp T_1.3;
T_1.2 ;
    %load/vec4 v0x7ff0e6529020_0;
    %pad/u 32;
    %cmpi/e 2, 0, 32;
    %jmp/0xz  T_1.6, 4;
    %load/vec4 v0x7ff0e6529a10_0;
    %pad/u 7;
    %ix/vec4 4;
    %load/vec4a v0x7ff0e6529760, 4;
    %pad/u 8;
    %assign/vec4 v0x7ff0e65298b0_0, 0;
    %load/vec4 v0x7ff0e6529ac0_0;
    %pad/u 7;
    %ix/vec4 4;
    %load/vec4a v0x7ff0e6529760, 4;
    %pad/u 8;
    %assign/vec4 v0x7ff0e6529960_0, 0;
    %load/vec4 v0x7ff0e6529020_0;
    %addi 1, 0, 4;
    %assign/vec4 v0x7ff0e6529020_0, 0;
    %jmp T_1.7;
T_1.6 ;
    %load/vec4 v0x7ff0e6529020_0;
    %pad/u 32;
    %cmpi/e 3, 0, 32;
    %jmp/0xz  T_1.8, 4;
    %load/vec4 v0x7ff0e65290c0_0;
    %parti/s 6, 26, 6;
    %cmpi/e 0, 0, 6;
    %jmp/0xz  T_1.10, 4;
    %load/vec4 v0x7ff0e65290c0_0;
    %parti/s 6, 0, 2;
    %cmpi/e 33, 0, 6;
    %jmp/0xz  T_1.12, 4;
    %load/vec4 v0x7ff0e65298b0_0;
    %load/vec4 v0x7ff0e6529960_0;
    %add;
    %assign/vec4 v0x7ff0e6529800_0, 0;
T_1.12 ;
    %load/vec4 v0x7ff0e65290c0_0;
    %parti/s 6, 0, 2;
    %cmpi/e 42, 0, 6;
    %jmp/0xz  T_1.14, 4;
    %load/vec4 v0x7ff0e65298b0_0;
    %load/vec4 v0x7ff0e6529960_0;
    %cmp/u;
    %flag_mov 8, 5;
    %jmp/0 T_1.16, 8;
    %pushi/vec4 1, 0, 8;
    %jmp/1 T_1.17, 8;
T_1.16 ; End of true expr.
    %pushi/vec4 0, 0, 8;
    %jmp/0 T_1.17, 8;
 ; End of false expr.
    %blend;
T_1.17;
    %assign/vec4 v0x7ff0e6529800_0, 0;
T_1.14 ;
    %jmp T_1.11;
T_1.10 ;
    %load/vec4 v0x7ff0e65290c0_0;
    %parti/s 6, 26, 6;
    %cmpi/e 35, 0, 6;
    %jmp/0xz  T_1.18, 4;
    %jmp T_1.19;
T_1.18 ;
    %load/vec4 v0x7ff0e65290c0_0;
    %parti/s 6, 26, 6;
    %cmpi/e 9, 0, 6;
    %jmp/0xz  T_1.20, 4;
    %load/vec4 v0x7ff0e65298b0_0;
    %load/vec4 v0x7ff0e6529220_0;
    %add;
    %assign/vec4 v0x7ff0e6529800_0, 0;
    %jmp T_1.21;
T_1.20 ;
    %load/vec4 v0x7ff0e65290c0_0;
    %parti/s 6, 26, 6;
    %cmpi/e 4, 0, 6;
    %jmp/0xz  T_1.22, 4;
    %load/vec4 v0x7ff0e65298b0_0;
    %load/vec4 v0x7ff0e6529960_0;
    %cmp/e;
    %flag_mov 8, 4;
    %jmp/0 T_1.24, 8;
    %load/vec4 v0x7ff0e65296b0_0;
    %pad/u 8;
    %load/vec4 v0x7ff0e6529220_0;
    %add;
    %jmp/1 T_1.25, 8;
T_1.24 ; End of true expr.
    %load/vec4 v0x7ff0e65296b0_0;
    %pad/u 8;
    %jmp/0 T_1.25, 8;
 ; End of false expr.
    %blend;
T_1.25;
    %pad/u 4;
    %assign/vec4 v0x7ff0e65296b0_0, 0;
    %jmp T_1.23;
T_1.22 ;
    %load/vec4 v0x7ff0e65290c0_0;
    %parti/s 6, 26, 6;
    %cmpi/e 5, 0, 6;
    %jmp/0xz  T_1.26, 4;
    %load/vec4 v0x7ff0e65298b0_0;
    %load/vec4 v0x7ff0e6529960_0;
    %cmp/ne;
    %flag_mov 8, 4;
    %jmp/0 T_1.28, 8;
    %load/vec4 v0x7ff0e65296b0_0;
    %pad/u 8;
    %load/vec4 v0x7ff0e6529220_0;
    %add;
    %jmp/1 T_1.29, 8;
T_1.28 ; End of true expr.
    %load/vec4 v0x7ff0e65296b0_0;
    %pad/u 8;
    %jmp/0 T_1.29, 8;
 ; End of false expr.
    %blend;
T_1.29;
    %pad/u 4;
    %assign/vec4 v0x7ff0e65296b0_0, 0;
    %jmp T_1.27;
T_1.26 ;
    %pushi/vec4 1, 0, 1;
    %assign/vec4 v0x7ff0e6529310_0, 0;
T_1.27 ;
T_1.23 ;
T_1.21 ;
T_1.19 ;
T_1.11 ;
    %load/vec4 v0x7ff0e6529020_0;
    %addi 1, 0, 4;
    %assign/vec4 v0x7ff0e6529020_0, 0;
    %jmp T_1.9;
T_1.8 ;
    %load/vec4 v0x7ff0e6529020_0;
    %pad/u 32;
    %cmpi/e 4, 0, 32;
    %jmp/0xz  T_1.30, 4;
    %load/vec4 v0x7ff0e65290c0_0;
    %parti/s 6, 26, 6;
    %cmpi/e 35, 0, 6;
    %jmp/0xz  T_1.32, 4;
    %load/vec4 v0x7ff0e6529220_0;
    %pad/u 9;
    %load/vec4 v0x7ff0e65298b0_0;
    %pad/u 9;
    %add;
    %ix/vec4 4;
    %load/vec4a v0x7ff0e6529510, 4;
    %assign/vec4 v0x7ff0e6529800_0, 0;
T_1.32 ;
    %load/vec4 v0x7ff0e6529020_0;
    %addi 1, 0, 4;
    %assign/vec4 v0x7ff0e6529020_0, 0;
    %jmp T_1.31;
T_1.30 ;
    %load/vec4 v0x7ff0e6529020_0;
    %pad/u 32;
    %cmpi/e 5, 0, 32;
    %jmp/0xz  T_1.34, 4;
    %load/vec4 v0x7ff0e6529170_0;
    %pushi/vec4 0, 0, 5;
    %cmp/e;
    %flag_get/vec4 4;
    %inv;
    %load/vec4 v0x7ff0e6529310_0;
    %pad/u 32;
    %pushi/vec4 0, 0, 32;
    %cmp/e;
    %flag_get/vec4 4;
    %and;
    %flag_set/vec4 8;
    %jmp/0xz  T_1.36, 8;
    %load/vec4 v0x7ff0e6529220_0;
    %pad/u 9;
    %load/vec4 v0x7ff0e65298b0_0;
    %pad/u 9;
    %add;
    %ix/vec4 4;
    %load/vec4a v0x7ff0e6529510, 4;
    %pad/u 9;
    %load/vec4 v0x7ff0e6529170_0;
    %pad/u 7;
    %ix/vec4 3;
    %ix/load 4, 0, 0; Constant delay
    %assign/vec4/a/d v0x7ff0e6529760, 0, 4;
T_1.36 ;
    %load/vec4 v0x7ff0e65296b0_0;
    %addi 1, 0, 4;
    %store/vec4 v0x7ff0e65296b0_0, 0, 4;
    %load/vec4 v0x7ff0e65296b0_0;
    %pad/u 32;
    %cmpi/u 11, 0, 32;
    %jmp/0xz  T_1.38, 5;
    %pushi/vec4 0, 0, 4;
    %assign/vec4 v0x7ff0e6529020_0, 0;
    %jmp T_1.39;
T_1.38 ;
    %load/vec4 v0x7ff0e6529020_0;
    %addi 1, 0, 4;
    %assign/vec4 v0x7ff0e6529020_0, 0;
T_1.39 ;
    %jmp T_1.35;
T_1.34 ;
    %load/vec4 v0x7ff0e6529020_0;
    %pad/u 32;
    %cmpi/e 6, 0, 32;
    %jmp/0xz  T_1.40, 4;
    %ix/load 4, 4, 0;
    %flag_set/imm 4, 0;
    %load/vec4a v0x7ff0e6529760, 4;
    %pad/u 8;
    %assign/vec4 v0x7ff0e6529460_0, 0;
T_1.40 ;
T_1.35 ;
T_1.31 ;
T_1.9 ;
T_1.7 ;
T_1.3 ;
T_1.1 ;
    %jmp T_1;
    .thread T_1;
# The file index is used to find the file name in the following table.
:file_names 3;
    "N/A";
    "<interactive>";
    "main.v";
