Release 14.7 - xst P.20131013 (lin64)
Copyright (c) 1995-2013 Xilinx, Inc.  All rights reserved.
--> 
Parameter TMPDIR set to xst/projnav.tmp


Total REAL time to Xst completion: 0.00 secs
Total CPU time to Xst completion: 0.07 secs
 
--> 
Parameter xsthdpdir set to xst


Total REAL time to Xst completion: 0.00 secs
Total CPU time to Xst completion: 0.07 secs
 
--> 
Reading design: main.prj

TABLE OF CONTENTS
  1) Synthesis Options Summary
  2) HDL Compilation
  3) Design Hierarchy Analysis
  4) HDL Analysis
  5) HDL Synthesis
     5.1) HDL Synthesis Report
  6) Advanced HDL Synthesis
     6.1) Advanced HDL Synthesis Report
  7) Low Level Synthesis
  8) Partition Report
  9) Final Report
	9.1) Device utilization summary
	9.2) Partition Resource Summary
	9.3) TIMING REPORT


=========================================================================
*                      Synthesis Options Summary                        *
=========================================================================
---- Source Parameters
Input File Name                    : "main.prj"
Input Format                       : mixed
Ignore Synthesis Constraint File   : NO

---- Target Parameters
Output File Name                   : "main"
Output Format                      : NGC
Target Device                      : xc3s500e-4-fg320

---- Source Options
Top Module Name                    : main
Automatic FSM Extraction           : YES
FSM Encoding Algorithm             : Auto
Safe Implementation                : No
FSM Style                          : LUT
RAM Extraction                     : Yes
RAM Style                          : Auto
ROM Extraction                     : Yes
Mux Style                          : Auto
Decoder Extraction                 : YES
Priority Encoder Extraction        : Yes
Shift Register Extraction          : YES
Logical Shifter Extraction         : YES
XOR Collapsing                     : YES
ROM Style                          : Auto
Mux Extraction                     : Yes
Resource Sharing                   : YES
Asynchronous To Synchronous        : NO
Multiplier Style                   : Auto
Automatic Register Balancing       : No

---- Target Options
Add IO Buffers                     : YES
Global Maximum Fanout              : 500
Add Generic Clock Buffer(BUFG)     : 24
Register Duplication               : YES
Slice Packing                      : YES
Optimize Instantiated Primitives   : NO
Use Clock Enable                   : Yes
Use Synchronous Set                : Yes
Use Synchronous Reset              : Yes
Pack IO Registers into IOBs        : Auto
Equivalent register Removal        : YES

---- General Options
Optimization Goal                  : Speed
Optimization Effort                : 1
Keep Hierarchy                     : No
Netlist Hierarchy                  : As_Optimized
RTL Output                         : Yes
Global Optimization                : AllClockNets
Read Cores                         : YES
Write Timing Constraints           : NO
Cross Clock Analysis               : NO
Hierarchy Separator                : /
Bus Delimiter                      : <>
Case Specifier                     : Maintain
Slice Utilization Ratio            : 100
BRAM Utilization Ratio             : 100
Verilog 2001                       : YES
Auto BRAM Packing                  : NO
Slice Utilization Ratio Delta      : 5

=========================================================================


=========================================================================
*                          HDL Compilation                              *
=========================================================================
Compiling verilog file "main.v" in library work
Module <main> compiled
No errors in compilation
Analysis of file <"main.prj"> succeeded.
 

=========================================================================
*                     Design Hierarchy Analysis                         *
=========================================================================
Analyzing hierarchy for module <main> in library <work>.


=========================================================================
*                            HDL Analysis                               *
=========================================================================
Analyzing top module <main>.
Module <main> is correct for synthesis.
 

=========================================================================
*                           HDL Synthesis                               *
=========================================================================

Performing bidirectional port resolution...

Synthesizing Unit <main>.
    Related source file is "main.v".
WARNING:Xst:646 - Signal <last_one> is assigned but never used. This unconnected signal will be trimmed during the optimization process.
WARNING:Xst:1781 - Signal <file> is used but never assigned. Tied to default value.
WARNING:Xst:646 - Signal <count_one> is assigned but never used. This unconnected signal will be trimmed during the optimization process.
    Found 8-bit register for signal <led>.
    Found 4-bit up counter for signal <cnt>.
    Found 16-bit register for signal <data>.
    Found 1-bit xor8 for signal <led_0$xor0000> created at line 62.
    Found 2-bit adder for signal <old_count_one_2$addsub0001> created at line 95.
    Found 3-bit adder for signal <old_count_one_2$addsub0003> created at line 95.
    Found 3-bit adder for signal <old_count_one_2$addsub0004> created at line 95.
    Found 3-bit adder for signal <old_count_one_2$addsub0005> created at line 95.
    Found 4-bit adder for signal <old_count_one_2$addsub0007> created at line 95.
    Found 4-bit adder for signal <old_count_one_2$addsub0008> created at line 95.
    Found 4-bit adder for signal <old_count_one_2$addsub0009> created at line 95.
    Found 4-bit adder for signal <old_count_one_2$addsub0010> created at line 95.
    Found 4-bit adder for signal <old_count_one_2$addsub0011> created at line 95.
    Found 4-bit adder for signal <old_count_one_2$addsub0012> created at line 95.
    Found 4-bit adder for signal <old_count_one_2$addsub0013> created at line 95.
    Found 1-bit adder carry out for signal <old_count_one_2$addsub0014> created at line 95.
    Found 2-bit adder carry out for signal <old_count_one_2$addsub0015> created at line 95.
    Found 3-bit adder carry out for signal <old_count_one_2$addsub0016> created at line 95.
    Found 5-bit adder for signal <old_last_one_3$addsub0003> created at line 96.
    Found 5-bit adder for signal <old_last_one_3$addsub0004> created at line 96.
    Found 6-bit adder for signal <old_last_one_3$addsub0006> created at line 96.
    Found 7-bit adder for signal <old_last_one_3$addsub0008> created at line 96.
    Found 7-bit adder for signal <old_last_one_3$addsub0009> created at line 96.
    Found 7-bit adder for signal <old_last_one_3$addsub0010> created at line 96.
    Found 2-bit adder carry in/out for signal <old_last_one_3$addsub0012> created at line 96.
    Found 3-bit adder carry out for signal <old_last_one_3$addsub0013> created at line 96.
    Found 4-bit adder carry out for signal <old_last_one_3$addsub0014> created at line 96.
    Found 5-bit adder carry out for signal <old_last_one_3$addsub0015> created at line 96.
    Found 6-bit adder carry out for signal <old_last_one_3$addsub0016> created at line 96.
    Found 7-bit adder carry out for signal <old_last_one_3$addsub0017> created at line 96.
    Found 8-bit updown accumulator for signal <sum>.
    Found 4-bit comparator greater for signal <sum$cmp_gt0000> created at line 162.
    Summary:
	inferred   1 Counter(s).
	inferred   1 Accumulator(s).
	inferred  24 D-type flip-flop(s).
	inferred  28 Adder/Subtractor(s).
	inferred   1 Comparator(s).
	inferred   1 Xor(s).
Unit <main> synthesized.


=========================================================================
HDL Synthesis Report

Macro Statistics
# Adders/Subtractors                                   : 28
 1-bit adder carry out                                 : 1
 2-bit adder                                           : 1
 2-bit adder carry in/out                              : 1
 2-bit adder carry out                                 : 1
 3-bit adder                                           : 3
 3-bit adder carry out                                 : 2
 4-bit adder                                           : 8
 4-bit adder carry out                                 : 1
 5-bit adder                                           : 2
 5-bit adder carry out                                 : 1
 6-bit adder                                           : 1
 6-bit adder carry out                                 : 1
 7-bit adder                                           : 3
 7-bit adder carry out                                 : 1
 8-bit adder                                           : 1
# Counters                                             : 1
 4-bit up counter                                      : 1
# Accumulators                                         : 1
 8-bit updown accumulator                              : 1
# Registers                                            : 9
 1-bit register                                        : 8
 16-bit register                                       : 1
# Comparators                                          : 1
 4-bit comparator greater                              : 1
# Xors                                                 : 1
 1-bit xor8                                            : 1

=========================================================================

=========================================================================
*                       Advanced HDL Synthesis                          *
=========================================================================

WARNING:Xst:1293 - FF/Latch <data_1> has a constant value of 0 in block <main>. This FF/Latch will be trimmed during the optimization process.
WARNING:Xst:1896 - Due to other FF/Latch trimming, FF/Latch <data_2> has a constant value of 0 in block <main>. This FF/Latch will be trimmed during the optimization process.
WARNING:Xst:1896 - Due to other FF/Latch trimming, FF/Latch <data_3> has a constant value of 0 in block <main>. This FF/Latch will be trimmed during the optimization process.
WARNING:Xst:1896 - Due to other FF/Latch trimming, FF/Latch <data_5> has a constant value of 0 in block <main>. This FF/Latch will be trimmed during the optimization process.
WARNING:Xst:1896 - Due to other FF/Latch trimming, FF/Latch <data_6> has a constant value of 0 in block <main>. This FF/Latch will be trimmed during the optimization process.
WARNING:Xst:1896 - Due to other FF/Latch trimming, FF/Latch <data_9> has a constant value of 0 in block <main>. This FF/Latch will be trimmed during the optimization process.
WARNING:Xst:1896 - Due to other FF/Latch trimming, FF/Latch <data_10> has a constant value of 0 in block <main>. This FF/Latch will be trimmed during the optimization process.
WARNING:Xst:1896 - Due to other FF/Latch trimming, FF/Latch <data_12> has a constant value of 0 in block <main>. This FF/Latch will be trimmed during the optimization process.
WARNING:Xst:1896 - Due to other FF/Latch trimming, FF/Latch <data_13> has a constant value of 0 in block <main>. This FF/Latch will be trimmed during the optimization process.
WARNING:Xst:1896 - Due to other FF/Latch trimming, FF/Latch <data_14> has a constant value of 0 in block <main>. This FF/Latch will be trimmed during the optimization process.

=========================================================================
Advanced HDL Synthesis Report

Macro Statistics
# Adders/Subtractors                                   : 28
 1-bit adder carry out                                 : 1
 2-bit adder                                           : 1
 2-bit adder carry in/out                              : 1
 2-bit adder carry out                                 : 1
 3-bit adder                                           : 3
 3-bit adder carry out                                 : 2
 4-bit adder                                           : 8
 4-bit adder carry out                                 : 1
 5-bit adder                                           : 2
 5-bit adder carry out                                 : 1
 6-bit adder                                           : 1
 6-bit adder carry out                                 : 1
 7-bit adder                                           : 3
 7-bit adder carry out                                 : 1
 8-bit adder                                           : 1
# Counters                                             : 1
 4-bit up counter                                      : 1
# Accumulators                                         : 1
 8-bit updown accumulator                              : 1
# Registers                                            : 24
 Flip-Flops                                            : 24
# Comparators                                          : 1
 4-bit comparator greater                              : 1
# Xors                                                 : 1
 1-bit xor8                                            : 1

=========================================================================

=========================================================================
*                         Low Level Synthesis                           *
=========================================================================
WARNING:Xst:1293 - FF/Latch <data_1> has a constant value of 0 in block <main>. This FF/Latch will be trimmed during the optimization process.
WARNING:Xst:1896 - Due to other FF/Latch trimming, FF/Latch <data_2> has a constant value of 0 in block <main>. This FF/Latch will be trimmed during the optimization process.
WARNING:Xst:1896 - Due to other FF/Latch trimming, FF/Latch <data_3> has a constant value of 0 in block <main>. This FF/Latch will be trimmed during the optimization process.
WARNING:Xst:1896 - Due to other FF/Latch trimming, FF/Latch <data_5> has a constant value of 0 in block <main>. This FF/Latch will be trimmed during the optimization process.
WARNING:Xst:1896 - Due to other FF/Latch trimming, FF/Latch <data_6> has a constant value of 0 in block <main>. This FF/Latch will be trimmed during the optimization process.
WARNING:Xst:1896 - Due to other FF/Latch trimming, FF/Latch <data_9> has a constant value of 0 in block <main>. This FF/Latch will be trimmed during the optimization process.
WARNING:Xst:1896 - Due to other FF/Latch trimming, FF/Latch <data_10> has a constant value of 0 in block <main>. This FF/Latch will be trimmed during the optimization process.
WARNING:Xst:1896 - Due to other FF/Latch trimming, FF/Latch <data_12> has a constant value of 0 in block <main>. This FF/Latch will be trimmed during the optimization process.
WARNING:Xst:1896 - Due to other FF/Latch trimming, FF/Latch <data_13> has a constant value of 0 in block <main>. This FF/Latch will be trimmed during the optimization process.
WARNING:Xst:1896 - Due to other FF/Latch trimming, FF/Latch <data_14> has a constant value of 0 in block <main>. This FF/Latch will be trimmed during the optimization process.

Optimizing unit <main> ...

Mapping all equations...
Building and optimizing final netlist ...
Found area constraint ratio of 100 (+ 5) on block main, actual ratio is 0.

Final Macro Processing ...

=========================================================================
Final Register Report

Macro Statistics
# Registers                                            : 26
 Flip-Flops                                            : 26

=========================================================================

=========================================================================
*                           Partition Report                            *
=========================================================================

Partition Implementation Status
-------------------------------

  No Partitions were found in this design.

-------------------------------

=========================================================================
*                            Final Report                               *
=========================================================================
Final Results
RTL Top Level Output File Name     : main.ngr
Top Level Output File Name         : main
Output Format                      : NGC
Optimization Goal                  : Speed
Keep Hierarchy                     : No

Design Statistics
# IOs                              : 10

Cell Usage :
# BELS                             : 73
#      GND                         : 1
#      INV                         : 1
#      LUT2                        : 9
#      LUT2_L                      : 2
#      LUT3                        : 7
#      LUT3_D                      : 2
#      LUT3_L                      : 1
#      LUT4                        : 31
#      LUT4_D                      : 2
#      LUT4_L                      : 1
#      MUXCY                       : 7
#      MUXF5                       : 1
#      XORCY                       : 8
# FlipFlops/Latches                : 26
#      FDE                         : 18
#      FDSE                        : 8
# Clock Buffers                    : 1
#      BUFGP                       : 1
# IO Buffers                       : 9
#      IBUF                        : 1
#      OBUF                        : 8
=========================================================================

Device utilization summary:
---------------------------

Selected Device : 3s500efg320-4 

 Number of Slices:                       29  out of   4656     0%  
 Number of Slice Flip Flops:             26  out of   9312     0%  
 Number of 4 input LUTs:                 56  out of   9312     0%  
 Number of IOs:                          10
 Number of bonded IOBs:                  10  out of    232     4%  
 Number of GCLKs:                         1  out of     24     4%  

---------------------------
Partition Resource Summary:
---------------------------

  No Partitions were found in this design.

---------------------------


=========================================================================
TIMING REPORT

NOTE: THESE TIMING NUMBERS ARE ONLY A SYNTHESIS ESTIMATE.
      FOR ACCURATE TIMING INFORMATION PLEASE REFER TO THE TRACE REPORT
      GENERATED AFTER PLACE-and-ROUTE.

Clock Information:
------------------
-----------------------------------+------------------------+-------+
Clock Signal                       | Clock buffer(FF name)  | Load  |
-----------------------------------+------------------------+-------+
clk                                | BUFGP                  | 26    |
-----------------------------------+------------------------+-------+

Asynchronous Control Signals Information:
----------------------------------------
No asynchronous control signals found in this design

Timing Summary:
---------------
Speed Grade: -4

   Minimum period: 9.712ns (Maximum Frequency: 102.965MHz)
   Minimum input arrival time before clock: 3.162ns
   Maximum output required time after clock: 4.283ns
   Maximum combinational path delay: No path found

Timing Detail:
--------------
All values displayed in nanoseconds (ns)

=========================================================================
Timing constraint: Default period analysis for Clock 'clk'
  Clock period: 9.712ns (frequency: 102.965MHz)
  Total number of paths / destination ports: 3630 / 60
-------------------------------------------------------------------------
Delay:               9.712ns (Levels of Logic = 9)
  Source:            cnt_1 (FF)
  Destination:       sum_7 (FF)
  Source Clock:      clk rising
  Destination Clock: clk rising

  Data Path: cnt_1 to sum_7
                                Gate     Net
    Cell:in->out      fanout   Delay   Delay  Logical Name (Net Name)
    ----------------------------------------  ------------
     FDE:C->Q             12   0.591   1.040  cnt_1 (cnt_1)
     LUT3_D:I1->LO         1   0.704   0.135  _old_data_1<15>_SW2 (N74)
     LUT3:I2->O            6   0.704   0.673  _old_data_1<15> (_old_data_1<15>)
     LUT4_D:I3->LO         1   0.704   0.104  sum_or000041_SW0 (N75)
     LUT4:I3->O           10   0.704   0.886  sum_or000041 (sum_not0001_inv)
     LUT4:I3->O            1   0.704   0.424  Maccum_sum_lut<5>_SW0_SW1 (N36)
     LUT4:I3->O            1   0.704   0.000  Maccum_sum_lut<5> (Maccum_sum_lut<5>)
     MUXCY:S->O            1   0.464   0.000  Maccum_sum_cy<5> (Maccum_sum_cy<5>)
     MUXCY:CI->O           0   0.059   0.000  Maccum_sum_cy<6> (Maccum_sum_cy<6>)
     XORCY:CI->O           1   0.804   0.000  Maccum_sum_xor<7> (Result<7>)
     FDSE:D                    0.308          sum_7
    ----------------------------------------
    Total                      9.712ns (6.450ns logic, 3.262ns route)
                                       (66.4% logic, 33.6% route)

=========================================================================
Timing constraint: Default OFFSET IN BEFORE for Clock 'clk'
  Total number of paths / destination ports: 8 / 8
-------------------------------------------------------------------------
Offset:              3.162ns (Levels of Logic = 2)
  Source:            switch (PAD)
  Destination:       led_6 (FF)
  Destination Clock: clk rising

  Data Path: switch to led_6
                                Gate     Net
    Cell:in->out      fanout   Delay   Delay  Logical Name (Net Name)
    ----------------------------------------  ------------
     IBUF:I->O             8   1.218   0.932  switch_IBUF (switch_IBUF)
     LUT2:I0->O            1   0.704   0.000  led_7_mux00001 (led_7_mux0000)
     FDE:D                     0.308          led_7
    ----------------------------------------
    Total                      3.162ns (2.230ns logic, 0.932ns route)
                                       (70.5% logic, 29.5% route)

=========================================================================
Timing constraint: Default OFFSET OUT AFTER for Clock 'clk'
  Total number of paths / destination ports: 8 / 8
-------------------------------------------------------------------------
Offset:              4.283ns (Levels of Logic = 1)
  Source:            led_7 (FF)
  Destination:       led<7> (PAD)
  Source Clock:      clk rising

  Data Path: led_7 to led<7>
                                Gate     Net
    Cell:in->out      fanout   Delay   Delay  Logical Name (Net Name)
    ----------------------------------------  ------------
     FDE:C->Q              1   0.591   0.420  led_7 (led_7)
     OBUF:I->O                 3.272          led_7_OBUF (led<7>)
    ----------------------------------------
    Total                      4.283ns (3.863ns logic, 0.420ns route)
                                       (90.2% logic, 9.8% route)

=========================================================================


Total REAL time to Xst completion: 10.00 secs
Total CPU time to Xst completion: 7.20 secs
 
--> 


Total memory usage is 518492 kilobytes

Number of errors   :    0 (   0 filtered)
Number of warnings :   23 (   0 filtered)
Number of infos    :    0 (   0 filtered)

