#-----------------------------------------------------------
# PlanAhead v14.7 (64-bit)
# Build 321239 by xbuild on Fri Sep 27 19:24:36 MDT 2013
# Start of session at: Mon Feb 12 15:15:37 2018
# Process ID: 3569
# Log file: /users/btech/hritvikt/Desktop/CS220/Lab4/2/complement_adder7/planAhead_run_1/planAhead.log
# Journal file: /users/btech/hritvikt/Desktop/CS220/Lab4/2/complement_adder7/planAhead_run_1/planAhead.jou
#-----------------------------------------------------------
INFO: [Common 17-78] Attempting to get a license: PlanAhead
INFO: [Common 17-290] Got license for PlanAhead
INFO: [Device 21-36] Loading parts and site information from /opt/Xilinx/14.7/ISE_DS/PlanAhead/data/parts/arch.xml
Parsing RTL primitives file [/opt/Xilinx/14.7/ISE_DS/PlanAhead/data/parts/xilinx/rtl/prims/rtl_prims.xml]
Finished parsing RTL primitives file [/opt/Xilinx/14.7/ISE_DS/PlanAhead/data/parts/xilinx/rtl/prims/rtl_prims.xml]
start_gui
source /users/btech/hritvikt/Desktop/CS220/Lab4/2/complement_adder7/pa.fromHdl.tcl
# create_project -name complement_adder7 -dir "/users/btech/hritvikt/Desktop/CS220/Lab4/2/complement_adder7/planAhead_run_1" -part xc3s500efg320-4
create_project: Time (s): cpu = 00:00:06 ; elapsed = 00:00:07 . Memory (MB): peak = 2728.492 ; gain = 19.145
# set_param project.pinAheadLayout yes
# set srcset [get_property srcset [current_run -impl]]
# set_property target_constrs_file "top.ucf" [current_fileset -constrset]
Adding file '/users/btech/hritvikt/Desktop/CS220/Lab4/2/complement_adder7/top.ucf' to fileset 'constrs_1'
# set hdlfile [add_files [list {complement_adder.v}]]
# set_property file_type Verilog $hdlfile
# set_property library work $hdlfile
# set hdlfile [add_files [list {encoder.v}]]
# set_property file_type Verilog $hdlfile
# set_property library work $hdlfile
# set hdlfile [add_files [list {adder7.v}]]
# set_property file_type Verilog $hdlfile
# set_property library work $hdlfile
# set hdlfile [add_files [list {top.v}]]
# set_property file_type Verilog $hdlfile
# set_property library work $hdlfile
# set_property top top $srcset
# add_files [list {top.ucf}] -fileset [get_property constrset [current_run]]
# open_rtl_design -part xc3s500efg320-4
Using Verific elaboration
Parsing VHDL file "/opt/Xilinx/14.7/ISE_DS/PlanAhead/data/parts/xilinx/rtl/lib/synplify/synattr.vhd" into library synplify
Analyzing Verilog file "/users/btech/hritvikt/Desktop/CS220/Lab4/2/complement_adder7/complement_adder.v" into library work
Analyzing Verilog file "/users/btech/hritvikt/Desktop/CS220/Lab4/2/complement_adder7/encoder.v" into library work
Analyzing Verilog file "/users/btech/hritvikt/Desktop/CS220/Lab4/2/complement_adder7/adder7.v" into library work
Analyzing Verilog file "/users/btech/hritvikt/Desktop/CS220/Lab4/2/complement_adder7/top.v" into library work
INFO: [Designutils 20-910] Reading macro library /opt/Xilinx/14.7/ISE_DS/PlanAhead/data/./parts/xilinx/spartan3e/spartan3e/hd_int_macros.edn
Parsing EDIF File [/opt/Xilinx/14.7/ISE_DS/PlanAhead/data/./parts/xilinx/spartan3e/spartan3e/hd_int_macros.edn]
Finished Parsing EDIF File [/opt/Xilinx/14.7/ISE_DS/PlanAhead/data/./parts/xilinx/spartan3e/spartan3e/hd_int_macros.edn]
Loading clock regions from /opt/Xilinx/14.7/ISE_DS/PlanAhead/data/parts/xilinx/spartan3e/spartan3e/xc3s500e/ClockRegion.xml
Loading clock buffers from /opt/Xilinx/14.7/ISE_DS/PlanAhead/data/parts/xilinx/spartan3e/spartan3e/xc3s500e/ClockBuffers.xml
Loading package from /opt/Xilinx/14.7/ISE_DS/PlanAhead/data/parts/xilinx/spartan3e/spartan3e/xc3s500e/fg320/Package.xml
Loading io standards from /opt/Xilinx/14.7/ISE_DS/PlanAhead/data/./parts/xilinx/spartan3e/IOStandards.xml
INFO: [Device 21-19] Loading pkg sso from /opt/Xilinx/14.7/ISE_DS/PlanAhead/data/parts/xilinx/spartan3e/spartan3e/xc3s500e/fg320/SSORules.xml
Loading list of drcs for the architecture : /opt/Xilinx/14.7/ISE_DS/PlanAhead/data/./parts/xilinx/spartan3e/spartan3e/drc.xml
INFO: [Timing 38-77] Reading timing library /opt/Xilinx/14.7/ISE_DS/PlanAhead/data/parts/xilinx/spartan3e/spartan3e/spartan3e-4.lib.
INFO: [Timing 38-34] Done reading timing library /opt/Xilinx/14.7/ISE_DS/PlanAhead/data/parts/xilinx/spartan3e/spartan3e/spartan3e-4.lib.
Parsing UCF File [/users/btech/hritvikt/Desktop/CS220/Lab4/2/complement_adder7/top.ucf]
Finished Parsing UCF File [/users/btech/hritvikt/Desktop/CS220/Lab4/2/complement_adder7/top.ucf]
INFO: [Project 1-111] Unisim Transformation Summary:
No Unisim elements were transformed.

Phase 0 | Netlist Checksum: a01f6d78
open_rtl_design: Time (s): cpu = 00:00:17 ; elapsed = 00:00:07 . Memory (MB): peak = 2847.410 ; gain = 109.906
update_compile_order -fileset sim_1
startgroup
set_property package_pin F12 [get_ports {sum[0]}]
endgroup
startgroup
set_property package_pin E12 [get_ports {sum[1]}]
endgroup
startgroup
set_property package_pin E11 [get_ports {sum[2]}]
endgroup
startgroup
set_property package_pin F11 [get_ports {sum[3]}]
endgroup
startgroup
set_property package_pin C11 [get_ports {sum[4]}]
endgroup
startgroup
set_property package_pin D11 [get_ports {sum[5]}]
endgroup
startgroup
set_property package_pin E9 [get_ports {sum[6]}]
endgroup
startgroup
set_property package_pin F9 [get_ports {sum[7]}]
endgroup
startgroup
set_property package_pin L13 [get_ports {y[0]}]
endgroup
startgroup
set_property package_pin L14 [get_ports {y[0]}]
endgroup
startgroup
set_property package_pin L13 [get_ports {y[0]}]
endgroup
startgroup
set_property package_pin L14 [get_ports {y[1]}]
endgroup
startgroup
set_property package_pin H18 [get_ports {y[2]}]
endgroup
startgroup
set_property package_pin N17 [get_ports {y[3]}]
endgroup
set_property package_pin "" [get_ports [list  rota]]
set_property pulltype PULLDOWN [get_ports [list rota]]
set_property pulltype PULLUP [get_ports [list rota]]
set_property pulltype PULLUP [get_ports [list rotb]]
startgroup
set_property package_pin G18 [get_ports rotb]
endgroup
startgroup
set_property package_pin K18 [get_ports rota]
endgroup
set_property iostandard LVCMOS33 [get_ports [list clock]]
set_property iostandard LVTTL [get_ports [list rota]]
set_property iostandard LVTTL [get_ports [list rotb]]
set_property iostandard LVTTL [get_ports [list {y[0]}]]
set_property iostandard LVTTL [get_ports [list {y[1]}]]
set_property iostandard LVCMOS33 [get_ports [list {y[2]}]]
set_property iostandard LVTTL [get_ports [list {y[3]}]]
set_property iostandard LVTTL [get_ports [list {y[2]}]]
save_constraints
exit
ERROR: [#UNDEF] *** Exception: ui.h.b: Found deleted key in HTclEventBroker. Verify if the classes listed here call cleanup()
HTclEvent: DEBUG_CORE_CONFIG_CHANGE   Classes: ui.views.aR 
HTclEvent: DEBUG_PORT_CONFIG_CHANGE   Classes: ui.views.aR 
HTclEvent: SIGNAL_MODIFY   Classes: ui.views.aR 
HTclEvent: SIGNAL_BUS_MODIFY   Classes: ui.views.aR 
 (See /users/btech/hritvikt/Desktop/CS220/Lab4/2/complement_adder7/planAhead_pid3569.debug)
ERROR: [Common 17-39] 'stop_gui' failed due to earlier errors.
INFO: [Common 17-206] Exiting PlanAhead at Mon Feb 12 15:20:11 2018...
INFO: [Common 17-83] Releasing license: PlanAhead
