#! /usr/local/bin/vvp
:ivl_version "10.1 (stable)" "(v10_1-97-g480fb0b4)";
:ivl_delay_selection "TYPICAL";
:vpi_time_precision - 12;
:vpi_module "system";
:vpi_module "vhdl_sys";
:vpi_module "v2005_math";
:vpi_module "va_math";
S_0x7fc854413770 .scope module, "test" "test" 2 25;
 .timescale -9 -12;
v0x7fc85442feb0_0 .var "clk", 0 0;
v0x7fc85442ff40_0 .net "cur", 31 0, v0x7fc85442ee70_0;  1 drivers
v0x7fc85442ffd0_0 .var/i "i", 31 0;
v0x7fc854430060_0 .net "led", 7 0, v0x7fc85442f2d0_0;  1 drivers
v0x7fc8544300f0_0 .net "tmp", 7 0, L_0x7fc8544301c0;  1 drivers
S_0x7fc85441f1d0 .scope module, "uut" "main" 2 38, 3 23 0, S_0x7fc854413770;
 .timescale -9 -12;
    .port_info 0 /INPUT 1 "clk"
    .port_info 1 /OUTPUT 8 "led"
    .port_info 2 /OUTPUT 32 "cur"
    .port_info 3 /OUTPUT 8 "regf"
v0x7fc85442f680_4 .array/port v0x7fc85442f680, 4;
L_0x7fc8544301c0 .functor BUFZ 8, v0x7fc85442f680_4, C4<00000000>, C4<00000000>, C4<00000000>;
v0x7fc854413930_0 .net "clk", 0 0, v0x7fc85442feb0_0;  1 drivers
v0x7fc85442edc0_0 .var "cnt", 3 0;
v0x7fc85442ee70_0 .var "cur", 31 0;
v0x7fc85442ef30_0 .var "d1", 7 0;
v0x7fc85442efe0_0 .var "da", 4 0;
v0x7fc85442f0d0_0 .var "im", 7 0;
v0x7fc85442f180_0 .var "inval", 0 0;
v0x7fc85442f220_0 .var/i "kk", 31 0;
v0x7fc85442f2d0_0 .var "led", 7 0;
v0x7fc85442f3e0 .array "mem", 2 0, 7 0;
v0x7fc85442f480 .array "op", 10 0, 31 0;
v0x7fc85442f520_0 .var "pc", 3 0;
v0x7fc85442f5d0_0 .net "regf", 7 0, L_0x7fc8544301c0;  alias, 1 drivers
v0x7fc85442f680 .array "regfile", 31 0, 7 0;
v0x7fc85442fa20_0 .var "res", 7 0;
v0x7fc85442fad0_0 .var "s1", 7 0;
v0x7fc85442fb80_0 .var "s2", 7 0;
v0x7fc85442fd10_0 .var "sa1", 4 0;
v0x7fc85442fda0_0 .var "sa2", 4 0;
E_0x7fc854413d40 .event posedge, v0x7fc854413930_0;
    .scope S_0x7fc85441f1d0;
T_0 ;
    %pushi/vec4 255, 0, 8;
    %store/vec4 v0x7fc85442f2d0_0, 0, 8;
    %pushi/vec4 0, 0, 4;
    %store/vec4 v0x7fc85442edc0_0, 0, 4;
    %pushi/vec4 0, 0, 4;
    %store/vec4 v0x7fc85442f520_0, 0, 4;
    %pushi/vec4 0, 0, 32;
    %store/vec4 v0x7fc85442ee70_0, 0, 32;
    %pushi/vec4 0, 0, 1;
    %store/vec4 v0x7fc85442f180_0, 0, 1;
    %pushi/vec4 0, 0, 5;
    %store/vec4 v0x7fc85442fd10_0, 0, 5;
    %pushi/vec4 0, 0, 5;
    %store/vec4 v0x7fc85442fda0_0, 0, 5;
    %pushi/vec4 0, 0, 5;
    %store/vec4 v0x7fc85442efe0_0, 0, 5;
    %pushi/vec4 0, 0, 8;
    %store/vec4 v0x7fc85442fad0_0, 0, 8;
    %pushi/vec4 0, 0, 8;
    %store/vec4 v0x7fc85442fb80_0, 0, 8;
    %pushi/vec4 0, 0, 8;
    %store/vec4 v0x7fc85442fa20_0, 0, 8;
    %pushi/vec4 0, 0, 8;
    %store/vec4 v0x7fc85442f0d0_0, 0, 8;
    %pushi/vec4 0, 0, 8;
    %store/vec4 v0x7fc85442ef30_0, 0, 8;
    %pushi/vec4 236, 0, 8;
    %ix/load 4, 0, 0;
    %flag_set/imm 4, 0;
    %store/vec4a v0x7fc85442f3e0, 4, 0;
    %pushi/vec4 10, 0, 8;
    %ix/load 4, 1, 0;
    %flag_set/imm 4, 0;
    %store/vec4a v0x7fc85442f3e0, 4, 0;
    %pushi/vec4 2, 0, 8;
    %ix/load 4, 2, 0;
    %flag_set/imm 4, 0;
    %store/vec4a v0x7fc85442f3e0, 4, 0;
    %pushi/vec4 2348875776, 0, 32;
    %ix/load 4, 0, 0;
    %flag_set/imm 4, 0;
    %store/vec4a v0x7fc85442f480, 4, 0;
    %pushi/vec4 2348941313, 0, 32;
    %ix/load 4, 1, 0;
    %flag_set/imm 4, 0;
    %store/vec4a v0x7fc85442f480, 4, 0;
    %pushi/vec4 2349006850, 0, 32;
    %ix/load 4, 2, 0;
    %flag_set/imm 4, 0;
    %store/vec4a v0x7fc85442f480, 4, 0;
    %pushi/vec4 604241920, 0, 32;
    %ix/load 4, 3, 0;
    %flag_set/imm 4, 0;
    %store/vec4a v0x7fc85442f480, 4, 0;
    %pushi/vec4 606404608, 0, 32;
    %ix/load 4, 4, 0;
    %flag_set/imm 4, 0;
    %store/vec4a v0x7fc85442f480, 4, 0;
    %pushi/vec4 10629162, 0, 32;
    %ix/load 4, 5, 0;
    %flag_set/imm 4, 0;
    %store/vec4a v0x7fc85442f480, 4, 0;
    %pushi/vec4 281018373, 0, 32;
    %ix/load 4, 6, 0;
    %flag_set/imm 4, 0;
    %store/vec4a v0x7fc85442f480, 4, 0;
    %pushi/vec4 8724513, 0, 32;
    %ix/load 4, 7, 0;
    %flag_set/imm 4, 0;
    %store/vec4a v0x7fc85442f480, 4, 0;
    %pushi/vec4 10692641, 0, 32;
    %ix/load 4, 8, 0;
    %flag_set/imm 4, 0;
    %store/vec4a v0x7fc85442f480, 4, 0;
    %pushi/vec4 10629162, 0, 32;
    %ix/load 4, 9, 0;
    %flag_set/imm 4, 0;
    %store/vec4a v0x7fc85442f480, 4, 0;
    %pushi/vec4 348192765, 0, 32;
    %ix/load 4, 10, 0;
    %flag_set/imm 4, 0;
    %store/vec4a v0x7fc85442f480, 4, 0;
    %pushi/vec4 0, 0, 32;
    %store/vec4 v0x7fc85442f220_0, 0, 32;
T_0.0 ;
    %load/vec4 v0x7fc85442f220_0;
    %cmpi/s 32, 0, 32;
    %jmp/0xz T_0.1, 5;
    %pushi/vec4 0, 0, 8;
    %ix/getv/s 4, v0x7fc85442f220_0;
    %store/vec4a v0x7fc85442f680, 4, 0;
    %load/vec4 v0x7fc85442f220_0;
    %addi 1, 0, 32;
    %store/vec4 v0x7fc85442f220_0, 0, 32;
    %jmp T_0.0;
T_0.1 ;
    %end;
    .thread T_0;
    .scope S_0x7fc85441f1d0;
T_1 ;
    %wait E_0x7fc854413d40;
    %load/vec4 v0x7fc85442edc0_0;
    %pad/u 32;
    %cmpi/e 0, 0, 32;
    %jmp/0xz  T_1.0, 4;
    %load/vec4 v0x7fc85442f520_0;
    %pad/u 5;
    %ix/vec4 4;
    %load/vec4a v0x7fc85442f480, 4;
    %assign/vec4 v0x7fc85442ee70_0, 0;
    %pushi/vec4 1, 0, 4;
    %store/vec4 v0x7fc85442edc0_0, 0, 4;
    %jmp T_1.1;
T_1.0 ;
    %load/vec4 v0x7fc85442edc0_0;
    %pad/u 32;
    %cmpi/e 1, 0, 32;
    %jmp/0xz  T_1.2, 4;
    %load/vec4 v0x7fc85442ee70_0;
    %parti/s 6, 26, 6;
    %cmpi/e 0, 0, 6;
    %jmp/0xz  T_1.4, 4;
    %load/vec4 v0x7fc85442ee70_0;
    %parti/s 5, 21, 6;
    %assign/vec4 v0x7fc85442fd10_0, 0;
    %load/vec4 v0x7fc85442ee70_0;
    %parti/s 5, 16, 6;
    %assign/vec4 v0x7fc85442fda0_0, 0;
    %load/vec4 v0x7fc85442ee70_0;
    %parti/s 5, 11, 5;
    %assign/vec4 v0x7fc85442efe0_0, 0;
    %jmp T_1.5;
T_1.4 ;
    %load/vec4 v0x7fc85442ee70_0;
    %parti/s 5, 21, 6;
    %assign/vec4 v0x7fc85442fd10_0, 0;
    %load/vec4 v0x7fc85442ee70_0;
    %parti/s 5, 16, 6;
    %assign/vec4 v0x7fc85442efe0_0, 0;
    %load/vec4 v0x7fc85442ee70_0;
    %parti/s 8, 0, 2;
    %assign/vec4 v0x7fc85442f0d0_0, 0;
T_1.5 ;
    %pushi/vec4 2, 0, 4;
    %store/vec4 v0x7fc85442edc0_0, 0, 4;
    %jmp T_1.3;
T_1.2 ;
    %load/vec4 v0x7fc85442edc0_0;
    %pad/u 32;
    %cmpi/e 2, 0, 32;
    %jmp/0xz  T_1.6, 4;
    %load/vec4 v0x7fc85442fd10_0;
    %pad/u 7;
    %ix/vec4 4;
    %load/vec4a v0x7fc85442f680, 4;
    %assign/vec4 v0x7fc85442fad0_0, 0;
    %load/vec4 v0x7fc85442fda0_0;
    %pad/u 7;
    %ix/vec4 4;
    %load/vec4a v0x7fc85442f680, 4;
    %assign/vec4 v0x7fc85442fb80_0, 0;
    %load/vec4 v0x7fc85442efe0_0;
    %pad/u 7;
    %ix/vec4 4;
    %load/vec4a v0x7fc85442f680, 4;
    %assign/vec4 v0x7fc85442ef30_0, 0;
    %pushi/vec4 3, 0, 4;
    %store/vec4 v0x7fc85442edc0_0, 0, 4;
    %jmp T_1.7;
T_1.6 ;
    %load/vec4 v0x7fc85442edc0_0;
    %pad/u 32;
    %cmpi/e 3, 0, 32;
    %jmp/0xz  T_1.8, 4;
    %load/vec4 v0x7fc85442ee70_0;
    %parti/s 6, 26, 6;
    %cmpi/e 0, 0, 6;
    %jmp/0xz  T_1.10, 4;
    %load/vec4 v0x7fc85442ee70_0;
    %parti/s 6, 0, 2;
    %cmpi/e 33, 0, 6;
    %jmp/0xz  T_1.12, 4;
    %load/vec4 v0x7fc85442fad0_0;
    %load/vec4 v0x7fc85442fb80_0;
    %add;
    %assign/vec4 v0x7fc85442fa20_0, 0;
T_1.12 ;
    %load/vec4 v0x7fc85442ee70_0;
    %parti/s 6, 0, 2;
    %cmpi/e 42, 0, 6;
    %jmp/0xz  T_1.14, 4;
    %load/vec4 v0x7fc85442fad0_0;
    %load/vec4 v0x7fc85442fb80_0;
    %cmp/s;
    %flag_mov 8, 5;
    %jmp/0 T_1.16, 8;
    %pushi/vec4 1, 0, 8;
    %jmp/1 T_1.17, 8;
T_1.16 ; End of true expr.
    %pushi/vec4 0, 0, 8;
    %jmp/0 T_1.17, 8;
 ; End of false expr.
    %blend;
T_1.17;
    %store/vec4 v0x7fc85442fa20_0, 0, 8;
T_1.14 ;
    %jmp T_1.11;
T_1.10 ;
    %load/vec4 v0x7fc85442ee70_0;
    %parti/s 6, 26, 6;
    %cmpi/e 9, 0, 6;
    %jmp/0xz  T_1.18, 4;
    %load/vec4 v0x7fc85442fad0_0;
    %load/vec4 v0x7fc85442f0d0_0;
    %add;
    %assign/vec4 v0x7fc85442fa20_0, 0;
    %jmp T_1.19;
T_1.18 ;
    %load/vec4 v0x7fc85442ee70_0;
    %parti/s 6, 26, 6;
    %cmpi/e 4, 0, 6;
    %jmp/0xz  T_1.20, 4;
    %load/vec4 v0x7fc85442fad0_0;
    %load/vec4 v0x7fc85442ef30_0;
    %cmp/e;
    %flag_mov 8, 4;
    %jmp/0 T_1.22, 8;
    %load/vec4 v0x7fc85442f520_0;
    %pad/u 8;
    %load/vec4 v0x7fc85442f0d0_0;
    %add;
    %subi 1, 0, 8;
    %jmp/1 T_1.23, 8;
T_1.22 ; End of true expr.
    %load/vec4 v0x7fc85442f520_0;
    %pad/u 8;
    %jmp/0 T_1.23, 8;
 ; End of false expr.
    %blend;
T_1.23;
    %pad/u 4;
    %assign/vec4 v0x7fc85442f520_0, 0;
    %jmp T_1.21;
T_1.20 ;
    %load/vec4 v0x7fc85442ee70_0;
    %parti/s 6, 26, 6;
    %cmpi/e 5, 0, 6;
    %jmp/0xz  T_1.24, 4;
    %load/vec4 v0x7fc85442fad0_0;
    %load/vec4 v0x7fc85442ef30_0;
    %cmp/ne;
    %flag_mov 8, 4;
    %jmp/0 T_1.26, 8;
    %load/vec4 v0x7fc85442f520_0;
    %pad/u 8;
    %load/vec4 v0x7fc85442f0d0_0;
    %add;
    %subi 1, 0, 8;
    %jmp/1 T_1.27, 8;
T_1.26 ; End of true expr.
    %load/vec4 v0x7fc85442f520_0;
    %pad/u 8;
    %jmp/0 T_1.27, 8;
 ; End of false expr.
    %blend;
T_1.27;
    %pad/u 4;
    %assign/vec4 v0x7fc85442f520_0, 0;
    %jmp T_1.25;
T_1.24 ;
    %pushi/vec4 1, 0, 1;
    %store/vec4 v0x7fc85442f180_0, 0, 1;
T_1.25 ;
T_1.21 ;
T_1.19 ;
T_1.11 ;
    %pushi/vec4 4, 0, 4;
    %store/vec4 v0x7fc85442edc0_0, 0, 4;
    %jmp T_1.9;
T_1.8 ;
    %load/vec4 v0x7fc85442edc0_0;
    %pad/u 32;
    %cmpi/e 4, 0, 32;
    %jmp/0xz  T_1.28, 4;
    %load/vec4 v0x7fc85442ee70_0;
    %parti/s 6, 26, 6;
    %cmpi/e 35, 0, 6;
    %jmp/0xz  T_1.30, 4;
    %load/vec4 v0x7fc85442f0d0_0;
    %pad/u 9;
    %load/vec4 v0x7fc85442fad0_0;
    %pad/u 9;
    %add;
    %ix/vec4 4;
    %load/vec4a v0x7fc85442f3e0, 4;
    %assign/vec4 v0x7fc85442fa20_0, 0;
T_1.30 ;
    %pushi/vec4 5, 0, 4;
    %store/vec4 v0x7fc85442edc0_0, 0, 4;
    %jmp T_1.29;
T_1.28 ;
    %load/vec4 v0x7fc85442edc0_0;
    %pad/u 32;
    %cmpi/e 5, 0, 32;
    %jmp/0xz  T_1.32, 4;
    %load/vec4 v0x7fc85442efe0_0;
    %cmpi/ne 0, 0, 5;
    %jmp/0xz  T_1.34, 4;
    %load/vec4 v0x7fc85442fa20_0;
    %load/vec4 v0x7fc85442efe0_0;
    %pad/u 7;
    %ix/vec4 3;
    %ix/load 4, 0, 0; Constant delay
    %assign/vec4/a/d v0x7fc85442f680, 0, 4;
T_1.34 ;
    %load/vec4 v0x7fc85442efe0_0;
    %pad/u 8;
    %store/vec4 v0x7fc85442f2d0_0, 0, 8;
    %load/vec4 v0x7fc85442f180_0;
    %pad/u 32;
    %cmpi/e 1, 0, 32;
    %jmp/0xz  T_1.36, 4;
    %pushi/vec4 0, 0, 1;
    %store/vec4 v0x7fc85442f180_0, 0, 1;
T_1.36 ;
    %load/vec4 v0x7fc85442f520_0;
    %addi 1, 0, 4;
    %store/vec4 v0x7fc85442f520_0, 0, 4;
    %pushi/vec4 0, 0, 32;
    %store/vec4 v0x7fc85442ee70_0, 0, 32;
    %pushi/vec4 0, 0, 1;
    %store/vec4 v0x7fc85442f180_0, 0, 1;
    %pushi/vec4 0, 0, 5;
    %store/vec4 v0x7fc85442fd10_0, 0, 5;
    %pushi/vec4 0, 0, 5;
    %store/vec4 v0x7fc85442fda0_0, 0, 5;
    %pushi/vec4 0, 0, 5;
    %store/vec4 v0x7fc85442efe0_0, 0, 5;
    %pushi/vec4 0, 0, 8;
    %store/vec4 v0x7fc85442fad0_0, 0, 8;
    %pushi/vec4 0, 0, 8;
    %store/vec4 v0x7fc85442fb80_0, 0, 8;
    %pushi/vec4 0, 0, 8;
    %store/vec4 v0x7fc85442fa20_0, 0, 8;
    %pushi/vec4 0, 0, 8;
    %store/vec4 v0x7fc85442f0d0_0, 0, 8;
    %pushi/vec4 0, 0, 8;
    %store/vec4 v0x7fc85442ef30_0, 0, 8;
    %load/vec4 v0x7fc85442f520_0;
    %pad/u 32;
    %cmpi/u 11, 0, 32;
    %jmp/0xz  T_1.38, 5;
    %pushi/vec4 0, 0, 4;
    %store/vec4 v0x7fc85442edc0_0, 0, 4;
    %jmp T_1.39;
T_1.38 ;
    %pushi/vec4 6, 0, 4;
    %store/vec4 v0x7fc85442edc0_0, 0, 4;
T_1.39 ;
    %jmp T_1.33;
T_1.32 ;
    %load/vec4 v0x7fc85442edc0_0;
    %pad/u 32;
    %cmpi/e 6, 0, 32;
    %jmp/0xz  T_1.40, 4;
    %load/vec4 v0x7fc85442edc0_0;
    %pad/u 8;
    %store/vec4 v0x7fc85442f2d0_0, 0, 8;
T_1.40 ;
T_1.33 ;
T_1.29 ;
T_1.9 ;
T_1.7 ;
T_1.3 ;
T_1.1 ;
    %jmp T_1;
    .thread T_1;
    .scope S_0x7fc854413770;
T_2 ;
    %pushi/vec4 0, 0, 1;
    %store/vec4 v0x7fc85442feb0_0, 0, 1;
    %pushi/vec4 0, 0, 32;
    %store/vec4 v0x7fc85442ffd0_0, 0, 32;
T_2.0 ;
    %load/vec4 v0x7fc85442ffd0_0;
    %cmpi/s 1000, 0, 32;
    %jmp/0xz T_2.1, 5;
    %delay 2000, 0;
    %load/vec4 v0x7fc85442feb0_0;
    %inv;
    %assign/vec4 v0x7fc85442feb0_0, 0;
    %load/vec4 v0x7fc85442ffd0_0;
    %pushi/vec4 2, 0, 32;
    %mod/s;
    %cmpi/e 0, 0, 32;
    %jmp/0xz  T_2.2, 4;
    %vpi_call 2 53 "$write", "led =>%d\012", v0x7fc854430060_0 {0 0 0};
    %vpi_call 2 54 "$write", "Reg[4] =>%d\012", v0x7fc8544300f0_0 {0 0 0};
T_2.2 ;
    %load/vec4 v0x7fc85442ffd0_0;
    %addi 1, 0, 32;
    %store/vec4 v0x7fc85442ffd0_0, 0, 32;
    %jmp T_2.0;
T_2.1 ;
    %end;
    .thread T_2;
# The file index is used to find the file name in the following table.
:file_names 4;
    "N/A";
    "<interactive>";
    "test.v";
    "./main.v";
