Release 14.7 - xst P.20131013 (lin64)
Copyright (c) 1995-2013 Xilinx, Inc.  All rights reserved.
--> 
Parameter TMPDIR set to xst/projnav.tmp


Total REAL time to Xst completion: 0.00 secs
Total CPU time to Xst completion: 0.08 secs
 
--> 
Parameter xsthdpdir set to xst


Total REAL time to Xst completion: 0.00 secs
Total CPU time to Xst completion: 0.09 secs
 
--> 
Reading design: top.prj

TABLE OF CONTENTS
  1) Synthesis Options Summary
  2) HDL Compilation
  3) Design Hierarchy Analysis
  4) HDL Analysis
  5) HDL Synthesis
     5.1) HDL Synthesis Report
  6) Advanced HDL Synthesis
     6.1) Advanced HDL Synthesis Report
  7) Low Level Synthesis
  8) Partition Report
  9) Final Report
	9.1) Device utilization summary
	9.2) Partition Resource Summary
	9.3) TIMING REPORT


=========================================================================
*                      Synthesis Options Summary                        *
=========================================================================
---- Source Parameters
Input File Name                    : "top.prj"
Input Format                       : mixed
Ignore Synthesis Constraint File   : NO

---- Target Parameters
Output File Name                   : "top"
Output Format                      : NGC
Target Device                      : xc3s500e-4-fg320

---- Source Options
Top Module Name                    : top
Automatic FSM Extraction           : YES
FSM Encoding Algorithm             : Auto
Safe Implementation                : No
FSM Style                          : LUT
RAM Extraction                     : Yes
RAM Style                          : Auto
ROM Extraction                     : Yes
Mux Style                          : Auto
Decoder Extraction                 : YES
Priority Encoder Extraction        : Yes
Shift Register Extraction          : YES
Logical Shifter Extraction         : YES
XOR Collapsing                     : YES
ROM Style                          : Auto
Mux Extraction                     : Yes
Resource Sharing                   : YES
Asynchronous To Synchronous        : NO
Multiplier Style                   : Auto
Automatic Register Balancing       : No

---- Target Options
Add IO Buffers                     : YES
Global Maximum Fanout              : 500
Add Generic Clock Buffer(BUFG)     : 24
Register Duplication               : YES
Slice Packing                      : YES
Optimize Instantiated Primitives   : NO
Use Clock Enable                   : Yes
Use Synchronous Set                : Yes
Use Synchronous Reset              : Yes
Pack IO Registers into IOBs        : Auto
Equivalent register Removal        : YES

---- General Options
Optimization Goal                  : Speed
Optimization Effort                : 1
Keep Hierarchy                     : No
Netlist Hierarchy                  : As_Optimized
RTL Output                         : Yes
Global Optimization                : AllClockNets
Read Cores                         : YES
Write Timing Constraints           : NO
Cross Clock Analysis               : NO
Hierarchy Separator                : /
Bus Delimiter                      : <>
Case Specifier                     : Maintain
Slice Utilization Ratio            : 100
BRAM Utilization Ratio             : 100
Verilog 2001                       : YES
Auto BRAM Packing                  : NO
Slice Utilization Ratio Delta      : 5

=========================================================================


=========================================================================
*                          HDL Compilation                              *
=========================================================================
Compiling verilog file "complement_adder.v" in library work
Compiling verilog file "encoder.v" in library work
Module <complement_adder> compiled
Compiling verilog file "adder7.v" in library work
Module <encoder> compiled
Compiling verilog file "top.v" in library work
Module <adder7> compiled
Module <top> compiled
No errors in compilation
Analysis of file <"top.prj"> succeeded.
 

=========================================================================
*                     Design Hierarchy Analysis                         *
=========================================================================
Analyzing hierarchy for module <top> in library <work>.

Analyzing hierarchy for module <encoder> in library <work>.

Analyzing hierarchy for module <adder7> in library <work>.

Analyzing hierarchy for module <complement_adder> in library <work>.


=========================================================================
*                            HDL Analysis                               *
=========================================================================
Analyzing top module <top>.
Module <top> is correct for synthesis.
 
Analyzing module <encoder> in library <work>.
Module <encoder> is correct for synthesis.
 
Analyzing module <adder7> in library <work>.
Module <adder7> is correct for synthesis.
 
Analyzing module <complement_adder> in library <work>.
Module <complement_adder> is correct for synthesis.
 

=========================================================================
*                           HDL Synthesis                               *
=========================================================================

Performing bidirectional port resolution...

Synthesizing Unit <encoder>.
    Related source file is "encoder.v".
    Found 1-bit register for signal <rot>.
    Found 1-bit register for signal <dir>.
    Summary:
	inferred   2 D-type flip-flop(s).
Unit <encoder> synthesized.


Synthesizing Unit <complement_adder>.
    Related source file is "complement_adder.v".
    Found 1-bit xor3 for signal <sum>.
    Found 1-bit xor2 for signal <carry$xor0000> created at line 28.
    Summary:
	inferred   1 Xor(s).
Unit <complement_adder> synthesized.


Synthesizing Unit <adder7>.
    Related source file is "adder7.v".
    Found 1-bit xor2 for signal <sum<7>>.
    Found 7-bit register for signal <a>.
    Found 7-bit register for signal <b>.
    Found 3-bit register for signal <cnt>.
    Found 3-bit adder for signal <cnt$addsub0000> created at line 37.
    Found 1-bit register for signal <op>.
    Found 1-bit register for signal <prev>.
    Summary:
	inferred  19 D-type flip-flop(s).
	inferred   1 Adder/Subtractor(s).
Unit <adder7> synthesized.


Synthesizing Unit <top>.
    Related source file is "top.v".
Unit <top> synthesized.


=========================================================================
HDL Synthesis Report

Macro Statistics
# Adders/Subtractors                                   : 1
 3-bit adder                                           : 1
# Registers                                            : 19
 1-bit register                                        : 18
 3-bit register                                        : 1
# Xors                                                 : 15
 1-bit xor2                                            : 8
 1-bit xor3                                            : 7

=========================================================================

=========================================================================
*                       Advanced HDL Synthesis                          *
=========================================================================


=========================================================================
Advanced HDL Synthesis Report

Macro Statistics
# Adders/Subtractors                                   : 1
 3-bit adder                                           : 1
# Registers                                            : 21
 Flip-Flops                                            : 21
# Xors                                                 : 15
 1-bit xor2                                            : 8
 1-bit xor3                                            : 7

=========================================================================

=========================================================================
*                         Low Level Synthesis                           *
=========================================================================

Optimizing unit <top> ...

Optimizing unit <adder7> ...

Mapping all equations...
Building and optimizing final netlist ...
Found area constraint ratio of 100 (+ 5) on block top, actual ratio is 0.

Final Macro Processing ...

=========================================================================
Final Register Report

Macro Statistics
# Registers                                            : 21
 Flip-Flops                                            : 21

=========================================================================

=========================================================================
*                           Partition Report                            *
=========================================================================

Partition Implementation Status
-------------------------------

  No Partitions were found in this design.

-------------------------------

=========================================================================
*                            Final Report                               *
=========================================================================
Final Results
RTL Top Level Output File Name     : top.ngr
Top Level Output File Name         : top
Output Format                      : NGC
Optimization Goal                  : Speed
Keep Hierarchy                     : No

Design Statistics
# IOs                              : 15

Cell Usage :
# BELS                             : 28
#      GND                         : 1
#      INV                         : 1
#      LUT2                        : 5
#      LUT3                        : 4
#      LUT4                        : 17
# FlipFlops/Latches                : 21
#      FD                          : 1
#      FDE                         : 19
#      FDSE                        : 1
# Clock Buffers                    : 1
#      BUFGP                       : 1
# IO Buffers                       : 14
#      IBUF                        : 6
#      OBUF                        : 8
=========================================================================

Device utilization summary:
---------------------------

Selected Device : 3s500efg320-4 

 Number of Slices:                       15  out of   4656     0%  
 Number of Slice Flip Flops:             21  out of   9312     0%  
 Number of 4 input LUTs:                 27  out of   9312     0%  
 Number of IOs:                          15
 Number of bonded IOBs:                  15  out of    232     6%  
 Number of GCLKs:                         1  out of     24     4%  

---------------------------
Partition Resource Summary:
---------------------------

  No Partitions were found in this design.

---------------------------


=========================================================================
TIMING REPORT

NOTE: THESE TIMING NUMBERS ARE ONLY A SYNTHESIS ESTIMATE.
      FOR ACCURATE TIMING INFORMATION PLEASE REFER TO THE TRACE REPORT
      GENERATED AFTER PLACE-and-ROUTE.

Clock Information:
------------------
-----------------------------------+------------------------+-------+
Clock Signal                       | Clock buffer(FF name)  | Load  |
-----------------------------------+------------------------+-------+
clock                              | BUFGP                  | 21    |
-----------------------------------+------------------------+-------+

Asynchronous Control Signals Information:
----------------------------------------
No asynchronous control signals found in this design

Timing Summary:
---------------
Speed Grade: -4

   Minimum period: 4.497ns (Maximum Frequency: 222.370MHz)
   Minimum input arrival time before clock: 4.015ns
   Maximum output required time after clock: 13.054ns
   Maximum combinational path delay: No path found

Timing Detail:
--------------
All values displayed in nanoseconds (ns)

=========================================================================
Timing constraint: Default period analysis for Clock 'clock'
  Clock period: 4.497ns (frequency: 222.370MHz)
  Total number of paths / destination ports: 107 / 22
-------------------------------------------------------------------------
Delay:               4.497ns (Levels of Logic = 2)
  Source:            uut2/prev (FF)
  Destination:       uut2/b_1 (FF)
  Source Clock:      clock rising
  Destination Clock: clock rising

  Data Path: uut2/prev to uut2/b_1
                                Gate     Net
    Cell:in->out      fanout   Delay   Delay  Logical Name (Net Name)
    ----------------------------------------  ------------
     FD:C->Q               1   0.591   0.595  uut2/prev (uut2/prev)
     LUT3:I0->O            8   0.704   0.761  uut2/a_3_not000111 (uut2/cnt_and0001)
     LUT4:I3->O            4   0.704   0.587  uut2/b_3_not00011 (uut2/b_3_not0001)
     FDE:CE                    0.555          uut2/b_3
    ----------------------------------------
    Total                      4.497ns (2.554ns logic, 1.943ns route)
                                       (56.8% logic, 43.2% route)

=========================================================================
Timing constraint: Default OFFSET IN BEFORE for Clock 'clock'
  Total number of paths / destination ports: 23 / 19
-------------------------------------------------------------------------
Offset:              4.015ns (Levels of Logic = 2)
  Source:            rota (PAD)
  Destination:       uut1/rot (FF)
  Destination Clock: clock rising

  Data Path: rota to uut1/rot
                                Gate     Net
    Cell:in->out      fanout   Delay   Delay  Logical Name (Net Name)
    ----------------------------------------  ------------
     IBUF:I->O             4   1.218   0.762  rota_IBUF (rota_IBUF)
     LUT2:I0->O            1   0.704   0.420  uut1/rot_and00001 (uut1/rot_and0000)
     FDSE:S                    0.911          uut1/rot
    ----------------------------------------
    Total                      4.015ns (2.833ns logic, 1.182ns route)
                                       (70.6% logic, 29.4% route)

=========================================================================
Timing constraint: Default OFFSET OUT AFTER for Clock 'clock'
  Total number of paths / destination ports: 104 / 8
-------------------------------------------------------------------------
Offset:              13.054ns (Levels of Logic = 8)
  Source:            uut2/op (FF)
  Destination:       sum<7> (PAD)
  Source Clock:      clock rising

  Data Path: uut2/op to sum<7>
                                Gate     Net
    Cell:in->out      fanout   Delay   Delay  Logical Name (Net Name)
    ----------------------------------------  ------------
     FDE:C->Q             13   0.591   1.062  uut2/op (uut2/op)
     LUT3:I1->O            2   0.704   0.451  uut2/uut1/carry1 (uut2/carry<0>)
     LUT4:I3->O            2   0.704   0.451  uut2/uut2/carry1 (uut2/carry<1>)
     LUT4:I3->O            2   0.704   0.451  uut2/uut3/carry1 (uut2/carry<2>)
     LUT4:I3->O            2   0.704   0.451  uut2/uut4/carry1 (uut2/carry<3>)
     LUT4:I3->O            2   0.704   0.451  uut2/uut5/carry1 (uut2/carry<4>)
     LUT4:I3->O            2   0.704   0.526  uut2/uut6/carry1 (uut2/carry<5>)
     LUT4:I1->O            1   0.704   0.420  uut2/Mxor_sum<7>_Result1 (sum_7_OBUF)
     OBUF:I->O                 3.272          sum_7_OBUF (sum<7>)
    ----------------------------------------
    Total                     13.054ns (8.791ns logic, 4.263ns route)
                                       (67.3% logic, 32.7% route)

=========================================================================


Total REAL time to Xst completion: 10.00 secs
Total CPU time to Xst completion: 6.60 secs
 
--> 


Total memory usage is 516864 kilobytes

Number of errors   :    0 (   0 filtered)
Number of warnings :    0 (   0 filtered)
Number of infos    :    0 (   0 filtered)

