#-----------------------------------------------------------
# PlanAhead v14.7 (64-bit)
# Build 321239 by xbuild on Fri Sep 27 19:24:36 MDT 2013
# Start of session at: Mon Mar 19 14:28:07 2018
# Process ID: 25877
# Log file: /users/btech/hritvikt/Desktop/CS220/Lab6/regfile/planAhead_run_2/planAhead.log
# Journal file: /users/btech/hritvikt/Desktop/CS220/Lab6/regfile/planAhead_run_2/planAhead.jou
#-----------------------------------------------------------
INFO: [Common 17-78] Attempting to get a license: PlanAhead
INFO: [Common 17-290] Got license for PlanAhead
INFO: [Device 21-36] Loading parts and site information from /opt/Xilinx/14.7/ISE_DS/PlanAhead/data/parts/arch.xml
Parsing RTL primitives file [/opt/Xilinx/14.7/ISE_DS/PlanAhead/data/parts/xilinx/rtl/prims/rtl_prims.xml]
Finished parsing RTL primitives file [/opt/Xilinx/14.7/ISE_DS/PlanAhead/data/parts/xilinx/rtl/prims/rtl_prims.xml]
start_gui
source /users/btech/hritvikt/Desktop/CS220/Lab6/regfile/pa.fromHdl.tcl
# create_project -name regfile -dir "/users/btech/hritvikt/Desktop/CS220/Lab6/regfile/planAhead_run_2" -part xc3s500efg320-4
create_project: Time (s): cpu = 00:00:27 ; elapsed = 00:00:20 . Memory (MB): peak = 2640.867 ; gain = 25.266
# set_param project.pinAheadLayout yes
# set srcset [get_property srcset [current_run -impl]]
# set_property target_constrs_file "controller.ucf" [current_fileset -constrset]
Adding file '/users/btech/hritvikt/Desktop/CS220/Lab6/regfile/controller.ucf' to fileset 'constrs_1'
# set hdlfile [add_files [list {lcd_driver.v}]]
# set_property file_type Verilog $hdlfile
# set_property library work $hdlfile
# set hdlfile [add_files [list {complement_adder.v}]]
# set_property file_type Verilog $hdlfile
# set_property library work $hdlfile
# set hdlfile [add_files [list {top.v}]]
# set_property file_type Verilog $hdlfile
# set_property library work $hdlfile
# set hdlfile [add_files [list {add_sub.v}]]
# set_property file_type Verilog $hdlfile
# set_property library work $hdlfile
# set hdlfile [add_files [list {controller.v}]]
# set_property file_type Verilog $hdlfile
# set_property library work $hdlfile
# set_property top controller $srcset
# add_files [list {controller.ucf}] -fileset [get_property constrset [current_run]]
# open_rtl_design -part xc3s500efg320-4
Using Verific elaboration
Parsing VHDL file "/opt/Xilinx/14.7/ISE_DS/PlanAhead/data/parts/xilinx/rtl/lib/synplify/synattr.vhd" into library synplify
Analyzing Verilog file "/users/btech/hritvikt/Desktop/CS220/Lab6/regfile/lcd_driver.v" into library work
Analyzing Verilog file "/users/btech/hritvikt/Desktop/CS220/Lab6/regfile/complement_adder.v" into library work
Analyzing Verilog file "/users/btech/hritvikt/Desktop/CS220/Lab6/regfile/top.v" into library work
Analyzing Verilog file "/users/btech/hritvikt/Desktop/CS220/Lab6/regfile/add_sub.v" into library work
Analyzing Verilog file "/users/btech/hritvikt/Desktop/CS220/Lab6/regfile/controller.v" into library work
INFO: [Designutils 20-910] Reading macro library /opt/Xilinx/14.7/ISE_DS/PlanAhead/data/./parts/xilinx/spartan3e/spartan3e/hd_int_macros.edn
Parsing EDIF File [/opt/Xilinx/14.7/ISE_DS/PlanAhead/data/./parts/xilinx/spartan3e/spartan3e/hd_int_macros.edn]
Finished Parsing EDIF File [/opt/Xilinx/14.7/ISE_DS/PlanAhead/data/./parts/xilinx/spartan3e/spartan3e/hd_int_macros.edn]
Loading clock regions from /opt/Xilinx/14.7/ISE_DS/PlanAhead/data/parts/xilinx/spartan3e/spartan3e/xc3s500e/ClockRegion.xml
Loading clock buffers from /opt/Xilinx/14.7/ISE_DS/PlanAhead/data/parts/xilinx/spartan3e/spartan3e/xc3s500e/ClockBuffers.xml
Loading package from /opt/Xilinx/14.7/ISE_DS/PlanAhead/data/parts/xilinx/spartan3e/spartan3e/xc3s500e/fg320/Package.xml
Loading io standards from /opt/Xilinx/14.7/ISE_DS/PlanAhead/data/./parts/xilinx/spartan3e/IOStandards.xml
INFO: [Device 21-19] Loading pkg sso from /opt/Xilinx/14.7/ISE_DS/PlanAhead/data/parts/xilinx/spartan3e/spartan3e/xc3s500e/fg320/SSORules.xml
Loading list of drcs for the architecture : /opt/Xilinx/14.7/ISE_DS/PlanAhead/data/./parts/xilinx/spartan3e/spartan3e/drc.xml
INFO: [Timing 38-77] Reading timing library /opt/Xilinx/14.7/ISE_DS/PlanAhead/data/parts/xilinx/spartan3e/spartan3e/spartan3e-4.lib.
INFO: [Timing 38-34] Done reading timing library /opt/Xilinx/14.7/ISE_DS/PlanAhead/data/parts/xilinx/spartan3e/spartan3e/spartan3e-4.lib.
Parsing UCF File [/users/btech/hritvikt/Desktop/CS220/Lab6/regfile/controller.ucf]
Finished Parsing UCF File [/users/btech/hritvikt/Desktop/CS220/Lab6/regfile/controller.ucf]
INFO: [Project 1-111] Unisim Transformation Summary:
No Unisim elements were transformed.

Phase 0 | Netlist Checksum: 14a80d3e
open_rtl_design: Time (s): cpu = 00:01:14 ; elapsed = 00:00:36 . Memory (MB): peak = 2779.570 ; gain = 135.699
INFO: [Common 17-41] Interrupt caught. Command should exit soon.
INFO: [Common 17-344] 'source' was cancelled
update_compile_order -fileset sim_1
set_property package_pin "" [get_ports [list  {in[3]}]]
startgroup
set_property package_pin L13 [get_ports {in[0]}]
endgroup
startgroup
set_property package_pin L14 [get_ports {in[1]}]
endgroup
startgroup
set_property package_pin H18 [get_ports {in[2]}]
endgroup
startgroup
set_property package_pin N17 [get_ports {in[3]}]
endgroup
startgroup
set_property package_pin C9 [get_ports clk]
endgroup
set_property is_loc_fixed false [get_ports [list  clk]]
set_property is_loc_fixed true [get_ports [list  clk]]
startgroup
set_property package_pin M18 [get_ports LCD_E]
endgroup
startgroup
set_property package_pin L18 [get_ports LCD_RS]
endgroup
startgroup
set_property package_pin L17 [get_ports LCD_W]
endgroup
set_property package_pin "" [get_ports [list  push_b]]
startgroup
set_property package_pin R15 [get_ports {lcd_data[0]}]
endgroup
set_property package_pin "" [get_ports [list  {lcd_data[2]}]]
startgroup
set_property package_pin R16 [get_ports {lcd_data[1]}]
endgroup
startgroup
set_property package_pin P17 [get_ports {lcd_data[2]}]
endgroup
startgroup
set_property package_pin M15 [get_ports {lcd_data[3]}]
endgroup
set_property iostandard LVCMOS33 [get_ports [list {lcd_data[3]} {lcd_data[2]} {lcd_data[1]} {lcd_data[0]}]]
set_property drive 4 [get_ports [list {lcd_data[3]} {lcd_data[2]} {lcd_data[1]} {lcd_data[0]}]]
set_property drive 4 [get_ports [list LCD_E]]
set_property drive 4 [get_ports [list LCD_RS]]
set_property drive 4 [get_ports [list LCD_W]]
set_property iostandard LVCMOS33 [get_ports [list LCD_E]]
set_property iostandard LVCMOS33 [get_ports [list LCD_RS]]
set_property iostandard LVCMOS33 [get_ports [list LCD_W]]
startgroup
set_property package_pin K17 [get_ports push_b]
endgroup
set_property package_pin "" [get_ports [list  rot_a]]
set_property pulltype PULLDOWN [get_ports [list push_b]]
set_property iostandard LVTTL [get_ports [list push_b]]
set_property pulltype PULLUP [get_ports [list rot_a]]
set_property pulltype PULLUP [get_ports [list rot_b]]
set_property iostandard LVTTL [get_ports [list rot_a]]
set_property iostandard LVTTL [get_ports [list rot_b]]
startgroup
set_property package_pin K18 [get_ports rot_a]
endgroup
startgroup
set_property package_pin G18 [get_ports rot_b]
endgroup
set_property is_loc_fixed false [get_ports [list  rot_b]]
set_property is_loc_fixed true [get_ports [list  rot_b]]
save_constraints
exit
ERROR: [#UNDEF] *** Exception: ui.h.b: Found deleted key in HTclEventBroker. Verify if the classes listed here call cleanup()
HTclEvent: DEBUG_PORT_CONFIG_CHANGE   Classes: ui.views.aR 
HTclEvent: DEBUG_CORE_CONFIG_CHANGE   Classes: ui.views.aR 
HTclEvent: SIGNAL_MODIFY   Classes: ui.views.aR 
HTclEvent: SIGNAL_BUS_MODIFY   Classes: ui.views.aR 
 (See /users/btech/hritvikt/Desktop/CS220/Lab6/regfile/planAhead_pid25877.debug)
ERROR: [Common 17-39] 'stop_gui' failed due to earlier errors.
INFO: [Common 17-206] Exiting PlanAhead at Mon Mar 19 14:39:03 2018...
INFO: [Common 17-83] Releasing license: PlanAhead
