#-----------------------------------------------------------
# PlanAhead v14.7 (64-bit)
# Build 321239 by xbuild on Fri Sep 27 19:24:36 MDT 2013
# Start of session at: Mon Mar 26 14:58:17 2018
# Process ID: 3979
# Log file: /users/btech/anay/Desktop/CS220/Lab7/mips_isa/planAhead_run_1/planAhead.log
# Journal file: /users/btech/anay/Desktop/CS220/Lab7/mips_isa/planAhead_run_1/planAhead.jou
#-----------------------------------------------------------
INFO: [Common 17-78] Attempting to get a license: PlanAhead
INFO: [Common 17-290] Got license for PlanAhead
INFO: [Device 21-36] Loading parts and site information from /opt/Xilinx/14.7/ISE_DS/PlanAhead/data/parts/arch.xml
Parsing RTL primitives file [/opt/Xilinx/14.7/ISE_DS/PlanAhead/data/parts/xilinx/rtl/prims/rtl_prims.xml]
Finished parsing RTL primitives file [/opt/Xilinx/14.7/ISE_DS/PlanAhead/data/parts/xilinx/rtl/prims/rtl_prims.xml]
start_gui
source /users/btech/anay/Desktop/CS220/Lab7/mips_isa/pa.fromHdl.tcl
# create_project -name mips_isa -dir "/users/btech/anay/Desktop/CS220/Lab7/mips_isa/planAhead_run_1" -part xc3s500efg320-4
create_project: Time (s): cpu = 00:00:28 ; elapsed = 00:00:20 . Memory (MB): peak = 2662.543 ; gain = 26.180
# set_param project.pinAheadLayout yes
# set srcset [get_property srcset [current_run -impl]]
# set_property target_constrs_file "main.ucf" [current_fileset -constrset]
Adding file '/users/btech/anay/Desktop/CS220/Lab7/mips_isa/main.ucf' to fileset 'constrs_1'
# set hdlfile [add_files [list {main.v}]]
# set_property file_type Verilog $hdlfile
# set_property library work $hdlfile
# set_property top main $srcset
# add_files [list {main.ucf}] -fileset [get_property constrset [current_run]]
# open_rtl_design -part xc3s500efg320-4
Using Verific elaboration
Parsing VHDL file "/opt/Xilinx/14.7/ISE_DS/PlanAhead/data/parts/xilinx/rtl/lib/synplify/synattr.vhd" into library synplify
Analyzing Verilog file "/users/btech/anay/Desktop/CS220/Lab7/mips_isa/main.v" into library work
WARNING: [HDL 9-806] Syntax error near ";". [/users/btech/anay/Desktop/CS220/Lab7/mips_isa/main.v:36]
WARNING: [HDL 9-806] Syntax error near ";". [/users/btech/anay/Desktop/CS220/Lab7/mips_isa/main.v:37]
WARNING: [HDL 9-806] Syntax error near ";". [/users/btech/anay/Desktop/CS220/Lab7/mips_isa/main.v:38]
WARNING: [HDL 9-806] Syntax error near ";". [/users/btech/anay/Desktop/CS220/Lab7/mips_isa/main.v:39]
WARNING: [HDL 9-806] Syntax error near ";". [/users/btech/anay/Desktop/CS220/Lab7/mips_isa/main.v:40]
WARNING: [HDL 9-806] Syntax error near ";". [/users/btech/anay/Desktop/CS220/Lab7/mips_isa/main.v:41]
WARNING: [HDL 9-806] Syntax error near ";". [/users/btech/anay/Desktop/CS220/Lab7/mips_isa/main.v:42]
WARNING: [HDL 9-806] Syntax error near ";". [/users/btech/anay/Desktop/CS220/Lab7/mips_isa/main.v:43]
WARNING: [HDL 9-806] Syntax error near ";". [/users/btech/anay/Desktop/CS220/Lab7/mips_isa/main.v:113]
WARNING: [HDL 9-806] Syntax error near "+". [/users/btech/anay/Desktop/CS220/Lab7/mips_isa/main.v:118]
WARNING: [HDL 9-806] Syntax error near "+". [/users/btech/anay/Desktop/CS220/Lab7/mips_isa/main.v:121]
WARNING: [HDL 9-806] Syntax error near "+". [/users/btech/anay/Desktop/CS220/Lab7/mips_isa/main.v:124]
WARNING: [HDL 9-806] Syntax error near "+". [/users/btech/anay/Desktop/CS220/Lab7/mips_isa/main.v:127]
INFO: [Designutils 20-910] Reading macro library /opt/Xilinx/14.7/ISE_DS/PlanAhead/data/./parts/xilinx/spartan3e/spartan3e/hd_int_macros.edn
Parsing EDIF File [/opt/Xilinx/14.7/ISE_DS/PlanAhead/data/./parts/xilinx/spartan3e/spartan3e/hd_int_macros.edn]
Finished Parsing EDIF File [/opt/Xilinx/14.7/ISE_DS/PlanAhead/data/./parts/xilinx/spartan3e/spartan3e/hd_int_macros.edn]
Loading clock regions from /opt/Xilinx/14.7/ISE_DS/PlanAhead/data/parts/xilinx/spartan3e/spartan3e/xc3s500e/ClockRegion.xml
Loading clock buffers from /opt/Xilinx/14.7/ISE_DS/PlanAhead/data/parts/xilinx/spartan3e/spartan3e/xc3s500e/ClockBuffers.xml
Loading package from /opt/Xilinx/14.7/ISE_DS/PlanAhead/data/parts/xilinx/spartan3e/spartan3e/xc3s500e/fg320/Package.xml
Loading io standards from /opt/Xilinx/14.7/ISE_DS/PlanAhead/data/./parts/xilinx/spartan3e/IOStandards.xml
INFO: [Device 21-19] Loading pkg sso from /opt/Xilinx/14.7/ISE_DS/PlanAhead/data/parts/xilinx/spartan3e/spartan3e/xc3s500e/fg320/SSORules.xml
Loading list of drcs for the architecture : /opt/Xilinx/14.7/ISE_DS/PlanAhead/data/./parts/xilinx/spartan3e/spartan3e/drc.xml
INFO: [Timing 38-77] Reading timing library /opt/Xilinx/14.7/ISE_DS/PlanAhead/data/parts/xilinx/spartan3e/spartan3e/spartan3e-4.lib.
INFO: [Timing 38-34] Done reading timing library /opt/Xilinx/14.7/ISE_DS/PlanAhead/data/parts/xilinx/spartan3e/spartan3e/spartan3e-4.lib.
Parsing UCF File [/users/btech/anay/Desktop/CS220/Lab7/mips_isa/main.ucf]
Finished Parsing UCF File [/users/btech/anay/Desktop/CS220/Lab7/mips_isa/main.ucf]
INFO: [Project 1-111] Unisim Transformation Summary:
No Unisim elements were transformed.

Phase 0 | Netlist Checksum: cdf36b3e
open_rtl_design: Time (s): cpu = 00:01:15 ; elapsed = 00:00:39 . Memory (MB): peak = 2790.906 ; gain = 128.363
update_compile_order -fileset sim_1
startgroup
set_property package_pin F9 [get_ports {led[7]}]
endgroup
startgroup
set_property package_pin E9 [get_ports {led[6]}]
endgroup
startgroup
set_property package_pin D11 [get_ports {led[5]}]
endgroup
startgroup
set_property package_pin C11 [get_ports {led[4]}]
endgroup
startgroup
set_property package_pin F11 [get_ports {led[3]}]
endgroup
startgroup
set_property package_pin E11 [get_ports {led[2]}]
endgroup
startgroup
set_property package_pin E12 [get_ports {led[1]}]
endgroup
startgroup
set_property package_pin F12 [get_ports {led[0]}]
endgroup
startgroup
set_property package_pin C9 [get_ports clk]
endgroup
set_property package_pin "" [get_ports [list  switch]]
startgroup
set_property package_pin F12 [get_ports {led[0]}]
endgroup
startgroup
set_property package_pin L13 [get_ports switch]
endgroup
set_property is_loc_fixed false [get_ports [list  switch]]
startgroup
set_property package_pin C9 [get_ports clk]
endgroup
startgroup
set_property package_pin L13 [get_ports switch]
endgroup
save_constraints -force
exit
ERROR: [#UNDEF] *** Exception: ui.h.b: Found deleted key in HTclEventBroker. Verify if the classes listed here call cleanup()
HTclEvent: DEBUG_CORE_CONFIG_CHANGE   Classes: ui.views.aR 
HTclEvent: SIGNAL_MODIFY   Classes: ui.views.aR 
HTclEvent: DEBUG_PORT_CONFIG_CHANGE   Classes: ui.views.aR 
HTclEvent: SIGNAL_BUS_MODIFY   Classes: ui.views.aR 
 (See /users/btech/anay/Desktop/CS220/Lab7/mips_isa/planAhead_pid3979.debug)
ERROR: [Common 17-39] 'stop_gui' failed due to earlier errors.
INFO: [Common 17-206] Exiting PlanAhead at Mon Mar 26 15:07:41 2018...
INFO: [Common 17-83] Releasing license: PlanAhead
