Command line:
   seven_bit_top_isim_beh.exe
     -simmode  gui
     -simrunnum  0
     -socket  48025

Mon Jan 29 17:06:48 2018


 Elaboration Time: 0.14 sec

 Current Memory Usage: 230.056 Meg

 Total Signals          : 58
 Total Nets             : 88
 Total Signal Drivers   : 104
 Total Blocks           : 11
 Total Primitive Blocks : 9
 Total Processes        : 122
 Total Traceable Variables  : 58
 Total Scalar Nets and Variables : 246
In process seven_bit.vCont_65_4 
 FATAL ERROR:ISim: This application has discovered an exceptional condition from which it cannot recover. Process will terminate. To search for possible resolutions to this issue, refer to the Xilinx answer database by going to http://www.xilinx.com/support/answers/index.htm and search with keywords 'ISim' and 'FATAL ERROR'. For technical support on this issue, please open a WebCase with this project attached at http://www.xilinx.com/support.

 Total Simulation Time: 0.19 sec

 Current Memory Usage: 305.562 Meg

Mon Jan 29 17:09:31 2018

