#! /usr/local/bin/vvp
:ivl_version "10.1 (stable)" "(v10_1-97-g480fb0b4)";
:ivl_delay_selection "TYPICAL";
:vpi_time_precision - 12;
:vpi_module "system";
:vpi_module "vhdl_sys";
:vpi_module "v2005_math";
:vpi_module "va_math";
S_0x7f806fc03030 .scope module, "blink" "blink" 2 23;
 .timescale -9 -12;
    .port_info 0 /INPUT 1 "clk"
    .port_info 1 /OUTPUT 1 "led"
o0x10e4ea008 .functor BUFZ 1, C4<z>; HiZ drive
v0x7f806fc067a0_0 .net "clk", 0 0, o0x10e4ea008;  0 drivers
v0x7f806fc167f0_0 .var "cnt", 26 0;
v0x7f806fc16890_0 .var "led", 0 0;
E_0x7f806fc02ee0 .event posedge, v0x7f806fc167f0_0;
E_0x7f806fc02f10 .event posedge, v0x7f806fc067a0_0;
    .scope S_0x7f806fc03030;
T_0 ;
    %pushi/vec4 0, 0, 27;
    %store/vec4 v0x7f806fc167f0_0, 0, 27;
    %end;
    .thread T_0;
    .scope S_0x7f806fc03030;
T_1 ;
    %wait E_0x7f806fc02f10;
    %load/vec4 v0x7f806fc167f0_0;
    %addi 1, 0, 27;
    %assign/vec4 v0x7f806fc167f0_0, 0;
    %jmp T_1;
    .thread T_1;
    .scope S_0x7f806fc03030;
T_2 ;
    %wait E_0x7f806fc02ee0;
    %load/vec4 v0x7f806fc167f0_0;
    %pad/u 32;
    %cmpi/e 50000000, 0, 32;
    %jmp/0xz  T_2.0, 4;
    %pushi/vec4 0, 0, 27;
    %assign/vec4 v0x7f806fc167f0_0, 0;
    %pushi/vec4 0, 0, 1;
    %assign/vec4 v0x7f806fc16890_0, 0;
    %jmp T_2.1;
T_2.0 ;
    %load/vec4 v0x7f806fc167f0_0;
    %pad/u 32;
    %cmpi/e 25000000, 0, 32;
    %jmp/0xz  T_2.2, 4;
    %load/vec4 v0x7f806fc167f0_0;
    %assign/vec4 v0x7f806fc167f0_0, 0;
    %pushi/vec4 1, 0, 1;
    %assign/vec4 v0x7f806fc16890_0, 0;
T_2.2 ;
T_2.1 ;
    %jmp T_2;
    .thread T_2;
# The file index is used to find the file name in the following table.
:file_names 3;
    "N/A";
    "<interactive>";
    "blink.v";
