#! /usr/local/bin/vvp
:ivl_version "10.1 (stable)" "(v10_1-97-g480fb0b4)";
:ivl_delay_selection "TYPICAL";
:vpi_time_precision - 12;
:vpi_module "system";
:vpi_module "vhdl_sys";
:vpi_module "v2005_math";
:vpi_module "va_math";
S_0x7fc7c6600580 .scope module, "main" "main" 2 28;
 .timescale -9 -12;
    .port_info 0 /INPUT 1 "clk"
    .port_info 1 /INPUT 1 "switch"
    .port_info 2 /OUTPUT 8 "led"
v0x7fc7c6600470_0 .var "c3", 2 0;
v0x7fc7c661c200_0 .var "c4", 2 0;
v0x7fc7c661c2a0_0 .var "c5", 2 0;
v0x7fc7c661c350_0 .var "c6", 2 0;
o0x10f1f40c8 .functor BUFZ 1, C4<z>; HiZ drive
v0x7fc7c661c400_0 .net "clk", 0 0, o0x10f1f40c8;  0 drivers
v0x7fc7c661c4e0_0 .var "cnt", 3 0;
v0x7fc7c661c590_0 .var "data", 31 0;
v0x7fc7c661c640 .array "file", 63 0, 31 0;
v0x7fc7c661c6e0_0 .var "i", 2 0;
v0x7fc7c661c7f0_0 .var "j", 2 0;
v0x7fc7c661c8a0_0 .var "led", 7 0;
v0x7fc7c661c950_0 .var "r", 2 0;
o0x10f1f4218 .functor BUFZ 1, C4<z>; HiZ drive
v0x7fc7c661ca00_0 .net "switch", 0 0, o0x10f1f4218;  0 drivers
E_0x7fc7c6600d50 .event posedge, v0x7fc7c661c400_0;
    .scope S_0x7fc7c6600580;
T_0 ;
    %pushi/vec4 255, 0, 8;
    %assign/vec4 v0x7fc7c661c8a0_0, 0;
    %pushi/vec4 0, 0, 4;
    %assign/vec4 v0x7fc7c661c4e0_0, 0;
    %pushi/vec4 0, 0, 3;
    %assign/vec4 v0x7fc7c661c950_0, 0;
    %pushi/vec4 0, 0, 3;
    %assign/vec4 v0x7fc7c661c6e0_0, 0;
    %pushi/vec4 0, 0, 3;
    %assign/vec4 v0x7fc7c661c7f0_0, 0;
    %pushi/vec4 0, 0, 3;
    %assign/vec4 v0x7fc7c6600470_0, 0;
    %pushi/vec4 0, 0, 3;
    %assign/vec4 v0x7fc7c661c200_0, 0;
    %pushi/vec4 0, 0, 3;
    %assign/vec4 v0x7fc7c661c2a0_0, 0;
    %pushi/vec4 0, 0, 3;
    %assign/vec4 v0x7fc7c661c350_0, 0;
    %pushi/vec4 537146454, 0, 32;
    %ix/load 3, 0, 0;
    %flag_set/imm 4, 0;
    %ix/load 4, 0, 0; Constant delay
    %assign/vec4/a/d v0x7fc7c661c640, 0, 4;
    %pushi/vec4 537264127, 0, 32;
    %ix/load 3, 1, 0;
    %flag_set/imm 4, 0;
    %ix/load 4, 0, 0; Constant delay
    %assign/vec4/a/d v0x7fc7c661c640, 0, 4;
    %pushi/vec4 12918816, 0, 32;
    %ix/load 3, 2, 0;
    %flag_set/imm 4, 0;
    %ix/load 4, 0, 0; Constant delay
    %assign/vec4/a/d v0x7fc7c661c640, 0, 4;
    %pushi/vec4 537067527, 0, 32;
    %ix/load 3, 3, 0;
    %flag_set/imm 4, 0;
    %ix/load 4, 0, 0; Constant delay
    %assign/vec4/a/d v0x7fc7c661c640, 0, 4;
    %pushi/vec4 12791812, 0, 32;
    %ix/load 3, 4, 0;
    %flag_set/imm 4, 0;
    %ix/load 4, 0, 0; Constant delay
    %assign/vec4/a/d v0x7fc7c661c640, 0, 4;
    %pushi/vec4 202818, 0, 32;
    %ix/load 3, 5, 0;
    %flag_set/imm 4, 0;
    %ix/load 4, 0, 0; Constant delay
    %assign/vec4/a/d v0x7fc7c661c640, 0, 4;
    %pushi/vec4 2357566140, 0, 32;
    %ix/load 3, 6, 0;
    %flag_set/imm 4, 0;
    %ix/load 4, 0, 0; Constant delay
    %assign/vec4/a/d v0x7fc7c661c640, 0, 4;
    %pushi/vec4 135410774, 0, 32;
    %ix/load 3, 7, 0;
    %flag_set/imm 4, 0;
    %ix/load 4, 0, 0; Constant delay
    %assign/vec4/a/d v0x7fc7c661c640, 0, 4;
    %pushi/vec4 0, 0, 3;
    %store/vec4 v0x7fc7c661c6e0_0, 0, 3;
T_0.0 ;
    %load/vec4 v0x7fc7c661c6e0_0;
    %pad/u 32;
    %cmpi/u 64, 0, 32;
    %jmp/0xz T_0.1, 5;
    %pushi/vec4 0, 0, 32;
    %load/vec4 v0x7fc7c661c6e0_0;
    %pad/u 8;
    %ix/vec4 3;
    %ix/load 4, 0, 0; Constant delay
    %assign/vec4/a/d v0x7fc7c661c640, 0, 4;
    %load/vec4 v0x7fc7c661c6e0_0;
    %addi 1, 0, 3;
    %store/vec4 v0x7fc7c661c6e0_0, 0, 3;
    %jmp T_0.0;
T_0.1 ;
    %pushi/vec4 0, 0, 32;
    %assign/vec4 v0x7fc7c661c590_0, 0;
    %end;
    .thread T_0;
    .scope S_0x7fc7c6600580;
T_1 ;
    %wait E_0x7fc7c6600d50;
    %load/vec4 v0x7fc7c661c4e0_0;
    %pad/u 32;
    %cmpi/e 8, 0, 32;
    %jmp/0xz  T_1.0, 4;
    %load/vec4 v0x7fc7c661ca00_0;
    %pad/u 32;
    %cmpi/e 0, 0, 32;
    %jmp/0xz  T_1.2, 4;
    %load/vec4 v0x7fc7c661c950_0;
    %ix/load 4, 0, 0;
    %ix/load 5, 0, 0;
    %flag_set/imm 4, 0;
    %assign/vec4/off/d v0x7fc7c661c8a0_0, 4, 5;
    %load/vec4 v0x7fc7c661c6e0_0;
    %ix/load 4, 3, 0;
    %ix/load 5, 0, 0;
    %flag_set/imm 4, 0;
    %assign/vec4/off/d v0x7fc7c661c8a0_0, 4, 5;
    %load/vec4 v0x7fc7c661c7f0_0;
    %parti/s 2, 0, 2;
    %ix/load 4, 6, 0;
    %ix/load 5, 0, 0;
    %flag_set/imm 4, 0;
    %assign/vec4/off/d v0x7fc7c661c8a0_0, 4, 5;
    %jmp T_1.3;
T_1.2 ;
    %load/vec4 v0x7fc7c6600470_0;
    %parti/s 2, 0, 2;
    %ix/load 4, 0, 0;
    %ix/load 5, 0, 0;
    %flag_set/imm 4, 0;
    %assign/vec4/off/d v0x7fc7c661c8a0_0, 4, 5;
    %load/vec4 v0x7fc7c661c200_0;
    %parti/s 2, 0, 2;
    %ix/load 4, 2, 0;
    %ix/load 5, 0, 0;
    %flag_set/imm 4, 0;
    %assign/vec4/off/d v0x7fc7c661c8a0_0, 4, 5;
    %load/vec4 v0x7fc7c661c2a0_0;
    %parti/s 2, 0, 2;
    %ix/load 4, 4, 0;
    %ix/load 5, 0, 0;
    %flag_set/imm 4, 0;
    %assign/vec4/off/d v0x7fc7c661c8a0_0, 4, 5;
    %load/vec4 v0x7fc7c661c350_0;
    %parti/s 2, 0, 2;
    %ix/load 4, 6, 0;
    %ix/load 5, 0, 0;
    %flag_set/imm 4, 0;
    %assign/vec4/off/d v0x7fc7c661c8a0_0, 4, 5;
T_1.3 ;
    %jmp T_1.1;
T_1.0 ;
    %load/vec4 v0x7fc7c661c4e0_0;
    %pad/u 8;
    %ix/vec4 4;
    %load/vec4a v0x7fc7c661c640, 4;
    %parti/s 6, 26, 6;
    %cmpi/e 0, 0, 6;
    %jmp/0xz  T_1.4, 4;
    %load/vec4 v0x7fc7c661c950_0;
    %addi 1, 0, 3;
    %assign/vec4 v0x7fc7c661c950_0, 0;
    %load/vec4 v0x7fc7c661c4e0_0;
    %pad/u 8;
    %ix/vec4 4;
    %load/vec4a v0x7fc7c661c640, 4;
    %parti/s 5, 11, 5;
    %cmpi/e 3, 0, 5;
    %jmp/0xz  T_1.6, 4;
    %load/vec4 v0x7fc7c6600470_0;
    %addi 1, 0, 3;
    %assign/vec4 v0x7fc7c6600470_0, 0;
    %jmp T_1.7;
T_1.6 ;
    %load/vec4 v0x7fc7c661c4e0_0;
    %pad/u 8;
    %ix/vec4 4;
    %load/vec4a v0x7fc7c661c640, 4;
    %parti/s 5, 11, 5;
    %cmpi/e 4, 0, 5;
    %jmp/0xz  T_1.8, 4;
    %load/vec4 v0x7fc7c661c200_0;
    %addi 1, 0, 3;
    %assign/vec4 v0x7fc7c661c200_0, 0;
    %jmp T_1.9;
T_1.8 ;
    %load/vec4 v0x7fc7c661c4e0_0;
    %pad/u 8;
    %ix/vec4 4;
    %load/vec4a v0x7fc7c661c640, 4;
    %parti/s 5, 11, 5;
    %cmpi/e 5, 0, 5;
    %jmp/0xz  T_1.10, 4;
    %load/vec4 v0x7fc7c661c2a0_0;
    %addi 1, 0, 3;
    %assign/vec4 v0x7fc7c661c2a0_0, 0;
    %jmp T_1.11;
T_1.10 ;
    %load/vec4 v0x7fc7c661c4e0_0;
    %pad/u 8;
    %ix/vec4 4;
    %load/vec4a v0x7fc7c661c640, 4;
    %parti/s 5, 11, 5;
    %cmpi/e 6, 0, 5;
    %jmp/0xz  T_1.12, 4;
    %load/vec4 v0x7fc7c661c350_0;
    %addi 1, 0, 3;
    %assign/vec4 v0x7fc7c661c350_0, 0;
T_1.12 ;
T_1.11 ;
T_1.9 ;
T_1.7 ;
    %jmp T_1.5;
T_1.4 ;
    %load/vec4 v0x7fc7c661c4e0_0;
    %pad/u 8;
    %ix/vec4 4;
    %load/vec4a v0x7fc7c661c640, 4;
    %parti/s 6, 26, 6;
    %cmpi/e 2, 0, 6;
    %jmp/0xz  T_1.14, 4;
    %load/vec4 v0x7fc7c661c7f0_0;
    %addi 1, 0, 3;
    %assign/vec4 v0x7fc7c661c7f0_0, 0;
    %jmp T_1.15;
T_1.14 ;
    %load/vec4 v0x7fc7c661c4e0_0;
    %pad/u 8;
    %ix/vec4 4;
    %load/vec4a v0x7fc7c661c640, 4;
    %parti/s 6, 26, 6;
    %cmpi/e 3, 0, 6;
    %jmp/0xz  T_1.16, 4;
    %load/vec4 v0x7fc7c661c7f0_0;
    %addi 1, 0, 3;
    %assign/vec4 v0x7fc7c661c7f0_0, 0;
    %jmp T_1.17;
T_1.16 ;
    %load/vec4 v0x7fc7c661c6e0_0;
    %addi 1, 0, 3;
    %assign/vec4 v0x7fc7c661c6e0_0, 0;
    %load/vec4 v0x7fc7c661c4e0_0;
    %pad/u 8;
    %ix/vec4 4;
    %load/vec4a v0x7fc7c661c640, 4;
    %parti/s 5, 16, 6;
    %cmpi/e 3, 0, 5;
    %jmp/0xz  T_1.18, 4;
    %load/vec4 v0x7fc7c6600470_0;
    %addi 1, 0, 3;
    %assign/vec4 v0x7fc7c6600470_0, 0;
    %jmp T_1.19;
T_1.18 ;
    %load/vec4 v0x7fc7c661c4e0_0;
    %pad/u 8;
    %ix/vec4 4;
    %load/vec4a v0x7fc7c661c640, 4;
    %parti/s 5, 16, 6;
    %cmpi/e 4, 0, 5;
    %jmp/0xz  T_1.20, 4;
    %load/vec4 v0x7fc7c661c200_0;
    %addi 1, 0, 3;
    %assign/vec4 v0x7fc7c661c200_0, 0;
    %jmp T_1.21;
T_1.20 ;
    %load/vec4 v0x7fc7c661c4e0_0;
    %pad/u 8;
    %ix/vec4 4;
    %load/vec4a v0x7fc7c661c640, 4;
    %parti/s 5, 16, 6;
    %cmpi/e 5, 0, 5;
    %jmp/0xz  T_1.22, 4;
    %load/vec4 v0x7fc7c661c2a0_0;
    %addi 1, 0, 3;
    %assign/vec4 v0x7fc7c661c2a0_0, 0;
    %jmp T_1.23;
T_1.22 ;
    %load/vec4 v0x7fc7c661c4e0_0;
    %pad/u 8;
    %ix/vec4 4;
    %load/vec4a v0x7fc7c661c640, 4;
    %parti/s 5, 16, 6;
    %cmpi/e 6, 0, 5;
    %jmp/0xz  T_1.24, 4;
    %load/vec4 v0x7fc7c661c350_0;
    %addi 1, 0, 3;
    %assign/vec4 v0x7fc7c661c350_0, 0;
T_1.24 ;
T_1.23 ;
T_1.21 ;
T_1.19 ;
T_1.17 ;
T_1.15 ;
T_1.5 ;
    %load/vec4 v0x7fc7c661c4e0_0;
    %addi 1, 0, 4;
    %assign/vec4 v0x7fc7c661c4e0_0, 0;
T_1.1 ;
    %jmp T_1;
    .thread T_1;
# The file index is used to find the file name in the following table.
:file_names 3;
    "N/A";
    "<interactive>";
    "count.v";
