
****** PlanAhead v14.7 (64-bit)
  **** Build 321239 by xbuild on Fri Sep 27 19:24:36 MDT 2013
    ** Copyright 1986-1999, 2001-2013 Xilinx, Inc. All Rights Reserved.

INFO: [Common 17-78] Attempting to get a license: PlanAhead
INFO: [Common 17-290] Got license for PlanAhead
INFO: [Device 21-36] Loading parts and site information from /opt/Xilinx/14.7/ISE_DS/PlanAhead/data/parts/arch.xml
Parsing RTL primitives file [/opt/Xilinx/14.7/ISE_DS/PlanAhead/data/parts/xilinx/rtl/prims/rtl_prims.xml]
Finished parsing RTL primitives file [/opt/Xilinx/14.7/ISE_DS/PlanAhead/data/parts/xilinx/rtl/prims/rtl_prims.xml]
start_gui
source /users/btech/hritvikt/Desktop/CS220/Lab4/3/grid/pa.fromHdl.tcl
# create_project -name grid -dir "/users/btech/hritvikt/Desktop/CS220/Lab4/3/grid/planAhead_run_1" -part xc3s500efg320-4
create_project: Time (s): cpu = 00:00:08 ; elapsed = 00:00:10 . Memory (MB): peak = 2732.285 ; gain = 9.137
# set_param project.pinAheadLayout yes
# set srcset [get_property srcset [current_run -impl]]
# set_property target_constrs_file "top.ucf" [current_fileset -constrset]
Adding file '/users/btech/hritvikt/Desktop/CS220/Lab4/3/grid/top.ucf' to fileset 'constrs_1'
# set hdlfile [add_files [list {complement_adder.v}]]
# set_property file_type Verilog $hdlfile
# set_property library work $hdlfile
# set hdlfile [add_files [list {adder5.v}]]
# set_property file_type Verilog $hdlfile
# set_property library work $hdlfile
# set hdlfile [add_files [list {move.v}]]
# set_property file_type Verilog $hdlfile
# set_property library work $hdlfile
# set hdlfile [add_files [list {main.v}]]
# set_property file_type Verilog $hdlfile
# set_property library work $hdlfile
# set hdlfile [add_files [list {encoder.v}]]
# set_property file_type Verilog $hdlfile
# set_property library work $hdlfile
# set hdlfile [add_files [list {top.v}]]
# set_property file_type Verilog $hdlfile
# set_property library work $hdlfile
# set_property top top $srcset
# add_files [list {top.ucf}] -fileset [get_property constrset [current_run]]
# open_rtl_design -part xc3s500efg320-4
Using Verific elaboration
Parsing VHDL file "/opt/Xilinx/14.7/ISE_DS/PlanAhead/data/parts/xilinx/rtl/lib/synplify/synattr.vhd" into library synplify
Analyzing Verilog file "/users/btech/hritvikt/Desktop/CS220/Lab4/3/grid/complement_adder.v" into library work
Analyzing Verilog file "/users/btech/hritvikt/Desktop/CS220/Lab4/3/grid/adder5.v" into library work
Analyzing Verilog file "/users/btech/hritvikt/Desktop/CS220/Lab4/3/grid/move.v" into library work
Analyzing Verilog file "/users/btech/hritvikt/Desktop/CS220/Lab4/3/grid/main.v" into library work
Analyzing Verilog file "/users/btech/hritvikt/Desktop/CS220/Lab4/3/grid/encoder.v" into library work
Analyzing Verilog file "/users/btech/hritvikt/Desktop/CS220/Lab4/3/grid/top.v" into library work
INFO: [Designutils 20-910] Reading macro library /opt/Xilinx/14.7/ISE_DS/PlanAhead/data/./parts/xilinx/spartan3e/spartan3e/hd_int_macros.edn
Parsing EDIF File [/opt/Xilinx/14.7/ISE_DS/PlanAhead/data/./parts/xilinx/spartan3e/spartan3e/hd_int_macros.edn]
Finished Parsing EDIF File [/opt/Xilinx/14.7/ISE_DS/PlanAhead/data/./parts/xilinx/spartan3e/spartan3e/hd_int_macros.edn]
Loading clock regions from /opt/Xilinx/14.7/ISE_DS/PlanAhead/data/parts/xilinx/spartan3e/spartan3e/xc3s500e/ClockRegion.xml
Loading clock buffers from /opt/Xilinx/14.7/ISE_DS/PlanAhead/data/parts/xilinx/spartan3e/spartan3e/xc3s500e/ClockBuffers.xml
Loading package from /opt/Xilinx/14.7/ISE_DS/PlanAhead/data/parts/xilinx/spartan3e/spartan3e/xc3s500e/fg320/Package.xml
Loading io standards from /opt/Xilinx/14.7/ISE_DS/PlanAhead/data/./parts/xilinx/spartan3e/IOStandards.xml
INFO: [Device 21-19] Loading pkg sso from /opt/Xilinx/14.7/ISE_DS/PlanAhead/data/parts/xilinx/spartan3e/spartan3e/xc3s500e/fg320/SSORules.xml
Loading list of drcs for the architecture : /opt/Xilinx/14.7/ISE_DS/PlanAhead/data/./parts/xilinx/spartan3e/spartan3e/drc.xml
INFO: [Timing 38-77] Reading timing library /opt/Xilinx/14.7/ISE_DS/PlanAhead/data/parts/xilinx/spartan3e/spartan3e/spartan3e-4.lib.
INFO: [Timing 38-34] Done reading timing library /opt/Xilinx/14.7/ISE_DS/PlanAhead/data/parts/xilinx/spartan3e/spartan3e/spartan3e-4.lib.
Parsing UCF File [/users/btech/hritvikt/Desktop/CS220/Lab4/3/grid/top.ucf]
Finished Parsing UCF File [/users/btech/hritvikt/Desktop/CS220/Lab4/3/grid/top.ucf]
INFO: [Project 1-111] Unisim Transformation Summary:
No Unisim elements were transformed.

Phase 0 | Netlist Checksum: 73add292
open_rtl_design: Time (s): cpu = 00:00:17 ; elapsed = 00:00:07 . Memory (MB): peak = 2840.559 ; gain = 102.266
update_compile_order -fileset sim_1
startgroup
set_property package_pin L13 [get_ports {y[0]}]
endgroup
startgroup
set_property package_pin L14 [get_ports {y[1]}]
endgroup
startgroup
set_property package_pin H18 [get_ports {y[2]}]
endgroup
startgroup
set_property package_pin N17 [get_ports {y[3]}]
endgroup
startgroup
set_property package_pin C9 [get_ports clock]
endgroup
set_property iostandard LVCMOS33 [get_ports [list clock]]
startgroup
set_property package_pin G18 [get_ports rotb]
endgroup
startgroup
set_property package_pin K18 [get_ports rota]
endgroup
set_property iostandard LVTTL [get_ports [list rota]]
set_property iostandard LVTTL [get_ports [list rotb]]
set_property pulltype PULLUP [get_ports [list rotb]]
set_property pulltype PULLUP [get_ports [list rota]]
startgroup
set_property package_pin F12 [get_ports {led[0]}]
endgroup
set_property package_pin "" [get_ports [list  {led[2]}]]
startgroup
set_property package_pin E12 [get_ports {led[1]}]
endgroup
startgroup
set_property package_pin E11 [get_ports {led[2]}]
endgroup
startgroup
set_property package_pin F11 [get_ports {led[3]}]
endgroup
startgroup
set_property package_pin C11 [get_ports {led[4]}]
endgroup
startgroup
set_property package_pin D11 [get_ports {led[5]}]
endgroup
startgroup
set_property package_pin F9 [get_ports {led[6]}]
endgroup
startgroup
set_property package_pin E9 [get_ports {led[6]}]
endgroup
startgroup
set_property package_pin F9 [get_ports {led[7]}]
endgroup
startgroup
set_property package_pin H18 [get_ports {y[2]}]
endgroup
save_constraints
exit
ERROR: [Common 17-39] 'stop_gui' failed due to earlier errors.
INFO: [Common 17-206] Exiting PlanAhead at Mon Feb 12 16:28:02 2018...
INFO: [Common 17-83] Releasing license: PlanAhead
