#! /usr/local/bin/vvp
:ivl_version "10.1 (stable)" "(v10_1-97-g480fb0b4)";
:ivl_delay_selection "TYPICAL";
:vpi_time_precision - 12;
:vpi_module "system";
:vpi_module "vhdl_sys";
:vpi_module "v2005_math";
:vpi_module "va_math";
S_0x7ff24e446e30 .scope module, "adder5x4_top" "adder5x4_top" 2 25;
 .timescale -9 -12;
v0x7ff24e507240_0 .var "pb1", 0 0;
v0x7ff24e5072d0_0 .var "pb2", 0 0;
v0x7ff24e5048e0_0 .var "pb3", 0 0;
v0x7ff24e504970_0 .var "pb4", 0 0;
v0x7ff24e50be60_0 .var "rot", 0 0;
v0x7ff24e50bef0_0 .net "sum", 6 0, L_0x7ff24e4613d0;  1 drivers
v0x7ff24e50bf80_0 .var "y", 3 0;
E_0x7ff24e43a620 .event edge, v0x7ff24e700ff0_0, v0x7ff24e700f50_0, v0x7ff24e700eb0_0, v0x7ff24e700e20_0;
S_0x7ff24e443640 .scope module, "uut" "adder5x4" 2 33, 3 22 0, S_0x7ff24e446e30;
 .timescale -9 -12;
    .port_info 0 /INPUT 4 "yi"
    .port_info 1 /INPUT 1 "pb1"
    .port_info 2 /INPUT 1 "pb2"
    .port_info 3 /INPUT 1 "pb3"
    .port_info 4 /INPUT 1 "pb4"
    .port_info 5 /INPUT 1 "rot"
    .port_info 6 /OUTPUT 7 "sum"
v0x7ff24e700a20_0 .var "a", 3 0;
v0x7ff24e700af0_0 .var "b", 3 0;
v0x7ff24e700bb0_0 .var "c", 3 0;
v0x7ff24e700c80_0 .var "d", 3 0;
v0x7ff24e700d40_0 .var "e", 5 0;
v0x7ff24e700e20_0 .net "pb1", 0 0, v0x7ff24e507240_0;  1 drivers
v0x7ff24e700eb0_0 .net "pb2", 0 0, v0x7ff24e5072d0_0;  1 drivers
v0x7ff24e700f50_0 .net "pb3", 0 0, v0x7ff24e5048e0_0;  1 drivers
v0x7ff24e700ff0_0 .net "pb4", 0 0, v0x7ff24e504970_0;  1 drivers
v0x7ff24e701110_0 .net "rot", 0 0, v0x7ff24e50be60_0;  1 drivers
v0x7ff24e504d00_0 .net "sum", 6 0, L_0x7ff24e4613d0;  alias, 1 drivers
v0x7ff24e50ea90_0 .net "x", 4 0, L_0x7ff24e601a00;  1 drivers
v0x7ff24e50eb20_0 .net "y", 4 0, L_0x7ff24e7032a0;  1 drivers
v0x7ff24e509a20_0 .net "yi", 3 0, v0x7ff24e50bf80_0;  1 drivers
v0x7ff24e509ab0_0 .net "z", 5 0, L_0x7ff24e45d830;  1 drivers
E_0x7ff24e448180 .event posedge, v0x7ff24e701110_0;
E_0x7ff24e445b20 .event posedge, v0x7ff24e700ff0_0;
E_0x7ff24e43aff0 .event posedge, v0x7ff24e700f50_0;
E_0x7ff24e4431c0 .event posedge, v0x7ff24e700eb0_0;
E_0x7ff24e43a6d0 .event posedge, v0x7ff24e700e20_0;
S_0x7ff24e4447d0 .scope module, "fa41" "adder4" 3 55, 4 22 0, S_0x7ff24e443640;
 .timescale -9 -12;
    .port_info 0 /INPUT 4 "a"
    .port_info 1 /INPUT 4 "b"
    .port_info 2 /OUTPUT 5 "sum"
v0x7ff24e4555f0_0 .net "a", 3 0, v0x7ff24e700a20_0;  1 drivers
v0x7ff24e455680_0 .net "b", 3 0, v0x7ff24e700af0_0;  1 drivers
v0x7ff24e455710_0 .net "carry", 2 0, L_0x7ff24e6014b0;  1 drivers
v0x7ff24e4557b0_0 .net "sum", 4 0, L_0x7ff24e601a00;  alias, 1 drivers
L_0x7ff24e501c70 .part v0x7ff24e700a20_0, 0, 1;
L_0x7ff24e501d10 .part v0x7ff24e700af0_0, 0, 1;
L_0x7ff24e45ab20 .part v0x7ff24e700a20_0, 1, 1;
L_0x7ff24e45ac40 .part v0x7ff24e700af0_0, 1, 1;
L_0x7ff24e45ad60 .part L_0x7ff24e6014b0, 0, 1;
L_0x7ff24e600fd0 .part v0x7ff24e700a20_0, 2, 1;
L_0x7ff24e601170 .part v0x7ff24e700af0_0, 2, 1;
L_0x7ff24e601350 .part L_0x7ff24e6014b0, 1, 1;
L_0x7ff24e6014b0 .concat8 [ 1 1 1 0], L_0x7ff24e45a9b0, L_0x7ff24e513230, L_0x7ff24e45b3f0;
L_0x7ff24e513490 .part v0x7ff24e700a20_0, 3, 1;
L_0x7ff24e5135b0 .part v0x7ff24e700af0_0, 3, 1;
L_0x7ff24e513730 .part L_0x7ff24e6014b0, 2, 1;
LS_0x7ff24e601a00_0_0 .concat8 [ 1 1 1 1], L_0x7ff24e507030, L_0x7ff24e50ebb0, L_0x7ff24e45af70, L_0x7ff24e601730;
LS_0x7ff24e601a00_0_4 .concat8 [ 1 0 0 0], L_0x7ff24e513340;
L_0x7ff24e601a00 .concat8 [ 4 1 0 0], LS_0x7ff24e601a00_0_0, LS_0x7ff24e601a00_0_4;
S_0x7ff24e440ce0 .scope module, "uut1" "full_adder" 4 29, 5 21 0, S_0x7ff24e4447d0;
 .timescale -9 -12;
    .port_info 0 /INPUT 1 "a"
    .port_info 1 /INPUT 1 "b"
    .port_info 2 /INPUT 1 "c"
    .port_info 3 /OUTPUT 1 "sum"
    .port_info 4 /OUTPUT 1 "carry"
L_0x7ff24e5076e0 .functor XOR 1, L_0x7ff24e501c70, L_0x7ff24e501d10, C4<0>, C4<0>;
L_0x108d4c008 .functor BUFT 1, C4<0>, C4<0>, C4<0>, C4<0>;
L_0x7ff24e507030 .functor XOR 1, L_0x7ff24e5076e0, L_0x108d4c008, C4<0>, C4<0>;
L_0x7ff24e5111e0 .functor AND 1, L_0x7ff24e501c70, L_0x7ff24e501d10, C4<1>, C4<1>;
L_0x7ff24e45a790 .functor AND 1, L_0x7ff24e501d10, L_0x108d4c008, C4<1>, C4<1>;
L_0x7ff24e45a800 .functor OR 1, L_0x7ff24e5111e0, L_0x7ff24e45a790, C4<0>, C4<0>;
L_0x7ff24e45a940 .functor AND 1, L_0x108d4c008, L_0x7ff24e501c70, C4<1>, C4<1>;
L_0x7ff24e45a9b0 .functor OR 1, L_0x7ff24e45a800, L_0x7ff24e45a940, C4<0>, C4<0>;
v0x7ff24e43ae20_0 .net *"_s0", 0 0, L_0x7ff24e5076e0;  1 drivers
v0x7ff24e453190_0 .net *"_s10", 0 0, L_0x7ff24e45a940;  1 drivers
v0x7ff24e453240_0 .net *"_s4", 0 0, L_0x7ff24e5111e0;  1 drivers
v0x7ff24e453300_0 .net *"_s6", 0 0, L_0x7ff24e45a790;  1 drivers
v0x7ff24e4533b0_0 .net *"_s8", 0 0, L_0x7ff24e45a800;  1 drivers
v0x7ff24e4534a0_0 .net "a", 0 0, L_0x7ff24e501c70;  1 drivers
v0x7ff24e453540_0 .net "b", 0 0, L_0x7ff24e501d10;  1 drivers
v0x7ff24e4535e0_0 .net "c", 0 0, L_0x108d4c008;  1 drivers
v0x7ff24e453680_0 .net "carry", 0 0, L_0x7ff24e45a9b0;  1 drivers
v0x7ff24e453790_0 .net "sum", 0 0, L_0x7ff24e507030;  1 drivers
S_0x7ff24e4538a0 .scope module, "uut2" "full_adder" 4 30, 5 21 0, S_0x7ff24e4447d0;
 .timescale -9 -12;
    .port_info 0 /INPUT 1 "a"
    .port_info 1 /INPUT 1 "b"
    .port_info 2 /INPUT 1 "c"
    .port_info 3 /OUTPUT 1 "sum"
    .port_info 4 /OUTPUT 1 "carry"
L_0x7ff24e501db0 .functor XOR 1, L_0x7ff24e45ab20, L_0x7ff24e45ac40, C4<0>, C4<0>;
L_0x7ff24e50ebb0 .functor XOR 1, L_0x7ff24e501db0, L_0x7ff24e45ad60, C4<0>, C4<0>;
L_0x7ff24e5113f0 .functor AND 1, L_0x7ff24e45ab20, L_0x7ff24e45ac40, C4<1>, C4<1>;
L_0x7ff24e511500 .functor AND 1, L_0x7ff24e45ac40, L_0x7ff24e45ad60, C4<1>, C4<1>;
L_0x7ff24e513080 .functor OR 1, L_0x7ff24e5113f0, L_0x7ff24e511500, C4<0>, C4<0>;
L_0x7ff24e5131c0 .functor AND 1, L_0x7ff24e45ad60, L_0x7ff24e45ab20, C4<1>, C4<1>;
L_0x7ff24e513230 .functor OR 1, L_0x7ff24e513080, L_0x7ff24e5131c0, C4<0>, C4<0>;
v0x7ff24e453ad0_0 .net *"_s0", 0 0, L_0x7ff24e501db0;  1 drivers
v0x7ff24e453b60_0 .net *"_s10", 0 0, L_0x7ff24e5131c0;  1 drivers
v0x7ff24e453c00_0 .net *"_s4", 0 0, L_0x7ff24e5113f0;  1 drivers
v0x7ff24e453cc0_0 .net *"_s6", 0 0, L_0x7ff24e511500;  1 drivers
v0x7ff24e453d70_0 .net *"_s8", 0 0, L_0x7ff24e513080;  1 drivers
v0x7ff24e453e60_0 .net "a", 0 0, L_0x7ff24e45ab20;  1 drivers
v0x7ff24e453f00_0 .net "b", 0 0, L_0x7ff24e45ac40;  1 drivers
v0x7ff24e453fa0_0 .net "c", 0 0, L_0x7ff24e45ad60;  1 drivers
v0x7ff24e454040_0 .net "carry", 0 0, L_0x7ff24e513230;  1 drivers
v0x7ff24e454150_0 .net "sum", 0 0, L_0x7ff24e50ebb0;  1 drivers
S_0x7ff24e454260 .scope module, "uut3" "full_adder" 4 31, 5 21 0, S_0x7ff24e4447d0;
 .timescale -9 -12;
    .port_info 0 /INPUT 1 "a"
    .port_info 1 /INPUT 1 "b"
    .port_info 2 /INPUT 1 "c"
    .port_info 3 /OUTPUT 1 "sum"
    .port_info 4 /OUTPUT 1 "carry"
L_0x7ff24e45ae80 .functor XOR 1, L_0x7ff24e600fd0, L_0x7ff24e601170, C4<0>, C4<0>;
L_0x7ff24e45af70 .functor XOR 1, L_0x7ff24e45ae80, L_0x7ff24e601350, C4<0>, C4<0>;
L_0x7ff24e45b060 .functor AND 1, L_0x7ff24e600fd0, L_0x7ff24e601170, C4<1>, C4<1>;
L_0x7ff24e45b190 .functor AND 1, L_0x7ff24e601170, L_0x7ff24e601350, C4<1>, C4<1>;
L_0x7ff24e45b240 .functor OR 1, L_0x7ff24e45b060, L_0x7ff24e45b190, C4<0>, C4<0>;
L_0x7ff24e45b380 .functor AND 1, L_0x7ff24e601350, L_0x7ff24e600fd0, C4<1>, C4<1>;
L_0x7ff24e45b3f0 .functor OR 1, L_0x7ff24e45b240, L_0x7ff24e45b380, C4<0>, C4<0>;
v0x7ff24e454490_0 .net *"_s0", 0 0, L_0x7ff24e45ae80;  1 drivers
v0x7ff24e454520_0 .net *"_s10", 0 0, L_0x7ff24e45b380;  1 drivers
v0x7ff24e4545d0_0 .net *"_s4", 0 0, L_0x7ff24e45b060;  1 drivers
v0x7ff24e454690_0 .net *"_s6", 0 0, L_0x7ff24e45b190;  1 drivers
v0x7ff24e454740_0 .net *"_s8", 0 0, L_0x7ff24e45b240;  1 drivers
v0x7ff24e454830_0 .net "a", 0 0, L_0x7ff24e600fd0;  1 drivers
v0x7ff24e4548d0_0 .net "b", 0 0, L_0x7ff24e601170;  1 drivers
v0x7ff24e454970_0 .net "c", 0 0, L_0x7ff24e601350;  1 drivers
v0x7ff24e454a10_0 .net "carry", 0 0, L_0x7ff24e45b3f0;  1 drivers
v0x7ff24e454b20_0 .net "sum", 0 0, L_0x7ff24e45af70;  1 drivers
S_0x7ff24e454c30 .scope module, "uut4" "full_adder" 4 32, 5 21 0, S_0x7ff24e4447d0;
 .timescale -9 -12;
    .port_info 0 /INPUT 1 "a"
    .port_info 1 /INPUT 1 "b"
    .port_info 2 /INPUT 1 "c"
    .port_info 3 /OUTPUT 1 "sum"
    .port_info 4 /OUTPUT 1 "carry"
L_0x7ff24e601660 .functor XOR 1, L_0x7ff24e513490, L_0x7ff24e5135b0, C4<0>, C4<0>;
L_0x7ff24e601730 .functor XOR 1, L_0x7ff24e601660, L_0x7ff24e513730, C4<0>, C4<0>;
L_0x7ff24e6017e0 .functor AND 1, L_0x7ff24e513490, L_0x7ff24e5135b0, C4<1>, C4<1>;
L_0x7ff24e601910 .functor AND 1, L_0x7ff24e5135b0, L_0x7ff24e513730, C4<1>, C4<1>;
L_0x7ff24e511570 .functor OR 1, L_0x7ff24e6017e0, L_0x7ff24e601910, C4<0>, C4<0>;
L_0x7ff24e5132d0 .functor AND 1, L_0x7ff24e513730, L_0x7ff24e513490, C4<1>, C4<1>;
L_0x7ff24e513340 .functor OR 1, L_0x7ff24e511570, L_0x7ff24e5132d0, C4<0>, C4<0>;
v0x7ff24e454e60_0 .net *"_s0", 0 0, L_0x7ff24e601660;  1 drivers
v0x7ff24e454ef0_0 .net *"_s10", 0 0, L_0x7ff24e5132d0;  1 drivers
v0x7ff24e454f90_0 .net *"_s4", 0 0, L_0x7ff24e6017e0;  1 drivers
v0x7ff24e455050_0 .net *"_s6", 0 0, L_0x7ff24e601910;  1 drivers
v0x7ff24e455100_0 .net *"_s8", 0 0, L_0x7ff24e511570;  1 drivers
v0x7ff24e4551f0_0 .net "a", 0 0, L_0x7ff24e513490;  1 drivers
v0x7ff24e455290_0 .net "b", 0 0, L_0x7ff24e5135b0;  1 drivers
v0x7ff24e455330_0 .net "c", 0 0, L_0x7ff24e513730;  1 drivers
v0x7ff24e4553d0_0 .net "carry", 0 0, L_0x7ff24e513340;  1 drivers
v0x7ff24e4554e0_0 .net "sum", 0 0, L_0x7ff24e601730;  1 drivers
S_0x7ff24e4558b0 .scope module, "fa42" "adder4" 3 56, 4 22 0, S_0x7ff24e443640;
 .timescale -9 -12;
    .port_info 0 /INPUT 4 "a"
    .port_info 1 /INPUT 4 "b"
    .port_info 2 /OUTPUT 5 "sum"
v0x7ff24e458240_0 .net "a", 3 0, v0x7ff24e700bb0_0;  1 drivers
v0x7ff24e4582d0_0 .net "b", 3 0, v0x7ff24e700c80_0;  1 drivers
v0x7ff24e458360_0 .net "carry", 2 0, L_0x7ff24e702790;  1 drivers
v0x7ff24e458400_0 .net "sum", 4 0, L_0x7ff24e7032a0;  alias, 1 drivers
L_0x7ff24e602250 .part v0x7ff24e700bb0_0, 0, 1;
L_0x7ff24e701220 .part v0x7ff24e700c80_0, 0, 1;
L_0x7ff24e701a40 .part v0x7ff24e700bb0_0, 1, 1;
L_0x7ff24e701b60 .part v0x7ff24e700c80_0, 1, 1;
L_0x7ff24e701c80 .part L_0x7ff24e702790, 0, 1;
L_0x7ff24e7023b0 .part v0x7ff24e700bb0_0, 2, 1;
L_0x7ff24e702550 .part v0x7ff24e700c80_0, 2, 1;
L_0x7ff24e7026f0 .part L_0x7ff24e702790, 1, 1;
L_0x7ff24e702790 .concat8 [ 1 1 1 0], L_0x7ff24e602100, L_0x7ff24e7018f0, L_0x7ff24e702260;
L_0x7ff24e702ee0 .part v0x7ff24e700bb0_0, 3, 1;
L_0x7ff24e703000 .part v0x7ff24e700c80_0, 3, 1;
L_0x7ff24e703180 .part L_0x7ff24e702790, 2, 1;
LS_0x7ff24e7032a0_0_0 .concat8 [ 1 1 1 1], L_0x7ff24e601c80, L_0x7ff24e701470, L_0x7ff24e701dc0, L_0x7ff24e702970;
LS_0x7ff24e7032a0_0_4 .concat8 [ 1 0 0 0], L_0x7ff24e702d90;
L_0x7ff24e7032a0 .concat8 [ 4 1 0 0], LS_0x7ff24e7032a0_0_0, LS_0x7ff24e7032a0_0_4;
S_0x7ff24e455ac0 .scope module, "uut1" "full_adder" 4 29, 5 21 0, S_0x7ff24e4558b0;
 .timescale -9 -12;
    .port_info 0 /INPUT 1 "a"
    .port_info 1 /INPUT 1 "b"
    .port_info 2 /INPUT 1 "c"
    .port_info 3 /OUTPUT 1 "sum"
    .port_info 4 /OUTPUT 1 "carry"
L_0x7ff24e601c10 .functor XOR 1, L_0x7ff24e602250, L_0x7ff24e701220, C4<0>, C4<0>;
L_0x108d4c050 .functor BUFT 1, C4<0>, C4<0>, C4<0>, C4<0>;
L_0x7ff24e601c80 .functor XOR 1, L_0x7ff24e601c10, L_0x108d4c050, C4<0>, C4<0>;
L_0x7ff24e601d50 .functor AND 1, L_0x7ff24e602250, L_0x7ff24e701220, C4<1>, C4<1>;
L_0x7ff24e601e80 .functor AND 1, L_0x7ff24e701220, L_0x108d4c050, C4<1>, C4<1>;
L_0x7ff24e601f50 .functor OR 1, L_0x7ff24e601d50, L_0x7ff24e601e80, C4<0>, C4<0>;
L_0x7ff24e602090 .functor AND 1, L_0x108d4c050, L_0x7ff24e602250, C4<1>, C4<1>;
L_0x7ff24e602100 .functor OR 1, L_0x7ff24e601f50, L_0x7ff24e602090, C4<0>, C4<0>;
v0x7ff24e455d20_0 .net *"_s0", 0 0, L_0x7ff24e601c10;  1 drivers
v0x7ff24e455de0_0 .net *"_s10", 0 0, L_0x7ff24e602090;  1 drivers
v0x7ff24e455e90_0 .net *"_s4", 0 0, L_0x7ff24e601d50;  1 drivers
v0x7ff24e455f50_0 .net *"_s6", 0 0, L_0x7ff24e601e80;  1 drivers
v0x7ff24e456000_0 .net *"_s8", 0 0, L_0x7ff24e601f50;  1 drivers
v0x7ff24e4560f0_0 .net "a", 0 0, L_0x7ff24e602250;  1 drivers
v0x7ff24e456190_0 .net "b", 0 0, L_0x7ff24e701220;  1 drivers
v0x7ff24e456230_0 .net "c", 0 0, L_0x108d4c050;  1 drivers
v0x7ff24e4562d0_0 .net "carry", 0 0, L_0x7ff24e602100;  1 drivers
v0x7ff24e4563e0_0 .net "sum", 0 0, L_0x7ff24e601c80;  1 drivers
S_0x7ff24e4564f0 .scope module, "uut2" "full_adder" 4 30, 5 21 0, S_0x7ff24e4558b0;
 .timescale -9 -12;
    .port_info 0 /INPUT 1 "a"
    .port_info 1 /INPUT 1 "b"
    .port_info 2 /INPUT 1 "c"
    .port_info 3 /OUTPUT 1 "sum"
    .port_info 4 /OUTPUT 1 "carry"
L_0x7ff24e701400 .functor XOR 1, L_0x7ff24e701a40, L_0x7ff24e701b60, C4<0>, C4<0>;
L_0x7ff24e701470 .functor XOR 1, L_0x7ff24e701400, L_0x7ff24e701c80, C4<0>, C4<0>;
L_0x7ff24e701540 .functor AND 1, L_0x7ff24e701a40, L_0x7ff24e701b60, C4<1>, C4<1>;
L_0x7ff24e701670 .functor AND 1, L_0x7ff24e701b60, L_0x7ff24e701c80, C4<1>, C4<1>;
L_0x7ff24e701740 .functor OR 1, L_0x7ff24e701540, L_0x7ff24e701670, C4<0>, C4<0>;
L_0x7ff24e701880 .functor AND 1, L_0x7ff24e701c80, L_0x7ff24e701a40, C4<1>, C4<1>;
L_0x7ff24e7018f0 .functor OR 1, L_0x7ff24e701740, L_0x7ff24e701880, C4<0>, C4<0>;
v0x7ff24e456720_0 .net *"_s0", 0 0, L_0x7ff24e701400;  1 drivers
v0x7ff24e4567b0_0 .net *"_s10", 0 0, L_0x7ff24e701880;  1 drivers
v0x7ff24e456850_0 .net *"_s4", 0 0, L_0x7ff24e701540;  1 drivers
v0x7ff24e456910_0 .net *"_s6", 0 0, L_0x7ff24e701670;  1 drivers
v0x7ff24e4569c0_0 .net *"_s8", 0 0, L_0x7ff24e701740;  1 drivers
v0x7ff24e456ab0_0 .net "a", 0 0, L_0x7ff24e701a40;  1 drivers
v0x7ff24e456b50_0 .net "b", 0 0, L_0x7ff24e701b60;  1 drivers
v0x7ff24e456bf0_0 .net "c", 0 0, L_0x7ff24e701c80;  1 drivers
v0x7ff24e456c90_0 .net "carry", 0 0, L_0x7ff24e7018f0;  1 drivers
v0x7ff24e456da0_0 .net "sum", 0 0, L_0x7ff24e701470;  1 drivers
S_0x7ff24e456eb0 .scope module, "uut3" "full_adder" 4 31, 5 21 0, S_0x7ff24e4558b0;
 .timescale -9 -12;
    .port_info 0 /INPUT 1 "a"
    .port_info 1 /INPUT 1 "b"
    .port_info 2 /INPUT 1 "c"
    .port_info 3 /OUTPUT 1 "sum"
    .port_info 4 /OUTPUT 1 "carry"
L_0x7ff24e7015f0 .functor XOR 1, L_0x7ff24e7023b0, L_0x7ff24e702550, C4<0>, C4<0>;
L_0x7ff24e701dc0 .functor XOR 1, L_0x7ff24e7015f0, L_0x7ff24e7026f0, C4<0>, C4<0>;
L_0x7ff24e701eb0 .functor AND 1, L_0x7ff24e7023b0, L_0x7ff24e702550, C4<1>, C4<1>;
L_0x7ff24e701fe0 .functor AND 1, L_0x7ff24e702550, L_0x7ff24e7026f0, C4<1>, C4<1>;
L_0x7ff24e7020b0 .functor OR 1, L_0x7ff24e701eb0, L_0x7ff24e701fe0, C4<0>, C4<0>;
L_0x7ff24e7021f0 .functor AND 1, L_0x7ff24e7026f0, L_0x7ff24e7023b0, C4<1>, C4<1>;
L_0x7ff24e702260 .functor OR 1, L_0x7ff24e7020b0, L_0x7ff24e7021f0, C4<0>, C4<0>;
v0x7ff24e4570e0_0 .net *"_s0", 0 0, L_0x7ff24e7015f0;  1 drivers
v0x7ff24e457170_0 .net *"_s10", 0 0, L_0x7ff24e7021f0;  1 drivers
v0x7ff24e457220_0 .net *"_s4", 0 0, L_0x7ff24e701eb0;  1 drivers
v0x7ff24e4572e0_0 .net *"_s6", 0 0, L_0x7ff24e701fe0;  1 drivers
v0x7ff24e457390_0 .net *"_s8", 0 0, L_0x7ff24e7020b0;  1 drivers
v0x7ff24e457480_0 .net "a", 0 0, L_0x7ff24e7023b0;  1 drivers
v0x7ff24e457520_0 .net "b", 0 0, L_0x7ff24e702550;  1 drivers
v0x7ff24e4575c0_0 .net "c", 0 0, L_0x7ff24e7026f0;  1 drivers
v0x7ff24e457660_0 .net "carry", 0 0, L_0x7ff24e702260;  1 drivers
v0x7ff24e457770_0 .net "sum", 0 0, L_0x7ff24e701dc0;  1 drivers
S_0x7ff24e457880 .scope module, "uut4" "full_adder" 4 32, 5 21 0, S_0x7ff24e4558b0;
 .timescale -9 -12;
    .port_info 0 /INPUT 1 "a"
    .port_info 1 /INPUT 1 "b"
    .port_info 2 /INPUT 1 "c"
    .port_info 3 /OUTPUT 1 "sum"
    .port_info 4 /OUTPUT 1 "carry"
L_0x7ff24e702900 .functor XOR 1, L_0x7ff24e702ee0, L_0x7ff24e703000, C4<0>, C4<0>;
L_0x7ff24e702970 .functor XOR 1, L_0x7ff24e702900, L_0x7ff24e703180, C4<0>, C4<0>;
L_0x7ff24e7029e0 .functor AND 1, L_0x7ff24e702ee0, L_0x7ff24e703000, C4<1>, C4<1>;
L_0x7ff24e702b10 .functor AND 1, L_0x7ff24e703000, L_0x7ff24e703180, C4<1>, C4<1>;
L_0x7ff24e702be0 .functor OR 1, L_0x7ff24e7029e0, L_0x7ff24e702b10, C4<0>, C4<0>;
L_0x7ff24e702d20 .functor AND 1, L_0x7ff24e703180, L_0x7ff24e702ee0, C4<1>, C4<1>;
L_0x7ff24e702d90 .functor OR 1, L_0x7ff24e702be0, L_0x7ff24e702d20, C4<0>, C4<0>;
v0x7ff24e457ab0_0 .net *"_s0", 0 0, L_0x7ff24e702900;  1 drivers
v0x7ff24e457b40_0 .net *"_s10", 0 0, L_0x7ff24e702d20;  1 drivers
v0x7ff24e457be0_0 .net *"_s4", 0 0, L_0x7ff24e7029e0;  1 drivers
v0x7ff24e457ca0_0 .net *"_s6", 0 0, L_0x7ff24e702b10;  1 drivers
v0x7ff24e457d50_0 .net *"_s8", 0 0, L_0x7ff24e702be0;  1 drivers
v0x7ff24e457e40_0 .net "a", 0 0, L_0x7ff24e702ee0;  1 drivers
v0x7ff24e457ee0_0 .net "b", 0 0, L_0x7ff24e703000;  1 drivers
v0x7ff24e457f80_0 .net "c", 0 0, L_0x7ff24e703180;  1 drivers
v0x7ff24e458020_0 .net "carry", 0 0, L_0x7ff24e702d90;  1 drivers
v0x7ff24e458130_0 .net "sum", 0 0, L_0x7ff24e702970;  1 drivers
S_0x7ff24e458500 .scope module, "fa5" "adder5" 3 57, 6 22 0, S_0x7ff24e443640;
 .timescale -9 -12;
    .port_info 0 /INPUT 5 "a"
    .port_info 1 /INPUT 5 "b"
    .port_info 2 /OUTPUT 6 "sum"
v0x7ff24e510a60_0 .net "a", 4 0, L_0x7ff24e601a00;  alias, 1 drivers
v0x7ff24e510af0_0 .net "b", 4 0, L_0x7ff24e7032a0;  alias, 1 drivers
v0x7ff24e50cf70_0 .net "carry", 3 0, L_0x7ff24e45cb30;  1 drivers
v0x7ff24e50d000_0 .net "sum", 5 0, L_0x7ff24e45d830;  alias, 1 drivers
L_0x7ff24e7039f0 .part L_0x7ff24e601a00, 0, 1;
L_0x7ff24e703b90 .part L_0x7ff24e7032a0, 0, 1;
L_0x7ff24e45b580 .part L_0x7ff24e601a00, 1, 1;
L_0x7ff24e45b6a0 .part L_0x7ff24e7032a0, 1, 1;
L_0x7ff24e45b7c0 .part L_0x7ff24e45cb30, 0, 1;
L_0x7ff24e45be30 .part L_0x7ff24e601a00, 2, 1;
L_0x7ff24e45bf50 .part L_0x7ff24e7032a0, 2, 1;
L_0x7ff24e45c070 .part L_0x7ff24e45cb30, 1, 1;
L_0x7ff24e45c780 .part L_0x7ff24e601a00, 3, 1;
L_0x7ff24e45c8f0 .part L_0x7ff24e7032a0, 3, 1;
L_0x7ff24e45ca10 .part L_0x7ff24e45cb30, 2, 1;
L_0x7ff24e45cb30 .concat8 [ 1 1 1 1], L_0x7ff24e7038a0, L_0x7ff24e45b110, L_0x7ff24e45bd00, L_0x7ff24e45c610;
L_0x7ff24e45d260 .part L_0x7ff24e601a00, 4, 1;
L_0x7ff24e45d4f0 .part L_0x7ff24e7032a0, 4, 1;
L_0x7ff24e45d710 .part L_0x7ff24e45cb30, 3, 1;
LS_0x7ff24e45d830_0_0 .concat8 [ 1 1 1 1], L_0x7ff24e7034a0, L_0x7ff24e703db0, L_0x7ff24e45b950, L_0x7ff24e45c200;
LS_0x7ff24e45d830_0_4 .concat8 [ 1 1 0 0], L_0x7ff24e45ccc0, L_0x7ff24e45d0f0;
L_0x7ff24e45d830 .concat8 [ 4 2 0 0], LS_0x7ff24e45d830_0_0, LS_0x7ff24e45d830_0_4;
S_0x7ff24e458720 .scope module, "uut1" "full_adder" 6 29, 5 21 0, S_0x7ff24e458500;
 .timescale -9 -12;
    .port_info 0 /INPUT 1 "a"
    .port_info 1 /INPUT 1 "b"
    .port_info 2 /INPUT 1 "c"
    .port_info 3 /OUTPUT 1 "sum"
    .port_info 4 /OUTPUT 1 "carry"
L_0x7ff24e703430 .functor XOR 1, L_0x7ff24e7039f0, L_0x7ff24e703b90, C4<0>, C4<0>;
L_0x108d4c098 .functor BUFT 1, C4<0>, C4<0>, C4<0>, C4<0>;
L_0x7ff24e7034a0 .functor XOR 1, L_0x7ff24e703430, L_0x108d4c098, C4<0>, C4<0>;
L_0x7ff24e703550 .functor AND 1, L_0x7ff24e7039f0, L_0x7ff24e703b90, C4<1>, C4<1>;
L_0x7ff24e703640 .functor AND 1, L_0x7ff24e703b90, L_0x108d4c098, C4<1>, C4<1>;
L_0x7ff24e7036f0 .functor OR 1, L_0x7ff24e703550, L_0x7ff24e703640, C4<0>, C4<0>;
L_0x7ff24e703830 .functor AND 1, L_0x108d4c098, L_0x7ff24e7039f0, C4<1>, C4<1>;
L_0x7ff24e7038a0 .functor OR 1, L_0x7ff24e7036f0, L_0x7ff24e703830, C4<0>, C4<0>;
v0x7ff24e458980_0 .net *"_s0", 0 0, L_0x7ff24e703430;  1 drivers
v0x7ff24e458a40_0 .net *"_s10", 0 0, L_0x7ff24e703830;  1 drivers
v0x7ff24e458af0_0 .net *"_s4", 0 0, L_0x7ff24e703550;  1 drivers
v0x7ff24e458bb0_0 .net *"_s6", 0 0, L_0x7ff24e703640;  1 drivers
v0x7ff24e458c60_0 .net *"_s8", 0 0, L_0x7ff24e7036f0;  1 drivers
v0x7ff24e458d50_0 .net "a", 0 0, L_0x7ff24e7039f0;  1 drivers
v0x7ff24e458df0_0 .net "b", 0 0, L_0x7ff24e703b90;  1 drivers
v0x7ff24e458e90_0 .net "c", 0 0, L_0x108d4c098;  1 drivers
v0x7ff24e458f30_0 .net "carry", 0 0, L_0x7ff24e7038a0;  1 drivers
v0x7ff24e459040_0 .net "sum", 0 0, L_0x7ff24e7034a0;  1 drivers
S_0x7ff24e459150 .scope module, "uut2" "full_adder" 6 30, 5 21 0, S_0x7ff24e458500;
 .timescale -9 -12;
    .port_info 0 /INPUT 1 "a"
    .port_info 1 /INPUT 1 "b"
    .port_info 2 /INPUT 1 "c"
    .port_info 3 /OUTPUT 1 "sum"
    .port_info 4 /OUTPUT 1 "carry"
L_0x7ff24e7035c0 .functor XOR 1, L_0x7ff24e45b580, L_0x7ff24e45b6a0, C4<0>, C4<0>;
L_0x7ff24e703db0 .functor XOR 1, L_0x7ff24e7035c0, L_0x7ff24e45b7c0, C4<0>, C4<0>;
L_0x7ff24e703ea0 .functor AND 1, L_0x7ff24e45b580, L_0x7ff24e45b6a0, C4<1>, C4<1>;
L_0x7ff24e703fd0 .functor AND 1, L_0x7ff24e45b6a0, L_0x7ff24e45b7c0, C4<1>, C4<1>;
L_0x7ff24e7040a0 .functor OR 1, L_0x7ff24e703ea0, L_0x7ff24e703fd0, C4<0>, C4<0>;
L_0x7ff24e7041e0 .functor AND 1, L_0x7ff24e45b7c0, L_0x7ff24e45b580, C4<1>, C4<1>;
L_0x7ff24e45b110 .functor OR 1, L_0x7ff24e7040a0, L_0x7ff24e7041e0, C4<0>, C4<0>;
v0x7ff24e459380_0 .net *"_s0", 0 0, L_0x7ff24e7035c0;  1 drivers
v0x7ff24e459410_0 .net *"_s10", 0 0, L_0x7ff24e7041e0;  1 drivers
v0x7ff24e4594b0_0 .net *"_s4", 0 0, L_0x7ff24e703ea0;  1 drivers
v0x7ff24e459570_0 .net *"_s6", 0 0, L_0x7ff24e703fd0;  1 drivers
v0x7ff24e459620_0 .net *"_s8", 0 0, L_0x7ff24e7040a0;  1 drivers
v0x7ff24e459710_0 .net "a", 0 0, L_0x7ff24e45b580;  1 drivers
v0x7ff24e4597b0_0 .net "b", 0 0, L_0x7ff24e45b6a0;  1 drivers
v0x7ff24e459850_0 .net "c", 0 0, L_0x7ff24e45b7c0;  1 drivers
v0x7ff24e4598f0_0 .net "carry", 0 0, L_0x7ff24e45b110;  1 drivers
v0x7ff24e459a00_0 .net "sum", 0 0, L_0x7ff24e703db0;  1 drivers
S_0x7ff24e459b10 .scope module, "uut3" "full_adder" 6 31, 5 21 0, S_0x7ff24e458500;
 .timescale -9 -12;
    .port_info 0 /INPUT 1 "a"
    .port_info 1 /INPUT 1 "b"
    .port_info 2 /INPUT 1 "c"
    .port_info 3 /OUTPUT 1 "sum"
    .port_info 4 /OUTPUT 1 "carry"
L_0x7ff24e45b8e0 .functor XOR 1, L_0x7ff24e45be30, L_0x7ff24e45bf50, C4<0>, C4<0>;
L_0x7ff24e45b950 .functor XOR 1, L_0x7ff24e45b8e0, L_0x7ff24e45c070, C4<0>, C4<0>;
L_0x7ff24e45ba00 .functor AND 1, L_0x7ff24e45be30, L_0x7ff24e45bf50, C4<1>, C4<1>;
L_0x7ff24e45baf0 .functor AND 1, L_0x7ff24e45bf50, L_0x7ff24e45c070, C4<1>, C4<1>;
L_0x7ff24e45bba0 .functor OR 1, L_0x7ff24e45ba00, L_0x7ff24e45baf0, C4<0>, C4<0>;
L_0x7ff24e45bc90 .functor AND 1, L_0x7ff24e45c070, L_0x7ff24e45be30, C4<1>, C4<1>;
L_0x7ff24e45bd00 .functor OR 1, L_0x7ff24e45bba0, L_0x7ff24e45bc90, C4<0>, C4<0>;
v0x7ff24e459d40_0 .net *"_s0", 0 0, L_0x7ff24e45b8e0;  1 drivers
v0x7ff24e459dd0_0 .net *"_s10", 0 0, L_0x7ff24e45bc90;  1 drivers
v0x7ff24e50c9d0_0 .net *"_s4", 0 0, L_0x7ff24e45ba00;  1 drivers
v0x7ff24e50c370_0 .net *"_s6", 0 0, L_0x7ff24e45baf0;  1 drivers
v0x7ff24e511a00_0 .net *"_s8", 0 0, L_0x7ff24e45bba0;  1 drivers
v0x7ff24e50f0a0_0 .net "a", 0 0, L_0x7ff24e45be30;  1 drivers
v0x7ff24e502180_0 .net "b", 0 0, L_0x7ff24e45bf50;  1 drivers
v0x7ff24e50a030_0 .net "c", 0 0, L_0x7ff24e45c070;  1 drivers
v0x7ff24e507850_0 .net "carry", 0 0, L_0x7ff24e45bd00;  1 drivers
v0x7ff24e504ef0_0 .net "sum", 0 0, L_0x7ff24e45b950;  1 drivers
S_0x7ff24e511c90 .scope module, "uut4" "full_adder" 6 32, 5 21 0, S_0x7ff24e458500;
 .timescale -9 -12;
    .port_info 0 /INPUT 1 "a"
    .port_info 1 /INPUT 1 "b"
    .port_info 2 /INPUT 1 "c"
    .port_info 3 /OUTPUT 1 "sum"
    .port_info 4 /OUTPUT 1 "carry"
L_0x7ff24e45c190 .functor XOR 1, L_0x7ff24e45c780, L_0x7ff24e45c8f0, C4<0>, C4<0>;
L_0x7ff24e45c200 .functor XOR 1, L_0x7ff24e45c190, L_0x7ff24e45ca10, C4<0>, C4<0>;
L_0x7ff24e45c2b0 .functor AND 1, L_0x7ff24e45c780, L_0x7ff24e45c8f0, C4<1>, C4<1>;
L_0x7ff24e45c3c0 .functor AND 1, L_0x7ff24e45c8f0, L_0x7ff24e45ca10, C4<1>, C4<1>;
L_0x7ff24e45c490 .functor OR 1, L_0x7ff24e45c2b0, L_0x7ff24e45c3c0, C4<0>, C4<0>;
L_0x7ff24e45c5a0 .functor AND 1, L_0x7ff24e45ca10, L_0x7ff24e45c780, C4<1>, C4<1>;
L_0x7ff24e45c610 .functor OR 1, L_0x7ff24e45c490, L_0x7ff24e45c5a0, C4<0>, C4<0>;
v0x7ff24e512f60_0 .net *"_s0", 0 0, L_0x7ff24e45c190;  1 drivers
v0x7ff24e512ff0_0 .net *"_s10", 0 0, L_0x7ff24e45c5a0;  1 drivers
v0x7ff24e50c5a0_0 .net *"_s4", 0 0, L_0x7ff24e45c2b0;  1 drivers
v0x7ff24e50c630_0 .net *"_s6", 0 0, L_0x7ff24e45c3c0;  1 drivers
v0x7ff24e5023b0_0 .net *"_s8", 0 0, L_0x7ff24e45c490;  1 drivers
v0x7ff24e502440_0 .net "a", 0 0, L_0x7ff24e45c780;  1 drivers
v0x7ff24e50f330_0 .net "b", 0 0, L_0x7ff24e45c8f0;  1 drivers
v0x7ff24e50f3c0_0 .net "c", 0 0, L_0x7ff24e45ca10;  1 drivers
v0x7ff24e50a6a0_0 .net "carry", 0 0, L_0x7ff24e45c610;  1 drivers
v0x7ff24e50a730_0 .net "sum", 0 0, L_0x7ff24e45c200;  1 drivers
S_0x7ff24e50f8d0 .scope module, "uut5" "full_adder" 6 33, 5 21 0, S_0x7ff24e458500;
 .timescale -9 -12;
    .port_info 0 /INPUT 1 "a"
    .port_info 1 /INPUT 1 "b"
    .port_info 2 /INPUT 1 "c"
    .port_info 3 /OUTPUT 1 "sum"
    .port_info 4 /OUTPUT 1 "carry"
L_0x7ff24e45cc50 .functor XOR 1, L_0x7ff24e45d260, L_0x7ff24e45d4f0, C4<0>, C4<0>;
L_0x7ff24e45ccc0 .functor XOR 1, L_0x7ff24e45cc50, L_0x7ff24e45d710, C4<0>, C4<0>;
L_0x7ff24e45cd70 .functor AND 1, L_0x7ff24e45d260, L_0x7ff24e45d4f0, C4<1>, C4<1>;
L_0x7ff24e45cea0 .functor AND 1, L_0x7ff24e45d4f0, L_0x7ff24e45d710, C4<1>, C4<1>;
L_0x7ff24e45cf70 .functor OR 1, L_0x7ff24e45cd70, L_0x7ff24e45cea0, C4<0>, C4<0>;
L_0x7ff24e45d080 .functor AND 1, L_0x7ff24e45d710, L_0x7ff24e45d260, C4<1>, C4<1>;
L_0x7ff24e45d0f0 .functor OR 1, L_0x7ff24e45cf70, L_0x7ff24e45d080, C4<0>, C4<0>;
v0x7ff24e5027b0_0 .net *"_s0", 0 0, L_0x7ff24e45cc50;  1 drivers
v0x7ff24e502840_0 .net *"_s10", 0 0, L_0x7ff24e45d080;  1 drivers
v0x7ff24e50a2c0_0 .net *"_s4", 0 0, L_0x7ff24e45cd70;  1 drivers
v0x7ff24e50a350_0 .net *"_s6", 0 0, L_0x7ff24e45cea0;  1 drivers
v0x7ff24e507ae0_0 .net *"_s8", 0 0, L_0x7ff24e45cf70;  1 drivers
v0x7ff24e507b70_0 .net "a", 0 0, L_0x7ff24e45d260;  1 drivers
v0x7ff24e505180_0 .net "b", 0 0, L_0x7ff24e45d4f0;  1 drivers
v0x7ff24e505210_0 .net "c", 0 0, L_0x7ff24e45d710;  1 drivers
v0x7ff24e507f10_0 .net "carry", 0 0, L_0x7ff24e45d0f0;  1 drivers
v0x7ff24e507fa0_0 .net "sum", 0 0, L_0x7ff24e45ccc0;  1 drivers
S_0x7ff24e50e100 .scope module, "fa6" "adder6" 3 58, 7 22 0, S_0x7ff24e443640;
 .timescale -9 -12;
    .port_info 0 /INPUT 6 "a"
    .port_info 1 /INPUT 6 "b"
    .port_info 2 /OUTPUT 7 "sum"
v0x7ff24e700720_0 .net "a", 5 0, L_0x7ff24e45d830;  alias, 1 drivers
v0x7ff24e7007f0_0 .net "b", 5 0, v0x7ff24e700d40_0;  1 drivers
v0x7ff24e700890_0 .net "carry", 4 0, L_0x7ff24e460950;  1 drivers
v0x7ff24e700920_0 .net "sum", 6 0, L_0x7ff24e4613d0;  alias, 1 drivers
L_0x7ff24e45df80 .part L_0x7ff24e45d830, 0, 1;
L_0x7ff24e45e120 .part v0x7ff24e700d40_0, 0, 1;
L_0x7ff24e45e8c0 .part L_0x7ff24e45d830, 1, 1;
L_0x7ff24e45e9e0 .part v0x7ff24e700d40_0, 1, 1;
L_0x7ff24e45eb00 .part L_0x7ff24e460950, 0, 1;
L_0x7ff24e45f230 .part L_0x7ff24e45d830, 2, 1;
L_0x7ff24e45f350 .part v0x7ff24e700d40_0, 2, 1;
L_0x7ff24e45f4f0 .part L_0x7ff24e460950, 1, 1;
L_0x7ff24e45fbc0 .part L_0x7ff24e45d830, 3, 1;
L_0x7ff24e45fd30 .part v0x7ff24e700d40_0, 3, 1;
L_0x7ff24e45fe50 .part L_0x7ff24e460950, 2, 1;
L_0x7ff24e460500 .part L_0x7ff24e45d830, 4, 1;
L_0x7ff24e460720 .part v0x7ff24e700d40_0, 4, 1;
L_0x7ff24e460830 .part L_0x7ff24e460950, 3, 1;
LS_0x7ff24e460950_0_0 .concat8 [ 1 1 1 1], L_0x7ff24e45de10, L_0x7ff24e45e770, L_0x7ff24e45f0e0, L_0x7ff24e45fa50;
LS_0x7ff24e460950_0_4 .concat8 [ 1 0 0 0], L_0x7ff24e460390;
L_0x7ff24e460950 .concat8 [ 4 1 0 0], LS_0x7ff24e460950_0_0, LS_0x7ff24e460950_0_4;
L_0x7ff24e461060 .part L_0x7ff24e45d830, 5, 1;
L_0x7ff24e461180 .part v0x7ff24e700d40_0, 5, 1;
L_0x7ff24e461330 .part L_0x7ff24e460950, 4, 1;
LS_0x7ff24e4613d0_0_0 .concat8 [ 1 1 1 1], L_0x7ff24e45da40, L_0x7ff24e45e330, L_0x7ff24e45ec40, L_0x7ff24e45f600;
LS_0x7ff24e4613d0_0_4 .concat8 [ 1 1 1 0], L_0x7ff24e45ffe0, L_0x7ff24e460af0, L_0x7ff24e460f10;
L_0x7ff24e4613d0 .concat8 [ 4 3 0 0], LS_0x7ff24e4613d0_0_0, LS_0x7ff24e4613d0_0_4;
S_0x7ff24e509090 .scope module, "uut1" "full_adder" 7 29, 5 21 0, S_0x7ff24e50e100;
 .timescale -9 -12;
    .port_info 0 /INPUT 1 "a"
    .port_info 1 /INPUT 1 "b"
    .port_info 2 /INPUT 1 "c"
    .port_info 3 /OUTPUT 1 "sum"
    .port_info 4 /OUTPUT 1 "carry"
L_0x7ff24e45d9d0 .functor XOR 1, L_0x7ff24e45df80, L_0x7ff24e45e120, C4<0>, C4<0>;
L_0x108d4c0e0 .functor BUFT 1, C4<0>, C4<0>, C4<0>, C4<0>;
L_0x7ff24e45da40 .functor XOR 1, L_0x7ff24e45d9d0, L_0x108d4c0e0, C4<0>, C4<0>;
L_0x7ff24e45daf0 .functor AND 1, L_0x7ff24e45df80, L_0x7ff24e45e120, C4<1>, C4<1>;
L_0x7ff24e45dbe0 .functor AND 1, L_0x7ff24e45e120, L_0x108d4c0e0, C4<1>, C4<1>;
L_0x7ff24e45dc90 .functor OR 1, L_0x7ff24e45daf0, L_0x7ff24e45dbe0, C4<0>, C4<0>;
L_0x7ff24e45dda0 .functor AND 1, L_0x108d4c0e0, L_0x7ff24e45df80, C4<1>, C4<1>;
L_0x7ff24e45de10 .functor OR 1, L_0x7ff24e45dc90, L_0x7ff24e45dda0, C4<0>, C4<0>;
v0x7ff24e600110_0 .net *"_s0", 0 0, L_0x7ff24e45d9d0;  1 drivers
v0x7ff24e6001d0_0 .net *"_s10", 0 0, L_0x7ff24e45dda0;  1 drivers
v0x7ff24e600280_0 .net *"_s4", 0 0, L_0x7ff24e45daf0;  1 drivers
v0x7ff24e600340_0 .net *"_s6", 0 0, L_0x7ff24e45dbe0;  1 drivers
v0x7ff24e6003f0_0 .net *"_s8", 0 0, L_0x7ff24e45dc90;  1 drivers
v0x7ff24e6004e0_0 .net "a", 0 0, L_0x7ff24e45df80;  1 drivers
v0x7ff24e600580_0 .net "b", 0 0, L_0x7ff24e45e120;  1 drivers
v0x7ff24e600620_0 .net "c", 0 0, L_0x108d4c0e0;  1 drivers
v0x7ff24e6006c0_0 .net "carry", 0 0, L_0x7ff24e45de10;  1 drivers
v0x7ff24e6007d0_0 .net "sum", 0 0, L_0x7ff24e45da40;  1 drivers
S_0x7ff24e6008e0 .scope module, "uut2" "full_adder" 7 30, 5 21 0, S_0x7ff24e50e100;
 .timescale -9 -12;
    .port_info 0 /INPUT 1 "a"
    .port_info 1 /INPUT 1 "b"
    .port_info 2 /INPUT 1 "c"
    .port_info 3 /OUTPUT 1 "sum"
    .port_info 4 /OUTPUT 1 "carry"
L_0x7ff24e45e2c0 .functor XOR 1, L_0x7ff24e45e8c0, L_0x7ff24e45e9e0, C4<0>, C4<0>;
L_0x7ff24e45e330 .functor XOR 1, L_0x7ff24e45e2c0, L_0x7ff24e45eb00, C4<0>, C4<0>;
L_0x7ff24e45e3e0 .functor AND 1, L_0x7ff24e45e8c0, L_0x7ff24e45e9e0, C4<1>, C4<1>;
L_0x7ff24e45e4f0 .functor AND 1, L_0x7ff24e45e9e0, L_0x7ff24e45eb00, C4<1>, C4<1>;
L_0x7ff24e45e5c0 .functor OR 1, L_0x7ff24e45e3e0, L_0x7ff24e45e4f0, C4<0>, C4<0>;
L_0x7ff24e45e700 .functor AND 1, L_0x7ff24e45eb00, L_0x7ff24e45e8c0, C4<1>, C4<1>;
L_0x7ff24e45e770 .functor OR 1, L_0x7ff24e45e5c0, L_0x7ff24e45e700, C4<0>, C4<0>;
v0x7ff24e600b10_0 .net *"_s0", 0 0, L_0x7ff24e45e2c0;  1 drivers
v0x7ff24e600ba0_0 .net *"_s10", 0 0, L_0x7ff24e45e700;  1 drivers
v0x7ff24e600c40_0 .net *"_s4", 0 0, L_0x7ff24e45e3e0;  1 drivers
v0x7ff24e600d00_0 .net *"_s6", 0 0, L_0x7ff24e45e4f0;  1 drivers
v0x7ff24e600db0_0 .net *"_s8", 0 0, L_0x7ff24e45e5c0;  1 drivers
v0x7ff24e600ea0_0 .net "a", 0 0, L_0x7ff24e45e8c0;  1 drivers
v0x7ff24e600f40_0 .net "b", 0 0, L_0x7ff24e45e9e0;  1 drivers
v0x7ff24e459e60_0 .net "c", 0 0, L_0x7ff24e45eb00;  1 drivers
v0x7ff24e459ef0_0 .net "carry", 0 0, L_0x7ff24e45e770;  1 drivers
v0x7ff24e45a000_0 .net "sum", 0 0, L_0x7ff24e45e330;  1 drivers
S_0x7ff24e45a0d0 .scope module, "uut3" "full_adder" 7 31, 5 21 0, S_0x7ff24e50e100;
 .timescale -9 -12;
    .port_info 0 /INPUT 1 "a"
    .port_info 1 /INPUT 1 "b"
    .port_info 2 /INPUT 1 "c"
    .port_info 3 /OUTPUT 1 "sum"
    .port_info 4 /OUTPUT 1 "carry"
L_0x7ff24e45e470 .functor XOR 1, L_0x7ff24e45f230, L_0x7ff24e45f350, C4<0>, C4<0>;
L_0x7ff24e45ec40 .functor XOR 1, L_0x7ff24e45e470, L_0x7ff24e45f4f0, C4<0>, C4<0>;
L_0x7ff24e45ed30 .functor AND 1, L_0x7ff24e45f230, L_0x7ff24e45f350, C4<1>, C4<1>;
L_0x7ff24e45ee60 .functor AND 1, L_0x7ff24e45f350, L_0x7ff24e45f4f0, C4<1>, C4<1>;
L_0x7ff24e45ef30 .functor OR 1, L_0x7ff24e45ed30, L_0x7ff24e45ee60, C4<0>, C4<0>;
L_0x7ff24e45f070 .functor AND 1, L_0x7ff24e45f4f0, L_0x7ff24e45f230, C4<1>, C4<1>;
L_0x7ff24e45f0e0 .functor OR 1, L_0x7ff24e45ef30, L_0x7ff24e45f070, C4<0>, C4<0>;
v0x7ff24e45a330_0 .net *"_s0", 0 0, L_0x7ff24e45e470;  1 drivers
v0x7ff24e45a3f0_0 .net *"_s10", 0 0, L_0x7ff24e45f070;  1 drivers
v0x7ff24e45a4a0_0 .net *"_s4", 0 0, L_0x7ff24e45ed30;  1 drivers
v0x7ff24e45a560_0 .net *"_s6", 0 0, L_0x7ff24e45ee60;  1 drivers
v0x7ff24e45a610_0 .net *"_s8", 0 0, L_0x7ff24e45ef30;  1 drivers
v0x7ff24e45a700_0 .net "a", 0 0, L_0x7ff24e45f230;  1 drivers
v0x7ff24e50b840_0 .net "b", 0 0, L_0x7ff24e45f350;  1 drivers
v0x7ff24e505720_0 .net "c", 0 0, L_0x7ff24e45f4f0;  1 drivers
v0x7ff24e5057b0_0 .net "carry", 0 0, L_0x7ff24e45f0e0;  1 drivers
v0x7ff24e5068b0_0 .net "sum", 0 0, L_0x7ff24e45ec40;  1 drivers
S_0x7ff24e502dc0 .scope module, "uut4" "full_adder" 7 32, 5 21 0, S_0x7ff24e50e100;
 .timescale -9 -12;
    .port_info 0 /INPUT 1 "a"
    .port_info 1 /INPUT 1 "b"
    .port_info 2 /INPUT 1 "c"
    .port_info 3 /OUTPUT 1 "sum"
    .port_info 4 /OUTPUT 1 "carry"
L_0x7ff24e45f590 .functor XOR 1, L_0x7ff24e45fbc0, L_0x7ff24e45fd30, C4<0>, C4<0>;
L_0x7ff24e45f600 .functor XOR 1, L_0x7ff24e45f590, L_0x7ff24e45fe50, C4<0>, C4<0>;
L_0x7ff24e45f6d0 .functor AND 1, L_0x7ff24e45fbc0, L_0x7ff24e45fd30, C4<1>, C4<1>;
L_0x7ff24e45f800 .functor AND 1, L_0x7ff24e45fd30, L_0x7ff24e45fe50, C4<1>, C4<1>;
L_0x7ff24e45f8d0 .functor OR 1, L_0x7ff24e45f6d0, L_0x7ff24e45f800, C4<0>, C4<0>;
L_0x7ff24e45f9e0 .functor AND 1, L_0x7ff24e45fe50, L_0x7ff24e45fbc0, C4<1>, C4<1>;
L_0x7ff24e45fa50 .functor OR 1, L_0x7ff24e45f8d0, L_0x7ff24e45f9e0, C4<0>, C4<0>;
v0x7ff24e503f50_0 .net *"_s0", 0 0, L_0x7ff24e45f590;  1 drivers
v0x7ff24e503fe0_0 .net *"_s10", 0 0, L_0x7ff24e45f9e0;  1 drivers
v0x7ff24e500470_0 .net *"_s4", 0 0, L_0x7ff24e45f6d0;  1 drivers
v0x7ff24e500500_0 .net *"_s6", 0 0, L_0x7ff24e45f800;  1 drivers
v0x7ff24e501600_0 .net *"_s8", 0 0, L_0x7ff24e45f8d0;  1 drivers
v0x7ff24e501690_0 .net "a", 0 0, L_0x7ff24e45fbc0;  1 drivers
v0x7ff24e50c1e0_0 .net "b", 0 0, L_0x7ff24e45fd30;  1 drivers
v0x7ff24e50c270_0 .net "c", 0 0, L_0x7ff24e45fe50;  1 drivers
v0x7ff24e501ff0_0 .net "carry", 0 0, L_0x7ff24e45fa50;  1 drivers
v0x7ff24e5110d0_0 .net "sum", 0 0, L_0x7ff24e45f600;  1 drivers
S_0x7ff24e511780 .scope module, "uut5" "full_adder" 7 33, 5 21 0, S_0x7ff24e50e100;
 .timescale -9 -12;
    .port_info 0 /INPUT 1 "a"
    .port_info 1 /INPUT 1 "b"
    .port_info 2 /INPUT 1 "c"
    .port_info 3 /OUTPUT 1 "sum"
    .port_info 4 /OUTPUT 1 "carry"
L_0x7ff24e45ff70 .functor XOR 1, L_0x7ff24e460500, L_0x7ff24e460720, C4<0>, C4<0>;
L_0x7ff24e45ffe0 .functor XOR 1, L_0x7ff24e45ff70, L_0x7ff24e460830, C4<0>, C4<0>;
L_0x7ff24e460050 .functor AND 1, L_0x7ff24e460500, L_0x7ff24e460720, C4<1>, C4<1>;
L_0x7ff24e460140 .functor AND 1, L_0x7ff24e460720, L_0x7ff24e460830, C4<1>, C4<1>;
L_0x7ff24e460210 .functor OR 1, L_0x7ff24e460050, L_0x7ff24e460140, C4<0>, C4<0>;
L_0x7ff24e460320 .functor AND 1, L_0x7ff24e460830, L_0x7ff24e460500, C4<1>, C4<1>;
L_0x7ff24e460390 .functor OR 1, L_0x7ff24e460210, L_0x7ff24e460320, C4<0>, C4<0>;
v0x7ff24e50e770_0 .net *"_s0", 0 0, L_0x7ff24e45ff70;  1 drivers
v0x7ff24e50e800_0 .net *"_s10", 0 0, L_0x7ff24e460320;  1 drivers
v0x7ff24e50ee20_0 .net *"_s4", 0 0, L_0x7ff24e460050;  1 drivers
v0x7ff24e50eeb0_0 .net *"_s6", 0 0, L_0x7ff24e460140;  1 drivers
v0x7ff24e509700_0 .net *"_s8", 0 0, L_0x7ff24e460210;  1 drivers
v0x7ff24e509790_0 .net "a", 0 0, L_0x7ff24e460500;  1 drivers
v0x7ff24e509db0_0 .net "b", 0 0, L_0x7ff24e460720;  1 drivers
v0x7ff24e509e40_0 .net "c", 0 0, L_0x7ff24e460830;  1 drivers
v0x7ff24e506f20_0 .net "carry", 0 0, L_0x7ff24e460390;  1 drivers
v0x7ff24e5075d0_0 .net "sum", 0 0, L_0x7ff24e45ffe0;  1 drivers
S_0x7ff24e5045c0 .scope module, "uut6" "full_adder" 7 34, 5 21 0, S_0x7ff24e50e100;
 .timescale -9 -12;
    .port_info 0 /INPUT 1 "a"
    .port_info 1 /INPUT 1 "b"
    .port_info 2 /INPUT 1 "c"
    .port_info 3 /OUTPUT 1 "sum"
    .port_info 4 /OUTPUT 1 "carry"
L_0x7ff24e4607c0 .functor XOR 1, L_0x7ff24e461060, L_0x7ff24e461180, C4<0>, C4<0>;
L_0x7ff24e460af0 .functor XOR 1, L_0x7ff24e4607c0, L_0x7ff24e461330, C4<0>, C4<0>;
L_0x7ff24e460ba0 .functor AND 1, L_0x7ff24e461060, L_0x7ff24e461180, C4<1>, C4<1>;
L_0x7ff24e460c90 .functor AND 1, L_0x7ff24e461180, L_0x7ff24e461330, C4<1>, C4<1>;
L_0x7ff24e460d60 .functor OR 1, L_0x7ff24e460ba0, L_0x7ff24e460c90, C4<0>, C4<0>;
L_0x7ff24e460ea0 .functor AND 1, L_0x7ff24e461330, L_0x7ff24e461060, C4<1>, C4<1>;
L_0x7ff24e460f10 .functor OR 1, L_0x7ff24e460d60, L_0x7ff24e460ea0, C4<0>, C4<0>;
v0x7ff24e504c70_0 .net *"_s0", 0 0, L_0x7ff24e4607c0;  1 drivers
v0x7ff24e700000_0 .net *"_s10", 0 0, L_0x7ff24e460ea0;  1 drivers
v0x7ff24e7000c0_0 .net *"_s4", 0 0, L_0x7ff24e460ba0;  1 drivers
v0x7ff24e700180_0 .net *"_s6", 0 0, L_0x7ff24e460c90;  1 drivers
v0x7ff24e700230_0 .net *"_s8", 0 0, L_0x7ff24e460d60;  1 drivers
v0x7ff24e700320_0 .net "a", 0 0, L_0x7ff24e461060;  1 drivers
v0x7ff24e7003c0_0 .net "b", 0 0, L_0x7ff24e461180;  1 drivers
v0x7ff24e700460_0 .net "c", 0 0, L_0x7ff24e461330;  1 drivers
v0x7ff24e700500_0 .net "carry", 0 0, L_0x7ff24e460f10;  1 drivers
v0x7ff24e700610_0 .net "sum", 0 0, L_0x7ff24e460af0;  1 drivers
    .scope S_0x7ff24e443640;
T_0 ;
    %wait E_0x7ff24e43a6d0;
    %load/vec4 v0x7ff24e509a20_0;
    %assign/vec4 v0x7ff24e700a20_0, 0;
    %jmp T_0;
    .thread T_0;
    .scope S_0x7ff24e443640;
T_1 ;
    %wait E_0x7ff24e4431c0;
    %load/vec4 v0x7ff24e509a20_0;
    %assign/vec4 v0x7ff24e700af0_0, 0;
    %jmp T_1;
    .thread T_1;
    .scope S_0x7ff24e443640;
T_2 ;
    %wait E_0x7ff24e43aff0;
    %load/vec4 v0x7ff24e509a20_0;
    %assign/vec4 v0x7ff24e700bb0_0, 0;
    %jmp T_2;
    .thread T_2;
    .scope S_0x7ff24e443640;
T_3 ;
    %wait E_0x7ff24e445b20;
    %load/vec4 v0x7ff24e509a20_0;
    %assign/vec4 v0x7ff24e700c80_0, 0;
    %jmp T_3;
    .thread T_3;
    .scope S_0x7ff24e443640;
T_4 ;
    %wait E_0x7ff24e448180;
    %pushi/vec4 0, 0, 3;
    %ix/load 4, 4, 0;
    %ix/load 5, 0, 0;
    %flag_set/imm 4, 0;
    %assign/vec4/off/d v0x7ff24e700d40_0, 4, 5;
    %load/vec4 v0x7ff24e509a20_0;
    %ix/load 4, 0, 0;
    %ix/load 5, 0, 0;
    %flag_set/imm 4, 0;
    %assign/vec4/off/d v0x7ff24e700d40_0, 4, 5;
    %jmp T_4;
    .thread T_4;
    .scope S_0x7ff24e446e30;
T_5 ;
    %wait E_0x7ff24e43a620;
    %vpi_call 2 46 "$display", "time=%d: y = %b, sum = %b, pb1=%b,pb2=%b,pb3=%b,pb4=%b,rot=%b\012", $time, v0x7ff24e50bf80_0, v0x7ff24e50bef0_0, v0x7ff24e507240_0, v0x7ff24e5072d0_0, v0x7ff24e5048e0_0, v0x7ff24e504970_0, v0x7ff24e50be60_0 {0 0 0};
    %jmp T_5;
    .thread T_5, $push;
    .scope S_0x7ff24e446e30;
T_6 ;
    %pushi/vec4 15, 0, 4;
    %store/vec4 v0x7ff24e50bf80_0, 0, 4;
    %pushi/vec4 1, 0, 1;
    %store/vec4 v0x7ff24e507240_0, 0, 1;
    %pushi/vec4 0, 0, 1;
    %store/vec4 v0x7ff24e5072d0_0, 0, 1;
    %pushi/vec4 0, 0, 1;
    %store/vec4 v0x7ff24e5048e0_0, 0, 1;
    %pushi/vec4 0, 0, 1;
    %store/vec4 v0x7ff24e504970_0, 0, 1;
    %pushi/vec4 0, 0, 1;
    %store/vec4 v0x7ff24e50be60_0, 0, 1;
    %delay 5000, 0;
    %pushi/vec4 15, 0, 4;
    %store/vec4 v0x7ff24e50bf80_0, 0, 4;
    %pushi/vec4 0, 0, 1;
    %store/vec4 v0x7ff24e507240_0, 0, 1;
    %pushi/vec4 0, 0, 1;
    %store/vec4 v0x7ff24e5072d0_0, 0, 1;
    %pushi/vec4 0, 0, 1;
    %store/vec4 v0x7ff24e5048e0_0, 0, 1;
    %pushi/vec4 0, 0, 1;
    %store/vec4 v0x7ff24e504970_0, 0, 1;
    %pushi/vec4 0, 0, 1;
    %store/vec4 v0x7ff24e50be60_0, 0, 1;
    %delay 5000, 0;
    %pushi/vec4 15, 0, 4;
    %store/vec4 v0x7ff24e50bf80_0, 0, 4;
    %pushi/vec4 0, 0, 1;
    %store/vec4 v0x7ff24e507240_0, 0, 1;
    %pushi/vec4 1, 0, 1;
    %store/vec4 v0x7ff24e5072d0_0, 0, 1;
    %pushi/vec4 0, 0, 1;
    %store/vec4 v0x7ff24e5048e0_0, 0, 1;
    %pushi/vec4 0, 0, 1;
    %store/vec4 v0x7ff24e504970_0, 0, 1;
    %pushi/vec4 0, 0, 1;
    %store/vec4 v0x7ff24e50be60_0, 0, 1;
    %delay 5000, 0;
    %pushi/vec4 15, 0, 4;
    %store/vec4 v0x7ff24e50bf80_0, 0, 4;
    %pushi/vec4 0, 0, 1;
    %store/vec4 v0x7ff24e507240_0, 0, 1;
    %pushi/vec4 0, 0, 1;
    %store/vec4 v0x7ff24e5072d0_0, 0, 1;
    %pushi/vec4 0, 0, 1;
    %store/vec4 v0x7ff24e5048e0_0, 0, 1;
    %pushi/vec4 0, 0, 1;
    %store/vec4 v0x7ff24e504970_0, 0, 1;
    %pushi/vec4 0, 0, 1;
    %store/vec4 v0x7ff24e50be60_0, 0, 1;
    %delay 5000, 0;
    %pushi/vec4 15, 0, 4;
    %store/vec4 v0x7ff24e50bf80_0, 0, 4;
    %pushi/vec4 0, 0, 1;
    %store/vec4 v0x7ff24e507240_0, 0, 1;
    %pushi/vec4 1, 0, 1;
    %store/vec4 v0x7ff24e5072d0_0, 0, 1;
    %pushi/vec4 1, 0, 1;
    %store/vec4 v0x7ff24e5048e0_0, 0, 1;
    %pushi/vec4 0, 0, 1;
    %store/vec4 v0x7ff24e504970_0, 0, 1;
    %pushi/vec4 0, 0, 1;
    %store/vec4 v0x7ff24e50be60_0, 0, 1;
    %delay 5000, 0;
    %pushi/vec4 15, 0, 4;
    %store/vec4 v0x7ff24e50bf80_0, 0, 4;
    %pushi/vec4 1, 0, 1;
    %store/vec4 v0x7ff24e507240_0, 0, 1;
    %pushi/vec4 0, 0, 1;
    %store/vec4 v0x7ff24e5072d0_0, 0, 1;
    %pushi/vec4 0, 0, 1;
    %store/vec4 v0x7ff24e5048e0_0, 0, 1;
    %pushi/vec4 0, 0, 1;
    %store/vec4 v0x7ff24e504970_0, 0, 1;
    %pushi/vec4 0, 0, 1;
    %store/vec4 v0x7ff24e50be60_0, 0, 1;
    %delay 5000, 0;
    %pushi/vec4 15, 0, 4;
    %store/vec4 v0x7ff24e50bf80_0, 0, 4;
    %pushi/vec4 0, 0, 1;
    %store/vec4 v0x7ff24e507240_0, 0, 1;
    %pushi/vec4 0, 0, 1;
    %store/vec4 v0x7ff24e5072d0_0, 0, 1;
    %pushi/vec4 0, 0, 1;
    %store/vec4 v0x7ff24e5048e0_0, 0, 1;
    %pushi/vec4 1, 0, 1;
    %store/vec4 v0x7ff24e504970_0, 0, 1;
    %pushi/vec4 0, 0, 1;
    %store/vec4 v0x7ff24e50be60_0, 0, 1;
    %delay 5000, 0;
    %pushi/vec4 15, 0, 4;
    %store/vec4 v0x7ff24e50bf80_0, 0, 4;
    %pushi/vec4 0, 0, 1;
    %store/vec4 v0x7ff24e507240_0, 0, 1;
    %pushi/vec4 1, 0, 1;
    %store/vec4 v0x7ff24e5072d0_0, 0, 1;
    %pushi/vec4 0, 0, 1;
    %store/vec4 v0x7ff24e5048e0_0, 0, 1;
    %pushi/vec4 0, 0, 1;
    %store/vec4 v0x7ff24e504970_0, 0, 1;
    %pushi/vec4 0, 0, 1;
    %store/vec4 v0x7ff24e50be60_0, 0, 1;
    %delay 5000, 0;
    %pushi/vec4 15, 0, 4;
    %store/vec4 v0x7ff24e50bf80_0, 0, 4;
    %pushi/vec4 0, 0, 1;
    %store/vec4 v0x7ff24e507240_0, 0, 1;
    %pushi/vec4 0, 0, 1;
    %store/vec4 v0x7ff24e5072d0_0, 0, 1;
    %pushi/vec4 0, 0, 1;
    %store/vec4 v0x7ff24e5048e0_0, 0, 1;
    %pushi/vec4 0, 0, 1;
    %store/vec4 v0x7ff24e504970_0, 0, 1;
    %pushi/vec4 1, 0, 1;
    %store/vec4 v0x7ff24e50be60_0, 0, 1;
    %delay 5000, 0;
    %pushi/vec4 15, 0, 4;
    %store/vec4 v0x7ff24e50bf80_0, 0, 4;
    %pushi/vec4 0, 0, 1;
    %store/vec4 v0x7ff24e507240_0, 0, 1;
    %pushi/vec4 1, 0, 1;
    %store/vec4 v0x7ff24e5072d0_0, 0, 1;
    %pushi/vec4 0, 0, 1;
    %store/vec4 v0x7ff24e5048e0_0, 0, 1;
    %pushi/vec4 0, 0, 1;
    %store/vec4 v0x7ff24e504970_0, 0, 1;
    %pushi/vec4 0, 0, 1;
    %store/vec4 v0x7ff24e50be60_0, 0, 1;
    %delay 5000, 0;
    %vpi_call 2 70 "$finish" {0 0 0};
    %end;
    .thread T_6;
# The file index is used to find the file name in the following table.
:file_names 8;
    "N/A";
    "<interactive>";
    "adder5x4_top.v";
    "./adder5x4.v";
    "./adder4.v";
    "./full_adder.v";
    "./adder5.v";
    "./adder6.v";
