#! /usr/bin/vvp
:ivl_version "10.2 (stable)" "(v10_2)";
:ivl_delay_selection "TYPICAL";
:vpi_time_precision - 12;
:vpi_module "system";
:vpi_module "vhdl_sys";
:vpi_module "v2005_math";
:vpi_module "va_math";
S_0x559324bb4720 .scope module, "seven_bit_top" "seven_bit_top" 2 25;
 .timescale -9 -12;
v0x559324beb460_0 .net "l0", 0 0, L_0x559324bf4ef0;  1 drivers
v0x559324beb520_0 .net "l1", 0 0, L_0x559324bf53f0;  1 drivers
v0x559324beb630_0 .net "l2", 0 0, L_0x559324bf5910;  1 drivers
v0x559324beb720_0 .var "pb1", 0 0;
v0x559324beb7c0_0 .var "pb2", 0 0;
v0x559324beb8b0_0 .var "pb3", 0 0;
v0x559324beb950_0 .var "pb4", 0 0;
v0x559324beba20_0 .var "y", 3 0;
E_0x559324bae1f0 .event edge, v0x559324beb1c0_0, v0x559324beb100_0, v0x559324beb040_0, v0x559324beaf80_0;
S_0x559324b94810 .scope module, "uut" "seven_bit" 2 30, 3 22 0, S_0x559324bb4720;
 .timescale -9 -12;
    .port_info 0 /INPUT 4 "y"
    .port_info 1 /INPUT 1 "pb1"
    .port_info 2 /INPUT 1 "pb2"
    .port_info 3 /INPUT 1 "pb3"
    .port_info 4 /INPUT 1 "pb4"
    .port_info 5 /OUTPUT 1 "l0"
    .port_info 6 /OUTPUT 1 "l1"
    .port_info 7 /OUTPUT 1 "l2"
o0x7faaca02d018 .functor BUFZ 1, C4<z>; HiZ drive
; Elide local net with no drivers, v0x559324bea620_0 name=_s132
o0x7faaca02d048 .functor BUFZ 1, C4<z>; HiZ drive
; Elide local net with no drivers, v0x559324bea720_0 name=_s135
o0x7faaca02d078 .functor BUFZ 1, C4<z>; HiZ drive
; Elide local net with no drivers, v0x559324bea800_0 name=_s138
v0x559324bea8c0_0 .var "a", 7 0;
v0x559324bea9a0_0 .var "b", 7 0;
v0x559324beaa80_0 .net "l0", 0 0, L_0x559324bf4ef0;  alias, 1 drivers
v0x559324beab20_0 .net "l1", 0 0, L_0x559324bf53f0;  alias, 1 drivers
v0x559324beabf0_0 .net "l2", 0 0, L_0x559324bf5910;  alias, 1 drivers
v0x559324beac90_0 .net "p0", 7 0, L_0x559324bf62b0;  1 drivers
v0x559324beadc0_0 .net "p1", 7 0, L_0x559324bf6180;  1 drivers
v0x559324beaea0_0 .net "p2", 7 0, L_0x559324bf6980;  1 drivers
v0x559324beaf80_0 .net "pb1", 0 0, v0x559324beb720_0;  1 drivers
v0x559324beb040_0 .net "pb2", 0 0, v0x559324beb7c0_0;  1 drivers
v0x559324beb100_0 .net "pb3", 0 0, v0x559324beb8b0_0;  1 drivers
v0x559324beb1c0_0 .net "pb4", 0 0, v0x559324beb950_0;  1 drivers
v0x559324beb280_0 .net "y", 3 0, v0x559324beba20_0;  1 drivers
E_0x559324ba7af0 .event posedge, v0x559324beb1c0_0;
E_0x559324ba14e0 .event posedge, v0x559324beb100_0;
E_0x559324b9ae00 .event posedge, v0x559324beb040_0;
E_0x559324bc1780 .event posedge, v0x559324beaf80_0;
L_0x559324becd60 .part v0x559324bea8c0_0, 7, 1;
L_0x559324bece00 .part v0x559324bea9a0_0, 7, 1;
L_0x559324bedff0 .part v0x559324bea8c0_0, 6, 1;
L_0x559324bee0e0 .part v0x559324bea9a0_0, 6, 1;
L_0x559324bee1d0 .part L_0x559324bf62b0, 7, 1;
L_0x559324bee300 .part L_0x559324bf6180, 7, 1;
L_0x559324bee430 .part L_0x559324bf6980, 7, 1;
L_0x559324bef530 .part v0x559324bea8c0_0, 5, 1;
L_0x559324bef620 .part v0x559324bea9a0_0, 5, 1;
L_0x559324bef6c0 .part L_0x559324bf62b0, 6, 1;
L_0x559324bef7f0 .part L_0x559324bf6180, 6, 1;
L_0x559324bef920 .part L_0x559324bf6980, 6, 1;
L_0x559324bf0a00 .part v0x559324bea8c0_0, 4, 1;
L_0x559324bf0b30 .part v0x559324bea9a0_0, 4, 1;
L_0x559324bf0c60 .part L_0x559324bf62b0, 5, 1;
L_0x559324bf0d90 .part L_0x559324bf6180, 5, 1;
L_0x559324bf0f50 .part L_0x559324bf6980, 5, 1;
L_0x559324bf1ea0 .part v0x559324bea8c0_0, 3, 1;
L_0x559324bf1fe0 .part v0x559324bea9a0_0, 3, 1;
L_0x559324bf2080 .part L_0x559324bf62b0, 4, 1;
L_0x559324bf1f40 .part L_0x559324bf6180, 4, 1;
L_0x559324bf2380 .part L_0x559324bf6980, 4, 1;
L_0x559324bf33a0 .part v0x559324bea8c0_0, 2, 1;
L_0x559324bf3440 .part v0x559324bea9a0_0, 2, 1;
L_0x559324bf24b0 .part L_0x559324bf62b0, 3, 1;
L_0x559324bf3640 .part L_0x559324bf6180, 3, 1;
L_0x559324bf34e0 .part L_0x559324bf6980, 3, 1;
L_0x559324bf4810 .part v0x559324bea8c0_0, 1, 1;
L_0x559324bf3770 .part v0x559324bea9a0_0, 1, 1;
L_0x559324bf49a0 .part L_0x559324bf62b0, 2, 1;
L_0x559324bf48b0 .part L_0x559324bf6180, 2, 1;
L_0x559324bf4c60 .part L_0x559324bf6980, 2, 1;
L_0x559324bf5c60 .part v0x559324bea8c0_0, 0, 1;
L_0x559324bf5e10 .part v0x559324bea9a0_0, 0, 1;
L_0x559324bf4d00 .part L_0x559324bf62b0, 1, 1;
L_0x559324bf60e0 .part L_0x559324bf6180, 1, 1;
L_0x559324bf5fc0 .part L_0x559324bf6980, 1, 1;
LS_0x559324bf62b0_0_0 .concat [ 1 1 1 1], o0x7faaca02d018, L_0x559324bf3a70, L_0x559324bf26f0, L_0x559324bf11a0;
LS_0x559324bf62b0_0_4 .concat [ 1 1 1 1], L_0x559324befc90, L_0x559324bee750, L_0x559324bed170, L_0x559324bebea0;
L_0x559324bf62b0 .concat [ 4 4 0 0], LS_0x559324bf62b0_0_0, LS_0x559324bf62b0_0_4;
LS_0x559324bf6180_0_0 .concat [ 1 1 1 1], o0x7faaca02d048, L_0x559324bf3fa0, L_0x559324bf2b30, L_0x559324bf1630;
LS_0x559324bf6180_0_4 .concat [ 1 1 1 1], L_0x559324bf0190, L_0x559324beecc0, L_0x559324bed6a0, L_0x559324bec410;
L_0x559324bf6180 .concat [ 4 4 0 0], LS_0x559324bf6180_0_0, LS_0x559324bf6180_0_4;
LS_0x559324bf6980_0_0 .concat [ 1 1 1 1], o0x7faaca02d078, L_0x559324bf44c0, L_0x559324bf3050, L_0x559324bf1b50;
LS_0x559324bf6980_0_4 .concat [ 1 1 1 1], L_0x559324bf06b0, L_0x559324bef1e0, L_0x559324bedca0, L_0x559324beca10;
L_0x559324bf6980 .concat [ 4 4 0 0], LS_0x559324bf6980_0_0, LS_0x559324bf6980_0_4;
S_0x559324ba1240 .scope module, "cm1" "comp" 3 57, 4 21 0, S_0x559324b94810;
 .timescale -9 -12;
    .port_info 0 /INPUT 1 "a"
    .port_info 1 /INPUT 1 "b"
    .port_info 2 /INPUT 1 "p1"
    .port_info 3 /INPUT 1 "p2"
    .port_info 4 /INPUT 1 "p3"
    .port_info 5 /OUTPUT 1 "l1"
    .port_info 6 /OUTPUT 1 "l2"
    .port_info 7 /OUTPUT 1 "l3"
L_0x559324bf4ad0 .functor NOT 1, L_0x559324bf60e0, C4<0>, C4<0>, C4<0>;
L_0x559324bf4b40 .functor NOT 1, L_0x559324bf5c60, C4<0>, C4<0>, C4<0>;
L_0x559324bf4e10 .functor AND 1, L_0x559324bf4b40, L_0x559324bf5e10, C4<1>, C4<1>;
L_0x559324bf4e80 .functor OR 1, L_0x559324bf4d00, L_0x559324bf4e10, C4<0>, C4<0>;
L_0x559324bf4ef0 .functor AND 1, L_0x559324bf4ad0, L_0x559324bf4e80, C4<1>, C4<1>;
L_0x559324bf5000 .functor NOT 1, L_0x559324bf4d00, C4<0>, C4<0>, C4<0>;
L_0x559324bf50c0 .functor NOT 1, L_0x559324bf5e10, C4<0>, C4<0>, C4<0>;
L_0x559324bf5180 .functor AND 1, L_0x559324bf5c60, L_0x559324bf50c0, C4<1>, C4<1>;
L_0x559324bf52e0 .functor OR 1, L_0x559324bf60e0, L_0x559324bf5180, C4<0>, C4<0>;
L_0x559324bf53f0 .functor AND 1, L_0x559324bf5000, L_0x559324bf52e0, C4<1>, C4<1>;
L_0x559324bf5500 .functor NOT 1, L_0x559324bf4d00, C4<0>, C4<0>, C4<0>;
L_0x559324bf5570 .functor NOT 1, L_0x559324bf60e0, C4<0>, C4<0>, C4<0>;
L_0x559324bf5650 .functor AND 1, L_0x559324bf5500, L_0x559324bf5570, C4<1>, C4<1>;
L_0x559324bf5710 .functor AND 1, L_0x559324bf5c60, L_0x559324bf5e10, C4<1>, C4<1>;
L_0x559324bf55e0 .functor NOT 1, L_0x559324bf5c60, C4<0>, C4<0>, C4<0>;
L_0x559324bf5810 .functor NOT 1, L_0x559324bf5e10, C4<0>, C4<0>, C4<0>;
L_0x559324bf59a0 .functor AND 1, L_0x559324bf55e0, L_0x559324bf5810, C4<1>, C4<1>;
L_0x559324bf5a10 .functor OR 1, L_0x559324bf5710, L_0x559324bf59a0, C4<0>, C4<0>;
L_0x559324bf5910 .functor AND 1, L_0x559324bf5650, L_0x559324bf5a10, C4<1>, C4<1>;
v0x559324b953d0_0 .net *"_s0", 0 0, L_0x559324bf4ad0;  1 drivers
v0x559324bde0d0_0 .net *"_s10", 0 0, L_0x559324bf5000;  1 drivers
v0x559324bde1b0_0 .net *"_s12", 0 0, L_0x559324bf50c0;  1 drivers
v0x559324bde2a0_0 .net *"_s14", 0 0, L_0x559324bf5180;  1 drivers
v0x559324bde380_0 .net *"_s16", 0 0, L_0x559324bf52e0;  1 drivers
v0x559324bde4b0_0 .net *"_s2", 0 0, L_0x559324bf4b40;  1 drivers
v0x559324bde590_0 .net *"_s20", 0 0, L_0x559324bf5500;  1 drivers
v0x559324bde670_0 .net *"_s22", 0 0, L_0x559324bf5570;  1 drivers
v0x559324bde750_0 .net *"_s24", 0 0, L_0x559324bf5650;  1 drivers
v0x559324bde8c0_0 .net *"_s26", 0 0, L_0x559324bf5710;  1 drivers
v0x559324bde9a0_0 .net *"_s28", 0 0, L_0x559324bf55e0;  1 drivers
v0x559324bdea80_0 .net *"_s30", 0 0, L_0x559324bf5810;  1 drivers
v0x559324bdeb60_0 .net *"_s32", 0 0, L_0x559324bf59a0;  1 drivers
v0x559324bdec40_0 .net *"_s34", 0 0, L_0x559324bf5a10;  1 drivers
v0x559324bded20_0 .net *"_s4", 0 0, L_0x559324bf4e10;  1 drivers
v0x559324bdee00_0 .net *"_s6", 0 0, L_0x559324bf4e80;  1 drivers
v0x559324bdeee0_0 .net "a", 0 0, L_0x559324bf5c60;  1 drivers
v0x559324bdf090_0 .net "b", 0 0, L_0x559324bf5e10;  1 drivers
v0x559324bdf130_0 .net "l1", 0 0, L_0x559324bf4ef0;  alias, 1 drivers
v0x559324bdf1d0_0 .net "l2", 0 0, L_0x559324bf53f0;  alias, 1 drivers
v0x559324bdf270_0 .net "l3", 0 0, L_0x559324bf5910;  alias, 1 drivers
v0x559324bdf330_0 .net "p1", 0 0, L_0x559324bf4d00;  1 drivers
v0x559324bdf3f0_0 .net "p2", 0 0, L_0x559324bf60e0;  1 drivers
v0x559324bdf4b0_0 .net "p3", 0 0, L_0x559324bf5fc0;  1 drivers
S_0x559324bdf670 .scope module, "cm2" "comp" 3 56, 4 21 0, S_0x559324b94810;
 .timescale -9 -12;
    .port_info 0 /INPUT 1 "a"
    .port_info 1 /INPUT 1 "b"
    .port_info 2 /INPUT 1 "p1"
    .port_info 3 /INPUT 1 "p2"
    .port_info 4 /INPUT 1 "p3"
    .port_info 5 /OUTPUT 1 "l1"
    .port_info 6 /OUTPUT 1 "l2"
    .port_info 7 /OUTPUT 1 "l3"
L_0x559324bf3850 .functor NOT 1, L_0x559324bf48b0, C4<0>, C4<0>, C4<0>;
L_0x559324bf38c0 .functor NOT 1, L_0x559324bf4810, C4<0>, C4<0>, C4<0>;
L_0x559324bf3930 .functor AND 1, L_0x559324bf38c0, L_0x559324bf3770, C4<1>, C4<1>;
L_0x559324bf39a0 .functor OR 1, L_0x559324bf49a0, L_0x559324bf3930, C4<0>, C4<0>;
L_0x559324bf3a70 .functor AND 1, L_0x559324bf3850, L_0x559324bf39a0, C4<1>, C4<1>;
L_0x559324bf3bb0 .functor NOT 1, L_0x559324bf49a0, C4<0>, C4<0>, C4<0>;
L_0x559324bf3c70 .functor NOT 1, L_0x559324bf3770, C4<0>, C4<0>, C4<0>;
L_0x559324bf3d30 .functor AND 1, L_0x559324bf4810, L_0x559324bf3c70, C4<1>, C4<1>;
L_0x559324bf3e90 .functor OR 1, L_0x559324bf48b0, L_0x559324bf3d30, C4<0>, C4<0>;
L_0x559324bf3fa0 .functor AND 1, L_0x559324bf3bb0, L_0x559324bf3e90, C4<1>, C4<1>;
L_0x559324bf40b0 .functor NOT 1, L_0x559324bf49a0, C4<0>, C4<0>, C4<0>;
L_0x559324bf4120 .functor NOT 1, L_0x559324bf48b0, C4<0>, C4<0>, C4<0>;
L_0x559324bf4200 .functor AND 1, L_0x559324bf40b0, L_0x559324bf4120, C4<1>, C4<1>;
L_0x559324bf42c0 .functor AND 1, L_0x559324bf4810, L_0x559324bf3770, C4<1>, C4<1>;
L_0x559324bf4190 .functor NOT 1, L_0x559324bf4810, C4<0>, C4<0>, C4<0>;
L_0x559324bf43c0 .functor NOT 1, L_0x559324bf3770, C4<0>, C4<0>, C4<0>;
L_0x559324bf4550 .functor AND 1, L_0x559324bf4190, L_0x559324bf43c0, C4<1>, C4<1>;
L_0x559324bf45c0 .functor OR 1, L_0x559324bf42c0, L_0x559324bf4550, C4<0>, C4<0>;
L_0x559324bf44c0 .functor AND 1, L_0x559324bf4200, L_0x559324bf45c0, C4<1>, C4<1>;
v0x559324bdf930_0 .net *"_s0", 0 0, L_0x559324bf3850;  1 drivers
v0x559324bdfa10_0 .net *"_s10", 0 0, L_0x559324bf3bb0;  1 drivers
v0x559324bdfaf0_0 .net *"_s12", 0 0, L_0x559324bf3c70;  1 drivers
v0x559324bdfbb0_0 .net *"_s14", 0 0, L_0x559324bf3d30;  1 drivers
v0x559324bdfc90_0 .net *"_s16", 0 0, L_0x559324bf3e90;  1 drivers
v0x559324bdfdc0_0 .net *"_s2", 0 0, L_0x559324bf38c0;  1 drivers
v0x559324bdfea0_0 .net *"_s20", 0 0, L_0x559324bf40b0;  1 drivers
v0x559324bdff80_0 .net *"_s22", 0 0, L_0x559324bf4120;  1 drivers
v0x559324be0060_0 .net *"_s24", 0 0, L_0x559324bf4200;  1 drivers
v0x559324be01d0_0 .net *"_s26", 0 0, L_0x559324bf42c0;  1 drivers
v0x559324be02b0_0 .net *"_s28", 0 0, L_0x559324bf4190;  1 drivers
v0x559324be0390_0 .net *"_s30", 0 0, L_0x559324bf43c0;  1 drivers
v0x559324be0470_0 .net *"_s32", 0 0, L_0x559324bf4550;  1 drivers
v0x559324be0550_0 .net *"_s34", 0 0, L_0x559324bf45c0;  1 drivers
v0x559324be0630_0 .net *"_s4", 0 0, L_0x559324bf3930;  1 drivers
v0x559324be0710_0 .net *"_s6", 0 0, L_0x559324bf39a0;  1 drivers
v0x559324be07f0_0 .net "a", 0 0, L_0x559324bf4810;  1 drivers
v0x559324be09a0_0 .net "b", 0 0, L_0x559324bf3770;  1 drivers
v0x559324be0a40_0 .net "l1", 0 0, L_0x559324bf3a70;  1 drivers
v0x559324be0ae0_0 .net "l2", 0 0, L_0x559324bf3fa0;  1 drivers
v0x559324be0b80_0 .net "l3", 0 0, L_0x559324bf44c0;  1 drivers
v0x559324be0c40_0 .net "p1", 0 0, L_0x559324bf49a0;  1 drivers
v0x559324be0d00_0 .net "p2", 0 0, L_0x559324bf48b0;  1 drivers
v0x559324be0dc0_0 .net "p3", 0 0, L_0x559324bf4c60;  1 drivers
S_0x559324be0f80 .scope module, "cm3" "comp" 3 55, 4 21 0, S_0x559324b94810;
 .timescale -9 -12;
    .port_info 0 /INPUT 1 "a"
    .port_info 1 /INPUT 1 "b"
    .port_info 2 /INPUT 1 "p1"
    .port_info 3 /INPUT 1 "p2"
    .port_info 4 /INPUT 1 "p3"
    .port_info 5 /OUTPUT 1 "l1"
    .port_info 6 /OUTPUT 1 "l2"
    .port_info 7 /OUTPUT 1 "l3"
L_0x559324bf21b0 .functor NOT 1, L_0x559324bf3640, C4<0>, C4<0>, C4<0>;
L_0x559324bf2570 .functor NOT 1, L_0x559324bf33a0, C4<0>, C4<0>, C4<0>;
L_0x559324bf25e0 .functor AND 1, L_0x559324bf2570, L_0x559324bf3440, C4<1>, C4<1>;
L_0x559324bf2650 .functor OR 1, L_0x559324bf24b0, L_0x559324bf25e0, C4<0>, C4<0>;
L_0x559324bf26f0 .functor AND 1, L_0x559324bf21b0, L_0x559324bf2650, C4<1>, C4<1>;
L_0x559324bf2790 .functor NOT 1, L_0x559324bf24b0, C4<0>, C4<0>, C4<0>;
L_0x559324bf2800 .functor NOT 1, L_0x559324bf3440, C4<0>, C4<0>, C4<0>;
L_0x559324bf28c0 .functor AND 1, L_0x559324bf33a0, L_0x559324bf2800, C4<1>, C4<1>;
L_0x559324bf2a20 .functor OR 1, L_0x559324bf3640, L_0x559324bf28c0, C4<0>, C4<0>;
L_0x559324bf2b30 .functor AND 1, L_0x559324bf2790, L_0x559324bf2a20, C4<1>, C4<1>;
L_0x559324bf2c40 .functor NOT 1, L_0x559324bf24b0, C4<0>, C4<0>, C4<0>;
L_0x559324bf2cb0 .functor NOT 1, L_0x559324bf3640, C4<0>, C4<0>, C4<0>;
L_0x559324bf2d90 .functor AND 1, L_0x559324bf2c40, L_0x559324bf2cb0, C4<1>, C4<1>;
L_0x559324bf2e50 .functor AND 1, L_0x559324bf33a0, L_0x559324bf3440, C4<1>, C4<1>;
L_0x559324bf2d20 .functor NOT 1, L_0x559324bf33a0, C4<0>, C4<0>, C4<0>;
L_0x559324bf2f50 .functor NOT 1, L_0x559324bf3440, C4<0>, C4<0>, C4<0>;
L_0x559324bf30e0 .functor AND 1, L_0x559324bf2d20, L_0x559324bf2f50, C4<1>, C4<1>;
L_0x559324bf3150 .functor OR 1, L_0x559324bf2e50, L_0x559324bf30e0, C4<0>, C4<0>;
L_0x559324bf3050 .functor AND 1, L_0x559324bf2d90, L_0x559324bf3150, C4<1>, C4<1>;
v0x559324be1220_0 .net *"_s0", 0 0, L_0x559324bf21b0;  1 drivers
v0x559324be1300_0 .net *"_s10", 0 0, L_0x559324bf2790;  1 drivers
v0x559324be13e0_0 .net *"_s12", 0 0, L_0x559324bf2800;  1 drivers
v0x559324be14d0_0 .net *"_s14", 0 0, L_0x559324bf28c0;  1 drivers
v0x559324be15b0_0 .net *"_s16", 0 0, L_0x559324bf2a20;  1 drivers
v0x559324be16e0_0 .net *"_s2", 0 0, L_0x559324bf2570;  1 drivers
v0x559324be17c0_0 .net *"_s20", 0 0, L_0x559324bf2c40;  1 drivers
v0x559324be18a0_0 .net *"_s22", 0 0, L_0x559324bf2cb0;  1 drivers
v0x559324be1980_0 .net *"_s24", 0 0, L_0x559324bf2d90;  1 drivers
v0x559324be1af0_0 .net *"_s26", 0 0, L_0x559324bf2e50;  1 drivers
v0x559324be1bd0_0 .net *"_s28", 0 0, L_0x559324bf2d20;  1 drivers
v0x559324be1cb0_0 .net *"_s30", 0 0, L_0x559324bf2f50;  1 drivers
v0x559324be1d90_0 .net *"_s32", 0 0, L_0x559324bf30e0;  1 drivers
v0x559324be1e70_0 .net *"_s34", 0 0, L_0x559324bf3150;  1 drivers
v0x559324be1f50_0 .net *"_s4", 0 0, L_0x559324bf25e0;  1 drivers
v0x559324be2030_0 .net *"_s6", 0 0, L_0x559324bf2650;  1 drivers
v0x559324be2110_0 .net "a", 0 0, L_0x559324bf33a0;  1 drivers
v0x559324be22c0_0 .net "b", 0 0, L_0x559324bf3440;  1 drivers
v0x559324be2360_0 .net "l1", 0 0, L_0x559324bf26f0;  1 drivers
v0x559324be2400_0 .net "l2", 0 0, L_0x559324bf2b30;  1 drivers
v0x559324be24a0_0 .net "l3", 0 0, L_0x559324bf3050;  1 drivers
v0x559324be2560_0 .net "p1", 0 0, L_0x559324bf24b0;  1 drivers
v0x559324be2620_0 .net "p2", 0 0, L_0x559324bf3640;  1 drivers
v0x559324be26e0_0 .net "p3", 0 0, L_0x559324bf34e0;  1 drivers
S_0x559324be28a0 .scope module, "cm4" "comp" 3 54, 4 21 0, S_0x559324b94810;
 .timescale -9 -12;
    .port_info 0 /INPUT 1 "a"
    .port_info 1 /INPUT 1 "b"
    .port_info 2 /INPUT 1 "p1"
    .port_info 3 /INPUT 1 "p2"
    .port_info 4 /INPUT 1 "p3"
    .port_info 5 /OUTPUT 1 "l1"
    .port_info 6 /OUTPUT 1 "l2"
    .port_info 7 /OUTPUT 1 "l3"
L_0x559324bef9c0 .functor NOT 1, L_0x559324bf1f40, C4<0>, C4<0>, C4<0>;
L_0x559324bf0ff0 .functor NOT 1, L_0x559324bf1ea0, C4<0>, C4<0>, C4<0>;
L_0x559324bf1060 .functor AND 1, L_0x559324bf0ff0, L_0x559324bf1fe0, C4<1>, C4<1>;
L_0x559324bf10d0 .functor OR 1, L_0x559324bf2080, L_0x559324bf1060, C4<0>, C4<0>;
L_0x559324bf11a0 .functor AND 1, L_0x559324bef9c0, L_0x559324bf10d0, C4<1>, C4<1>;
L_0x559324bf1240 .functor NOT 1, L_0x559324bf2080, C4<0>, C4<0>, C4<0>;
L_0x559324bf1300 .functor NOT 1, L_0x559324bf1fe0, C4<0>, C4<0>, C4<0>;
L_0x559324bf13c0 .functor AND 1, L_0x559324bf1ea0, L_0x559324bf1300, C4<1>, C4<1>;
L_0x559324bf1520 .functor OR 1, L_0x559324bf1f40, L_0x559324bf13c0, C4<0>, C4<0>;
L_0x559324bf1630 .functor AND 1, L_0x559324bf1240, L_0x559324bf1520, C4<1>, C4<1>;
L_0x559324bf1740 .functor NOT 1, L_0x559324bf2080, C4<0>, C4<0>, C4<0>;
L_0x559324bf17b0 .functor NOT 1, L_0x559324bf1f40, C4<0>, C4<0>, C4<0>;
L_0x559324bf1890 .functor AND 1, L_0x559324bf1740, L_0x559324bf17b0, C4<1>, C4<1>;
L_0x559324bf1950 .functor AND 1, L_0x559324bf1ea0, L_0x559324bf1fe0, C4<1>, C4<1>;
L_0x559324bf1820 .functor NOT 1, L_0x559324bf1ea0, C4<0>, C4<0>, C4<0>;
L_0x559324bf1a50 .functor NOT 1, L_0x559324bf1fe0, C4<0>, C4<0>, C4<0>;
L_0x559324bf1be0 .functor AND 1, L_0x559324bf1820, L_0x559324bf1a50, C4<1>, C4<1>;
L_0x559324bf1c50 .functor OR 1, L_0x559324bf1950, L_0x559324bf1be0, C4<0>, C4<0>;
L_0x559324bf1b50 .functor AND 1, L_0x559324bf1890, L_0x559324bf1c50, C4<1>, C4<1>;
v0x559324be2b40_0 .net *"_s0", 0 0, L_0x559324bef9c0;  1 drivers
v0x559324be2c40_0 .net *"_s10", 0 0, L_0x559324bf1240;  1 drivers
v0x559324be2d20_0 .net *"_s12", 0 0, L_0x559324bf1300;  1 drivers
v0x559324be2de0_0 .net *"_s14", 0 0, L_0x559324bf13c0;  1 drivers
v0x559324be2ec0_0 .net *"_s16", 0 0, L_0x559324bf1520;  1 drivers
v0x559324be2ff0_0 .net *"_s2", 0 0, L_0x559324bf0ff0;  1 drivers
v0x559324be30b0_0 .net *"_s20", 0 0, L_0x559324bf1740;  1 drivers
v0x559324be3190_0 .net *"_s22", 0 0, L_0x559324bf17b0;  1 drivers
v0x559324be3270_0 .net *"_s24", 0 0, L_0x559324bf1890;  1 drivers
v0x559324be33e0_0 .net *"_s26", 0 0, L_0x559324bf1950;  1 drivers
v0x559324be34c0_0 .net *"_s28", 0 0, L_0x559324bf1820;  1 drivers
v0x559324be35a0_0 .net *"_s30", 0 0, L_0x559324bf1a50;  1 drivers
v0x559324be3680_0 .net *"_s32", 0 0, L_0x559324bf1be0;  1 drivers
v0x559324be3760_0 .net *"_s34", 0 0, L_0x559324bf1c50;  1 drivers
v0x559324be3840_0 .net *"_s4", 0 0, L_0x559324bf1060;  1 drivers
v0x559324be3920_0 .net *"_s6", 0 0, L_0x559324bf10d0;  1 drivers
v0x559324be3a00_0 .net "a", 0 0, L_0x559324bf1ea0;  1 drivers
v0x559324be3bb0_0 .net "b", 0 0, L_0x559324bf1fe0;  1 drivers
v0x559324be3c50_0 .net "l1", 0 0, L_0x559324bf11a0;  1 drivers
v0x559324be3cf0_0 .net "l2", 0 0, L_0x559324bf1630;  1 drivers
v0x559324be3d90_0 .net "l3", 0 0, L_0x559324bf1b50;  1 drivers
v0x559324be3e50_0 .net "p1", 0 0, L_0x559324bf2080;  1 drivers
v0x559324be3f10_0 .net "p2", 0 0, L_0x559324bf1f40;  1 drivers
v0x559324be3fd0_0 .net "p3", 0 0, L_0x559324bf2380;  1 drivers
S_0x559324be4190 .scope module, "cm5" "comp" 3 53, 4 21 0, S_0x559324b94810;
 .timescale -9 -12;
    .port_info 0 /INPUT 1 "a"
    .port_info 1 /INPUT 1 "b"
    .port_info 2 /INPUT 1 "p1"
    .port_info 3 /INPUT 1 "p2"
    .port_info 4 /INPUT 1 "p3"
    .port_info 5 /OUTPUT 1 "l1"
    .port_info 6 /OUTPUT 1 "l2"
    .port_info 7 /OUTPUT 1 "l3"
L_0x559324befa30 .functor NOT 1, L_0x559324bf0d90, C4<0>, C4<0>, C4<0>;
L_0x559324befaa0 .functor NOT 1, L_0x559324bf0a00, C4<0>, C4<0>, C4<0>;
L_0x559324befb10 .functor AND 1, L_0x559324befaa0, L_0x559324bf0b30, C4<1>, C4<1>;
L_0x559324befbd0 .functor OR 1, L_0x559324bf0c60, L_0x559324befb10, C4<0>, C4<0>;
L_0x559324befc90 .functor AND 1, L_0x559324befa30, L_0x559324befbd0, C4<1>, C4<1>;
L_0x559324befda0 .functor NOT 1, L_0x559324bf0c60, C4<0>, C4<0>, C4<0>;
L_0x559324befe60 .functor NOT 1, L_0x559324bf0b30, C4<0>, C4<0>, C4<0>;
L_0x559324beff20 .functor AND 1, L_0x559324bf0a00, L_0x559324befe60, C4<1>, C4<1>;
L_0x559324bf0080 .functor OR 1, L_0x559324bf0d90, L_0x559324beff20, C4<0>, C4<0>;
L_0x559324bf0190 .functor AND 1, L_0x559324befda0, L_0x559324bf0080, C4<1>, C4<1>;
L_0x559324bf02a0 .functor NOT 1, L_0x559324bf0c60, C4<0>, C4<0>, C4<0>;
L_0x559324bf0310 .functor NOT 1, L_0x559324bf0d90, C4<0>, C4<0>, C4<0>;
L_0x559324bf03f0 .functor AND 1, L_0x559324bf02a0, L_0x559324bf0310, C4<1>, C4<1>;
L_0x559324bf04b0 .functor AND 1, L_0x559324bf0a00, L_0x559324bf0b30, C4<1>, C4<1>;
L_0x559324bf0380 .functor NOT 1, L_0x559324bf0a00, C4<0>, C4<0>, C4<0>;
L_0x559324bf05b0 .functor NOT 1, L_0x559324bf0b30, C4<0>, C4<0>, C4<0>;
L_0x559324bf0740 .functor AND 1, L_0x559324bf0380, L_0x559324bf05b0, C4<1>, C4<1>;
L_0x559324bf07b0 .functor OR 1, L_0x559324bf04b0, L_0x559324bf0740, C4<0>, C4<0>;
L_0x559324bf06b0 .functor AND 1, L_0x559324bf03f0, L_0x559324bf07b0, C4<1>, C4<1>;
v0x559324be4480_0 .net *"_s0", 0 0, L_0x559324befa30;  1 drivers
v0x559324be4580_0 .net *"_s10", 0 0, L_0x559324befda0;  1 drivers
v0x559324be4660_0 .net *"_s12", 0 0, L_0x559324befe60;  1 drivers
v0x559324be4720_0 .net *"_s14", 0 0, L_0x559324beff20;  1 drivers
v0x559324be4800_0 .net *"_s16", 0 0, L_0x559324bf0080;  1 drivers
v0x559324be4930_0 .net *"_s2", 0 0, L_0x559324befaa0;  1 drivers
v0x559324be4a10_0 .net *"_s20", 0 0, L_0x559324bf02a0;  1 drivers
v0x559324be4af0_0 .net *"_s22", 0 0, L_0x559324bf0310;  1 drivers
v0x559324be4bd0_0 .net *"_s24", 0 0, L_0x559324bf03f0;  1 drivers
v0x559324be4d40_0 .net *"_s26", 0 0, L_0x559324bf04b0;  1 drivers
v0x559324be4e20_0 .net *"_s28", 0 0, L_0x559324bf0380;  1 drivers
v0x559324be4f00_0 .net *"_s30", 0 0, L_0x559324bf05b0;  1 drivers
v0x559324be4fe0_0 .net *"_s32", 0 0, L_0x559324bf0740;  1 drivers
v0x559324be50c0_0 .net *"_s34", 0 0, L_0x559324bf07b0;  1 drivers
v0x559324be51a0_0 .net *"_s4", 0 0, L_0x559324befb10;  1 drivers
v0x559324be5280_0 .net *"_s6", 0 0, L_0x559324befbd0;  1 drivers
v0x559324be5360_0 .net "a", 0 0, L_0x559324bf0a00;  1 drivers
v0x559324be5510_0 .net "b", 0 0, L_0x559324bf0b30;  1 drivers
v0x559324be55b0_0 .net "l1", 0 0, L_0x559324befc90;  1 drivers
v0x559324be5650_0 .net "l2", 0 0, L_0x559324bf0190;  1 drivers
v0x559324be56f0_0 .net "l3", 0 0, L_0x559324bf06b0;  1 drivers
v0x559324be57b0_0 .net "p1", 0 0, L_0x559324bf0c60;  1 drivers
v0x559324be5870_0 .net "p2", 0 0, L_0x559324bf0d90;  1 drivers
v0x559324be5930_0 .net "p3", 0 0, L_0x559324bf0f50;  1 drivers
S_0x559324be5af0 .scope module, "cm6" "comp" 3 52, 4 21 0, S_0x559324b94810;
 .timescale -9 -12;
    .port_info 0 /INPUT 1 "a"
    .port_info 1 /INPUT 1 "b"
    .port_info 2 /INPUT 1 "p1"
    .port_info 3 /INPUT 1 "p2"
    .port_info 4 /INPUT 1 "p3"
    .port_info 5 /OUTPUT 1 "l1"
    .port_info 6 /OUTPUT 1 "l2"
    .port_info 7 /OUTPUT 1 "l3"
L_0x559324bee4d0 .functor NOT 1, L_0x559324bef7f0, C4<0>, C4<0>, C4<0>;
L_0x559324bee540 .functor NOT 1, L_0x559324bef530, C4<0>, C4<0>, C4<0>;
L_0x559324bee5e0 .functor AND 1, L_0x559324bee540, L_0x559324bef620, C4<1>, C4<1>;
L_0x559324bee680 .functor OR 1, L_0x559324bef6c0, L_0x559324bee5e0, C4<0>, C4<0>;
L_0x559324bee750 .functor AND 1, L_0x559324bee4d0, L_0x559324bee680, C4<1>, C4<1>;
L_0x559324bee890 .functor NOT 1, L_0x559324bef6c0, C4<0>, C4<0>, C4<0>;
L_0x559324bee990 .functor NOT 1, L_0x559324bef620, C4<0>, C4<0>, C4<0>;
L_0x559324beea50 .functor AND 1, L_0x559324bef530, L_0x559324bee990, C4<1>, C4<1>;
L_0x559324beebb0 .functor OR 1, L_0x559324bef7f0, L_0x559324beea50, C4<0>, C4<0>;
L_0x559324beecc0 .functor AND 1, L_0x559324bee890, L_0x559324beebb0, C4<1>, C4<1>;
L_0x559324beedd0 .functor NOT 1, L_0x559324bef6c0, C4<0>, C4<0>, C4<0>;
L_0x559324beee40 .functor NOT 1, L_0x559324bef7f0, C4<0>, C4<0>, C4<0>;
L_0x559324beef20 .functor AND 1, L_0x559324beedd0, L_0x559324beee40, C4<1>, C4<1>;
L_0x559324beefe0 .functor AND 1, L_0x559324bef530, L_0x559324bef620, C4<1>, C4<1>;
L_0x559324beeeb0 .functor NOT 1, L_0x559324bef530, C4<0>, C4<0>, C4<0>;
L_0x559324bef0e0 .functor NOT 1, L_0x559324bef620, C4<0>, C4<0>, C4<0>;
L_0x559324bef270 .functor AND 1, L_0x559324beeeb0, L_0x559324bef0e0, C4<1>, C4<1>;
L_0x559324bef2e0 .functor OR 1, L_0x559324beefe0, L_0x559324bef270, C4<0>, C4<0>;
L_0x559324bef1e0 .functor AND 1, L_0x559324beef20, L_0x559324bef2e0, C4<1>, C4<1>;
v0x559324be5d90_0 .net *"_s0", 0 0, L_0x559324bee4d0;  1 drivers
v0x559324be5e90_0 .net *"_s10", 0 0, L_0x559324bee890;  1 drivers
v0x559324be5f70_0 .net *"_s12", 0 0, L_0x559324bee990;  1 drivers
v0x559324be6030_0 .net *"_s14", 0 0, L_0x559324beea50;  1 drivers
v0x559324be6110_0 .net *"_s16", 0 0, L_0x559324beebb0;  1 drivers
v0x559324be6240_0 .net *"_s2", 0 0, L_0x559324bee540;  1 drivers
v0x559324be6320_0 .net *"_s20", 0 0, L_0x559324beedd0;  1 drivers
v0x559324be6400_0 .net *"_s22", 0 0, L_0x559324beee40;  1 drivers
v0x559324be64e0_0 .net *"_s24", 0 0, L_0x559324beef20;  1 drivers
v0x559324be6650_0 .net *"_s26", 0 0, L_0x559324beefe0;  1 drivers
v0x559324be6730_0 .net *"_s28", 0 0, L_0x559324beeeb0;  1 drivers
v0x559324be6810_0 .net *"_s30", 0 0, L_0x559324bef0e0;  1 drivers
v0x559324be68f0_0 .net *"_s32", 0 0, L_0x559324bef270;  1 drivers
v0x559324be69d0_0 .net *"_s34", 0 0, L_0x559324bef2e0;  1 drivers
v0x559324be6ab0_0 .net *"_s4", 0 0, L_0x559324bee5e0;  1 drivers
v0x559324be6b90_0 .net *"_s6", 0 0, L_0x559324bee680;  1 drivers
v0x559324be6c70_0 .net "a", 0 0, L_0x559324bef530;  1 drivers
v0x559324be6e20_0 .net "b", 0 0, L_0x559324bef620;  1 drivers
v0x559324be6ec0_0 .net "l1", 0 0, L_0x559324bee750;  1 drivers
v0x559324be6f60_0 .net "l2", 0 0, L_0x559324beecc0;  1 drivers
v0x559324be7000_0 .net "l3", 0 0, L_0x559324bef1e0;  1 drivers
v0x559324be70c0_0 .net "p1", 0 0, L_0x559324bef6c0;  1 drivers
v0x559324be7180_0 .net "p2", 0 0, L_0x559324bef7f0;  1 drivers
v0x559324be7240_0 .net "p3", 0 0, L_0x559324bef920;  1 drivers
S_0x559324be7400 .scope module, "cm7" "comp" 3 51, 4 21 0, S_0x559324b94810;
 .timescale -9 -12;
    .port_info 0 /INPUT 1 "a"
    .port_info 1 /INPUT 1 "b"
    .port_info 2 /INPUT 1 "p1"
    .port_info 3 /INPUT 1 "p2"
    .port_info 4 /INPUT 1 "p3"
    .port_info 5 /OUTPUT 1 "l1"
    .port_info 6 /OUTPUT 1 "l2"
    .port_info 7 /OUTPUT 1 "l3"
L_0x559324bec800 .functor NOT 1, L_0x559324bee300, C4<0>, C4<0>, C4<0>;
L_0x559324becfc0 .functor NOT 1, L_0x559324bedff0, C4<0>, C4<0>, C4<0>;
L_0x559324bed030 .functor AND 1, L_0x559324becfc0, L_0x559324bee0e0, C4<1>, C4<1>;
L_0x559324bed0a0 .functor OR 1, L_0x559324bee1d0, L_0x559324bed030, C4<0>, C4<0>;
L_0x559324bed170 .functor AND 1, L_0x559324bec800, L_0x559324bed0a0, C4<1>, C4<1>;
L_0x559324bed2b0 .functor NOT 1, L_0x559324bee1d0, C4<0>, C4<0>, C4<0>;
L_0x559324bed370 .functor NOT 1, L_0x559324bee0e0, C4<0>, C4<0>, C4<0>;
L_0x559324bed430 .functor AND 1, L_0x559324bedff0, L_0x559324bed370, C4<1>, C4<1>;
L_0x559324bed590 .functor OR 1, L_0x559324bee300, L_0x559324bed430, C4<0>, C4<0>;
L_0x559324bed6a0 .functor AND 1, L_0x559324bed2b0, L_0x559324bed590, C4<1>, C4<1>;
L_0x559324bed810 .functor NOT 1, L_0x559324bee1d0, C4<0>, C4<0>, C4<0>;
L_0x559324bed880 .functor NOT 1, L_0x559324bee300, C4<0>, C4<0>, C4<0>;
L_0x559324bed960 .functor AND 1, L_0x559324bed810, L_0x559324bed880, C4<1>, C4<1>;
L_0x559324beda20 .functor AND 1, L_0x559324bedff0, L_0x559324bee0e0, C4<1>, C4<1>;
L_0x559324bed8f0 .functor NOT 1, L_0x559324bedff0, C4<0>, C4<0>, C4<0>;
L_0x559324bedba0 .functor NOT 1, L_0x559324bee0e0, C4<0>, C4<0>, C4<0>;
L_0x559324bedd30 .functor AND 1, L_0x559324bed8f0, L_0x559324bedba0, C4<1>, C4<1>;
L_0x559324bedda0 .functor OR 1, L_0x559324beda20, L_0x559324bedd30, C4<0>, C4<0>;
L_0x559324bedca0 .functor AND 1, L_0x559324bed960, L_0x559324bedda0, C4<1>, C4<1>;
v0x559324be76a0_0 .net *"_s0", 0 0, L_0x559324bec800;  1 drivers
v0x559324be77a0_0 .net *"_s10", 0 0, L_0x559324bed2b0;  1 drivers
v0x559324be7880_0 .net *"_s12", 0 0, L_0x559324bed370;  1 drivers
v0x559324be7940_0 .net *"_s14", 0 0, L_0x559324bed430;  1 drivers
v0x559324be7a20_0 .net *"_s16", 0 0, L_0x559324bed590;  1 drivers
v0x559324be7b50_0 .net *"_s2", 0 0, L_0x559324becfc0;  1 drivers
v0x559324be7c30_0 .net *"_s20", 0 0, L_0x559324bed810;  1 drivers
v0x559324be7d10_0 .net *"_s22", 0 0, L_0x559324bed880;  1 drivers
v0x559324be7df0_0 .net *"_s24", 0 0, L_0x559324bed960;  1 drivers
v0x559324be7f60_0 .net *"_s26", 0 0, L_0x559324beda20;  1 drivers
v0x559324be8040_0 .net *"_s28", 0 0, L_0x559324bed8f0;  1 drivers
v0x559324be8120_0 .net *"_s30", 0 0, L_0x559324bedba0;  1 drivers
v0x559324be8200_0 .net *"_s32", 0 0, L_0x559324bedd30;  1 drivers
v0x559324be82e0_0 .net *"_s34", 0 0, L_0x559324bedda0;  1 drivers
v0x559324be83c0_0 .net *"_s4", 0 0, L_0x559324bed030;  1 drivers
v0x559324be84a0_0 .net *"_s6", 0 0, L_0x559324bed0a0;  1 drivers
v0x559324be8580_0 .net "a", 0 0, L_0x559324bedff0;  1 drivers
v0x559324be8730_0 .net "b", 0 0, L_0x559324bee0e0;  1 drivers
v0x559324be87d0_0 .net "l1", 0 0, L_0x559324bed170;  1 drivers
v0x559324be8870_0 .net "l2", 0 0, L_0x559324bed6a0;  1 drivers
v0x559324be8910_0 .net "l3", 0 0, L_0x559324bedca0;  1 drivers
v0x559324be89d0_0 .net "p1", 0 0, L_0x559324bee1d0;  1 drivers
v0x559324be8a90_0 .net "p2", 0 0, L_0x559324bee300;  1 drivers
v0x559324be8b50_0 .net "p3", 0 0, L_0x559324bee430;  1 drivers
S_0x559324be8d10 .scope module, "cm8" "comp" 3 50, 4 21 0, S_0x559324b94810;
 .timescale -9 -12;
    .port_info 0 /INPUT 1 "a"
    .port_info 1 /INPUT 1 "b"
    .port_info 2 /INPUT 1 "p1"
    .port_info 3 /INPUT 1 "p2"
    .port_info 4 /INPUT 1 "p3"
    .port_info 5 /OUTPUT 1 "l1"
    .port_info 6 /OUTPUT 1 "l2"
    .port_info 7 /OUTPUT 1 "l3"
L_0x7faac9fe1060 .functor BUFT 1, C4<0>, C4<0>, C4<0>, C4<0>;
L_0x559324bebaf0 .functor NOT 1, L_0x7faac9fe1060, C4<0>, C4<0>, C4<0>;
L_0x559324bebbc0 .functor NOT 1, L_0x559324becd60, C4<0>, C4<0>, C4<0>;
L_0x559324bebc90 .functor AND 1, L_0x559324bebbc0, L_0x559324bece00, C4<1>, C4<1>;
L_0x7faac9fe1018 .functor BUFT 1, C4<0>, C4<0>, C4<0>, C4<0>;
L_0x559324bebd80 .functor OR 1, L_0x7faac9fe1018, L_0x559324bebc90, C4<0>, C4<0>;
L_0x559324bebea0 .functor AND 1, L_0x559324bebaf0, L_0x559324bebd80, C4<1>, C4<1>;
L_0x559324bebfe0 .functor NOT 1, L_0x7faac9fe1018, C4<0>, C4<0>, C4<0>;
L_0x559324bec0e0 .functor NOT 1, L_0x559324bece00, C4<0>, C4<0>, C4<0>;
L_0x559324bec1a0 .functor AND 1, L_0x559324becd60, L_0x559324bec0e0, C4<1>, C4<1>;
L_0x559324bec300 .functor OR 1, L_0x7faac9fe1060, L_0x559324bec1a0, C4<0>, C4<0>;
L_0x559324bec410 .functor AND 1, L_0x559324bebfe0, L_0x559324bec300, C4<1>, C4<1>;
L_0x559324bec580 .functor NOT 1, L_0x7faac9fe1018, C4<0>, C4<0>, C4<0>;
L_0x559324bec5f0 .functor NOT 1, L_0x7faac9fe1060, C4<0>, C4<0>, C4<0>;
L_0x559324bec6d0 .functor AND 1, L_0x559324bec580, L_0x559324bec5f0, C4<1>, C4<1>;
L_0x559324bec790 .functor AND 1, L_0x559324becd60, L_0x559324bece00, C4<1>, C4<1>;
L_0x559324bec660 .functor NOT 1, L_0x559324becd60, C4<0>, C4<0>, C4<0>;
L_0x559324bec910 .functor NOT 1, L_0x559324bece00, C4<0>, C4<0>, C4<0>;
L_0x559324becaa0 .functor AND 1, L_0x559324bec660, L_0x559324bec910, C4<1>, C4<1>;
L_0x559324becb10 .functor OR 1, L_0x559324bec790, L_0x559324becaa0, C4<0>, C4<0>;
L_0x559324beca10 .functor AND 1, L_0x559324bec6d0, L_0x559324becb10, C4<1>, C4<1>;
v0x559324be8fb0_0 .net *"_s0", 0 0, L_0x559324bebaf0;  1 drivers
v0x559324be90b0_0 .net *"_s10", 0 0, L_0x559324bebfe0;  1 drivers
v0x559324be9190_0 .net *"_s12", 0 0, L_0x559324bec0e0;  1 drivers
v0x559324be9250_0 .net *"_s14", 0 0, L_0x559324bec1a0;  1 drivers
v0x559324be9330_0 .net *"_s16", 0 0, L_0x559324bec300;  1 drivers
v0x559324be9460_0 .net *"_s2", 0 0, L_0x559324bebbc0;  1 drivers
v0x559324be9540_0 .net *"_s20", 0 0, L_0x559324bec580;  1 drivers
v0x559324be9620_0 .net *"_s22", 0 0, L_0x559324bec5f0;  1 drivers
v0x559324be9700_0 .net *"_s24", 0 0, L_0x559324bec6d0;  1 drivers
v0x559324be9870_0 .net *"_s26", 0 0, L_0x559324bec790;  1 drivers
v0x559324be9950_0 .net *"_s28", 0 0, L_0x559324bec660;  1 drivers
v0x559324be9a30_0 .net *"_s30", 0 0, L_0x559324bec910;  1 drivers
v0x559324be9b10_0 .net *"_s32", 0 0, L_0x559324becaa0;  1 drivers
v0x559324be9bf0_0 .net *"_s34", 0 0, L_0x559324becb10;  1 drivers
v0x559324be9cd0_0 .net *"_s4", 0 0, L_0x559324bebc90;  1 drivers
v0x559324be9db0_0 .net *"_s6", 0 0, L_0x559324bebd80;  1 drivers
v0x559324be9e90_0 .net "a", 0 0, L_0x559324becd60;  1 drivers
v0x559324bea040_0 .net "b", 0 0, L_0x559324bece00;  1 drivers
v0x559324bea0e0_0 .net "l1", 0 0, L_0x559324bebea0;  1 drivers
v0x559324bea180_0 .net "l2", 0 0, L_0x559324bec410;  1 drivers
v0x559324bea220_0 .net "l3", 0 0, L_0x559324beca10;  1 drivers
v0x559324bea2e0_0 .net "p1", 0 0, L_0x7faac9fe1018;  1 drivers
v0x559324bea3a0_0 .net "p2", 0 0, L_0x7faac9fe1060;  1 drivers
L_0x7faac9fe10a8 .functor BUFT 1, C4<1>, C4<0>, C4<0>, C4<0>;
v0x559324bea460_0 .net "p3", 0 0, L_0x7faac9fe10a8;  1 drivers
    .scope S_0x559324b94810;
T_0 ;
    %wait E_0x559324bc1780;
    %load/vec4 v0x559324beb280_0;
    %ix/load 4, 0, 0;
    %ix/load 5, 0, 0;
    %flag_set/imm 4, 0;
    %assign/vec4/off/d v0x559324bea8c0_0, 4, 5;
    %jmp T_0;
    .thread T_0;
    .scope S_0x559324b94810;
T_1 ;
    %wait E_0x559324b9ae00;
    %load/vec4 v0x559324beb280_0;
    %ix/load 4, 4, 0;
    %ix/load 5, 0, 0;
    %flag_set/imm 4, 0;
    %assign/vec4/off/d v0x559324bea8c0_0, 4, 5;
    %jmp T_1;
    .thread T_1;
    .scope S_0x559324b94810;
T_2 ;
    %wait E_0x559324ba14e0;
    %load/vec4 v0x559324beb280_0;
    %ix/load 4, 0, 0;
    %ix/load 5, 0, 0;
    %flag_set/imm 4, 0;
    %assign/vec4/off/d v0x559324bea9a0_0, 4, 5;
    %jmp T_2;
    .thread T_2;
    .scope S_0x559324b94810;
T_3 ;
    %wait E_0x559324ba7af0;
    %load/vec4 v0x559324beb280_0;
    %ix/load 4, 4, 0;
    %ix/load 5, 0, 0;
    %flag_set/imm 4, 0;
    %assign/vec4/off/d v0x559324bea9a0_0, 4, 5;
    %jmp T_3;
    .thread T_3;
    .scope S_0x559324bb4720;
T_4 ;
    %wait E_0x559324bae1f0;
    %vpi_call 2 35 "$display", "time = %d: y = %b, led0 = %b, led1 = %b, led2 =%b, pb1=%b,pb2=%b,pb3=%b,pb4=%b\012", $time, v0x559324beba20_0, v0x559324beb460_0, v0x559324beb520_0, v0x559324beb630_0, v0x559324beb720_0, v0x559324beb7c0_0, v0x559324beb8b0_0, v0x559324beb950_0 {0 0 0};
    %jmp T_4;
    .thread T_4, $push;
    .scope S_0x559324bb4720;
T_5 ;
    %delay 5000, 0;
    %pushi/vec4 1, 0, 4;
    %store/vec4 v0x559324beba20_0, 0, 4;
    %pushi/vec4 0, 0, 1;
    %store/vec4 v0x559324beb720_0, 0, 1;
    %pushi/vec4 0, 0, 1;
    %store/vec4 v0x559324beb7c0_0, 0, 1;
    %pushi/vec4 0, 0, 1;
    %store/vec4 v0x559324beb8b0_0, 0, 1;
    %pushi/vec4 0, 0, 1;
    %store/vec4 v0x559324beb950_0, 0, 1;
    %delay 5000, 0;
    %pushi/vec4 1, 0, 4;
    %store/vec4 v0x559324beba20_0, 0, 4;
    %pushi/vec4 1, 0, 1;
    %store/vec4 v0x559324beb720_0, 0, 1;
    %pushi/vec4 0, 0, 1;
    %store/vec4 v0x559324beb7c0_0, 0, 1;
    %pushi/vec4 0, 0, 1;
    %store/vec4 v0x559324beb8b0_0, 0, 1;
    %pushi/vec4 0, 0, 1;
    %store/vec4 v0x559324beb950_0, 0, 1;
    %delay 5000, 0;
    %pushi/vec4 1, 0, 4;
    %store/vec4 v0x559324beba20_0, 0, 4;
    %pushi/vec4 0, 0, 1;
    %store/vec4 v0x559324beb720_0, 0, 1;
    %pushi/vec4 0, 0, 1;
    %store/vec4 v0x559324beb7c0_0, 0, 1;
    %pushi/vec4 0, 0, 1;
    %store/vec4 v0x559324beb8b0_0, 0, 1;
    %pushi/vec4 0, 0, 1;
    %store/vec4 v0x559324beb950_0, 0, 1;
    %delay 5000, 0;
    %pushi/vec4 0, 0, 4;
    %store/vec4 v0x559324beba20_0, 0, 4;
    %pushi/vec4 0, 0, 1;
    %store/vec4 v0x559324beb720_0, 0, 1;
    %pushi/vec4 1, 0, 1;
    %store/vec4 v0x559324beb7c0_0, 0, 1;
    %pushi/vec4 0, 0, 1;
    %store/vec4 v0x559324beb8b0_0, 0, 1;
    %pushi/vec4 0, 0, 1;
    %store/vec4 v0x559324beb950_0, 0, 1;
    %delay 5000, 0;
    %pushi/vec4 0, 0, 4;
    %store/vec4 v0x559324beba20_0, 0, 4;
    %pushi/vec4 0, 0, 1;
    %store/vec4 v0x559324beb720_0, 0, 1;
    %pushi/vec4 0, 0, 1;
    %store/vec4 v0x559324beb7c0_0, 0, 1;
    %pushi/vec4 0, 0, 1;
    %store/vec4 v0x559324beb8b0_0, 0, 1;
    %pushi/vec4 0, 0, 1;
    %store/vec4 v0x559324beb950_0, 0, 1;
    %delay 5000, 0;
    %pushi/vec4 0, 0, 4;
    %store/vec4 v0x559324beba20_0, 0, 4;
    %pushi/vec4 0, 0, 1;
    %store/vec4 v0x559324beb720_0, 0, 1;
    %pushi/vec4 0, 0, 1;
    %store/vec4 v0x559324beb7c0_0, 0, 1;
    %pushi/vec4 1, 0, 1;
    %store/vec4 v0x559324beb8b0_0, 0, 1;
    %pushi/vec4 0, 0, 1;
    %store/vec4 v0x559324beb950_0, 0, 1;
    %delay 5000, 0;
    %pushi/vec4 0, 0, 4;
    %store/vec4 v0x559324beba20_0, 0, 4;
    %pushi/vec4 0, 0, 1;
    %store/vec4 v0x559324beb720_0, 0, 1;
    %pushi/vec4 0, 0, 1;
    %store/vec4 v0x559324beb7c0_0, 0, 1;
    %pushi/vec4 0, 0, 1;
    %store/vec4 v0x559324beb8b0_0, 0, 1;
    %pushi/vec4 0, 0, 1;
    %store/vec4 v0x559324beb950_0, 0, 1;
    %delay 5000, 0;
    %pushi/vec4 1, 0, 4;
    %store/vec4 v0x559324beba20_0, 0, 4;
    %pushi/vec4 0, 0, 1;
    %store/vec4 v0x559324beb720_0, 0, 1;
    %pushi/vec4 0, 0, 1;
    %store/vec4 v0x559324beb7c0_0, 0, 1;
    %pushi/vec4 0, 0, 1;
    %store/vec4 v0x559324beb8b0_0, 0, 1;
    %pushi/vec4 1, 0, 1;
    %store/vec4 v0x559324beb950_0, 0, 1;
    %delay 5000, 0;
    %pushi/vec4 1, 0, 4;
    %store/vec4 v0x559324beba20_0, 0, 4;
    %pushi/vec4 0, 0, 1;
    %store/vec4 v0x559324beb720_0, 0, 1;
    %pushi/vec4 0, 0, 1;
    %store/vec4 v0x559324beb7c0_0, 0, 1;
    %pushi/vec4 0, 0, 1;
    %store/vec4 v0x559324beb8b0_0, 0, 1;
    %pushi/vec4 0, 0, 1;
    %store/vec4 v0x559324beb950_0, 0, 1;
    %delay 5000, 0;
    %vpi_call 2 58 "$finish" {0 0 0};
    %end;
    .thread T_5;
# The file index is used to find the file name in the following table.
:file_names 5;
    "N/A";
    "<interactive>";
    "seven_bit_top.v";
    "./seven_bit.v";
    "./comp.v";
