Running: /opt/Xilinx/14.7/ISE_DS/ISE/bin/lin64/unwrapped/fuse -intstyle ise -incremental -lib unisims_ver -lib unimacro_ver -lib xilinxcorelib_ver -o /users/btech/hritvikt/Desktop/CS220/Lab2/Lab2_2/eight_bit_comp/eight_bit_comp_top_isim_beh.exe -prj /users/btech/hritvikt/Desktop/CS220/Lab2/Lab2_2/eight_bit_comp/eight_bit_comp_top_beh.prj work.eight_bit_comp_top work.glbl 
ISim P.20131013 (signature 0xfbc00daa)
Number of CPUs detected in this system: 4
Turning on mult-threading, number of parallel sub-compilation jobs: 8 
Determining compilation order of HDL files
Analyzing Verilog file "/users/btech/hritvikt/Desktop/CS220/Lab2/Lab2_2/eight_bit_comp/comp.v" into library work
Analyzing Verilog file "/users/btech/hritvikt/Desktop/CS220/Lab2/Lab2_2/eight_bit_comp/eight_bit_comp.v" into library work
Analyzing Verilog file "/users/btech/hritvikt/Desktop/CS220/Lab2/Lab2_2/eight_bit_comp/eight_bit_comp_top.v" into library work
Analyzing Verilog file "/opt/Xilinx/14.7/ISE_DS/ISE//verilog/src/glbl.v" into library work
Starting static elaboration
Completed static elaboration
Fuse Memory Usage: 99924 KB
Fuse CPU Usage: 2240 ms
Compiling module comp
Compiling module eight_bit_comp
Compiling module eight_bit_comp_top
Compiling module glbl
Time Resolution for simulation is 1ps.
Waiting for 1 sub-compilation(s) to finish...
Compiled 4 Verilog Units
Built simulation executable /users/btech/hritvikt/Desktop/CS220/Lab2/Lab2_2/eight_bit_comp/eight_bit_comp_top_isim_beh.exe
Fuse Memory Usage: 659192 KB
Fuse CPU Usage: 2270 ms
GCC CPU Usage: 480 ms
