#-----------------------------------------------------------
# PlanAhead v14.7 (64-bit)
# Build 321239 by xbuild on Fri Sep 27 19:24:36 MDT 2013
# Start of session at: Mon Mar  5 14:10:33 2018
# Process ID: 31721
# Log file: /users/misc/vishadv/Documents/lab5_1/planAhead_run_1/planAhead.log
# Journal file: /users/misc/vishadv/Documents/lab5_1/planAhead_run_1/planAhead.jou
#-----------------------------------------------------------
INFO: [Common 17-78] Attempting to get a license: PlanAhead
INFO: [Common 17-290] Got license for PlanAhead
INFO: [Device 21-36] Loading parts and site information from /opt/Xilinx/14.7/ISE_DS/PlanAhead/data/parts/arch.xml
Parsing RTL primitives file [/opt/Xilinx/14.7/ISE_DS/PlanAhead/data/parts/xilinx/rtl/prims/rtl_prims.xml]
Finished parsing RTL primitives file [/opt/Xilinx/14.7/ISE_DS/PlanAhead/data/parts/xilinx/rtl/prims/rtl_prims.xml]
start_gui
source /users/misc/vishadv/Documents/lab5_1/pa.fromHdl.tcl
# create_project -name lab5_1 -dir "/users/misc/vishadv/Documents/lab5_1/planAhead_run_1" -part xc3s500efg320-4
create_project: Time (s): cpu = 00:00:07 ; elapsed = 00:00:07 . Memory (MB): peak = 2721.059 ; gain = 26.148
# set_param project.pinAheadLayout yes
# set srcset [get_property srcset [current_run -impl]]
# set_property target_constrs_file "LCD_top.ucf" [current_fileset -constrset]
Adding file '/users/misc/vishadv/Documents/lab5_1/LCD_top.ucf' to fileset 'constrs_1'
# set hdlfile [add_files [list {LCD_base_driver.v}]]
# set_property file_type Verilog $hdlfile
# set_property library work $hdlfile
# set hdlfile [add_files [list {LCD_driver.v}]]
# set_property file_type Verilog $hdlfile
# set_property library work $hdlfile
# set hdlfile [add_files [list {LCD_top.v}]]
# set_property file_type Verilog $hdlfile
# set_property library work $hdlfile
# set_property top LCD_top $srcset
# add_files [list {LCD_top.ucf}] -fileset [get_property constrset [current_run]]
# open_rtl_design -part xc3s500efg320-4
Using Verific elaboration
Parsing VHDL file "/opt/Xilinx/14.7/ISE_DS/PlanAhead/data/parts/xilinx/rtl/lib/synplify/synattr.vhd" into library synplify
Analyzing Verilog file "/users/misc/vishadv/Documents/lab5_1/LCD_base_driver.v" into library work
Analyzing Verilog file "/users/misc/vishadv/Documents/lab5_1/LCD_driver.v" into library work
Analyzing Verilog file "/users/misc/vishadv/Documents/lab5_1/LCD_top.v" into library work
INFO: [Designutils 20-910] Reading macro library /opt/Xilinx/14.7/ISE_DS/PlanAhead/data/./parts/xilinx/spartan3e/spartan3e/hd_int_macros.edn
Parsing EDIF File [/opt/Xilinx/14.7/ISE_DS/PlanAhead/data/./parts/xilinx/spartan3e/spartan3e/hd_int_macros.edn]
Finished Parsing EDIF File [/opt/Xilinx/14.7/ISE_DS/PlanAhead/data/./parts/xilinx/spartan3e/spartan3e/hd_int_macros.edn]
Loading clock regions from /opt/Xilinx/14.7/ISE_DS/PlanAhead/data/parts/xilinx/spartan3e/spartan3e/xc3s500e/ClockRegion.xml
Loading clock buffers from /opt/Xilinx/14.7/ISE_DS/PlanAhead/data/parts/xilinx/spartan3e/spartan3e/xc3s500e/ClockBuffers.xml
Loading package from /opt/Xilinx/14.7/ISE_DS/PlanAhead/data/parts/xilinx/spartan3e/spartan3e/xc3s500e/fg320/Package.xml
Loading io standards from /opt/Xilinx/14.7/ISE_DS/PlanAhead/data/./parts/xilinx/spartan3e/IOStandards.xml
INFO: [Device 21-19] Loading pkg sso from /opt/Xilinx/14.7/ISE_DS/PlanAhead/data/parts/xilinx/spartan3e/spartan3e/xc3s500e/fg320/SSORules.xml
Loading list of drcs for the architecture : /opt/Xilinx/14.7/ISE_DS/PlanAhead/data/./parts/xilinx/spartan3e/spartan3e/drc.xml
INFO: [Timing 38-77] Reading timing library /opt/Xilinx/14.7/ISE_DS/PlanAhead/data/parts/xilinx/spartan3e/spartan3e/spartan3e-4.lib.
INFO: [Timing 38-34] Done reading timing library /opt/Xilinx/14.7/ISE_DS/PlanAhead/data/parts/xilinx/spartan3e/spartan3e/spartan3e-4.lib.
Parsing UCF File [/users/misc/vishadv/Documents/lab5_1/LCD_top.ucf]
Finished Parsing UCF File [/users/misc/vishadv/Documents/lab5_1/LCD_top.ucf]
INFO: [Project 1-111] Unisim Transformation Summary:
No Unisim elements were transformed.

Phase 0 | Netlist Checksum: 2cb8cc6d
open_rtl_design: Time (s): cpu = 00:00:19 ; elapsed = 00:00:09 . Memory (MB): peak = 2845.605 ; gain = 124.547
update_compile_order -fileset sim_1
set_property package_pin "" [get_ports [list  LCD_E]]
startgroup
set_property package_pin M18 [get_ports LCD_E]
endgroup
set_property is_loc_fixed false [get_ports [list  LCD_E]]
set_property is_loc_fixed true [get_ports [list  LCD_E]]
set_property iostandard LVCMOS33 [get_ports [list LCD_E]]
set_property drive 4 [get_ports [list LCD_E]]
startgroup
set_property package_pin L18 [get_ports LCD_RS]
endgroup
set_property is_loc_fixed false [get_ports [list  LCD_RS]]
set_property is_loc_fixed true [get_ports [list  LCD_RS]]
set_property is_loc_fixed false [get_ports [list  LCD_RS]]
set_property is_loc_fixed true [get_ports [list  LCD_RS]]
set_property iostandard LVCMOS33 [get_ports [list LCD_RS]]
set_property drive 4 [get_ports [list LCD_RS]]
startgroup
set_property package_pin L17 [get_ports LCD_W]
endgroup
set_property is_loc_fixed false [get_ports [list  LCD_W]]
set_property is_loc_fixed true [get_ports [list  LCD_W]]
set_property iostandard LVCMOS33 [get_ports [list LCD_W]]
set_property drive 4 [get_ports [list LCD_W]]
startgroup
set_property package_pin M15 [get_ports {data[3]}]
endgroup
startgroup
set_property package_pin P17 [get_ports {data[2]}]
endgroup
startgroup
set_property package_pin R16 [get_ports {data[1]}]
endgroup
startgroup
set_property package_pin R15 [get_ports {data[0]}]
endgroup
set_property is_loc_fixed false [get_ports [list  {data[0]}]]
set_property iostandard LVCMOS33 [get_ports [list {data[3]} {data[2]} {data[1]} {data[0]}]]
set_property drive 4 [get_ports [list {data[3]} {data[2]} {data[1]} {data[0]}]]
set_property is_loc_fixed true [get_ports [list  {data[0]}]]
startgroup
set_property package_pin C9 [get_ports clk]
endgroup
set_property is_loc_fixed false [get_ports [list  clk]]
set_property is_loc_fixed true [get_ports [list  clk]]
save_constraints
exit
ERROR: [#UNDEF] *** Exception: ui.h.b: Found deleted key in HTclEventBroker. Verify if the classes listed here call cleanup()
HTclEvent: SIGNAL_BUS_MODIFY   Classes: ui.views.aR 
HTclEvent: DEBUG_CORE_CONFIG_CHANGE   Classes: ui.views.aR 
HTclEvent: SIGNAL_MODIFY   Classes: ui.views.aR 
HTclEvent: DEBUG_PORT_CONFIG_CHANGE   Classes: ui.views.aR 
 (See /users/misc/vishadv/Documents/lab5_1/planAhead_pid31721.debug)
ERROR: [Common 17-39] 'stop_gui' failed due to earlier errors.
INFO: [Common 17-206] Exiting PlanAhead at Mon Mar  5 14:21:09 2018...
INFO: [Common 17-83] Releasing license: PlanAhead
