#! /usr/bin/vvp
:ivl_version "10.2 (stable)" "(v10_2)";
:ivl_delay_selection "TYPICAL";
:vpi_time_precision - 12;
:vpi_module "system";
:vpi_module "vhdl_sys";
:vpi_module "v2005_math";
:vpi_module "va_math";
S_0x55b316117be0 .scope module, "ripple" "ripple" 2 4;
 .timescale -9 -12;
    .port_info 0 /INPUT 1 "clk"
    .port_info 1 /OUTPUT 1 "led0"
    .port_info 2 /OUTPUT 1 "led1"
    .port_info 3 /OUTPUT 1 "led2"
    .port_info 4 /OUTPUT 1 "led3"
    .port_info 5 /OUTPUT 1 "led4"
    .port_info 6 /OUTPUT 1 "led5"
    .port_info 7 /OUTPUT 1 "led6"
    .port_info 8 /OUTPUT 1 "led7"
o0x7f4c25600018 .functor BUFZ 1, C4<z>; HiZ drive
v0x55b316117ea0_0 .net "clk", 0 0, o0x7f4c25600018;  0 drivers
v0x55b316172470_0 .var "counter", 25 0;
v0x55b316172550_0 .var "led0", 0 0;
v0x55b316172620_0 .var "led1", 0 0;
v0x55b3161726e0_0 .var "led2", 0 0;
v0x55b3161727f0_0 .var "led3", 0 0;
v0x55b3161728b0_0 .var "led4", 0 0;
v0x55b316172970_0 .var "led5", 0 0;
v0x55b316172a30_0 .var "led6", 0 0;
v0x55b316172b80_0 .var "led7", 0 0;
E_0x55b31614e010 .event posedge, v0x55b316172470_0;
E_0x55b31614d280 .event posedge, v0x55b316117ea0_0;
    .scope S_0x55b316117be0;
T_0 ;
    %pushi/vec4 1, 0, 1;
    %store/vec4 v0x55b316172550_0, 0, 1;
    %pushi/vec4 0, 0, 26;
    %store/vec4 v0x55b316172470_0, 0, 26;
    %end;
    .thread T_0;
    .scope S_0x55b316117be0;
T_1 ;
    %wait E_0x55b31614d280;
    %load/vec4 v0x55b316172470_0;
    %addi 1, 0, 26;
    %assign/vec4 v0x55b316172470_0, 0;
    %jmp T_1;
    .thread T_1;
    .scope S_0x55b316117be0;
T_2 ;
    %wait E_0x55b31614e010;
    %load/vec4 v0x55b316172470_0;
    %pad/u 32;
    %cmpi/e 50000000, 0, 32;
    %jmp/0xz  T_2.0, 4;
    %load/vec4 v0x55b316172550_0;
    %assign/vec4 v0x55b316172620_0, 0;
    %load/vec4 v0x55b316172620_0;
    %assign/vec4 v0x55b3161726e0_0, 0;
    %load/vec4 v0x55b3161726e0_0;
    %assign/vec4 v0x55b3161727f0_0, 0;
    %load/vec4 v0x55b3161727f0_0;
    %assign/vec4 v0x55b3161728b0_0, 0;
    %load/vec4 v0x55b3161728b0_0;
    %assign/vec4 v0x55b316172970_0, 0;
    %load/vec4 v0x55b316172970_0;
    %assign/vec4 v0x55b316172a30_0, 0;
    %load/vec4 v0x55b316172a30_0;
    %assign/vec4 v0x55b316172b80_0, 0;
    %load/vec4 v0x55b316172b80_0;
    %assign/vec4 v0x55b316172550_0, 0;
    %pushi/vec4 0, 0, 26;
    %assign/vec4 v0x55b316172470_0, 0;
T_2.0 ;
    %jmp T_2;
    .thread T_2;
# The file index is used to find the file name in the following table.
:file_names 3;
    "N/A";
    "<interactive>";
    "ripple.v";
