#! /usr/local/bin/vvp
:ivl_version "10.1 (stable)" "(v10_1-97-g480fb0b4)";
:ivl_delay_selection "TYPICAL";
:vpi_time_precision + 0;
:vpi_module "system";
:vpi_module "vhdl_sys";
:vpi_module "v2005_math";
:vpi_module "va_math";
S_0x7ff57a624640 .scope module, "lcd_driver" "lcd_driver" 2 1;
 .timescale 0 0;
    .port_info 0 /INPUT 128 "line_a"
    .port_info 1 /INPUT 128 "line_b"
    .port_info 2 /INPUT 1 "clk"
    .port_info 3 /OUTPUT 1 "LCD_RS"
    .port_info 4 /OUTPUT 1 "LCD_W"
    .port_info 5 /OUTPUT 1 "LCD_E"
    .port_info 6 /OUTPUT 4 "databits"
v0x7ff57a6247d0_0 .var "LCD_E", 0 0;
v0x7ff57a634860_0 .var "LCD_RS", 0 0;
v0x7ff57a634900_0 .var "LCD_W", 0 0;
o0x106fc1098 .functor BUFZ 1, C4<z>; HiZ drive
v0x7ff57a634990_0 .net "clk", 0 0, o0x106fc1098;  0 drivers
v0x7ff57a634a30_0 .var "counter", 19 0;
v0x7ff57a634b20_0 .var "databits", 3 0;
o0x106fc1128 .functor BUFZ 128, C4<zzzzzzzzzzzzzzzzzzzzzzzzzzzzzzzzzzzzzzzzzzzzzzzzzzzzzzzzzzzzzzzzzzzzzzzzzzzzzzzzzzzzzzzzzzzzzzzzzzzzzzzzzzzzzzzzzzzzzzzzzzzzzzzz>; HiZ drive
v0x7ff57a634bd0_0 .net "line_a", 127 0, o0x106fc1128;  0 drivers
o0x106fc1158 .functor BUFZ 128, C4<zzzzzzzzzzzzzzzzzzzzzzzzzzzzzzzzzzzzzzzzzzzzzzzzzzzzzzzzzzzzzzzzzzzzzzzzzzzzzzzzzzzzzzzzzzzzzzzzzzzzzzzzzzzzzzzzzzzzzzzzzzzzzzzz>; HiZ drive
v0x7ff57a634c80_0 .net "line_b", 127 0, o0x106fc1158;  0 drivers
v0x7ff57a634d30_0 .var "state", 15 0;
E_0x7ff57a6247a0 .event posedge, v0x7ff57a634990_0;
    .scope S_0x7ff57a624640;
T_0 ;
    %pushi/vec4 0, 0, 20;
    %store/vec4 v0x7ff57a634a30_0, 0, 20;
    %pushi/vec4 0, 0, 16;
    %store/vec4 v0x7ff57a634d30_0, 0, 16;
    %end;
    .thread T_0;
    .scope S_0x7ff57a624640;
T_1 ;
    %wait E_0x7ff57a6247a0;
    %load/vec4 v0x7ff57a634a30_0;
    %pad/u 32;
    %cmpi/e 100000, 0, 32;
    %jmp/0xz  T_1.0, 4;
    %load/vec4 v0x7ff57a634d30_0;
    %dup/vec4;
    %pushi/vec4 0, 0, 16;
    %cmp/u;
    %jmp/1 T_1.2, 6;
    %dup/vec4;
    %pushi/vec4 1, 0, 16;
    %cmp/u;
    %jmp/1 T_1.3, 6;
    %dup/vec4;
    %pushi/vec4 2, 0, 16;
    %cmp/u;
    %jmp/1 T_1.4, 6;
    %dup/vec4;
    %pushi/vec4 3, 0, 16;
    %cmp/u;
    %jmp/1 T_1.5, 6;
    %dup/vec4;
    %pushi/vec4 4, 0, 16;
    %cmp/u;
    %jmp/1 T_1.6, 6;
    %dup/vec4;
    %pushi/vec4 5, 0, 16;
    %cmp/u;
    %jmp/1 T_1.7, 6;
    %dup/vec4;
    %pushi/vec4 6, 0, 16;
    %cmp/u;
    %jmp/1 T_1.8, 6;
    %dup/vec4;
    %pushi/vec4 7, 0, 16;
    %cmp/u;
    %jmp/1 T_1.9, 6;
    %dup/vec4;
    %pushi/vec4 8, 0, 16;
    %cmp/u;
    %jmp/1 T_1.10, 6;
    %dup/vec4;
    %pushi/vec4 9, 0, 16;
    %cmp/u;
    %jmp/1 T_1.11, 6;
    %dup/vec4;
    %pushi/vec4 10, 0, 16;
    %cmp/u;
    %jmp/1 T_1.12, 6;
    %dup/vec4;
    %pushi/vec4 11, 0, 16;
    %cmp/u;
    %jmp/1 T_1.13, 6;
    %dup/vec4;
    %pushi/vec4 12, 0, 16;
    %cmp/u;
    %jmp/1 T_1.14, 6;
    %dup/vec4;
    %pushi/vec4 13, 0, 16;
    %cmp/u;
    %jmp/1 T_1.15, 6;
    %dup/vec4;
    %pushi/vec4 14, 0, 16;
    %cmp/u;
    %jmp/1 T_1.16, 6;
    %dup/vec4;
    %pushi/vec4 15, 0, 16;
    %cmp/u;
    %jmp/1 T_1.17, 6;
    %dup/vec4;
    %pushi/vec4 16, 0, 16;
    %cmp/u;
    %jmp/1 T_1.18, 6;
    %dup/vec4;
    %pushi/vec4 17, 0, 16;
    %cmp/u;
    %jmp/1 T_1.19, 6;
    %dup/vec4;
    %pushi/vec4 18, 0, 16;
    %cmp/u;
    %jmp/1 T_1.20, 6;
    %dup/vec4;
    %pushi/vec4 19, 0, 16;
    %cmp/u;
    %jmp/1 T_1.21, 6;
    %dup/vec4;
    %pushi/vec4 20, 0, 16;
    %cmp/u;
    %jmp/1 T_1.22, 6;
    %dup/vec4;
    %pushi/vec4 21, 0, 16;
    %cmp/u;
    %jmp/1 T_1.23, 6;
    %dup/vec4;
    %pushi/vec4 22, 0, 16;
    %cmp/u;
    %jmp/1 T_1.24, 6;
    %dup/vec4;
    %pushi/vec4 23, 0, 16;
    %cmp/u;
    %jmp/1 T_1.25, 6;
    %dup/vec4;
    %pushi/vec4 24, 0, 16;
    %cmp/u;
    %jmp/1 T_1.26, 6;
    %dup/vec4;
    %pushi/vec4 25, 0, 16;
    %cmp/u;
    %jmp/1 T_1.27, 6;
    %dup/vec4;
    %pushi/vec4 26, 0, 16;
    %cmp/u;
    %jmp/1 T_1.28, 6;
    %dup/vec4;
    %pushi/vec4 27, 0, 16;
    %cmp/u;
    %jmp/1 T_1.29, 6;
    %dup/vec4;
    %pushi/vec4 28, 0, 16;
    %cmp/u;
    %jmp/1 T_1.30, 6;
    %dup/vec4;
    %pushi/vec4 29, 0, 16;
    %cmp/u;
    %jmp/1 T_1.31, 6;
    %dup/vec4;
    %pushi/vec4 30, 0, 16;
    %cmp/u;
    %jmp/1 T_1.32, 6;
    %dup/vec4;
    %pushi/vec4 31, 0, 16;
    %cmp/u;
    %jmp/1 T_1.33, 6;
    %dup/vec4;
    %pushi/vec4 32, 0, 16;
    %cmp/u;
    %jmp/1 T_1.34, 6;
    %dup/vec4;
    %pushi/vec4 33, 0, 16;
    %cmp/u;
    %jmp/1 T_1.35, 6;
    %dup/vec4;
    %pushi/vec4 34, 0, 16;
    %cmp/u;
    %jmp/1 T_1.36, 6;
    %dup/vec4;
    %pushi/vec4 35, 0, 16;
    %cmp/u;
    %jmp/1 T_1.37, 6;
    %dup/vec4;
    %pushi/vec4 36, 0, 16;
    %cmp/u;
    %jmp/1 T_1.38, 6;
    %dup/vec4;
    %pushi/vec4 37, 0, 16;
    %cmp/u;
    %jmp/1 T_1.39, 6;
    %dup/vec4;
    %pushi/vec4 38, 0, 16;
    %cmp/u;
    %jmp/1 T_1.40, 6;
    %dup/vec4;
    %pushi/vec4 39, 0, 16;
    %cmp/u;
    %jmp/1 T_1.41, 6;
    %dup/vec4;
    %pushi/vec4 40, 0, 16;
    %cmp/u;
    %jmp/1 T_1.42, 6;
    %dup/vec4;
    %pushi/vec4 41, 0, 16;
    %cmp/u;
    %jmp/1 T_1.43, 6;
    %dup/vec4;
    %pushi/vec4 42, 0, 16;
    %cmp/u;
    %jmp/1 T_1.44, 6;
    %dup/vec4;
    %pushi/vec4 43, 0, 16;
    %cmp/u;
    %jmp/1 T_1.45, 6;
    %dup/vec4;
    %pushi/vec4 44, 0, 16;
    %cmp/u;
    %jmp/1 T_1.46, 6;
    %dup/vec4;
    %pushi/vec4 45, 0, 16;
    %cmp/u;
    %jmp/1 T_1.47, 6;
    %dup/vec4;
    %pushi/vec4 46, 0, 16;
    %cmp/u;
    %jmp/1 T_1.48, 6;
    %dup/vec4;
    %pushi/vec4 47, 0, 16;
    %cmp/u;
    %jmp/1 T_1.49, 6;
    %dup/vec4;
    %pushi/vec4 48, 0, 16;
    %cmp/u;
    %jmp/1 T_1.50, 6;
    %dup/vec4;
    %pushi/vec4 49, 0, 16;
    %cmp/u;
    %jmp/1 T_1.51, 6;
    %dup/vec4;
    %pushi/vec4 50, 0, 16;
    %cmp/u;
    %jmp/1 T_1.52, 6;
    %dup/vec4;
    %pushi/vec4 51, 0, 16;
    %cmp/u;
    %jmp/1 T_1.53, 6;
    %dup/vec4;
    %pushi/vec4 52, 0, 16;
    %cmp/u;
    %jmp/1 T_1.54, 6;
    %dup/vec4;
    %pushi/vec4 53, 0, 16;
    %cmp/u;
    %jmp/1 T_1.55, 6;
    %dup/vec4;
    %pushi/vec4 54, 0, 16;
    %cmp/u;
    %jmp/1 T_1.56, 6;
    %dup/vec4;
    %pushi/vec4 55, 0, 16;
    %cmp/u;
    %jmp/1 T_1.57, 6;
    %dup/vec4;
    %pushi/vec4 56, 0, 16;
    %cmp/u;
    %jmp/1 T_1.58, 6;
    %dup/vec4;
    %pushi/vec4 57, 0, 16;
    %cmp/u;
    %jmp/1 T_1.59, 6;
    %dup/vec4;
    %pushi/vec4 58, 0, 16;
    %cmp/u;
    %jmp/1 T_1.60, 6;
    %dup/vec4;
    %pushi/vec4 59, 0, 16;
    %cmp/u;
    %jmp/1 T_1.61, 6;
    %dup/vec4;
    %pushi/vec4 60, 0, 16;
    %cmp/u;
    %jmp/1 T_1.62, 6;
    %dup/vec4;
    %pushi/vec4 61, 0, 16;
    %cmp/u;
    %jmp/1 T_1.63, 6;
    %dup/vec4;
    %pushi/vec4 62, 0, 16;
    %cmp/u;
    %jmp/1 T_1.64, 6;
    %dup/vec4;
    %pushi/vec4 63, 0, 16;
    %cmp/u;
    %jmp/1 T_1.65, 6;
    %dup/vec4;
    %pushi/vec4 64, 0, 16;
    %cmp/u;
    %jmp/1 T_1.66, 6;
    %dup/vec4;
    %pushi/vec4 65, 0, 16;
    %cmp/u;
    %jmp/1 T_1.67, 6;
    %dup/vec4;
    %pushi/vec4 66, 0, 16;
    %cmp/u;
    %jmp/1 T_1.68, 6;
    %dup/vec4;
    %pushi/vec4 67, 0, 16;
    %cmp/u;
    %jmp/1 T_1.69, 6;
    %dup/vec4;
    %pushi/vec4 68, 0, 16;
    %cmp/u;
    %jmp/1 T_1.70, 6;
    %dup/vec4;
    %pushi/vec4 69, 0, 16;
    %cmp/u;
    %jmp/1 T_1.71, 6;
    %dup/vec4;
    %pushi/vec4 70, 0, 16;
    %cmp/u;
    %jmp/1 T_1.72, 6;
    %dup/vec4;
    %pushi/vec4 71, 0, 16;
    %cmp/u;
    %jmp/1 T_1.73, 6;
    %dup/vec4;
    %pushi/vec4 72, 0, 16;
    %cmp/u;
    %jmp/1 T_1.74, 6;
    %dup/vec4;
    %pushi/vec4 73, 0, 16;
    %cmp/u;
    %jmp/1 T_1.75, 6;
    %dup/vec4;
    %pushi/vec4 74, 0, 16;
    %cmp/u;
    %jmp/1 T_1.76, 6;
    %dup/vec4;
    %pushi/vec4 75, 0, 16;
    %cmp/u;
    %jmp/1 T_1.77, 6;
    %dup/vec4;
    %pushi/vec4 76, 0, 16;
    %cmp/u;
    %jmp/1 T_1.78, 6;
    %dup/vec4;
    %pushi/vec4 77, 0, 16;
    %cmp/u;
    %jmp/1 T_1.79, 6;
    %dup/vec4;
    %pushi/vec4 78, 0, 16;
    %cmp/u;
    %jmp/1 T_1.80, 6;
    %dup/vec4;
    %pushi/vec4 79, 0, 16;
    %cmp/u;
    %jmp/1 T_1.81, 6;
    %dup/vec4;
    %pushi/vec4 80, 0, 16;
    %cmp/u;
    %jmp/1 T_1.82, 6;
    %dup/vec4;
    %pushi/vec4 81, 0, 16;
    %cmp/u;
    %jmp/1 T_1.83, 6;
    %dup/vec4;
    %pushi/vec4 82, 0, 16;
    %cmp/u;
    %jmp/1 T_1.84, 6;
    %dup/vec4;
    %pushi/vec4 83, 0, 16;
    %cmp/u;
    %jmp/1 T_1.85, 6;
    %dup/vec4;
    %pushi/vec4 84, 0, 16;
    %cmp/u;
    %jmp/1 T_1.86, 6;
    %dup/vec4;
    %pushi/vec4 85, 0, 16;
    %cmp/u;
    %jmp/1 T_1.87, 6;
    %dup/vec4;
    %pushi/vec4 86, 0, 16;
    %cmp/u;
    %jmp/1 T_1.88, 6;
    %dup/vec4;
    %pushi/vec4 87, 0, 16;
    %cmp/u;
    %jmp/1 T_1.89, 6;
    %dup/vec4;
    %pushi/vec4 88, 0, 16;
    %cmp/u;
    %jmp/1 T_1.90, 6;
    %dup/vec4;
    %pushi/vec4 89, 0, 16;
    %cmp/u;
    %jmp/1 T_1.91, 6;
    %dup/vec4;
    %pushi/vec4 90, 0, 16;
    %cmp/u;
    %jmp/1 T_1.92, 6;
    %dup/vec4;
    %pushi/vec4 91, 0, 16;
    %cmp/u;
    %jmp/1 T_1.93, 6;
    %dup/vec4;
    %pushi/vec4 92, 0, 16;
    %cmp/u;
    %jmp/1 T_1.94, 6;
    %dup/vec4;
    %pushi/vec4 93, 0, 16;
    %cmp/u;
    %jmp/1 T_1.95, 6;
    %dup/vec4;
    %pushi/vec4 94, 0, 16;
    %cmp/u;
    %jmp/1 T_1.96, 6;
    %dup/vec4;
    %pushi/vec4 95, 0, 16;
    %cmp/u;
    %jmp/1 T_1.97, 6;
    %dup/vec4;
    %pushi/vec4 96, 0, 16;
    %cmp/u;
    %jmp/1 T_1.98, 6;
    %dup/vec4;
    %pushi/vec4 97, 0, 16;
    %cmp/u;
    %jmp/1 T_1.99, 6;
    %dup/vec4;
    %pushi/vec4 98, 0, 16;
    %cmp/u;
    %jmp/1 T_1.100, 6;
    %dup/vec4;
    %pushi/vec4 99, 0, 16;
    %cmp/u;
    %jmp/1 T_1.101, 6;
    %dup/vec4;
    %pushi/vec4 100, 0, 16;
    %cmp/u;
    %jmp/1 T_1.102, 6;
    %dup/vec4;
    %pushi/vec4 101, 0, 16;
    %cmp/u;
    %jmp/1 T_1.103, 6;
    %dup/vec4;
    %pushi/vec4 102, 0, 16;
    %cmp/u;
    %jmp/1 T_1.104, 6;
    %dup/vec4;
    %pushi/vec4 103, 0, 16;
    %cmp/u;
    %jmp/1 T_1.105, 6;
    %dup/vec4;
    %pushi/vec4 104, 0, 16;
    %cmp/u;
    %jmp/1 T_1.106, 6;
    %dup/vec4;
    %pushi/vec4 105, 0, 16;
    %cmp/u;
    %jmp/1 T_1.107, 6;
    %dup/vec4;
    %pushi/vec4 106, 0, 16;
    %cmp/u;
    %jmp/1 T_1.108, 6;
    %dup/vec4;
    %pushi/vec4 107, 0, 16;
    %cmp/u;
    %jmp/1 T_1.109, 6;
    %dup/vec4;
    %pushi/vec4 108, 0, 16;
    %cmp/u;
    %jmp/1 T_1.110, 6;
    %dup/vec4;
    %pushi/vec4 109, 0, 16;
    %cmp/u;
    %jmp/1 T_1.111, 6;
    %dup/vec4;
    %pushi/vec4 110, 0, 16;
    %cmp/u;
    %jmp/1 T_1.112, 6;
    %dup/vec4;
    %pushi/vec4 111, 0, 16;
    %cmp/u;
    %jmp/1 T_1.113, 6;
    %dup/vec4;
    %pushi/vec4 112, 0, 16;
    %cmp/u;
    %jmp/1 T_1.114, 6;
    %dup/vec4;
    %pushi/vec4 113, 0, 16;
    %cmp/u;
    %jmp/1 T_1.115, 6;
    %dup/vec4;
    %pushi/vec4 114, 0, 16;
    %cmp/u;
    %jmp/1 T_1.116, 6;
    %dup/vec4;
    %pushi/vec4 115, 0, 16;
    %cmp/u;
    %jmp/1 T_1.117, 6;
    %dup/vec4;
    %pushi/vec4 116, 0, 16;
    %cmp/u;
    %jmp/1 T_1.118, 6;
    %dup/vec4;
    %pushi/vec4 117, 0, 16;
    %cmp/u;
    %jmp/1 T_1.119, 6;
    %dup/vec4;
    %pushi/vec4 118, 0, 16;
    %cmp/u;
    %jmp/1 T_1.120, 6;
    %dup/vec4;
    %pushi/vec4 119, 0, 16;
    %cmp/u;
    %jmp/1 T_1.121, 6;
    %dup/vec4;
    %pushi/vec4 120, 0, 16;
    %cmp/u;
    %jmp/1 T_1.122, 6;
    %dup/vec4;
    %pushi/vec4 121, 0, 16;
    %cmp/u;
    %jmp/1 T_1.123, 6;
    %dup/vec4;
    %pushi/vec4 122, 0, 16;
    %cmp/u;
    %jmp/1 T_1.124, 6;
    %dup/vec4;
    %pushi/vec4 123, 0, 16;
    %cmp/u;
    %jmp/1 T_1.125, 6;
    %dup/vec4;
    %pushi/vec4 124, 0, 16;
    %cmp/u;
    %jmp/1 T_1.126, 6;
    %dup/vec4;
    %pushi/vec4 125, 0, 16;
    %cmp/u;
    %jmp/1 T_1.127, 6;
    %dup/vec4;
    %pushi/vec4 126, 0, 16;
    %cmp/u;
    %jmp/1 T_1.128, 6;
    %dup/vec4;
    %pushi/vec4 127, 0, 16;
    %cmp/u;
    %jmp/1 T_1.129, 6;
    %dup/vec4;
    %pushi/vec4 128, 0, 16;
    %cmp/u;
    %jmp/1 T_1.130, 6;
    %dup/vec4;
    %pushi/vec4 129, 0, 16;
    %cmp/u;
    %jmp/1 T_1.131, 6;
    %dup/vec4;
    %pushi/vec4 130, 0, 16;
    %cmp/u;
    %jmp/1 T_1.132, 6;
    %dup/vec4;
    %pushi/vec4 131, 0, 16;
    %cmp/u;
    %jmp/1 T_1.133, 6;
    %dup/vec4;
    %pushi/vec4 132, 0, 16;
    %cmp/u;
    %jmp/1 T_1.134, 6;
    %dup/vec4;
    %pushi/vec4 133, 0, 16;
    %cmp/u;
    %jmp/1 T_1.135, 6;
    %dup/vec4;
    %pushi/vec4 134, 0, 16;
    %cmp/u;
    %jmp/1 T_1.136, 6;
    %dup/vec4;
    %pushi/vec4 135, 0, 16;
    %cmp/u;
    %jmp/1 T_1.137, 6;
    %dup/vec4;
    %pushi/vec4 136, 0, 16;
    %cmp/u;
    %jmp/1 T_1.138, 6;
    %dup/vec4;
    %pushi/vec4 137, 0, 16;
    %cmp/u;
    %jmp/1 T_1.139, 6;
    %dup/vec4;
    %pushi/vec4 138, 0, 16;
    %cmp/u;
    %jmp/1 T_1.140, 6;
    %dup/vec4;
    %pushi/vec4 139, 0, 16;
    %cmp/u;
    %jmp/1 T_1.141, 6;
    %dup/vec4;
    %pushi/vec4 140, 0, 16;
    %cmp/u;
    %jmp/1 T_1.142, 6;
    %dup/vec4;
    %pushi/vec4 141, 0, 16;
    %cmp/u;
    %jmp/1 T_1.143, 6;
    %dup/vec4;
    %pushi/vec4 142, 0, 16;
    %cmp/u;
    %jmp/1 T_1.144, 6;
    %dup/vec4;
    %pushi/vec4 143, 0, 16;
    %cmp/u;
    %jmp/1 T_1.145, 6;
    %dup/vec4;
    %pushi/vec4 144, 0, 16;
    %cmp/u;
    %jmp/1 T_1.146, 6;
    %dup/vec4;
    %pushi/vec4 145, 0, 16;
    %cmp/u;
    %jmp/1 T_1.147, 6;
    %dup/vec4;
    %pushi/vec4 146, 0, 16;
    %cmp/u;
    %jmp/1 T_1.148, 6;
    %dup/vec4;
    %pushi/vec4 147, 0, 16;
    %cmp/u;
    %jmp/1 T_1.149, 6;
    %dup/vec4;
    %pushi/vec4 148, 0, 16;
    %cmp/u;
    %jmp/1 T_1.150, 6;
    %dup/vec4;
    %pushi/vec4 149, 0, 16;
    %cmp/u;
    %jmp/1 T_1.151, 6;
    %dup/vec4;
    %pushi/vec4 150, 0, 16;
    %cmp/u;
    %jmp/1 T_1.152, 6;
    %dup/vec4;
    %pushi/vec4 151, 0, 16;
    %cmp/u;
    %jmp/1 T_1.153, 6;
    %dup/vec4;
    %pushi/vec4 152, 0, 16;
    %cmp/u;
    %jmp/1 T_1.154, 6;
    %dup/vec4;
    %pushi/vec4 153, 0, 16;
    %cmp/u;
    %jmp/1 T_1.155, 6;
    %dup/vec4;
    %pushi/vec4 154, 0, 16;
    %cmp/u;
    %jmp/1 T_1.156, 6;
    %dup/vec4;
    %pushi/vec4 155, 0, 16;
    %cmp/u;
    %jmp/1 T_1.157, 6;
    %dup/vec4;
    %pushi/vec4 156, 0, 16;
    %cmp/u;
    %jmp/1 T_1.158, 6;
    %dup/vec4;
    %pushi/vec4 157, 0, 16;
    %cmp/u;
    %jmp/1 T_1.159, 6;
    %dup/vec4;
    %pushi/vec4 158, 0, 16;
    %cmp/u;
    %jmp/1 T_1.160, 6;
    %dup/vec4;
    %pushi/vec4 159, 0, 16;
    %cmp/u;
    %jmp/1 T_1.161, 6;
    %dup/vec4;
    %pushi/vec4 160, 0, 16;
    %cmp/u;
    %jmp/1 T_1.162, 6;
    %dup/vec4;
    %pushi/vec4 161, 0, 16;
    %cmp/u;
    %jmp/1 T_1.163, 6;
    %dup/vec4;
    %pushi/vec4 162, 0, 16;
    %cmp/u;
    %jmp/1 T_1.164, 6;
    %dup/vec4;
    %pushi/vec4 163, 0, 16;
    %cmp/u;
    %jmp/1 T_1.165, 6;
    %dup/vec4;
    %pushi/vec4 164, 0, 16;
    %cmp/u;
    %jmp/1 T_1.166, 6;
    %dup/vec4;
    %pushi/vec4 165, 0, 16;
    %cmp/u;
    %jmp/1 T_1.167, 6;
    %dup/vec4;
    %pushi/vec4 166, 0, 16;
    %cmp/u;
    %jmp/1 T_1.168, 6;
    %dup/vec4;
    %pushi/vec4 167, 0, 16;
    %cmp/u;
    %jmp/1 T_1.169, 6;
    %dup/vec4;
    %pushi/vec4 168, 0, 16;
    %cmp/u;
    %jmp/1 T_1.170, 6;
    %dup/vec4;
    %pushi/vec4 169, 0, 16;
    %cmp/u;
    %jmp/1 T_1.171, 6;
    %dup/vec4;
    %pushi/vec4 170, 0, 16;
    %cmp/u;
    %jmp/1 T_1.172, 6;
    %dup/vec4;
    %pushi/vec4 171, 0, 16;
    %cmp/u;
    %jmp/1 T_1.173, 6;
    %dup/vec4;
    %pushi/vec4 172, 0, 16;
    %cmp/u;
    %jmp/1 T_1.174, 6;
    %dup/vec4;
    %pushi/vec4 173, 0, 16;
    %cmp/u;
    %jmp/1 T_1.175, 6;
    %dup/vec4;
    %pushi/vec4 174, 0, 16;
    %cmp/u;
    %jmp/1 T_1.176, 6;
    %dup/vec4;
    %pushi/vec4 175, 0, 16;
    %cmp/u;
    %jmp/1 T_1.177, 6;
    %dup/vec4;
    %pushi/vec4 176, 0, 16;
    %cmp/u;
    %jmp/1 T_1.178, 6;
    %dup/vec4;
    %pushi/vec4 177, 0, 16;
    %cmp/u;
    %jmp/1 T_1.179, 6;
    %dup/vec4;
    %pushi/vec4 178, 0, 16;
    %cmp/u;
    %jmp/1 T_1.180, 6;
    %dup/vec4;
    %pushi/vec4 179, 0, 16;
    %cmp/u;
    %jmp/1 T_1.181, 6;
    %dup/vec4;
    %pushi/vec4 180, 0, 16;
    %cmp/u;
    %jmp/1 T_1.182, 6;
    %dup/vec4;
    %pushi/vec4 181, 0, 16;
    %cmp/u;
    %jmp/1 T_1.183, 6;
    %dup/vec4;
    %pushi/vec4 182, 0, 16;
    %cmp/u;
    %jmp/1 T_1.184, 6;
    %dup/vec4;
    %pushi/vec4 183, 0, 16;
    %cmp/u;
    %jmp/1 T_1.185, 6;
    %dup/vec4;
    %pushi/vec4 184, 0, 16;
    %cmp/u;
    %jmp/1 T_1.186, 6;
    %dup/vec4;
    %pushi/vec4 185, 0, 16;
    %cmp/u;
    %jmp/1 T_1.187, 6;
    %dup/vec4;
    %pushi/vec4 186, 0, 16;
    %cmp/u;
    %jmp/1 T_1.188, 6;
    %dup/vec4;
    %pushi/vec4 187, 0, 16;
    %cmp/u;
    %jmp/1 T_1.189, 6;
    %dup/vec4;
    %pushi/vec4 188, 0, 16;
    %cmp/u;
    %jmp/1 T_1.190, 6;
    %dup/vec4;
    %pushi/vec4 189, 0, 16;
    %cmp/u;
    %jmp/1 T_1.191, 6;
    %dup/vec4;
    %pushi/vec4 190, 0, 16;
    %cmp/u;
    %jmp/1 T_1.192, 6;
    %dup/vec4;
    %pushi/vec4 191, 0, 16;
    %cmp/u;
    %jmp/1 T_1.193, 6;
    %dup/vec4;
    %pushi/vec4 192, 0, 16;
    %cmp/u;
    %jmp/1 T_1.194, 6;
    %dup/vec4;
    %pushi/vec4 193, 0, 16;
    %cmp/u;
    %jmp/1 T_1.195, 6;
    %dup/vec4;
    %pushi/vec4 194, 0, 16;
    %cmp/u;
    %jmp/1 T_1.196, 6;
    %dup/vec4;
    %pushi/vec4 195, 0, 16;
    %cmp/u;
    %jmp/1 T_1.197, 6;
    %dup/vec4;
    %pushi/vec4 196, 0, 16;
    %cmp/u;
    %jmp/1 T_1.198, 6;
    %dup/vec4;
    %pushi/vec4 197, 0, 16;
    %cmp/u;
    %jmp/1 T_1.199, 6;
    %dup/vec4;
    %pushi/vec4 198, 0, 16;
    %cmp/u;
    %jmp/1 T_1.200, 6;
    %dup/vec4;
    %pushi/vec4 199, 0, 16;
    %cmp/u;
    %jmp/1 T_1.201, 6;
    %dup/vec4;
    %pushi/vec4 200, 0, 16;
    %cmp/u;
    %jmp/1 T_1.202, 6;
    %dup/vec4;
    %pushi/vec4 201, 0, 16;
    %cmp/u;
    %jmp/1 T_1.203, 6;
    %dup/vec4;
    %pushi/vec4 202, 0, 16;
    %cmp/u;
    %jmp/1 T_1.204, 6;
    %dup/vec4;
    %pushi/vec4 203, 0, 16;
    %cmp/u;
    %jmp/1 T_1.205, 6;
    %dup/vec4;
    %pushi/vec4 204, 0, 16;
    %cmp/u;
    %jmp/1 T_1.206, 6;
    %dup/vec4;
    %pushi/vec4 205, 0, 16;
    %cmp/u;
    %jmp/1 T_1.207, 6;
    %dup/vec4;
    %pushi/vec4 206, 0, 16;
    %cmp/u;
    %jmp/1 T_1.208, 6;
    %dup/vec4;
    %pushi/vec4 207, 0, 16;
    %cmp/u;
    %jmp/1 T_1.209, 6;
    %dup/vec4;
    %pushi/vec4 208, 0, 16;
    %cmp/u;
    %jmp/1 T_1.210, 6;
    %dup/vec4;
    %pushi/vec4 209, 0, 16;
    %cmp/u;
    %jmp/1 T_1.211, 6;
    %dup/vec4;
    %pushi/vec4 210, 0, 16;
    %cmp/u;
    %jmp/1 T_1.212, 6;
    %dup/vec4;
    %pushi/vec4 211, 0, 16;
    %cmp/u;
    %jmp/1 T_1.213, 6;
    %dup/vec4;
    %pushi/vec4 212, 0, 16;
    %cmp/u;
    %jmp/1 T_1.214, 6;
    %dup/vec4;
    %pushi/vec4 213, 0, 16;
    %cmp/u;
    %jmp/1 T_1.215, 6;
    %dup/vec4;
    %pushi/vec4 214, 0, 16;
    %cmp/u;
    %jmp/1 T_1.216, 6;
    %dup/vec4;
    %pushi/vec4 215, 0, 16;
    %cmp/u;
    %jmp/1 T_1.217, 6;
    %dup/vec4;
    %pushi/vec4 216, 0, 16;
    %cmp/u;
    %jmp/1 T_1.218, 6;
    %dup/vec4;
    %pushi/vec4 217, 0, 16;
    %cmp/u;
    %jmp/1 T_1.219, 6;
    %dup/vec4;
    %pushi/vec4 218, 0, 16;
    %cmp/u;
    %jmp/1 T_1.220, 6;
    %dup/vec4;
    %pushi/vec4 219, 0, 16;
    %cmp/u;
    %jmp/1 T_1.221, 6;
    %dup/vec4;
    %pushi/vec4 220, 0, 16;
    %cmp/u;
    %jmp/1 T_1.222, 6;
    %dup/vec4;
    %pushi/vec4 221, 0, 16;
    %cmp/u;
    %jmp/1 T_1.223, 6;
    %dup/vec4;
    %pushi/vec4 222, 0, 16;
    %cmp/u;
    %jmp/1 T_1.224, 6;
    %dup/vec4;
    %pushi/vec4 223, 0, 16;
    %cmp/u;
    %jmp/1 T_1.225, 6;
    %dup/vec4;
    %pushi/vec4 224, 0, 16;
    %cmp/u;
    %jmp/1 T_1.226, 6;
    %dup/vec4;
    %pushi/vec4 225, 0, 16;
    %cmp/u;
    %jmp/1 T_1.227, 6;
    %dup/vec4;
    %pushi/vec4 226, 0, 16;
    %cmp/u;
    %jmp/1 T_1.228, 6;
    %dup/vec4;
    %pushi/vec4 227, 0, 16;
    %cmp/u;
    %jmp/1 T_1.229, 6;
    %dup/vec4;
    %pushi/vec4 228, 0, 16;
    %cmp/u;
    %jmp/1 T_1.230, 6;
    %dup/vec4;
    %pushi/vec4 229, 0, 16;
    %cmp/u;
    %jmp/1 T_1.231, 6;
    %dup/vec4;
    %pushi/vec4 230, 0, 16;
    %cmp/u;
    %jmp/1 T_1.232, 6;
    %dup/vec4;
    %pushi/vec4 231, 0, 16;
    %cmp/u;
    %jmp/1 T_1.233, 6;
    %dup/vec4;
    %pushi/vec4 232, 0, 16;
    %cmp/u;
    %jmp/1 T_1.234, 6;
    %dup/vec4;
    %pushi/vec4 233, 0, 16;
    %cmp/u;
    %jmp/1 T_1.235, 6;
    %dup/vec4;
    %pushi/vec4 234, 0, 16;
    %cmp/u;
    %jmp/1 T_1.236, 6;
    %dup/vec4;
    %pushi/vec4 235, 0, 16;
    %cmp/u;
    %jmp/1 T_1.237, 6;
    %dup/vec4;
    %pushi/vec4 236, 0, 16;
    %cmp/u;
    %jmp/1 T_1.238, 6;
    %dup/vec4;
    %pushi/vec4 237, 0, 16;
    %cmp/u;
    %jmp/1 T_1.239, 6;
    %dup/vec4;
    %pushi/vec4 238, 0, 16;
    %cmp/u;
    %jmp/1 T_1.240, 6;
    %dup/vec4;
    %pushi/vec4 239, 0, 16;
    %cmp/u;
    %jmp/1 T_1.241, 6;
    %pushi/vec4 0, 0, 1;
    %assign/vec4 v0x7ff57a6247d0_0, 0;
    %jmp T_1.243;
T_1.2 ;
    %pushi/vec4 0, 0, 1;
    %assign/vec4 v0x7ff57a6247d0_0, 0;
    %jmp T_1.243;
T_1.3 ;
    %pushi/vec4 0, 0, 1;
    %assign/vec4 v0x7ff57a634860_0, 0;
    %pushi/vec4 0, 0, 1;
    %assign/vec4 v0x7ff57a634900_0, 0;
    %pushi/vec4 3, 0, 4;
    %assign/vec4 v0x7ff57a634b20_0, 0;
    %jmp T_1.243;
T_1.4 ;
    %pushi/vec4 1, 0, 1;
    %assign/vec4 v0x7ff57a6247d0_0, 0;
    %jmp T_1.243;
T_1.5 ;
    %pushi/vec4 0, 0, 1;
    %assign/vec4 v0x7ff57a6247d0_0, 0;
    %jmp T_1.243;
T_1.6 ;
    %pushi/vec4 0, 0, 1;
    %assign/vec4 v0x7ff57a634860_0, 0;
    %pushi/vec4 0, 0, 1;
    %assign/vec4 v0x7ff57a634900_0, 0;
    %pushi/vec4 3, 0, 4;
    %assign/vec4 v0x7ff57a634b20_0, 0;
    %jmp T_1.243;
T_1.7 ;
    %pushi/vec4 1, 0, 1;
    %assign/vec4 v0x7ff57a6247d0_0, 0;
    %jmp T_1.243;
T_1.8 ;
    %pushi/vec4 0, 0, 1;
    %assign/vec4 v0x7ff57a6247d0_0, 0;
    %jmp T_1.243;
T_1.9 ;
    %pushi/vec4 0, 0, 1;
    %assign/vec4 v0x7ff57a634860_0, 0;
    %pushi/vec4 0, 0, 1;
    %assign/vec4 v0x7ff57a634900_0, 0;
    %pushi/vec4 3, 0, 4;
    %assign/vec4 v0x7ff57a634b20_0, 0;
    %jmp T_1.243;
T_1.10 ;
    %pushi/vec4 1, 0, 1;
    %assign/vec4 v0x7ff57a6247d0_0, 0;
    %jmp T_1.243;
T_1.11 ;
    %pushi/vec4 0, 0, 1;
    %assign/vec4 v0x7ff57a6247d0_0, 0;
    %jmp T_1.243;
T_1.12 ;
    %pushi/vec4 0, 0, 1;
    %assign/vec4 v0x7ff57a634860_0, 0;
    %pushi/vec4 0, 0, 1;
    %assign/vec4 v0x7ff57a634900_0, 0;
    %pushi/vec4 2, 0, 4;
    %assign/vec4 v0x7ff57a634b20_0, 0;
    %jmp T_1.243;
T_1.13 ;
    %pushi/vec4 1, 0, 1;
    %assign/vec4 v0x7ff57a6247d0_0, 0;
    %jmp T_1.243;
T_1.14 ;
    %pushi/vec4 0, 0, 1;
    %assign/vec4 v0x7ff57a6247d0_0, 0;
    %jmp T_1.243;
T_1.15 ;
    %pushi/vec4 0, 0, 1;
    %assign/vec4 v0x7ff57a634860_0, 0;
    %pushi/vec4 0, 0, 1;
    %assign/vec4 v0x7ff57a634900_0, 0;
    %pushi/vec4 2, 0, 4;
    %assign/vec4 v0x7ff57a634b20_0, 0;
    %jmp T_1.243;
T_1.16 ;
    %pushi/vec4 1, 0, 1;
    %assign/vec4 v0x7ff57a6247d0_0, 0;
    %jmp T_1.243;
T_1.17 ;
    %pushi/vec4 0, 0, 1;
    %assign/vec4 v0x7ff57a6247d0_0, 0;
    %jmp T_1.243;
T_1.18 ;
    %pushi/vec4 0, 0, 1;
    %assign/vec4 v0x7ff57a634860_0, 0;
    %pushi/vec4 0, 0, 1;
    %assign/vec4 v0x7ff57a634900_0, 0;
    %pushi/vec4 8, 0, 4;
    %assign/vec4 v0x7ff57a634b20_0, 0;
    %jmp T_1.243;
T_1.19 ;
    %pushi/vec4 1, 0, 1;
    %assign/vec4 v0x7ff57a6247d0_0, 0;
    %jmp T_1.243;
T_1.20 ;
    %pushi/vec4 0, 0, 1;
    %assign/vec4 v0x7ff57a6247d0_0, 0;
    %jmp T_1.243;
T_1.21 ;
    %pushi/vec4 0, 0, 1;
    %assign/vec4 v0x7ff57a634860_0, 0;
    %pushi/vec4 0, 0, 1;
    %assign/vec4 v0x7ff57a634900_0, 0;
    %pushi/vec4 0, 0, 4;
    %assign/vec4 v0x7ff57a634b20_0, 0;
    %jmp T_1.243;
T_1.22 ;
    %pushi/vec4 1, 0, 1;
    %assign/vec4 v0x7ff57a6247d0_0, 0;
    %jmp T_1.243;
T_1.23 ;
    %pushi/vec4 0, 0, 1;
    %assign/vec4 v0x7ff57a6247d0_0, 0;
    %jmp T_1.243;
T_1.24 ;
    %pushi/vec4 0, 0, 1;
    %assign/vec4 v0x7ff57a634860_0, 0;
    %pushi/vec4 0, 0, 1;
    %assign/vec4 v0x7ff57a634900_0, 0;
    %pushi/vec4 6, 0, 4;
    %assign/vec4 v0x7ff57a634b20_0, 0;
    %jmp T_1.243;
T_1.25 ;
    %pushi/vec4 1, 0, 1;
    %assign/vec4 v0x7ff57a6247d0_0, 0;
    %jmp T_1.243;
T_1.26 ;
    %pushi/vec4 0, 0, 1;
    %assign/vec4 v0x7ff57a6247d0_0, 0;
    %jmp T_1.243;
T_1.27 ;
    %pushi/vec4 0, 0, 1;
    %assign/vec4 v0x7ff57a634860_0, 0;
    %pushi/vec4 0, 0, 1;
    %assign/vec4 v0x7ff57a634900_0, 0;
    %pushi/vec4 0, 0, 4;
    %assign/vec4 v0x7ff57a634b20_0, 0;
    %jmp T_1.243;
T_1.28 ;
    %pushi/vec4 1, 0, 1;
    %assign/vec4 v0x7ff57a6247d0_0, 0;
    %jmp T_1.243;
T_1.29 ;
    %pushi/vec4 0, 0, 1;
    %assign/vec4 v0x7ff57a6247d0_0, 0;
    %jmp T_1.243;
T_1.30 ;
    %pushi/vec4 0, 0, 1;
    %assign/vec4 v0x7ff57a634860_0, 0;
    %pushi/vec4 0, 0, 1;
    %assign/vec4 v0x7ff57a634900_0, 0;
    %pushi/vec4 12, 0, 4;
    %assign/vec4 v0x7ff57a634b20_0, 0;
    %jmp T_1.243;
T_1.31 ;
    %pushi/vec4 1, 0, 1;
    %assign/vec4 v0x7ff57a6247d0_0, 0;
    %jmp T_1.243;
T_1.32 ;
    %pushi/vec4 0, 0, 1;
    %assign/vec4 v0x7ff57a6247d0_0, 0;
    %jmp T_1.243;
T_1.33 ;
    %pushi/vec4 0, 0, 1;
    %assign/vec4 v0x7ff57a634860_0, 0;
    %pushi/vec4 0, 0, 1;
    %assign/vec4 v0x7ff57a634900_0, 0;
    %pushi/vec4 0, 0, 4;
    %assign/vec4 v0x7ff57a634b20_0, 0;
    %jmp T_1.243;
T_1.34 ;
    %pushi/vec4 1, 0, 1;
    %assign/vec4 v0x7ff57a6247d0_0, 0;
    %jmp T_1.243;
T_1.35 ;
    %pushi/vec4 0, 0, 1;
    %assign/vec4 v0x7ff57a6247d0_0, 0;
    %jmp T_1.243;
T_1.36 ;
    %pushi/vec4 0, 0, 1;
    %assign/vec4 v0x7ff57a634860_0, 0;
    %pushi/vec4 0, 0, 1;
    %assign/vec4 v0x7ff57a634900_0, 0;
    %pushi/vec4 1, 0, 4;
    %assign/vec4 v0x7ff57a634b20_0, 0;
    %jmp T_1.243;
T_1.37 ;
    %pushi/vec4 1, 0, 1;
    %assign/vec4 v0x7ff57a6247d0_0, 0;
    %jmp T_1.243;
T_1.38 ;
    %pushi/vec4 0, 0, 1;
    %assign/vec4 v0x7ff57a6247d0_0, 0;
    %jmp T_1.243;
T_1.39 ;
    %pushi/vec4 0, 0, 1;
    %assign/vec4 v0x7ff57a634860_0, 0;
    %pushi/vec4 0, 0, 1;
    %assign/vec4 v0x7ff57a634900_0, 0;
    %pushi/vec4 8, 0, 4;
    %assign/vec4 v0x7ff57a634b20_0, 0;
    %jmp T_1.243;
T_1.40 ;
    %pushi/vec4 1, 0, 1;
    %assign/vec4 v0x7ff57a6247d0_0, 0;
    %jmp T_1.243;
T_1.41 ;
    %pushi/vec4 0, 0, 1;
    %assign/vec4 v0x7ff57a6247d0_0, 0;
    %jmp T_1.243;
T_1.42 ;
    %pushi/vec4 0, 0, 1;
    %assign/vec4 v0x7ff57a634860_0, 0;
    %pushi/vec4 0, 0, 1;
    %assign/vec4 v0x7ff57a634900_0, 0;
    %pushi/vec4 0, 0, 4;
    %assign/vec4 v0x7ff57a634b20_0, 0;
    %jmp T_1.243;
T_1.43 ;
    %pushi/vec4 1, 0, 1;
    %assign/vec4 v0x7ff57a6247d0_0, 0;
    %jmp T_1.243;
T_1.44 ;
    %pushi/vec4 0, 0, 1;
    %assign/vec4 v0x7ff57a6247d0_0, 0;
    %jmp T_1.243;
T_1.45 ;
    %pushi/vec4 1, 0, 1;
    %assign/vec4 v0x7ff57a634860_0, 0;
    %pushi/vec4 0, 0, 1;
    %assign/vec4 v0x7ff57a634900_0, 0;
    %load/vec4 v0x7ff57a634bd0_0;
    %parti/s 4, 124, 8;
    %assign/vec4 v0x7ff57a634b20_0, 0;
    %jmp T_1.243;
T_1.46 ;
    %pushi/vec4 1, 0, 1;
    %assign/vec4 v0x7ff57a6247d0_0, 0;
    %jmp T_1.243;
T_1.47 ;
    %pushi/vec4 0, 0, 1;
    %assign/vec4 v0x7ff57a6247d0_0, 0;
    %jmp T_1.243;
T_1.48 ;
    %pushi/vec4 1, 0, 1;
    %assign/vec4 v0x7ff57a634860_0, 0;
    %pushi/vec4 0, 0, 1;
    %assign/vec4 v0x7ff57a634900_0, 0;
    %load/vec4 v0x7ff57a634bd0_0;
    %parti/s 4, 120, 8;
    %assign/vec4 v0x7ff57a634b20_0, 0;
    %jmp T_1.243;
T_1.49 ;
    %pushi/vec4 1, 0, 1;
    %assign/vec4 v0x7ff57a6247d0_0, 0;
    %jmp T_1.243;
T_1.50 ;
    %pushi/vec4 0, 0, 1;
    %assign/vec4 v0x7ff57a6247d0_0, 0;
    %jmp T_1.243;
T_1.51 ;
    %pushi/vec4 1, 0, 1;
    %assign/vec4 v0x7ff57a634860_0, 0;
    %pushi/vec4 0, 0, 1;
    %assign/vec4 v0x7ff57a634900_0, 0;
    %load/vec4 v0x7ff57a634bd0_0;
    %parti/s 4, 116, 8;
    %assign/vec4 v0x7ff57a634b20_0, 0;
    %jmp T_1.243;
T_1.52 ;
    %pushi/vec4 1, 0, 1;
    %assign/vec4 v0x7ff57a6247d0_0, 0;
    %jmp T_1.243;
T_1.53 ;
    %pushi/vec4 0, 0, 1;
    %assign/vec4 v0x7ff57a6247d0_0, 0;
    %jmp T_1.243;
T_1.54 ;
    %pushi/vec4 1, 0, 1;
    %assign/vec4 v0x7ff57a634860_0, 0;
    %pushi/vec4 0, 0, 1;
    %assign/vec4 v0x7ff57a634900_0, 0;
    %load/vec4 v0x7ff57a634bd0_0;
    %parti/s 4, 112, 8;
    %assign/vec4 v0x7ff57a634b20_0, 0;
    %jmp T_1.243;
T_1.55 ;
    %pushi/vec4 1, 0, 1;
    %assign/vec4 v0x7ff57a6247d0_0, 0;
    %jmp T_1.243;
T_1.56 ;
    %pushi/vec4 0, 0, 1;
    %assign/vec4 v0x7ff57a6247d0_0, 0;
    %jmp T_1.243;
T_1.57 ;
    %pushi/vec4 1, 0, 1;
    %assign/vec4 v0x7ff57a634860_0, 0;
    %pushi/vec4 0, 0, 1;
    %assign/vec4 v0x7ff57a634900_0, 0;
    %load/vec4 v0x7ff57a634bd0_0;
    %parti/s 4, 108, 8;
    %assign/vec4 v0x7ff57a634b20_0, 0;
    %jmp T_1.243;
T_1.58 ;
    %pushi/vec4 1, 0, 1;
    %assign/vec4 v0x7ff57a6247d0_0, 0;
    %jmp T_1.243;
T_1.59 ;
    %pushi/vec4 0, 0, 1;
    %assign/vec4 v0x7ff57a6247d0_0, 0;
    %jmp T_1.243;
T_1.60 ;
    %pushi/vec4 1, 0, 1;
    %assign/vec4 v0x7ff57a634860_0, 0;
    %pushi/vec4 0, 0, 1;
    %assign/vec4 v0x7ff57a634900_0, 0;
    %load/vec4 v0x7ff57a634bd0_0;
    %parti/s 4, 104, 8;
    %assign/vec4 v0x7ff57a634b20_0, 0;
    %jmp T_1.243;
T_1.61 ;
    %pushi/vec4 1, 0, 1;
    %assign/vec4 v0x7ff57a6247d0_0, 0;
    %jmp T_1.243;
T_1.62 ;
    %pushi/vec4 0, 0, 1;
    %assign/vec4 v0x7ff57a6247d0_0, 0;
    %jmp T_1.243;
T_1.63 ;
    %pushi/vec4 1, 0, 1;
    %assign/vec4 v0x7ff57a634860_0, 0;
    %pushi/vec4 0, 0, 1;
    %assign/vec4 v0x7ff57a634900_0, 0;
    %load/vec4 v0x7ff57a634bd0_0;
    %parti/s 4, 100, 8;
    %assign/vec4 v0x7ff57a634b20_0, 0;
    %jmp T_1.243;
T_1.64 ;
    %pushi/vec4 1, 0, 1;
    %assign/vec4 v0x7ff57a6247d0_0, 0;
    %jmp T_1.243;
T_1.65 ;
    %pushi/vec4 0, 0, 1;
    %assign/vec4 v0x7ff57a6247d0_0, 0;
    %jmp T_1.243;
T_1.66 ;
    %pushi/vec4 1, 0, 1;
    %assign/vec4 v0x7ff57a634860_0, 0;
    %pushi/vec4 0, 0, 1;
    %assign/vec4 v0x7ff57a634900_0, 0;
    %load/vec4 v0x7ff57a634bd0_0;
    %parti/s 4, 96, 8;
    %assign/vec4 v0x7ff57a634b20_0, 0;
    %jmp T_1.243;
T_1.67 ;
    %pushi/vec4 1, 0, 1;
    %assign/vec4 v0x7ff57a6247d0_0, 0;
    %jmp T_1.243;
T_1.68 ;
    %pushi/vec4 0, 0, 1;
    %assign/vec4 v0x7ff57a6247d0_0, 0;
    %jmp T_1.243;
T_1.69 ;
    %pushi/vec4 1, 0, 1;
    %assign/vec4 v0x7ff57a634860_0, 0;
    %pushi/vec4 0, 0, 1;
    %assign/vec4 v0x7ff57a634900_0, 0;
    %load/vec4 v0x7ff57a634bd0_0;
    %parti/s 4, 92, 8;
    %assign/vec4 v0x7ff57a634b20_0, 0;
    %jmp T_1.243;
T_1.70 ;
    %pushi/vec4 1, 0, 1;
    %assign/vec4 v0x7ff57a6247d0_0, 0;
    %jmp T_1.243;
T_1.71 ;
    %pushi/vec4 0, 0, 1;
    %assign/vec4 v0x7ff57a6247d0_0, 0;
    %jmp T_1.243;
T_1.72 ;
    %pushi/vec4 1, 0, 1;
    %assign/vec4 v0x7ff57a634860_0, 0;
    %pushi/vec4 0, 0, 1;
    %assign/vec4 v0x7ff57a634900_0, 0;
    %load/vec4 v0x7ff57a634bd0_0;
    %parti/s 4, 88, 8;
    %assign/vec4 v0x7ff57a634b20_0, 0;
    %jmp T_1.243;
T_1.73 ;
    %pushi/vec4 1, 0, 1;
    %assign/vec4 v0x7ff57a6247d0_0, 0;
    %jmp T_1.243;
T_1.74 ;
    %pushi/vec4 0, 0, 1;
    %assign/vec4 v0x7ff57a6247d0_0, 0;
    %jmp T_1.243;
T_1.75 ;
    %pushi/vec4 1, 0, 1;
    %assign/vec4 v0x7ff57a634860_0, 0;
    %pushi/vec4 0, 0, 1;
    %assign/vec4 v0x7ff57a634900_0, 0;
    %load/vec4 v0x7ff57a634bd0_0;
    %parti/s 4, 84, 8;
    %assign/vec4 v0x7ff57a634b20_0, 0;
    %jmp T_1.243;
T_1.76 ;
    %pushi/vec4 1, 0, 1;
    %assign/vec4 v0x7ff57a6247d0_0, 0;
    %jmp T_1.243;
T_1.77 ;
    %pushi/vec4 0, 0, 1;
    %assign/vec4 v0x7ff57a6247d0_0, 0;
    %jmp T_1.243;
T_1.78 ;
    %pushi/vec4 1, 0, 1;
    %assign/vec4 v0x7ff57a634860_0, 0;
    %pushi/vec4 0, 0, 1;
    %assign/vec4 v0x7ff57a634900_0, 0;
    %load/vec4 v0x7ff57a634bd0_0;
    %parti/s 4, 80, 8;
    %assign/vec4 v0x7ff57a634b20_0, 0;
    %jmp T_1.243;
T_1.79 ;
    %pushi/vec4 1, 0, 1;
    %assign/vec4 v0x7ff57a6247d0_0, 0;
    %jmp T_1.243;
T_1.80 ;
    %pushi/vec4 0, 0, 1;
    %assign/vec4 v0x7ff57a6247d0_0, 0;
    %jmp T_1.243;
T_1.81 ;
    %pushi/vec4 1, 0, 1;
    %assign/vec4 v0x7ff57a634860_0, 0;
    %pushi/vec4 0, 0, 1;
    %assign/vec4 v0x7ff57a634900_0, 0;
    %load/vec4 v0x7ff57a634bd0_0;
    %parti/s 4, 76, 8;
    %assign/vec4 v0x7ff57a634b20_0, 0;
    %jmp T_1.243;
T_1.82 ;
    %pushi/vec4 1, 0, 1;
    %assign/vec4 v0x7ff57a6247d0_0, 0;
    %jmp T_1.243;
T_1.83 ;
    %pushi/vec4 0, 0, 1;
    %assign/vec4 v0x7ff57a6247d0_0, 0;
    %jmp T_1.243;
T_1.84 ;
    %pushi/vec4 1, 0, 1;
    %assign/vec4 v0x7ff57a634860_0, 0;
    %pushi/vec4 0, 0, 1;
    %assign/vec4 v0x7ff57a634900_0, 0;
    %load/vec4 v0x7ff57a634bd0_0;
    %parti/s 4, 72, 8;
    %assign/vec4 v0x7ff57a634b20_0, 0;
    %jmp T_1.243;
T_1.85 ;
    %pushi/vec4 1, 0, 1;
    %assign/vec4 v0x7ff57a6247d0_0, 0;
    %jmp T_1.243;
T_1.86 ;
    %pushi/vec4 0, 0, 1;
    %assign/vec4 v0x7ff57a6247d0_0, 0;
    %jmp T_1.243;
T_1.87 ;
    %pushi/vec4 1, 0, 1;
    %assign/vec4 v0x7ff57a634860_0, 0;
    %pushi/vec4 0, 0, 1;
    %assign/vec4 v0x7ff57a634900_0, 0;
    %load/vec4 v0x7ff57a634bd0_0;
    %parti/s 4, 68, 8;
    %assign/vec4 v0x7ff57a634b20_0, 0;
    %jmp T_1.243;
T_1.88 ;
    %pushi/vec4 1, 0, 1;
    %assign/vec4 v0x7ff57a6247d0_0, 0;
    %jmp T_1.243;
T_1.89 ;
    %pushi/vec4 0, 0, 1;
    %assign/vec4 v0x7ff57a6247d0_0, 0;
    %jmp T_1.243;
T_1.90 ;
    %pushi/vec4 1, 0, 1;
    %assign/vec4 v0x7ff57a634860_0, 0;
    %pushi/vec4 0, 0, 1;
    %assign/vec4 v0x7ff57a634900_0, 0;
    %load/vec4 v0x7ff57a634bd0_0;
    %parti/s 4, 64, 8;
    %assign/vec4 v0x7ff57a634b20_0, 0;
    %jmp T_1.243;
T_1.91 ;
    %pushi/vec4 1, 0, 1;
    %assign/vec4 v0x7ff57a6247d0_0, 0;
    %jmp T_1.243;
T_1.92 ;
    %pushi/vec4 0, 0, 1;
    %assign/vec4 v0x7ff57a6247d0_0, 0;
    %jmp T_1.243;
T_1.93 ;
    %pushi/vec4 1, 0, 1;
    %assign/vec4 v0x7ff57a634860_0, 0;
    %pushi/vec4 0, 0, 1;
    %assign/vec4 v0x7ff57a634900_0, 0;
    %load/vec4 v0x7ff57a634bd0_0;
    %parti/s 4, 60, 7;
    %assign/vec4 v0x7ff57a634b20_0, 0;
    %jmp T_1.243;
T_1.94 ;
    %pushi/vec4 1, 0, 1;
    %assign/vec4 v0x7ff57a6247d0_0, 0;
    %jmp T_1.243;
T_1.95 ;
    %pushi/vec4 0, 0, 1;
    %assign/vec4 v0x7ff57a6247d0_0, 0;
    %jmp T_1.243;
T_1.96 ;
    %pushi/vec4 1, 0, 1;
    %assign/vec4 v0x7ff57a634860_0, 0;
    %pushi/vec4 0, 0, 1;
    %assign/vec4 v0x7ff57a634900_0, 0;
    %load/vec4 v0x7ff57a634bd0_0;
    %parti/s 4, 56, 7;
    %assign/vec4 v0x7ff57a634b20_0, 0;
    %jmp T_1.243;
T_1.97 ;
    %pushi/vec4 1, 0, 1;
    %assign/vec4 v0x7ff57a6247d0_0, 0;
    %jmp T_1.243;
T_1.98 ;
    %pushi/vec4 0, 0, 1;
    %assign/vec4 v0x7ff57a6247d0_0, 0;
    %jmp T_1.243;
T_1.99 ;
    %pushi/vec4 1, 0, 1;
    %assign/vec4 v0x7ff57a634860_0, 0;
    %pushi/vec4 0, 0, 1;
    %assign/vec4 v0x7ff57a634900_0, 0;
    %load/vec4 v0x7ff57a634bd0_0;
    %parti/s 4, 52, 7;
    %assign/vec4 v0x7ff57a634b20_0, 0;
    %jmp T_1.243;
T_1.100 ;
    %pushi/vec4 1, 0, 1;
    %assign/vec4 v0x7ff57a6247d0_0, 0;
    %jmp T_1.243;
T_1.101 ;
    %pushi/vec4 0, 0, 1;
    %assign/vec4 v0x7ff57a6247d0_0, 0;
    %jmp T_1.243;
T_1.102 ;
    %pushi/vec4 1, 0, 1;
    %assign/vec4 v0x7ff57a634860_0, 0;
    %pushi/vec4 0, 0, 1;
    %assign/vec4 v0x7ff57a634900_0, 0;
    %load/vec4 v0x7ff57a634bd0_0;
    %parti/s 4, 48, 7;
    %assign/vec4 v0x7ff57a634b20_0, 0;
    %jmp T_1.243;
T_1.103 ;
    %pushi/vec4 1, 0, 1;
    %assign/vec4 v0x7ff57a6247d0_0, 0;
    %jmp T_1.243;
T_1.104 ;
    %pushi/vec4 0, 0, 1;
    %assign/vec4 v0x7ff57a6247d0_0, 0;
    %jmp T_1.243;
T_1.105 ;
    %pushi/vec4 1, 0, 1;
    %assign/vec4 v0x7ff57a634860_0, 0;
    %pushi/vec4 0, 0, 1;
    %assign/vec4 v0x7ff57a634900_0, 0;
    %load/vec4 v0x7ff57a634bd0_0;
    %parti/s 4, 44, 7;
    %assign/vec4 v0x7ff57a634b20_0, 0;
    %jmp T_1.243;
T_1.106 ;
    %pushi/vec4 1, 0, 1;
    %assign/vec4 v0x7ff57a6247d0_0, 0;
    %jmp T_1.243;
T_1.107 ;
    %pushi/vec4 0, 0, 1;
    %assign/vec4 v0x7ff57a6247d0_0, 0;
    %jmp T_1.243;
T_1.108 ;
    %pushi/vec4 1, 0, 1;
    %assign/vec4 v0x7ff57a634860_0, 0;
    %pushi/vec4 0, 0, 1;
    %assign/vec4 v0x7ff57a634900_0, 0;
    %load/vec4 v0x7ff57a634bd0_0;
    %parti/s 4, 40, 7;
    %assign/vec4 v0x7ff57a634b20_0, 0;
    %jmp T_1.243;
T_1.109 ;
    %pushi/vec4 1, 0, 1;
    %assign/vec4 v0x7ff57a6247d0_0, 0;
    %jmp T_1.243;
T_1.110 ;
    %pushi/vec4 0, 0, 1;
    %assign/vec4 v0x7ff57a6247d0_0, 0;
    %jmp T_1.243;
T_1.111 ;
    %pushi/vec4 1, 0, 1;
    %assign/vec4 v0x7ff57a634860_0, 0;
    %pushi/vec4 0, 0, 1;
    %assign/vec4 v0x7ff57a634900_0, 0;
    %load/vec4 v0x7ff57a634bd0_0;
    %parti/s 4, 36, 7;
    %assign/vec4 v0x7ff57a634b20_0, 0;
    %jmp T_1.243;
T_1.112 ;
    %pushi/vec4 1, 0, 1;
    %assign/vec4 v0x7ff57a6247d0_0, 0;
    %jmp T_1.243;
T_1.113 ;
    %pushi/vec4 0, 0, 1;
    %assign/vec4 v0x7ff57a6247d0_0, 0;
    %jmp T_1.243;
T_1.114 ;
    %pushi/vec4 1, 0, 1;
    %assign/vec4 v0x7ff57a634860_0, 0;
    %pushi/vec4 0, 0, 1;
    %assign/vec4 v0x7ff57a634900_0, 0;
    %load/vec4 v0x7ff57a634bd0_0;
    %parti/s 4, 32, 7;
    %assign/vec4 v0x7ff57a634b20_0, 0;
    %jmp T_1.243;
T_1.115 ;
    %pushi/vec4 1, 0, 1;
    %assign/vec4 v0x7ff57a6247d0_0, 0;
    %jmp T_1.243;
T_1.116 ;
    %pushi/vec4 0, 0, 1;
    %assign/vec4 v0x7ff57a6247d0_0, 0;
    %jmp T_1.243;
T_1.117 ;
    %pushi/vec4 1, 0, 1;
    %assign/vec4 v0x7ff57a634860_0, 0;
    %pushi/vec4 0, 0, 1;
    %assign/vec4 v0x7ff57a634900_0, 0;
    %load/vec4 v0x7ff57a634bd0_0;
    %parti/s 4, 28, 6;
    %assign/vec4 v0x7ff57a634b20_0, 0;
    %jmp T_1.243;
T_1.118 ;
    %pushi/vec4 1, 0, 1;
    %assign/vec4 v0x7ff57a6247d0_0, 0;
    %jmp T_1.243;
T_1.119 ;
    %pushi/vec4 0, 0, 1;
    %assign/vec4 v0x7ff57a6247d0_0, 0;
    %jmp T_1.243;
T_1.120 ;
    %pushi/vec4 1, 0, 1;
    %assign/vec4 v0x7ff57a634860_0, 0;
    %pushi/vec4 0, 0, 1;
    %assign/vec4 v0x7ff57a634900_0, 0;
    %load/vec4 v0x7ff57a634bd0_0;
    %parti/s 4, 24, 6;
    %assign/vec4 v0x7ff57a634b20_0, 0;
    %jmp T_1.243;
T_1.121 ;
    %pushi/vec4 1, 0, 1;
    %assign/vec4 v0x7ff57a6247d0_0, 0;
    %jmp T_1.243;
T_1.122 ;
    %pushi/vec4 0, 0, 1;
    %assign/vec4 v0x7ff57a6247d0_0, 0;
    %jmp T_1.243;
T_1.123 ;
    %pushi/vec4 1, 0, 1;
    %assign/vec4 v0x7ff57a634860_0, 0;
    %pushi/vec4 0, 0, 1;
    %assign/vec4 v0x7ff57a634900_0, 0;
    %load/vec4 v0x7ff57a634bd0_0;
    %parti/s 4, 20, 6;
    %assign/vec4 v0x7ff57a634b20_0, 0;
    %jmp T_1.243;
T_1.124 ;
    %pushi/vec4 1, 0, 1;
    %assign/vec4 v0x7ff57a6247d0_0, 0;
    %jmp T_1.243;
T_1.125 ;
    %pushi/vec4 0, 0, 1;
    %assign/vec4 v0x7ff57a6247d0_0, 0;
    %jmp T_1.243;
T_1.126 ;
    %pushi/vec4 1, 0, 1;
    %assign/vec4 v0x7ff57a634860_0, 0;
    %pushi/vec4 0, 0, 1;
    %assign/vec4 v0x7ff57a634900_0, 0;
    %load/vec4 v0x7ff57a634bd0_0;
    %parti/s 4, 16, 6;
    %assign/vec4 v0x7ff57a634b20_0, 0;
    %jmp T_1.243;
T_1.127 ;
    %pushi/vec4 1, 0, 1;
    %assign/vec4 v0x7ff57a6247d0_0, 0;
    %jmp T_1.243;
T_1.128 ;
    %pushi/vec4 0, 0, 1;
    %assign/vec4 v0x7ff57a6247d0_0, 0;
    %jmp T_1.243;
T_1.129 ;
    %pushi/vec4 1, 0, 1;
    %assign/vec4 v0x7ff57a634860_0, 0;
    %pushi/vec4 0, 0, 1;
    %assign/vec4 v0x7ff57a634900_0, 0;
    %load/vec4 v0x7ff57a634bd0_0;
    %parti/s 4, 12, 5;
    %assign/vec4 v0x7ff57a634b20_0, 0;
    %jmp T_1.243;
T_1.130 ;
    %pushi/vec4 1, 0, 1;
    %assign/vec4 v0x7ff57a6247d0_0, 0;
    %jmp T_1.243;
T_1.131 ;
    %pushi/vec4 0, 0, 1;
    %assign/vec4 v0x7ff57a6247d0_0, 0;
    %jmp T_1.243;
T_1.132 ;
    %pushi/vec4 1, 0, 1;
    %assign/vec4 v0x7ff57a634860_0, 0;
    %pushi/vec4 0, 0, 1;
    %assign/vec4 v0x7ff57a634900_0, 0;
    %load/vec4 v0x7ff57a634bd0_0;
    %parti/s 4, 8, 5;
    %assign/vec4 v0x7ff57a634b20_0, 0;
    %jmp T_1.243;
T_1.133 ;
    %pushi/vec4 1, 0, 1;
    %assign/vec4 v0x7ff57a6247d0_0, 0;
    %jmp T_1.243;
T_1.134 ;
    %pushi/vec4 0, 0, 1;
    %assign/vec4 v0x7ff57a6247d0_0, 0;
    %jmp T_1.243;
T_1.135 ;
    %pushi/vec4 1, 0, 1;
    %assign/vec4 v0x7ff57a634860_0, 0;
    %pushi/vec4 0, 0, 1;
    %assign/vec4 v0x7ff57a634900_0, 0;
    %load/vec4 v0x7ff57a634bd0_0;
    %parti/s 4, 4, 4;
    %assign/vec4 v0x7ff57a634b20_0, 0;
    %jmp T_1.243;
T_1.136 ;
    %pushi/vec4 1, 0, 1;
    %assign/vec4 v0x7ff57a6247d0_0, 0;
    %jmp T_1.243;
T_1.137 ;
    %pushi/vec4 0, 0, 1;
    %assign/vec4 v0x7ff57a6247d0_0, 0;
    %jmp T_1.243;
T_1.138 ;
    %pushi/vec4 1, 0, 1;
    %assign/vec4 v0x7ff57a634860_0, 0;
    %pushi/vec4 0, 0, 1;
    %assign/vec4 v0x7ff57a634900_0, 0;
    %load/vec4 v0x7ff57a634bd0_0;
    %parti/s 4, 0, 2;
    %assign/vec4 v0x7ff57a634b20_0, 0;
    %jmp T_1.243;
T_1.139 ;
    %pushi/vec4 1, 0, 1;
    %assign/vec4 v0x7ff57a6247d0_0, 0;
    %jmp T_1.243;
T_1.140 ;
    %pushi/vec4 0, 0, 1;
    %assign/vec4 v0x7ff57a6247d0_0, 0;
    %jmp T_1.243;
T_1.141 ;
    %pushi/vec4 0, 0, 1;
    %assign/vec4 v0x7ff57a634860_0, 0;
    %pushi/vec4 0, 0, 1;
    %assign/vec4 v0x7ff57a634900_0, 0;
    %pushi/vec4 12, 0, 4;
    %assign/vec4 v0x7ff57a634b20_0, 0;
    %jmp T_1.243;
T_1.142 ;
    %pushi/vec4 1, 0, 1;
    %assign/vec4 v0x7ff57a6247d0_0, 0;
    %jmp T_1.243;
T_1.143 ;
    %pushi/vec4 0, 0, 1;
    %assign/vec4 v0x7ff57a6247d0_0, 0;
    %jmp T_1.243;
T_1.144 ;
    %pushi/vec4 0, 0, 1;
    %assign/vec4 v0x7ff57a634860_0, 0;
    %pushi/vec4 0, 0, 1;
    %assign/vec4 v0x7ff57a634900_0, 0;
    %pushi/vec4 0, 0, 4;
    %assign/vec4 v0x7ff57a634b20_0, 0;
    %jmp T_1.243;
T_1.145 ;
    %pushi/vec4 1, 0, 1;
    %assign/vec4 v0x7ff57a6247d0_0, 0;
    %jmp T_1.243;
T_1.146 ;
    %pushi/vec4 0, 0, 1;
    %assign/vec4 v0x7ff57a6247d0_0, 0;
    %jmp T_1.243;
T_1.147 ;
    %pushi/vec4 1, 0, 1;
    %assign/vec4 v0x7ff57a634860_0, 0;
    %pushi/vec4 0, 0, 1;
    %assign/vec4 v0x7ff57a634900_0, 0;
    %load/vec4 v0x7ff57a634c80_0;
    %parti/s 4, 124, 8;
    %assign/vec4 v0x7ff57a634b20_0, 0;
    %jmp T_1.243;
T_1.148 ;
    %pushi/vec4 1, 0, 1;
    %assign/vec4 v0x7ff57a6247d0_0, 0;
    %jmp T_1.243;
T_1.149 ;
    %pushi/vec4 0, 0, 1;
    %assign/vec4 v0x7ff57a6247d0_0, 0;
    %jmp T_1.243;
T_1.150 ;
    %pushi/vec4 1, 0, 1;
    %assign/vec4 v0x7ff57a634860_0, 0;
    %pushi/vec4 0, 0, 1;
    %assign/vec4 v0x7ff57a634900_0, 0;
    %load/vec4 v0x7ff57a634c80_0;
    %parti/s 4, 120, 8;
    %assign/vec4 v0x7ff57a634b20_0, 0;
    %jmp T_1.243;
T_1.151 ;
    %pushi/vec4 1, 0, 1;
    %assign/vec4 v0x7ff57a6247d0_0, 0;
    %jmp T_1.243;
T_1.152 ;
    %pushi/vec4 0, 0, 1;
    %assign/vec4 v0x7ff57a6247d0_0, 0;
    %jmp T_1.243;
T_1.153 ;
    %pushi/vec4 1, 0, 1;
    %assign/vec4 v0x7ff57a634860_0, 0;
    %pushi/vec4 0, 0, 1;
    %assign/vec4 v0x7ff57a634900_0, 0;
    %load/vec4 v0x7ff57a634c80_0;
    %parti/s 4, 116, 8;
    %assign/vec4 v0x7ff57a634b20_0, 0;
    %jmp T_1.243;
T_1.154 ;
    %pushi/vec4 1, 0, 1;
    %assign/vec4 v0x7ff57a6247d0_0, 0;
    %jmp T_1.243;
T_1.155 ;
    %pushi/vec4 0, 0, 1;
    %assign/vec4 v0x7ff57a6247d0_0, 0;
    %jmp T_1.243;
T_1.156 ;
    %pushi/vec4 1, 0, 1;
    %assign/vec4 v0x7ff57a634860_0, 0;
    %pushi/vec4 0, 0, 1;
    %assign/vec4 v0x7ff57a634900_0, 0;
    %load/vec4 v0x7ff57a634c80_0;
    %parti/s 4, 112, 8;
    %assign/vec4 v0x7ff57a634b20_0, 0;
    %jmp T_1.243;
T_1.157 ;
    %pushi/vec4 1, 0, 1;
    %assign/vec4 v0x7ff57a6247d0_0, 0;
    %jmp T_1.243;
T_1.158 ;
    %pushi/vec4 0, 0, 1;
    %assign/vec4 v0x7ff57a6247d0_0, 0;
    %jmp T_1.243;
T_1.159 ;
    %pushi/vec4 1, 0, 1;
    %assign/vec4 v0x7ff57a634860_0, 0;
    %pushi/vec4 0, 0, 1;
    %assign/vec4 v0x7ff57a634900_0, 0;
    %load/vec4 v0x7ff57a634c80_0;
    %parti/s 4, 108, 8;
    %assign/vec4 v0x7ff57a634b20_0, 0;
    %jmp T_1.243;
T_1.160 ;
    %pushi/vec4 1, 0, 1;
    %assign/vec4 v0x7ff57a6247d0_0, 0;
    %jmp T_1.243;
T_1.161 ;
    %pushi/vec4 0, 0, 1;
    %assign/vec4 v0x7ff57a6247d0_0, 0;
    %jmp T_1.243;
T_1.162 ;
    %pushi/vec4 1, 0, 1;
    %assign/vec4 v0x7ff57a634860_0, 0;
    %pushi/vec4 0, 0, 1;
    %assign/vec4 v0x7ff57a634900_0, 0;
    %load/vec4 v0x7ff57a634c80_0;
    %parti/s 4, 104, 8;
    %assign/vec4 v0x7ff57a634b20_0, 0;
    %jmp T_1.243;
T_1.163 ;
    %pushi/vec4 1, 0, 1;
    %assign/vec4 v0x7ff57a6247d0_0, 0;
    %jmp T_1.243;
T_1.164 ;
    %pushi/vec4 0, 0, 1;
    %assign/vec4 v0x7ff57a6247d0_0, 0;
    %jmp T_1.243;
T_1.165 ;
    %pushi/vec4 1, 0, 1;
    %assign/vec4 v0x7ff57a634860_0, 0;
    %pushi/vec4 0, 0, 1;
    %assign/vec4 v0x7ff57a634900_0, 0;
    %load/vec4 v0x7ff57a634c80_0;
    %parti/s 4, 100, 8;
    %assign/vec4 v0x7ff57a634b20_0, 0;
    %jmp T_1.243;
T_1.166 ;
    %pushi/vec4 1, 0, 1;
    %assign/vec4 v0x7ff57a6247d0_0, 0;
    %jmp T_1.243;
T_1.167 ;
    %pushi/vec4 0, 0, 1;
    %assign/vec4 v0x7ff57a6247d0_0, 0;
    %jmp T_1.243;
T_1.168 ;
    %pushi/vec4 1, 0, 1;
    %assign/vec4 v0x7ff57a634860_0, 0;
    %pushi/vec4 0, 0, 1;
    %assign/vec4 v0x7ff57a634900_0, 0;
    %load/vec4 v0x7ff57a634c80_0;
    %parti/s 4, 96, 8;
    %assign/vec4 v0x7ff57a634b20_0, 0;
    %jmp T_1.243;
T_1.169 ;
    %pushi/vec4 1, 0, 1;
    %assign/vec4 v0x7ff57a6247d0_0, 0;
    %jmp T_1.243;
T_1.170 ;
    %pushi/vec4 0, 0, 1;
    %assign/vec4 v0x7ff57a6247d0_0, 0;
    %jmp T_1.243;
T_1.171 ;
    %pushi/vec4 1, 0, 1;
    %assign/vec4 v0x7ff57a634860_0, 0;
    %pushi/vec4 0, 0, 1;
    %assign/vec4 v0x7ff57a634900_0, 0;
    %load/vec4 v0x7ff57a634c80_0;
    %parti/s 4, 92, 8;
    %assign/vec4 v0x7ff57a634b20_0, 0;
    %jmp T_1.243;
T_1.172 ;
    %pushi/vec4 1, 0, 1;
    %assign/vec4 v0x7ff57a6247d0_0, 0;
    %jmp T_1.243;
T_1.173 ;
    %pushi/vec4 0, 0, 1;
    %assign/vec4 v0x7ff57a6247d0_0, 0;
    %jmp T_1.243;
T_1.174 ;
    %pushi/vec4 1, 0, 1;
    %assign/vec4 v0x7ff57a634860_0, 0;
    %pushi/vec4 0, 0, 1;
    %assign/vec4 v0x7ff57a634900_0, 0;
    %load/vec4 v0x7ff57a634c80_0;
    %parti/s 4, 88, 8;
    %assign/vec4 v0x7ff57a634b20_0, 0;
    %jmp T_1.243;
T_1.175 ;
    %pushi/vec4 1, 0, 1;
    %assign/vec4 v0x7ff57a6247d0_0, 0;
    %jmp T_1.243;
T_1.176 ;
    %pushi/vec4 0, 0, 1;
    %assign/vec4 v0x7ff57a6247d0_0, 0;
    %jmp T_1.243;
T_1.177 ;
    %pushi/vec4 1, 0, 1;
    %assign/vec4 v0x7ff57a634860_0, 0;
    %pushi/vec4 0, 0, 1;
    %assign/vec4 v0x7ff57a634900_0, 0;
    %load/vec4 v0x7ff57a634c80_0;
    %parti/s 4, 84, 8;
    %assign/vec4 v0x7ff57a634b20_0, 0;
    %jmp T_1.243;
T_1.178 ;
    %pushi/vec4 1, 0, 1;
    %assign/vec4 v0x7ff57a6247d0_0, 0;
    %jmp T_1.243;
T_1.179 ;
    %pushi/vec4 0, 0, 1;
    %assign/vec4 v0x7ff57a6247d0_0, 0;
    %jmp T_1.243;
T_1.180 ;
    %pushi/vec4 1, 0, 1;
    %assign/vec4 v0x7ff57a634860_0, 0;
    %pushi/vec4 0, 0, 1;
    %assign/vec4 v0x7ff57a634900_0, 0;
    %load/vec4 v0x7ff57a634c80_0;
    %parti/s 4, 80, 8;
    %assign/vec4 v0x7ff57a634b20_0, 0;
    %jmp T_1.243;
T_1.181 ;
    %pushi/vec4 1, 0, 1;
    %assign/vec4 v0x7ff57a6247d0_0, 0;
    %jmp T_1.243;
T_1.182 ;
    %pushi/vec4 0, 0, 1;
    %assign/vec4 v0x7ff57a6247d0_0, 0;
    %jmp T_1.243;
T_1.183 ;
    %pushi/vec4 1, 0, 1;
    %assign/vec4 v0x7ff57a634860_0, 0;
    %pushi/vec4 0, 0, 1;
    %assign/vec4 v0x7ff57a634900_0, 0;
    %load/vec4 v0x7ff57a634c80_0;
    %parti/s 4, 76, 8;
    %assign/vec4 v0x7ff57a634b20_0, 0;
    %jmp T_1.243;
T_1.184 ;
    %pushi/vec4 1, 0, 1;
    %assign/vec4 v0x7ff57a6247d0_0, 0;
    %jmp T_1.243;
T_1.185 ;
    %pushi/vec4 0, 0, 1;
    %assign/vec4 v0x7ff57a6247d0_0, 0;
    %jmp T_1.243;
T_1.186 ;
    %pushi/vec4 1, 0, 1;
    %assign/vec4 v0x7ff57a634860_0, 0;
    %pushi/vec4 0, 0, 1;
    %assign/vec4 v0x7ff57a634900_0, 0;
    %load/vec4 v0x7ff57a634c80_0;
    %parti/s 4, 72, 8;
    %assign/vec4 v0x7ff57a634b20_0, 0;
    %jmp T_1.243;
T_1.187 ;
    %pushi/vec4 1, 0, 1;
    %assign/vec4 v0x7ff57a6247d0_0, 0;
    %jmp T_1.243;
T_1.188 ;
    %pushi/vec4 0, 0, 1;
    %assign/vec4 v0x7ff57a6247d0_0, 0;
    %jmp T_1.243;
T_1.189 ;
    %pushi/vec4 1, 0, 1;
    %assign/vec4 v0x7ff57a634860_0, 0;
    %pushi/vec4 0, 0, 1;
    %assign/vec4 v0x7ff57a634900_0, 0;
    %load/vec4 v0x7ff57a634c80_0;
    %parti/s 4, 68, 8;
    %assign/vec4 v0x7ff57a634b20_0, 0;
    %jmp T_1.243;
T_1.190 ;
    %pushi/vec4 1, 0, 1;
    %assign/vec4 v0x7ff57a6247d0_0, 0;
    %jmp T_1.243;
T_1.191 ;
    %pushi/vec4 0, 0, 1;
    %assign/vec4 v0x7ff57a6247d0_0, 0;
    %jmp T_1.243;
T_1.192 ;
    %pushi/vec4 1, 0, 1;
    %assign/vec4 v0x7ff57a634860_0, 0;
    %pushi/vec4 0, 0, 1;
    %assign/vec4 v0x7ff57a634900_0, 0;
    %load/vec4 v0x7ff57a634c80_0;
    %parti/s 4, 64, 8;
    %assign/vec4 v0x7ff57a634b20_0, 0;
    %jmp T_1.243;
T_1.193 ;
    %pushi/vec4 1, 0, 1;
    %assign/vec4 v0x7ff57a6247d0_0, 0;
    %jmp T_1.243;
T_1.194 ;
    %pushi/vec4 0, 0, 1;
    %assign/vec4 v0x7ff57a6247d0_0, 0;
    %jmp T_1.243;
T_1.195 ;
    %pushi/vec4 1, 0, 1;
    %assign/vec4 v0x7ff57a634860_0, 0;
    %pushi/vec4 0, 0, 1;
    %assign/vec4 v0x7ff57a634900_0, 0;
    %load/vec4 v0x7ff57a634c80_0;
    %parti/s 4, 60, 7;
    %assign/vec4 v0x7ff57a634b20_0, 0;
    %jmp T_1.243;
T_1.196 ;
    %pushi/vec4 1, 0, 1;
    %assign/vec4 v0x7ff57a6247d0_0, 0;
    %jmp T_1.243;
T_1.197 ;
    %pushi/vec4 0, 0, 1;
    %assign/vec4 v0x7ff57a6247d0_0, 0;
    %jmp T_1.243;
T_1.198 ;
    %pushi/vec4 1, 0, 1;
    %assign/vec4 v0x7ff57a634860_0, 0;
    %pushi/vec4 0, 0, 1;
    %assign/vec4 v0x7ff57a634900_0, 0;
    %load/vec4 v0x7ff57a634c80_0;
    %parti/s 4, 56, 7;
    %assign/vec4 v0x7ff57a634b20_0, 0;
    %jmp T_1.243;
T_1.199 ;
    %pushi/vec4 1, 0, 1;
    %assign/vec4 v0x7ff57a6247d0_0, 0;
    %jmp T_1.243;
T_1.200 ;
    %pushi/vec4 0, 0, 1;
    %assign/vec4 v0x7ff57a6247d0_0, 0;
    %jmp T_1.243;
T_1.201 ;
    %pushi/vec4 1, 0, 1;
    %assign/vec4 v0x7ff57a634860_0, 0;
    %pushi/vec4 0, 0, 1;
    %assign/vec4 v0x7ff57a634900_0, 0;
    %load/vec4 v0x7ff57a634c80_0;
    %parti/s 4, 52, 7;
    %assign/vec4 v0x7ff57a634b20_0, 0;
    %jmp T_1.243;
T_1.202 ;
    %pushi/vec4 1, 0, 1;
    %assign/vec4 v0x7ff57a6247d0_0, 0;
    %jmp T_1.243;
T_1.203 ;
    %pushi/vec4 0, 0, 1;
    %assign/vec4 v0x7ff57a6247d0_0, 0;
    %jmp T_1.243;
T_1.204 ;
    %pushi/vec4 1, 0, 1;
    %assign/vec4 v0x7ff57a634860_0, 0;
    %pushi/vec4 0, 0, 1;
    %assign/vec4 v0x7ff57a634900_0, 0;
    %load/vec4 v0x7ff57a634c80_0;
    %parti/s 4, 48, 7;
    %assign/vec4 v0x7ff57a634b20_0, 0;
    %jmp T_1.243;
T_1.205 ;
    %pushi/vec4 1, 0, 1;
    %assign/vec4 v0x7ff57a6247d0_0, 0;
    %jmp T_1.243;
T_1.206 ;
    %pushi/vec4 0, 0, 1;
    %assign/vec4 v0x7ff57a6247d0_0, 0;
    %jmp T_1.243;
T_1.207 ;
    %pushi/vec4 1, 0, 1;
    %assign/vec4 v0x7ff57a634860_0, 0;
    %pushi/vec4 0, 0, 1;
    %assign/vec4 v0x7ff57a634900_0, 0;
    %load/vec4 v0x7ff57a634c80_0;
    %parti/s 4, 44, 7;
    %assign/vec4 v0x7ff57a634b20_0, 0;
    %jmp T_1.243;
T_1.208 ;
    %pushi/vec4 1, 0, 1;
    %assign/vec4 v0x7ff57a6247d0_0, 0;
    %jmp T_1.243;
T_1.209 ;
    %pushi/vec4 0, 0, 1;
    %assign/vec4 v0x7ff57a6247d0_0, 0;
    %jmp T_1.243;
T_1.210 ;
    %pushi/vec4 1, 0, 1;
    %assign/vec4 v0x7ff57a634860_0, 0;
    %pushi/vec4 0, 0, 1;
    %assign/vec4 v0x7ff57a634900_0, 0;
    %load/vec4 v0x7ff57a634c80_0;
    %parti/s 4, 40, 7;
    %assign/vec4 v0x7ff57a634b20_0, 0;
    %jmp T_1.243;
T_1.211 ;
    %pushi/vec4 1, 0, 1;
    %assign/vec4 v0x7ff57a6247d0_0, 0;
    %jmp T_1.243;
T_1.212 ;
    %pushi/vec4 0, 0, 1;
    %assign/vec4 v0x7ff57a6247d0_0, 0;
    %jmp T_1.243;
T_1.213 ;
    %pushi/vec4 1, 0, 1;
    %assign/vec4 v0x7ff57a634860_0, 0;
    %pushi/vec4 0, 0, 1;
    %assign/vec4 v0x7ff57a634900_0, 0;
    %load/vec4 v0x7ff57a634c80_0;
    %parti/s 4, 36, 7;
    %assign/vec4 v0x7ff57a634b20_0, 0;
    %jmp T_1.243;
T_1.214 ;
    %pushi/vec4 1, 0, 1;
    %assign/vec4 v0x7ff57a6247d0_0, 0;
    %jmp T_1.243;
T_1.215 ;
    %pushi/vec4 0, 0, 1;
    %assign/vec4 v0x7ff57a6247d0_0, 0;
    %jmp T_1.243;
T_1.216 ;
    %pushi/vec4 1, 0, 1;
    %assign/vec4 v0x7ff57a634860_0, 0;
    %pushi/vec4 0, 0, 1;
    %assign/vec4 v0x7ff57a634900_0, 0;
    %load/vec4 v0x7ff57a634c80_0;
    %parti/s 4, 32, 7;
    %assign/vec4 v0x7ff57a634b20_0, 0;
    %jmp T_1.243;
T_1.217 ;
    %pushi/vec4 1, 0, 1;
    %assign/vec4 v0x7ff57a6247d0_0, 0;
    %jmp T_1.243;
T_1.218 ;
    %pushi/vec4 0, 0, 1;
    %assign/vec4 v0x7ff57a6247d0_0, 0;
    %jmp T_1.243;
T_1.219 ;
    %pushi/vec4 1, 0, 1;
    %assign/vec4 v0x7ff57a634860_0, 0;
    %pushi/vec4 0, 0, 1;
    %assign/vec4 v0x7ff57a634900_0, 0;
    %load/vec4 v0x7ff57a634c80_0;
    %parti/s 4, 28, 6;
    %assign/vec4 v0x7ff57a634b20_0, 0;
    %jmp T_1.243;
T_1.220 ;
    %pushi/vec4 1, 0, 1;
    %assign/vec4 v0x7ff57a6247d0_0, 0;
    %jmp T_1.243;
T_1.221 ;
    %pushi/vec4 0, 0, 1;
    %assign/vec4 v0x7ff57a6247d0_0, 0;
    %jmp T_1.243;
T_1.222 ;
    %pushi/vec4 1, 0, 1;
    %assign/vec4 v0x7ff57a634860_0, 0;
    %pushi/vec4 0, 0, 1;
    %assign/vec4 v0x7ff57a634900_0, 0;
    %load/vec4 v0x7ff57a634c80_0;
    %parti/s 4, 24, 6;
    %assign/vec4 v0x7ff57a634b20_0, 0;
    %jmp T_1.243;
T_1.223 ;
    %pushi/vec4 1, 0, 1;
    %assign/vec4 v0x7ff57a6247d0_0, 0;
    %jmp T_1.243;
T_1.224 ;
    %pushi/vec4 0, 0, 1;
    %assign/vec4 v0x7ff57a6247d0_0, 0;
    %jmp T_1.243;
T_1.225 ;
    %pushi/vec4 1, 0, 1;
    %assign/vec4 v0x7ff57a634860_0, 0;
    %pushi/vec4 0, 0, 1;
    %assign/vec4 v0x7ff57a634900_0, 0;
    %load/vec4 v0x7ff57a634c80_0;
    %parti/s 4, 20, 6;
    %assign/vec4 v0x7ff57a634b20_0, 0;
    %jmp T_1.243;
T_1.226 ;
    %pushi/vec4 1, 0, 1;
    %assign/vec4 v0x7ff57a6247d0_0, 0;
    %jmp T_1.243;
T_1.227 ;
    %pushi/vec4 0, 0, 1;
    %assign/vec4 v0x7ff57a6247d0_0, 0;
    %jmp T_1.243;
T_1.228 ;
    %pushi/vec4 1, 0, 1;
    %assign/vec4 v0x7ff57a634860_0, 0;
    %pushi/vec4 0, 0, 1;
    %assign/vec4 v0x7ff57a634900_0, 0;
    %load/vec4 v0x7ff57a634c80_0;
    %parti/s 4, 16, 6;
    %assign/vec4 v0x7ff57a634b20_0, 0;
    %jmp T_1.243;
T_1.229 ;
    %pushi/vec4 1, 0, 1;
    %assign/vec4 v0x7ff57a6247d0_0, 0;
    %jmp T_1.243;
T_1.230 ;
    %pushi/vec4 0, 0, 1;
    %assign/vec4 v0x7ff57a6247d0_0, 0;
    %jmp T_1.243;
T_1.231 ;
    %pushi/vec4 1, 0, 1;
    %assign/vec4 v0x7ff57a634860_0, 0;
    %pushi/vec4 0, 0, 1;
    %assign/vec4 v0x7ff57a634900_0, 0;
    %load/vec4 v0x7ff57a634c80_0;
    %parti/s 4, 12, 5;
    %assign/vec4 v0x7ff57a634b20_0, 0;
    %jmp T_1.243;
T_1.232 ;
    %pushi/vec4 1, 0, 1;
    %assign/vec4 v0x7ff57a6247d0_0, 0;
    %jmp T_1.243;
T_1.233 ;
    %pushi/vec4 0, 0, 1;
    %assign/vec4 v0x7ff57a6247d0_0, 0;
    %jmp T_1.243;
T_1.234 ;
    %pushi/vec4 1, 0, 1;
    %assign/vec4 v0x7ff57a634860_0, 0;
    %pushi/vec4 0, 0, 1;
    %assign/vec4 v0x7ff57a634900_0, 0;
    %load/vec4 v0x7ff57a634c80_0;
    %parti/s 4, 8, 5;
    %assign/vec4 v0x7ff57a634b20_0, 0;
    %jmp T_1.243;
T_1.235 ;
    %pushi/vec4 1, 0, 1;
    %assign/vec4 v0x7ff57a6247d0_0, 0;
    %jmp T_1.243;
T_1.236 ;
    %pushi/vec4 0, 0, 1;
    %assign/vec4 v0x7ff57a6247d0_0, 0;
    %jmp T_1.243;
T_1.237 ;
    %pushi/vec4 1, 0, 1;
    %assign/vec4 v0x7ff57a634860_0, 0;
    %pushi/vec4 0, 0, 1;
    %assign/vec4 v0x7ff57a634900_0, 0;
    %load/vec4 v0x7ff57a634c80_0;
    %parti/s 4, 4, 4;
    %assign/vec4 v0x7ff57a634b20_0, 0;
    %jmp T_1.243;
T_1.238 ;
    %pushi/vec4 1, 0, 1;
    %assign/vec4 v0x7ff57a6247d0_0, 0;
    %jmp T_1.243;
T_1.239 ;
    %pushi/vec4 0, 0, 1;
    %assign/vec4 v0x7ff57a6247d0_0, 0;
    %jmp T_1.243;
T_1.240 ;
    %pushi/vec4 1, 0, 1;
    %assign/vec4 v0x7ff57a634860_0, 0;
    %pushi/vec4 0, 0, 1;
    %assign/vec4 v0x7ff57a634900_0, 0;
    %load/vec4 v0x7ff57a634c80_0;
    %parti/s 4, 0, 2;
    %assign/vec4 v0x7ff57a634b20_0, 0;
    %jmp T_1.243;
T_1.241 ;
    %pushi/vec4 1, 0, 1;
    %assign/vec4 v0x7ff57a6247d0_0, 0;
    %jmp T_1.243;
T_1.243 ;
    %pop/vec4 1;
    %load/vec4 v0x7ff57a634d30_0;
    %addi 1, 0, 16;
    %assign/vec4 v0x7ff57a634d30_0, 0;
    %pushi/vec4 0, 0, 20;
    %assign/vec4 v0x7ff57a634a30_0, 0;
    %jmp T_1.1;
T_1.0 ;
    %load/vec4 v0x7ff57a634a30_0;
    %addi 1, 0, 20;
    %assign/vec4 v0x7ff57a634a30_0, 0;
T_1.1 ;
    %jmp T_1;
    .thread T_1;
# The file index is used to find the file name in the following table.
:file_names 3;
    "N/A";
    "<interactive>";
    "lcd_driver.v";
