Running: /opt/Xilinx/14.7/ISE_DS/ISE/bin/lin64/unwrapped/fuse -intstyle ise -incremental -lib unisims_ver -lib unimacro_ver -lib xilinxcorelib_ver -o /users/btech/hritvikt/Desktop/CS220/Lab2/Lab2_3/adder5x4/adder5x4_top_isim_beh.exe -prj /users/btech/hritvikt/Desktop/CS220/Lab2/Lab2_3/adder5x4/adder5x4_top_beh.prj work.adder5x4_top work.glbl 
ISim P.20131013 (signature 0xfbc00daa)
Number of CPUs detected in this system: 4
Turning on mult-threading, number of parallel sub-compilation jobs: 8 
Determining compilation order of HDL files
Analyzing Verilog file "/users/btech/hritvikt/Desktop/CS220/Lab2/Lab2_3/adder5x4/full_adder.v" into library work
Analyzing Verilog file "/users/btech/hritvikt/Desktop/CS220/Lab2/Lab2_3/adder5x4/adder6.v" into library work
Analyzing Verilog file "/users/btech/hritvikt/Desktop/CS220/Lab2/Lab2_3/adder5x4/adder5.v" into library work
Analyzing Verilog file "/users/btech/hritvikt/Desktop/CS220/Lab2/Lab2_3/adder5x4/adder4.v" into library work
Analyzing Verilog file "/users/btech/hritvikt/Desktop/CS220/Lab2/Lab2_3/adder5x4/adder5x4.v" into library work
Analyzing Verilog file "/users/btech/hritvikt/Desktop/CS220/Lab2/Lab2_3/adder5x4/adder5x4_top.v" into library work
Analyzing Verilog file "/opt/Xilinx/14.7/ISE_DS/ISE//verilog/src/glbl.v" into library work
Starting static elaboration
Completed static elaboration
Fuse Memory Usage: 99948 KB
Fuse CPU Usage: 2070 ms
Compiling module full_adder
Compiling module adder4
Compiling module adder5
Compiling module adder6
Compiling module adder5x4
Compiling module adder5x4_top
Compiling module glbl
Time Resolution for simulation is 1ps.
Waiting for 1 sub-compilation(s) to finish...
Compiled 7 Verilog Units
Built simulation executable /users/btech/hritvikt/Desktop/CS220/Lab2/Lab2_3/adder5x4/adder5x4_top_isim_beh.exe
Fuse Memory Usage: 659068 KB
Fuse CPU Usage: 2100 ms
GCC CPU Usage: 480 ms
