#! /usr/bin/vvp
:ivl_version "10.2 (stable)" "(v10_2)";
:ivl_delay_selection "TYPICAL";
:vpi_time_precision - 12;
:vpi_module "system";
:vpi_module "vhdl_sys";
:vpi_module "v2005_math";
:vpi_module "va_math";
S_0x560645ad7750 .scope module, "complement_adder" "complement_adder" 2 2;
 .timescale -9 -12;
    .port_info 0 /INPUT 1 "a"
    .port_info 1 /INPUT 1 "b"
    .port_info 2 /INPUT 1 "c"
    .port_info 3 /INPUT 1 "op"
    .port_info 4 /OUTPUT 1 "sum"
    .port_info 5 /OUTPUT 1 "carry"
o0x7f54a5d80198 .functor BUFZ 1, C4<z>; HiZ drive
o0x7f54a5d801c8 .functor BUFZ 1, C4<z>; HiZ drive
L_0x560645af8970 .functor XOR 1, o0x7f54a5d80198, o0x7f54a5d801c8, C4<0>, C4<0>;
o0x7f54a5d801f8 .functor BUFZ 1, C4<z>; HiZ drive
L_0x560645af8a60 .functor XOR 1, L_0x560645af8970, o0x7f54a5d801f8, C4<0>, C4<0>;
o0x7f54a5d80258 .functor BUFZ 1, C4<z>; HiZ drive
L_0x560645af8b00 .functor XOR 1, L_0x560645af8a60, o0x7f54a5d80258, C4<0>, C4<0>;
L_0x560645af8bf0 .functor XOR 1, o0x7f54a5d801c8, o0x7f54a5d80258, C4<0>, C4<0>;
L_0x560645af8d30 .functor AND 1, o0x7f54a5d80198, L_0x560645af8bf0, C4<1>, C4<1>;
L_0x560645af8e40 .functor XOR 1, o0x7f54a5d801c8, o0x7f54a5d80258, C4<0>, C4<0>;
L_0x560645af8eb0 .functor AND 1, L_0x560645af8e40, o0x7f54a5d801f8, C4<1>, C4<1>;
L_0x560645af8fc0 .functor OR 1, L_0x560645af8d30, L_0x560645af8eb0, C4<0>, C4<0>;
L_0x560645af9120 .functor AND 1, o0x7f54a5d801f8, o0x7f54a5d80198, C4<1>, C4<1>;
L_0x560645af9190 .functor OR 1, L_0x560645af8fc0, L_0x560645af9120, C4<0>, C4<0>;
v0x560645a9ebe0_0 .net *"_s0", 0 0, L_0x560645af8970;  1 drivers
v0x560645af7ce0_0 .net *"_s10", 0 0, L_0x560645af8e40;  1 drivers
v0x560645af7dc0_0 .net *"_s12", 0 0, L_0x560645af8eb0;  1 drivers
v0x560645af7eb0_0 .net *"_s14", 0 0, L_0x560645af8fc0;  1 drivers
v0x560645af7f90_0 .net *"_s16", 0 0, L_0x560645af9120;  1 drivers
v0x560645af80c0_0 .net *"_s2", 0 0, L_0x560645af8a60;  1 drivers
v0x560645af81a0_0 .net *"_s6", 0 0, L_0x560645af8bf0;  1 drivers
v0x560645af8280_0 .net *"_s8", 0 0, L_0x560645af8d30;  1 drivers
v0x560645af8360_0 .net "a", 0 0, o0x7f54a5d80198;  0 drivers
v0x560645af84b0_0 .net "b", 0 0, o0x7f54a5d801c8;  0 drivers
v0x560645af8570_0 .net "c", 0 0, o0x7f54a5d801f8;  0 drivers
v0x560645af8630_0 .net "carry", 0 0, L_0x560645af9190;  1 drivers
v0x560645af86f0_0 .net "op", 0 0, o0x7f54a5d80258;  0 drivers
v0x560645af87b0_0 .net "sum", 0 0, L_0x560645af8b00;  1 drivers
# The file index is used to find the file name in the following table.
:file_names 3;
    "N/A";
    "<interactive>";
    "complement_adder.v";
