Release 14.7 - xst P.20131013 (lin64)
Copyright (c) 1995-2013 Xilinx, Inc.  All rights reserved.
--> 
Parameter TMPDIR set to xst/projnav.tmp


Total REAL time to Xst completion: 0.00 secs
Total CPU time to Xst completion: 0.22 secs
 
--> 
Parameter xsthdpdir set to xst


Total REAL time to Xst completion: 0.00 secs
Total CPU time to Xst completion: 0.22 secs
 
--> 
Reading design: controller.prj

TABLE OF CONTENTS
  1) Synthesis Options Summary
  2) HDL Compilation
  3) Design Hierarchy Analysis
  4) HDL Analysis
  5) HDL Synthesis
     5.1) HDL Synthesis Report
  6) Advanced HDL Synthesis
     6.1) Advanced HDL Synthesis Report
  7) Low Level Synthesis
  8) Partition Report
  9) Final Report
	9.1) Device utilization summary
	9.2) Partition Resource Summary
	9.3) TIMING REPORT


=========================================================================
*                      Synthesis Options Summary                        *
=========================================================================
---- Source Parameters
Input File Name                    : "controller.prj"
Input Format                       : mixed
Ignore Synthesis Constraint File   : NO

---- Target Parameters
Output File Name                   : "controller"
Output Format                      : NGC
Target Device                      : xc3s500e-4-fg320

---- Source Options
Top Module Name                    : controller
Automatic FSM Extraction           : YES
FSM Encoding Algorithm             : Auto
Safe Implementation                : No
FSM Style                          : LUT
RAM Extraction                     : Yes
RAM Style                          : Auto
ROM Extraction                     : Yes
Mux Style                          : Auto
Decoder Extraction                 : YES
Priority Encoder Extraction        : Yes
Shift Register Extraction          : YES
Logical Shifter Extraction         : YES
XOR Collapsing                     : YES
ROM Style                          : Auto
Mux Extraction                     : Yes
Resource Sharing                   : YES
Asynchronous To Synchronous        : NO
Multiplier Style                   : Auto
Automatic Register Balancing       : No

---- Target Options
Add IO Buffers                     : YES
Global Maximum Fanout              : 500
Add Generic Clock Buffer(BUFG)     : 24
Register Duplication               : YES
Slice Packing                      : YES
Optimize Instantiated Primitives   : NO
Use Clock Enable                   : Yes
Use Synchronous Set                : Yes
Use Synchronous Reset              : Yes
Pack IO Registers into IOBs        : Auto
Equivalent register Removal        : YES

---- General Options
Optimization Goal                  : Speed
Optimization Effort                : 1
Keep Hierarchy                     : No
Netlist Hierarchy                  : As_Optimized
RTL Output                         : Yes
Global Optimization                : AllClockNets
Read Cores                         : YES
Write Timing Constraints           : NO
Cross Clock Analysis               : NO
Hierarchy Separator                : /
Bus Delimiter                      : <>
Case Specifier                     : Maintain
Slice Utilization Ratio            : 100
BRAM Utilization Ratio             : 100
Verilog 2001                       : YES
Auto BRAM Packing                  : NO
Slice Utilization Ratio Delta      : 5

=========================================================================


=========================================================================
*                          HDL Compilation                              *
=========================================================================
Compiling verilog file "lcd_driver.v" in library work
Compiling verilog file "complement_adder.v" in library work
Module <lcd_driver> compiled
Compiling verilog file "top.v" in library work
Module <complement_adder> compiled
Compiling verilog file "add_sub.v" in library work
Module <top> compiled
Compiling verilog file "controller.v" in library work
Module <add_sub> compiled
Module <controller> compiled
No errors in compilation
Analysis of file <"controller.prj"> succeeded.
 

=========================================================================
*                     Design Hierarchy Analysis                         *
=========================================================================
Analyzing hierarchy for module <controller> in library <work>.

Analyzing hierarchy for module <add_sub> in library <work>.

Analyzing hierarchy for module <top> in library <work>.

Analyzing hierarchy for module <complement_adder> in library <work>.

Analyzing hierarchy for module <lcd_driver> in library <work>.


=========================================================================
*                            HDL Analysis                               *
=========================================================================
Analyzing top module <controller>.
WARNING:Xst:916 - "controller.v" line 179: Delay is ignored for synthesis.
WARNING:Xst:916 - "controller.v" line 179: Delay is ignored for synthesis.
WARNING:Xst:916 - "controller.v" line 193: Delay is ignored for synthesis.
WARNING:Xst:916 - "controller.v" line 193: Delay is ignored for synthesis.
WARNING:Xst:916 - "controller.v" line 196: Delay is ignored for synthesis.
WARNING:Xst:915 - Message (916) is reported only 5 times for each module.
Module <controller> is correct for synthesis.
 
Analyzing module <add_sub> in library <work>.
Module <add_sub> is correct for synthesis.
 
Analyzing module <complement_adder> in library <work>.
Module <complement_adder> is correct for synthesis.
 
Analyzing module <top> in library <work>.
Module <top> is correct for synthesis.
 
Analyzing module <lcd_driver> in library <work>.
Module <lcd_driver> is correct for synthesis.
 

=========================================================================
*                           HDL Synthesis                               *
=========================================================================

Performing bidirectional port resolution...
INFO:Xst:2679 - Register <LCD_W> in unit <lcd_driver> has a constant value of 0 during circuit operation. The register is replaced by logic.

Synthesizing Unit <complement_adder>.
    Related source file is "complement_adder.v".
    Found 1-bit xor3 for signal <sum>.
    Found 1-bit xor2 for signal <carry$xor0000> created at line 28.
    Summary:
	inferred   1 Xor(s).
Unit <complement_adder> synthesized.


Synthesizing Unit <lcd_driver>.
    Related source file is "lcd_driver.v".
    Found 1-bit register for signal <LCD_E>.
    Found 1-bit register for signal <LCD_RS>.
    Found 4-bit register for signal <databits>.
    Found 20-bit up counter for signal <counter>.
    Found 16-bit up counter for signal <state>.
    Summary:
	inferred   2 Counter(s).
	inferred   6 D-type flip-flop(s).
Unit <lcd_driver> synthesized.


Synthesizing Unit <add_sub>.
    Related source file is "add_sub.v".
WARNING:Xst:646 - Signal <c<15>> is assigned but never used. This unconnected signal will be trimmed during the optimization process.
Unit <add_sub> synthesized.


Synthesizing Unit <top>.
    Related source file is "top.v".
WARNING:Xst:647 - Input <raB> is never used. This port will be preserved and left unconnected if it belongs to a top-level block or it belongs to a sub-block and the hierarchy of this sub-block is preserved.
    Found 128-bit register for signal <LINE1>.
    Found 128-bit register for signal <LINE2>.
    Summary:
	inferred 256 D-type flip-flop(s).
Unit <top> synthesized.


Synthesizing Unit <controller>.
    Related source file is "controller.v".
WARNING:Xst:653 - Signal <rdDataB> is used but never assigned. This sourceless signal will be automatically connected to value 0000000000000000.
WARNING:Xst:653 - Signal <rdDataA> is used but never assigned. This sourceless signal will be automatically connected to value 0000000000000000.
    Found 5-bit up counter for signal <cnt>.
    Found 1-bit register for signal <func>.
    Found 3-bit register for signal <mode>.
    Found 3-bit register for signal <op>.
    Found 1-bit register for signal <prev>.
    Found 5-bit register for signal <rdAddrA>.
    Found 5-bit register for signal <rdAddrB>.
    Found 1-bit register for signal <readA>.
    Found 1-bit register for signal <readB>.
    Found 1-bit register for signal <rot_e>.
    Found 4-bit register for signal <shift>.
    Found 16-bit register for signal <shOut>.
    Found 16-bit shifter logical left for signal <shOut$shift0000> created at line 96.
    Found 5-bit register for signal <wrAddr>.
    Found 16-bit register for signal <wrData>.
    Found 1-bit register for signal <write>.
    Summary:
	inferred   1 Counter(s).
	inferred  63 D-type flip-flop(s).
	inferred   1 Combinational logic shifter(s).
Unit <controller> synthesized.


=========================================================================
HDL Synthesis Report

Macro Statistics
# Counters                                             : 3
 16-bit up counter                                     : 1
 20-bit up counter                                     : 1
 5-bit up counter                                      : 1
# Registers                                            : 43
 1-bit register                                        : 36
 128-bit register                                      : 2
 16-bit register                                       : 1
 3-bit register                                        : 2
 4-bit register                                        : 2
# Logic shifters                                       : 1
 16-bit shifter logical left                           : 1
# Xors                                                 : 32
 1-bit xor2                                            : 16
 1-bit xor3                                            : 16

=========================================================================

=========================================================================
*                       Advanced HDL Synthesis                          *
=========================================================================

WARNING:Xst:1293 - FF/Latch <LINE2_26> has a constant value of 0 in block <disp>. This FF/Latch will be trimmed during the optimization process.
WARNING:Xst:1293 - FF/Latch <LINE2_27> has a constant value of 0 in block <disp>. This FF/Latch will be trimmed during the optimization process.
WARNING:Xst:1293 - FF/Latch <LINE2_30> has a constant value of 0 in block <disp>. This FF/Latch will be trimmed during the optimization process.
WARNING:Xst:1293 - FF/Latch <LINE2_31> has a constant value of 0 in block <disp>. This FF/Latch will be trimmed during the optimization process.
WARNING:Xst:1293 - FF/Latch <LINE2_33> has a constant value of 0 in block <disp>. This FF/Latch will be trimmed during the optimization process.
WARNING:Xst:1293 - FF/Latch <LINE2_34> has a constant value of 0 in block <disp>. This FF/Latch will be trimmed during the optimization process.
WARNING:Xst:1293 - FF/Latch <LINE2_35> has a constant value of 0 in block <disp>. This FF/Latch will be trimmed during the optimization process.
WARNING:Xst:1293 - FF/Latch <LINE2_38> has a constant value of 0 in block <disp>. This FF/Latch will be trimmed during the optimization process.
WARNING:Xst:1293 - FF/Latch <LINE2_39> has a constant value of 0 in block <disp>. This FF/Latch will be trimmed during the optimization process.
WARNING:Xst:1293 - FF/Latch <LINE2_41> has a constant value of 0 in block <disp>. This FF/Latch will be trimmed during the optimization process.
WARNING:Xst:1293 - FF/Latch <LINE2_42> has a constant value of 0 in block <disp>. This FF/Latch will be trimmed during the optimization process.
WARNING:Xst:1293 - FF/Latch <LINE2_43> has a constant value of 0 in block <disp>. This FF/Latch will be trimmed during the optimization process.
WARNING:Xst:1293 - FF/Latch <LINE2_46> has a constant value of 0 in block <disp>. This FF/Latch will be trimmed during the optimization process.
WARNING:Xst:1293 - FF/Latch <LINE2_47> has a constant value of 0 in block <disp>. This FF/Latch will be trimmed during the optimization process.
WARNING:Xst:1293 - FF/Latch <LINE2_49> has a constant value of 0 in block <disp>. This FF/Latch will be trimmed during the optimization process.
WARNING:Xst:1293 - FF/Latch <LINE2_50> has a constant value of 0 in block <disp>. This FF/Latch will be trimmed during the optimization process.
WARNING:Xst:1293 - FF/Latch <LINE2_51> has a constant value of 0 in block <disp>. This FF/Latch will be trimmed during the optimization process.
WARNING:Xst:1293 - FF/Latch <LINE2_54> has a constant value of 0 in block <disp>. This FF/Latch will be trimmed during the optimization process.
WARNING:Xst:1293 - FF/Latch <LINE2_55> has a constant value of 0 in block <disp>. This FF/Latch will be trimmed during the optimization process.
WARNING:Xst:1293 - FF/Latch <LINE2_57> has a constant value of 0 in block <disp>. This FF/Latch will be trimmed during the optimization process.
WARNING:Xst:1293 - FF/Latch <LINE2_58> has a constant value of 0 in block <disp>. This FF/Latch will be trimmed during the optimization process.
WARNING:Xst:1293 - FF/Latch <LINE1_121> has a constant value of 0 in block <disp>. This FF/Latch will be trimmed during the optimization process.
WARNING:Xst:1293 - FF/Latch <LINE1_122> has a constant value of 0 in block <disp>. This FF/Latch will be trimmed during the optimization process.
WARNING:Xst:1293 - FF/Latch <LINE1_123> has a constant value of 0 in block <disp>. This FF/Latch will be trimmed during the optimization process.
WARNING:Xst:1293 - FF/Latch <LINE1_126> has a constant value of 0 in block <disp>. This FF/Latch will be trimmed during the optimization process.
WARNING:Xst:1293 - FF/Latch <LINE1_127> has a constant value of 0 in block <disp>. This FF/Latch will be trimmed during the optimization process.
WARNING:Xst:1293 - FF/Latch <LINE2_1> has a constant value of 0 in block <disp>. This FF/Latch will be trimmed during the optimization process.
WARNING:Xst:1293 - FF/Latch <LINE2_2> has a constant value of 0 in block <disp>. This FF/Latch will be trimmed during the optimization process.
WARNING:Xst:1293 - FF/Latch <LINE2_3> has a constant value of 0 in block <disp>. This FF/Latch will be trimmed during the optimization process.
WARNING:Xst:1293 - FF/Latch <LINE2_6> has a constant value of 0 in block <disp>. This FF/Latch will be trimmed during the optimization process.
WARNING:Xst:1293 - FF/Latch <LINE2_7> has a constant value of 0 in block <disp>. This FF/Latch will be trimmed during the optimization process.
WARNING:Xst:1293 - FF/Latch <LINE2_9> has a constant value of 0 in block <disp>. This FF/Latch will be trimmed during the optimization process.
WARNING:Xst:1293 - FF/Latch <LINE2_10> has a constant value of 0 in block <disp>. This FF/Latch will be trimmed during the optimization process.
WARNING:Xst:1293 - FF/Latch <LINE2_11> has a constant value of 0 in block <disp>. This FF/Latch will be trimmed during the optimization process.
WARNING:Xst:1293 - FF/Latch <LINE2_14> has a constant value of 0 in block <disp>. This FF/Latch will be trimmed during the optimization process.
WARNING:Xst:1293 - FF/Latch <LINE2_15> has a constant value of 0 in block <disp>. This FF/Latch will be trimmed during the optimization process.
WARNING:Xst:1293 - FF/Latch <LINE2_17> has a constant value of 0 in block <disp>. This FF/Latch will be trimmed during the optimization process.
WARNING:Xst:1293 - FF/Latch <LINE2_18> has a constant value of 0 in block <disp>. This FF/Latch will be trimmed during the optimization process.
WARNING:Xst:1293 - FF/Latch <LINE2_19> has a constant value of 0 in block <disp>. This FF/Latch will be trimmed during the optimization process.
WARNING:Xst:1293 - FF/Latch <LINE2_22> has a constant value of 0 in block <disp>. This FF/Latch will be trimmed during the optimization process.
WARNING:Xst:1293 - FF/Latch <LINE2_23> has a constant value of 0 in block <disp>. This FF/Latch will be trimmed during the optimization process.
WARNING:Xst:1293 - FF/Latch <LINE2_25> has a constant value of 0 in block <disp>. This FF/Latch will be trimmed during the optimization process.
WARNING:Xst:1293 - FF/Latch <LINE2_95> has a constant value of 0 in block <disp>. This FF/Latch will be trimmed during the optimization process.
WARNING:Xst:1293 - FF/Latch <LINE2_97> has a constant value of 0 in block <disp>. This FF/Latch will be trimmed during the optimization process.
WARNING:Xst:1293 - FF/Latch <LINE2_98> has a constant value of 0 in block <disp>. This FF/Latch will be trimmed during the optimization process.
WARNING:Xst:1293 - FF/Latch <LINE2_99> has a constant value of 0 in block <disp>. This FF/Latch will be trimmed during the optimization process.
WARNING:Xst:1293 - FF/Latch <LINE2_102> has a constant value of 0 in block <disp>. This FF/Latch will be trimmed during the optimization process.
WARNING:Xst:1293 - FF/Latch <LINE2_103> has a constant value of 0 in block <disp>. This FF/Latch will be trimmed during the optimization process.
WARNING:Xst:1293 - FF/Latch <LINE2_105> has a constant value of 0 in block <disp>. This FF/Latch will be trimmed during the optimization process.
WARNING:Xst:1293 - FF/Latch <LINE2_106> has a constant value of 0 in block <disp>. This FF/Latch will be trimmed during the optimization process.
WARNING:Xst:1293 - FF/Latch <LINE2_107> has a constant value of 0 in block <disp>. This FF/Latch will be trimmed during the optimization process.
WARNING:Xst:1293 - FF/Latch <LINE2_110> has a constant value of 0 in block <disp>. This FF/Latch will be trimmed during the optimization process.
WARNING:Xst:1293 - FF/Latch <LINE2_111> has a constant value of 0 in block <disp>. This FF/Latch will be trimmed during the optimization process.
WARNING:Xst:1293 - FF/Latch <LINE2_113> has a constant value of 0 in block <disp>. This FF/Latch will be trimmed during the optimization process.
WARNING:Xst:1293 - FF/Latch <LINE2_114> has a constant value of 0 in block <disp>. This FF/Latch will be trimmed during the optimization process.
WARNING:Xst:1293 - FF/Latch <LINE2_115> has a constant value of 0 in block <disp>. This FF/Latch will be trimmed during the optimization process.
WARNING:Xst:1293 - FF/Latch <LINE2_118> has a constant value of 0 in block <disp>. This FF/Latch will be trimmed during the optimization process.
WARNING:Xst:1293 - FF/Latch <LINE2_119> has a constant value of 0 in block <disp>. This FF/Latch will be trimmed during the optimization process.
WARNING:Xst:1293 - FF/Latch <LINE2_121> has a constant value of 0 in block <disp>. This FF/Latch will be trimmed during the optimization process.
WARNING:Xst:1293 - FF/Latch <LINE2_122> has a constant value of 0 in block <disp>. This FF/Latch will be trimmed during the optimization process.
WARNING:Xst:1293 - FF/Latch <LINE2_123> has a constant value of 0 in block <disp>. This FF/Latch will be trimmed during the optimization process.
WARNING:Xst:1293 - FF/Latch <LINE2_126> has a constant value of 0 in block <disp>. This FF/Latch will be trimmed during the optimization process.
WARNING:Xst:1293 - FF/Latch <LINE2_127> has a constant value of 0 in block <disp>. This FF/Latch will be trimmed during the optimization process.
WARNING:Xst:1293 - FF/Latch <LINE2_59> has a constant value of 0 in block <disp>. This FF/Latch will be trimmed during the optimization process.
WARNING:Xst:1293 - FF/Latch <LINE2_62> has a constant value of 0 in block <disp>. This FF/Latch will be trimmed during the optimization process.
WARNING:Xst:1293 - FF/Latch <LINE2_63> has a constant value of 0 in block <disp>. This FF/Latch will be trimmed during the optimization process.
WARNING:Xst:1293 - FF/Latch <LINE2_65> has a constant value of 0 in block <disp>. This FF/Latch will be trimmed during the optimization process.
WARNING:Xst:1293 - FF/Latch <LINE2_66> has a constant value of 0 in block <disp>. This FF/Latch will be trimmed during the optimization process.
WARNING:Xst:1293 - FF/Latch <LINE2_67> has a constant value of 0 in block <disp>. This FF/Latch will be trimmed during the optimization process.
WARNING:Xst:1293 - FF/Latch <LINE2_70> has a constant value of 0 in block <disp>. This FF/Latch will be trimmed during the optimization process.
WARNING:Xst:1293 - FF/Latch <LINE2_71> has a constant value of 0 in block <disp>. This FF/Latch will be trimmed during the optimization process.
WARNING:Xst:1293 - FF/Latch <LINE2_73> has a constant value of 0 in block <disp>. This FF/Latch will be trimmed during the optimization process.
WARNING:Xst:1293 - FF/Latch <LINE2_74> has a constant value of 0 in block <disp>. This FF/Latch will be trimmed during the optimization process.
WARNING:Xst:1293 - FF/Latch <LINE2_75> has a constant value of 0 in block <disp>. This FF/Latch will be trimmed during the optimization process.
WARNING:Xst:1293 - FF/Latch <LINE2_78> has a constant value of 0 in block <disp>. This FF/Latch will be trimmed during the optimization process.
WARNING:Xst:1293 - FF/Latch <LINE2_79> has a constant value of 0 in block <disp>. This FF/Latch will be trimmed during the optimization process.
WARNING:Xst:1293 - FF/Latch <LINE2_81> has a constant value of 0 in block <disp>. This FF/Latch will be trimmed during the optimization process.
WARNING:Xst:1293 - FF/Latch <LINE2_82> has a constant value of 0 in block <disp>. This FF/Latch will be trimmed during the optimization process.
WARNING:Xst:1293 - FF/Latch <LINE2_83> has a constant value of 0 in block <disp>. This FF/Latch will be trimmed during the optimization process.
WARNING:Xst:1293 - FF/Latch <LINE2_86> has a constant value of 0 in block <disp>. This FF/Latch will be trimmed during the optimization process.
WARNING:Xst:1293 - FF/Latch <LINE2_87> has a constant value of 0 in block <disp>. This FF/Latch will be trimmed during the optimization process.
WARNING:Xst:1293 - FF/Latch <LINE2_89> has a constant value of 0 in block <disp>. This FF/Latch will be trimmed during the optimization process.
WARNING:Xst:1293 - FF/Latch <LINE2_90> has a constant value of 0 in block <disp>. This FF/Latch will be trimmed during the optimization process.
WARNING:Xst:1293 - FF/Latch <LINE2_91> has a constant value of 0 in block <disp>. This FF/Latch will be trimmed during the optimization process.
WARNING:Xst:1293 - FF/Latch <LINE2_94> has a constant value of 0 in block <disp>. This FF/Latch will be trimmed during the optimization process.
WARNING:Xst:1293 - FF/Latch <LINE1_30> has a constant value of 0 in block <disp>. This FF/Latch will be trimmed during the optimization process.
WARNING:Xst:1293 - FF/Latch <LINE1_31> has a constant value of 0 in block <disp>. This FF/Latch will be trimmed during the optimization process.
WARNING:Xst:1293 - FF/Latch <LINE1_32> has a constant value of 0 in block <disp>. This FF/Latch will be trimmed during the optimization process.
WARNING:Xst:1293 - FF/Latch <LINE1_33> has a constant value of 0 in block <disp>. This FF/Latch will be trimmed during the optimization process.
WARNING:Xst:1293 - FF/Latch <LINE1_34> has a constant value of 0 in block <disp>. This FF/Latch will be trimmed during the optimization process.
WARNING:Xst:1293 - FF/Latch <LINE1_35> has a constant value of 0 in block <disp>. This FF/Latch will be trimmed during the optimization process.
WARNING:Xst:1293 - FF/Latch <LINE1_38> has a constant value of 0 in block <disp>. This FF/Latch will be trimmed during the optimization process.
WARNING:Xst:1293 - FF/Latch <LINE1_39> has a constant value of 0 in block <disp>. This FF/Latch will be trimmed during the optimization process.
WARNING:Xst:1293 - FF/Latch <LINE1_40> has a constant value of 0 in block <disp>. This FF/Latch will be trimmed during the optimization process.
WARNING:Xst:1293 - FF/Latch <LINE1_41> has a constant value of 0 in block <disp>. This FF/Latch will be trimmed during the optimization process.
WARNING:Xst:1293 - FF/Latch <LINE1_42> has a constant value of 0 in block <disp>. This FF/Latch will be trimmed during the optimization process.
WARNING:Xst:1293 - FF/Latch <LINE1_43> has a constant value of 0 in block <disp>. This FF/Latch will be trimmed during the optimization process.
WARNING:Xst:1293 - FF/Latch <LINE1_46> has a constant value of 0 in block <disp>. This FF/Latch will be trimmed during the optimization process.
WARNING:Xst:1293 - FF/Latch <LINE1_47> has a constant value of 0 in block <disp>. This FF/Latch will be trimmed during the optimization process.
WARNING:Xst:1293 - FF/Latch <LINE1_49> has a constant value of 0 in block <disp>. This FF/Latch will be trimmed during the optimization process.
WARNING:Xst:1293 - FF/Latch <LINE1_50> has a constant value of 0 in block <disp>. This FF/Latch will be trimmed during the optimization process.
WARNING:Xst:1293 - FF/Latch <LINE1_51> has a constant value of 0 in block <disp>. This FF/Latch will be trimmed during the optimization process.
WARNING:Xst:1293 - FF/Latch <LINE1_54> has a constant value of 0 in block <disp>. This FF/Latch will be trimmed during the optimization process.
WARNING:Xst:1293 - FF/Latch <LINE1_55> has a constant value of 0 in block <disp>. This FF/Latch will be trimmed during the optimization process.
WARNING:Xst:1293 - FF/Latch <LINE1_57> has a constant value of 0 in block <disp>. This FF/Latch will be trimmed during the optimization process.
WARNING:Xst:1293 - FF/Latch <LINE1_58> has a constant value of 0 in block <disp>. This FF/Latch will be trimmed during the optimization process.
WARNING:Xst:1293 - FF/Latch <LINE1_0> has a constant value of 0 in block <disp>. This FF/Latch will be trimmed during the optimization process.
WARNING:Xst:1293 - FF/Latch <LINE1_1> has a constant value of 0 in block <disp>. This FF/Latch will be trimmed during the optimization process.
WARNING:Xst:1293 - FF/Latch <LINE1_2> has a constant value of 0 in block <disp>. This FF/Latch will be trimmed during the optimization process.
WARNING:Xst:1293 - FF/Latch <LINE1_3> has a constant value of 0 in block <disp>. This FF/Latch will be trimmed during the optimization process.
WARNING:Xst:1293 - FF/Latch <LINE1_6> has a constant value of 0 in block <disp>. This FF/Latch will be trimmed during the optimization process.
WARNING:Xst:1293 - FF/Latch <LINE1_7> has a constant value of 0 in block <disp>. This FF/Latch will be trimmed during the optimization process.
WARNING:Xst:1293 - FF/Latch <LINE1_8> has a constant value of 0 in block <disp>. This FF/Latch will be trimmed during the optimization process.
WARNING:Xst:1293 - FF/Latch <LINE1_9> has a constant value of 0 in block <disp>. This FF/Latch will be trimmed during the optimization process.
WARNING:Xst:1293 - FF/Latch <LINE1_10> has a constant value of 0 in block <disp>. This FF/Latch will be trimmed during the optimization process.
WARNING:Xst:1293 - FF/Latch <LINE1_11> has a constant value of 0 in block <disp>. This FF/Latch will be trimmed during the optimization process.
WARNING:Xst:1293 - FF/Latch <LINE1_14> has a constant value of 0 in block <disp>. This FF/Latch will be trimmed during the optimization process.
WARNING:Xst:1293 - FF/Latch <LINE1_15> has a constant value of 0 in block <disp>. This FF/Latch will be trimmed during the optimization process.
WARNING:Xst:1293 - FF/Latch <LINE1_16> has a constant value of 0 in block <disp>. This FF/Latch will be trimmed during the optimization process.
WARNING:Xst:1293 - FF/Latch <LINE1_17> has a constant value of 0 in block <disp>. This FF/Latch will be trimmed during the optimization process.
WARNING:Xst:1293 - FF/Latch <LINE1_18> has a constant value of 0 in block <disp>. This FF/Latch will be trimmed during the optimization process.
WARNING:Xst:1293 - FF/Latch <LINE1_19> has a constant value of 0 in block <disp>. This FF/Latch will be trimmed during the optimization process.
WARNING:Xst:1293 - FF/Latch <LINE1_22> has a constant value of 0 in block <disp>. This FF/Latch will be trimmed during the optimization process.
WARNING:Xst:1293 - FF/Latch <LINE1_23> has a constant value of 0 in block <disp>. This FF/Latch will be trimmed during the optimization process.
WARNING:Xst:1293 - FF/Latch <LINE1_24> has a constant value of 0 in block <disp>. This FF/Latch will be trimmed during the optimization process.
WARNING:Xst:1293 - FF/Latch <LINE1_25> has a constant value of 0 in block <disp>. This FF/Latch will be trimmed during the optimization process.
WARNING:Xst:1293 - FF/Latch <LINE1_26> has a constant value of 0 in block <disp>. This FF/Latch will be trimmed during the optimization process.
WARNING:Xst:1293 - FF/Latch <LINE1_27> has a constant value of 0 in block <disp>. This FF/Latch will be trimmed during the optimization process.
WARNING:Xst:1293 - FF/Latch <LINE1_94> has a constant value of 0 in block <disp>. This FF/Latch will be trimmed during the optimization process.
WARNING:Xst:1293 - FF/Latch <LINE1_95> has a constant value of 0 in block <disp>. This FF/Latch will be trimmed during the optimization process.
WARNING:Xst:1293 - FF/Latch <LINE1_96> has a constant value of 0 in block <disp>. This FF/Latch will be trimmed during the optimization process.
WARNING:Xst:1293 - FF/Latch <LINE1_97> has a constant value of 0 in block <disp>. This FF/Latch will be trimmed during the optimization process.
WARNING:Xst:1293 - FF/Latch <LINE1_98> has a constant value of 0 in block <disp>. This FF/Latch will be trimmed during the optimization process.
WARNING:Xst:1293 - FF/Latch <LINE1_99> has a constant value of 0 in block <disp>. This FF/Latch will be trimmed during the optimization process.
WARNING:Xst:1293 - FF/Latch <LINE1_102> has a constant value of 0 in block <disp>. This FF/Latch will be trimmed during the optimization process.
WARNING:Xst:1293 - FF/Latch <LINE1_103> has a constant value of 0 in block <disp>. This FF/Latch will be trimmed during the optimization process.
WARNING:Xst:1293 - FF/Latch <LINE1_104> has a constant value of 0 in block <disp>. This FF/Latch will be trimmed during the optimization process.
WARNING:Xst:1293 - FF/Latch <LINE1_105> has a constant value of 0 in block <disp>. This FF/Latch will be trimmed during the optimization process.
WARNING:Xst:1293 - FF/Latch <LINE1_106> has a constant value of 0 in block <disp>. This FF/Latch will be trimmed during the optimization process.
WARNING:Xst:1293 - FF/Latch <LINE1_107> has a constant value of 0 in block <disp>. This FF/Latch will be trimmed during the optimization process.
WARNING:Xst:1293 - FF/Latch <LINE1_110> has a constant value of 0 in block <disp>. This FF/Latch will be trimmed during the optimization process.
WARNING:Xst:1293 - FF/Latch <LINE1_111> has a constant value of 0 in block <disp>. This FF/Latch will be trimmed during the optimization process.
WARNING:Xst:1293 - FF/Latch <LINE1_112> has a constant value of 0 in block <disp>. This FF/Latch will be trimmed during the optimization process.
WARNING:Xst:1293 - FF/Latch <LINE1_113> has a constant value of 0 in block <disp>. This FF/Latch will be trimmed during the optimization process.
WARNING:Xst:1293 - FF/Latch <LINE1_114> has a constant value of 0 in block <disp>. This FF/Latch will be trimmed during the optimization process.
WARNING:Xst:1293 - FF/Latch <LINE1_115> has a constant value of 0 in block <disp>. This FF/Latch will be trimmed during the optimization process.
WARNING:Xst:1293 - FF/Latch <LINE1_118> has a constant value of 0 in block <disp>. This FF/Latch will be trimmed during the optimization process.
WARNING:Xst:1293 - FF/Latch <LINE1_119> has a constant value of 0 in block <disp>. This FF/Latch will be trimmed during the optimization process.
WARNING:Xst:1293 - FF/Latch <LINE1_120> has a constant value of 0 in block <disp>. This FF/Latch will be trimmed during the optimization process.
WARNING:Xst:1293 - FF/Latch <LINE1_59> has a constant value of 0 in block <disp>. This FF/Latch will be trimmed during the optimization process.
WARNING:Xst:1293 - FF/Latch <LINE1_62> has a constant value of 0 in block <disp>. This FF/Latch will be trimmed during the optimization process.
WARNING:Xst:1293 - FF/Latch <LINE1_63> has a constant value of 0 in block <disp>. This FF/Latch will be trimmed during the optimization process.
WARNING:Xst:1293 - FF/Latch <LINE1_65> has a constant value of 0 in block <disp>. This FF/Latch will be trimmed during the optimization process.
WARNING:Xst:1293 - FF/Latch <LINE1_66> has a constant value of 0 in block <disp>. This FF/Latch will be trimmed during the optimization process.
WARNING:Xst:1293 - FF/Latch <LINE1_67> has a constant value of 0 in block <disp>. This FF/Latch will be trimmed during the optimization process.
WARNING:Xst:1293 - FF/Latch <LINE1_70> has a constant value of 0 in block <disp>. This FF/Latch will be trimmed during the optimization process.
WARNING:Xst:1293 - FF/Latch <LINE1_71> has a constant value of 0 in block <disp>. This FF/Latch will be trimmed during the optimization process.
WARNING:Xst:1293 - FF/Latch <LINE1_73> has a constant value of 0 in block <disp>. This FF/Latch will be trimmed during the optimization process.
WARNING:Xst:1293 - FF/Latch <LINE1_74> has a constant value of 0 in block <disp>. This FF/Latch will be trimmed during the optimization process.
WARNING:Xst:1293 - FF/Latch <LINE1_75> has a constant value of 0 in block <disp>. This FF/Latch will be trimmed during the optimization process.
WARNING:Xst:1293 - FF/Latch <LINE1_78> has a constant value of 0 in block <disp>. This FF/Latch will be trimmed during the optimization process.
WARNING:Xst:1293 - FF/Latch <LINE1_79> has a constant value of 0 in block <disp>. This FF/Latch will be trimmed during the optimization process.
WARNING:Xst:1293 - FF/Latch <LINE1_81> has a constant value of 0 in block <disp>. This FF/Latch will be trimmed during the optimization process.
WARNING:Xst:1293 - FF/Latch <LINE1_82> has a constant value of 0 in block <disp>. This FF/Latch will be trimmed during the optimization process.
WARNING:Xst:1293 - FF/Latch <LINE1_83> has a constant value of 0 in block <disp>. This FF/Latch will be trimmed during the optimization process.
WARNING:Xst:1293 - FF/Latch <LINE1_86> has a constant value of 0 in block <disp>. This FF/Latch will be trimmed during the optimization process.
WARNING:Xst:1293 - FF/Latch <LINE1_87> has a constant value of 0 in block <disp>. This FF/Latch will be trimmed during the optimization process.
WARNING:Xst:1293 - FF/Latch <LINE1_88> has a constant value of 0 in block <disp>. This FF/Latch will be trimmed during the optimization process.
WARNING:Xst:1293 - FF/Latch <LINE1_89> has a constant value of 0 in block <disp>. This FF/Latch will be trimmed during the optimization process.
WARNING:Xst:1293 - FF/Latch <LINE1_90> has a constant value of 0 in block <disp>. This FF/Latch will be trimmed during the optimization process.
WARNING:Xst:1293 - FF/Latch <LINE1_91> has a constant value of 0 in block <disp>. This FF/Latch will be trimmed during the optimization process.

=========================================================================
Advanced HDL Synthesis Report

Macro Statistics
# Counters                                             : 3
 16-bit up counter                                     : 1
 20-bit up counter                                     : 1
 5-bit up counter                                      : 1
# Registers                                            : 322
 Flip-Flops                                            : 322
# Logic shifters                                       : 1
 16-bit shifter logical left                           : 1
# Xors                                                 : 32
 1-bit xor2                                            : 16
 1-bit xor3                                            : 16

=========================================================================

=========================================================================
*                         Low Level Synthesis                           *
=========================================================================
WARNING:Xst:1293 - FF/Latch <LINE1_33> has a constant value of 0 in block <top>. This FF/Latch will be trimmed during the optimization process.
WARNING:Xst:1896 - Due to other FF/Latch trimming, FF/Latch <LINE1_34> has a constant value of 0 in block <top>. This FF/Latch will be trimmed during the optimization process.
WARNING:Xst:1896 - Due to other FF/Latch trimming, FF/Latch <LINE1_35> has a constant value of 0 in block <top>. This FF/Latch will be trimmed during the optimization process.
WARNING:Xst:1896 - Due to other FF/Latch trimming, FF/Latch <LINE1_38> has a constant value of 0 in block <top>. This FF/Latch will be trimmed during the optimization process.
WARNING:Xst:1896 - Due to other FF/Latch trimming, FF/Latch <LINE1_39> has a constant value of 0 in block <top>. This FF/Latch will be trimmed during the optimization process.
WARNING:Xst:1896 - Due to other FF/Latch trimming, FF/Latch <LINE1_41> has a constant value of 0 in block <top>. This FF/Latch will be trimmed during the optimization process.
WARNING:Xst:1896 - Due to other FF/Latch trimming, FF/Latch <LINE1_42> has a constant value of 0 in block <top>. This FF/Latch will be trimmed during the optimization process.
WARNING:Xst:1896 - Due to other FF/Latch trimming, FF/Latch <LINE1_43> has a constant value of 0 in block <top>. This FF/Latch will be trimmed during the optimization process.
WARNING:Xst:1896 - Due to other FF/Latch trimming, FF/Latch <LINE1_46> has a constant value of 0 in block <top>. This FF/Latch will be trimmed during the optimization process.
WARNING:Xst:1896 - Due to other FF/Latch trimming, FF/Latch <LINE1_47> has a constant value of 0 in block <top>. This FF/Latch will be trimmed during the optimization process.
WARNING:Xst:1896 - Due to other FF/Latch trimming, FF/Latch <LINE1_49> has a constant value of 0 in block <top>. This FF/Latch will be trimmed during the optimization process.
WARNING:Xst:1896 - Due to other FF/Latch trimming, FF/Latch <LINE1_50> has a constant value of 0 in block <top>. This FF/Latch will be trimmed during the optimization process.
WARNING:Xst:1896 - Due to other FF/Latch trimming, FF/Latch <LINE1_51> has a constant value of 0 in block <top>. This FF/Latch will be trimmed during the optimization process.
WARNING:Xst:1896 - Due to other FF/Latch trimming, FF/Latch <LINE1_54> has a constant value of 0 in block <top>. This FF/Latch will be trimmed during the optimization process.
WARNING:Xst:1896 - Due to other FF/Latch trimming, FF/Latch <LINE1_55> has a constant value of 0 in block <top>. This FF/Latch will be trimmed during the optimization process.
WARNING:Xst:1896 - Due to other FF/Latch trimming, FF/Latch <LINE1_57> has a constant value of 0 in block <top>. This FF/Latch will be trimmed during the optimization process.
WARNING:Xst:1896 - Due to other FF/Latch trimming, FF/Latch <LINE1_58> has a constant value of 0 in block <top>. This FF/Latch will be trimmed during the optimization process.
WARNING:Xst:1896 - Due to other FF/Latch trimming, FF/Latch <LINE1_59> has a constant value of 0 in block <top>. This FF/Latch will be trimmed during the optimization process.
WARNING:Xst:1896 - Due to other FF/Latch trimming, FF/Latch <LINE1_62> has a constant value of 0 in block <top>. This FF/Latch will be trimmed during the optimization process.
WARNING:Xst:1896 - Due to other FF/Latch trimming, FF/Latch <LINE1_63> has a constant value of 0 in block <top>. This FF/Latch will be trimmed during the optimization process.
WARNING:Xst:1896 - Due to other FF/Latch trimming, FF/Latch <LINE1_1> has a constant value of 0 in block <top>. This FF/Latch will be trimmed during the optimization process.
WARNING:Xst:1896 - Due to other FF/Latch trimming, FF/Latch <LINE1_2> has a constant value of 0 in block <top>. This FF/Latch will be trimmed during the optimization process.
WARNING:Xst:1896 - Due to other FF/Latch trimming, FF/Latch <LINE1_3> has a constant value of 0 in block <top>. This FF/Latch will be trimmed during the optimization process.
WARNING:Xst:1896 - Due to other FF/Latch trimming, FF/Latch <LINE1_6> has a constant value of 0 in block <top>. This FF/Latch will be trimmed during the optimization process.
WARNING:Xst:1896 - Due to other FF/Latch trimming, FF/Latch <LINE1_7> has a constant value of 0 in block <top>. This FF/Latch will be trimmed during the optimization process.
WARNING:Xst:1896 - Due to other FF/Latch trimming, FF/Latch <LINE1_9> has a constant value of 0 in block <top>. This FF/Latch will be trimmed during the optimization process.
WARNING:Xst:1896 - Due to other FF/Latch trimming, FF/Latch <LINE1_10> has a constant value of 0 in block <top>. This FF/Latch will be trimmed during the optimization process.
WARNING:Xst:1896 - Due to other FF/Latch trimming, FF/Latch <LINE1_11> has a constant value of 0 in block <top>. This FF/Latch will be trimmed during the optimization process.
WARNING:Xst:1896 - Due to other FF/Latch trimming, FF/Latch <LINE1_14> has a constant value of 0 in block <top>. This FF/Latch will be trimmed during the optimization process.
WARNING:Xst:1896 - Due to other FF/Latch trimming, FF/Latch <LINE1_15> has a constant value of 0 in block <top>. This FF/Latch will be trimmed during the optimization process.
WARNING:Xst:1896 - Due to other FF/Latch trimming, FF/Latch <LINE1_17> has a constant value of 0 in block <top>. This FF/Latch will be trimmed during the optimization process.
WARNING:Xst:1896 - Due to other FF/Latch trimming, FF/Latch <LINE1_18> has a constant value of 0 in block <top>. This FF/Latch will be trimmed during the optimization process.
WARNING:Xst:1896 - Due to other FF/Latch trimming, FF/Latch <LINE1_19> has a constant value of 0 in block <top>. This FF/Latch will be trimmed during the optimization process.
WARNING:Xst:1896 - Due to other FF/Latch trimming, FF/Latch <LINE1_22> has a constant value of 0 in block <top>. This FF/Latch will be trimmed during the optimization process.
WARNING:Xst:1896 - Due to other FF/Latch trimming, FF/Latch <LINE1_23> has a constant value of 0 in block <top>. This FF/Latch will be trimmed during the optimization process.
WARNING:Xst:1896 - Due to other FF/Latch trimming, FF/Latch <LINE1_25> has a constant value of 0 in block <top>. This FF/Latch will be trimmed during the optimization process.
WARNING:Xst:1896 - Due to other FF/Latch trimming, FF/Latch <LINE1_26> has a constant value of 0 in block <top>. This FF/Latch will be trimmed during the optimization process.
WARNING:Xst:1896 - Due to other FF/Latch trimming, FF/Latch <LINE1_27> has a constant value of 0 in block <top>. This FF/Latch will be trimmed during the optimization process.
WARNING:Xst:1896 - Due to other FF/Latch trimming, FF/Latch <LINE1_30> has a constant value of 0 in block <top>. This FF/Latch will be trimmed during the optimization process.
WARNING:Xst:1896 - Due to other FF/Latch trimming, FF/Latch <LINE1_31> has a constant value of 0 in block <top>. This FF/Latch will be trimmed during the optimization process.
WARNING:Xst:1896 - Due to other FF/Latch trimming, FF/Latch <LINE1_97> has a constant value of 0 in block <top>. This FF/Latch will be trimmed during the optimization process.
WARNING:Xst:1896 - Due to other FF/Latch trimming, FF/Latch <LINE1_98> has a constant value of 0 in block <top>. This FF/Latch will be trimmed during the optimization process.
WARNING:Xst:1896 - Due to other FF/Latch trimming, FF/Latch <LINE1_99> has a constant value of 0 in block <top>. This FF/Latch will be trimmed during the optimization process.
WARNING:Xst:1896 - Due to other FF/Latch trimming, FF/Latch <LINE1_102> has a constant value of 0 in block <top>. This FF/Latch will be trimmed during the optimization process.
WARNING:Xst:1896 - Due to other FF/Latch trimming, FF/Latch <LINE1_103> has a constant value of 0 in block <top>. This FF/Latch will be trimmed during the optimization process.
WARNING:Xst:1896 - Due to other FF/Latch trimming, FF/Latch <LINE1_105> has a constant value of 0 in block <top>. This FF/Latch will be trimmed during the optimization process.
WARNING:Xst:1896 - Due to other FF/Latch trimming, FF/Latch <LINE1_106> has a constant value of 0 in block <top>. This FF/Latch will be trimmed during the optimization process.
WARNING:Xst:1896 - Due to other FF/Latch trimming, FF/Latch <LINE1_107> has a constant value of 0 in block <top>. This FF/Latch will be trimmed during the optimization process.
WARNING:Xst:1896 - Due to other FF/Latch trimming, FF/Latch <LINE1_110> has a constant value of 0 in block <top>. This FF/Latch will be trimmed during the optimization process.
WARNING:Xst:1896 - Due to other FF/Latch trimming, FF/Latch <LINE1_111> has a constant value of 0 in block <top>. This FF/Latch will be trimmed during the optimization process.
WARNING:Xst:1896 - Due to other FF/Latch trimming, FF/Latch <LINE1_113> has a constant value of 0 in block <top>. This FF/Latch will be trimmed during the optimization process.
WARNING:Xst:1896 - Due to other FF/Latch trimming, FF/Latch <LINE1_114> has a constant value of 0 in block <top>. This FF/Latch will be trimmed during the optimization process.
WARNING:Xst:1896 - Due to other FF/Latch trimming, FF/Latch <LINE1_115> has a constant value of 0 in block <top>. This FF/Latch will be trimmed during the optimization process.
WARNING:Xst:1896 - Due to other FF/Latch trimming, FF/Latch <LINE1_118> has a constant value of 0 in block <top>. This FF/Latch will be trimmed during the optimization process.
WARNING:Xst:1896 - Due to other FF/Latch trimming, FF/Latch <LINE1_119> has a constant value of 0 in block <top>. This FF/Latch will be trimmed during the optimization process.
WARNING:Xst:1896 - Due to other FF/Latch trimming, FF/Latch <LINE1_121> has a constant value of 0 in block <top>. This FF/Latch will be trimmed during the optimization process.
WARNING:Xst:1896 - Due to other FF/Latch trimming, FF/Latch <LINE1_122> has a constant value of 0 in block <top>. This FF/Latch will be trimmed during the optimization process.
WARNING:Xst:1896 - Due to other FF/Latch trimming, FF/Latch <LINE1_123> has a constant value of 0 in block <top>. This FF/Latch will be trimmed during the optimization process.
WARNING:Xst:1896 - Due to other FF/Latch trimming, FF/Latch <LINE1_126> has a constant value of 0 in block <top>. This FF/Latch will be trimmed during the optimization process.
WARNING:Xst:1896 - Due to other FF/Latch trimming, FF/Latch <LINE1_127> has a constant value of 0 in block <top>. This FF/Latch will be trimmed during the optimization process.
WARNING:Xst:1896 - Due to other FF/Latch trimming, FF/Latch <LINE1_65> has a constant value of 0 in block <top>. This FF/Latch will be trimmed during the optimization process.
WARNING:Xst:1896 - Due to other FF/Latch trimming, FF/Latch <LINE1_66> has a constant value of 0 in block <top>. This FF/Latch will be trimmed during the optimization process.
WARNING:Xst:1896 - Due to other FF/Latch trimming, FF/Latch <LINE1_67> has a constant value of 0 in block <top>. This FF/Latch will be trimmed during the optimization process.
WARNING:Xst:1896 - Due to other FF/Latch trimming, FF/Latch <LINE1_70> has a constant value of 0 in block <top>. This FF/Latch will be trimmed during the optimization process.
WARNING:Xst:1896 - Due to other FF/Latch trimming, FF/Latch <LINE1_71> has a constant value of 0 in block <top>. This FF/Latch will be trimmed during the optimization process.
WARNING:Xst:1896 - Due to other FF/Latch trimming, FF/Latch <LINE1_73> has a constant value of 0 in block <top>. This FF/Latch will be trimmed during the optimization process.
WARNING:Xst:1896 - Due to other FF/Latch trimming, FF/Latch <LINE1_74> has a constant value of 0 in block <top>. This FF/Latch will be trimmed during the optimization process.
WARNING:Xst:1896 - Due to other FF/Latch trimming, FF/Latch <LINE1_75> has a constant value of 0 in block <top>. This FF/Latch will be trimmed during the optimization process.
WARNING:Xst:1896 - Due to other FF/Latch trimming, FF/Latch <LINE1_78> has a constant value of 0 in block <top>. This FF/Latch will be trimmed during the optimization process.
WARNING:Xst:1896 - Due to other FF/Latch trimming, FF/Latch <LINE1_79> has a constant value of 0 in block <top>. This FF/Latch will be trimmed during the optimization process.
WARNING:Xst:1896 - Due to other FF/Latch trimming, FF/Latch <LINE1_81> has a constant value of 0 in block <top>. This FF/Latch will be trimmed during the optimization process.
WARNING:Xst:1896 - Due to other FF/Latch trimming, FF/Latch <LINE1_82> has a constant value of 0 in block <top>. This FF/Latch will be trimmed during the optimization process.
WARNING:Xst:1896 - Due to other FF/Latch trimming, FF/Latch <LINE1_83> has a constant value of 0 in block <top>. This FF/Latch will be trimmed during the optimization process.
WARNING:Xst:1896 - Due to other FF/Latch trimming, FF/Latch <LINE1_86> has a constant value of 0 in block <top>. This FF/Latch will be trimmed during the optimization process.
WARNING:Xst:1896 - Due to other FF/Latch trimming, FF/Latch <LINE1_87> has a constant value of 0 in block <top>. This FF/Latch will be trimmed during the optimization process.
WARNING:Xst:1896 - Due to other FF/Latch trimming, FF/Latch <LINE1_89> has a constant value of 0 in block <top>. This FF/Latch will be trimmed during the optimization process.
WARNING:Xst:1896 - Due to other FF/Latch trimming, FF/Latch <LINE1_90> has a constant value of 0 in block <top>. This FF/Latch will be trimmed during the optimization process.
WARNING:Xst:1896 - Due to other FF/Latch trimming, FF/Latch <LINE1_91> has a constant value of 0 in block <top>. This FF/Latch will be trimmed during the optimization process.
WARNING:Xst:1896 - Due to other FF/Latch trimming, FF/Latch <LINE1_94> has a constant value of 0 in block <top>. This FF/Latch will be trimmed during the optimization process.
WARNING:Xst:1896 - Due to other FF/Latch trimming, FF/Latch <LINE1_95> has a constant value of 0 in block <top>. This FF/Latch will be trimmed during the optimization process.
WARNING:Xst:1896 - Due to other FF/Latch trimming, FF/Latch <LINE2_33> has a constant value of 0 in block <top>. This FF/Latch will be trimmed during the optimization process.
WARNING:Xst:1896 - Due to other FF/Latch trimming, FF/Latch <LINE2_34> has a constant value of 0 in block <top>. This FF/Latch will be trimmed during the optimization process.
WARNING:Xst:1896 - Due to other FF/Latch trimming, FF/Latch <LINE2_35> has a constant value of 0 in block <top>. This FF/Latch will be trimmed during the optimization process.
WARNING:Xst:1896 - Due to other FF/Latch trimming, FF/Latch <LINE2_38> has a constant value of 0 in block <top>. This FF/Latch will be trimmed during the optimization process.
WARNING:Xst:1896 - Due to other FF/Latch trimming, FF/Latch <LINE2_39> has a constant value of 0 in block <top>. This FF/Latch will be trimmed during the optimization process.
WARNING:Xst:1896 - Due to other FF/Latch trimming, FF/Latch <LINE2_41> has a constant value of 0 in block <top>. This FF/Latch will be trimmed during the optimization process.
WARNING:Xst:1896 - Due to other FF/Latch trimming, FF/Latch <LINE2_42> has a constant value of 0 in block <top>. This FF/Latch will be trimmed during the optimization process.
WARNING:Xst:1896 - Due to other FF/Latch trimming, FF/Latch <LINE2_43> has a constant value of 0 in block <top>. This FF/Latch will be trimmed during the optimization process.
WARNING:Xst:1896 - Due to other FF/Latch trimming, FF/Latch <LINE2_46> has a constant value of 0 in block <top>. This FF/Latch will be trimmed during the optimization process.
WARNING:Xst:1896 - Due to other FF/Latch trimming, FF/Latch <LINE2_47> has a constant value of 0 in block <top>. This FF/Latch will be trimmed during the optimization process.
WARNING:Xst:1896 - Due to other FF/Latch trimming, FF/Latch <LINE2_49> has a constant value of 0 in block <top>. This FF/Latch will be trimmed during the optimization process.
WARNING:Xst:1896 - Due to other FF/Latch trimming, FF/Latch <LINE2_50> has a constant value of 0 in block <top>. This FF/Latch will be trimmed during the optimization process.
WARNING:Xst:1896 - Due to other FF/Latch trimming, FF/Latch <LINE2_51> has a constant value of 0 in block <top>. This FF/Latch will be trimmed during the optimization process.
WARNING:Xst:1896 - Due to other FF/Latch trimming, FF/Latch <LINE2_54> has a constant value of 0 in block <top>. This FF/Latch will be trimmed during the optimization process.
WARNING:Xst:1896 - Due to other FF/Latch trimming, FF/Latch <LINE2_55> has a constant value of 0 in block <top>. This FF/Latch will be trimmed during the optimization process.
WARNING:Xst:1896 - Due to other FF/Latch trimming, FF/Latch <LINE2_57> has a constant value of 0 in block <top>. This FF/Latch will be trimmed during the optimization process.
WARNING:Xst:1896 - Due to other FF/Latch trimming, FF/Latch <LINE2_58> has a constant value of 0 in block <top>. This FF/Latch will be trimmed during the optimization process.
WARNING:Xst:1896 - Due to other FF/Latch trimming, FF/Latch <LINE2_59> has a constant value of 0 in block <top>. This FF/Latch will be trimmed during the optimization process.
WARNING:Xst:1896 - Due to other FF/Latch trimming, FF/Latch <LINE2_62> has a constant value of 0 in block <top>. This FF/Latch will be trimmed during the optimization process.
WARNING:Xst:1896 - Due to other FF/Latch trimming, FF/Latch <LINE2_63> has a constant value of 0 in block <top>. This FF/Latch will be trimmed during the optimization process.
WARNING:Xst:1896 - Due to other FF/Latch trimming, FF/Latch <LINE2_1> has a constant value of 0 in block <top>. This FF/Latch will be trimmed during the optimization process.
WARNING:Xst:1896 - Due to other FF/Latch trimming, FF/Latch <LINE2_2> has a constant value of 0 in block <top>. This FF/Latch will be trimmed during the optimization process.
WARNING:Xst:1896 - Due to other FF/Latch trimming, FF/Latch <LINE2_3> has a constant value of 0 in block <top>. This FF/Latch will be trimmed during the optimization process.
WARNING:Xst:1896 - Due to other FF/Latch trimming, FF/Latch <LINE2_6> has a constant value of 0 in block <top>. This FF/Latch will be trimmed during the optimization process.
WARNING:Xst:1896 - Due to other FF/Latch trimming, FF/Latch <LINE2_7> has a constant value of 0 in block <top>. This FF/Latch will be trimmed during the optimization process.
WARNING:Xst:1896 - Due to other FF/Latch trimming, FF/Latch <LINE2_9> has a constant value of 0 in block <top>. This FF/Latch will be trimmed during the optimization process.
WARNING:Xst:1896 - Due to other FF/Latch trimming, FF/Latch <LINE2_10> has a constant value of 0 in block <top>. This FF/Latch will be trimmed during the optimization process.
WARNING:Xst:1896 - Due to other FF/Latch trimming, FF/Latch <LINE2_11> has a constant value of 0 in block <top>. This FF/Latch will be trimmed during the optimization process.
WARNING:Xst:1896 - Due to other FF/Latch trimming, FF/Latch <LINE2_14> has a constant value of 0 in block <top>. This FF/Latch will be trimmed during the optimization process.
WARNING:Xst:1896 - Due to other FF/Latch trimming, FF/Latch <LINE2_15> has a constant value of 0 in block <top>. This FF/Latch will be trimmed during the optimization process.
WARNING:Xst:1896 - Due to other FF/Latch trimming, FF/Latch <LINE2_17> has a constant value of 0 in block <top>. This FF/Latch will be trimmed during the optimization process.
WARNING:Xst:1896 - Due to other FF/Latch trimming, FF/Latch <LINE2_18> has a constant value of 0 in block <top>. This FF/Latch will be trimmed during the optimization process.
WARNING:Xst:1896 - Due to other FF/Latch trimming, FF/Latch <LINE2_19> has a constant value of 0 in block <top>. This FF/Latch will be trimmed during the optimization process.
WARNING:Xst:1896 - Due to other FF/Latch trimming, FF/Latch <LINE2_22> has a constant value of 0 in block <top>. This FF/Latch will be trimmed during the optimization process.
WARNING:Xst:1896 - Due to other FF/Latch trimming, FF/Latch <LINE2_23> has a constant value of 0 in block <top>. This FF/Latch will be trimmed during the optimization process.
WARNING:Xst:1896 - Due to other FF/Latch trimming, FF/Latch <LINE2_25> has a constant value of 0 in block <top>. This FF/Latch will be trimmed during the optimization process.
WARNING:Xst:1896 - Due to other FF/Latch trimming, FF/Latch <LINE2_26> has a constant value of 0 in block <top>. This FF/Latch will be trimmed during the optimization process.
WARNING:Xst:1896 - Due to other FF/Latch trimming, FF/Latch <LINE2_27> has a constant value of 0 in block <top>. This FF/Latch will be trimmed during the optimization process.
WARNING:Xst:1896 - Due to other FF/Latch trimming, FF/Latch <LINE2_30> has a constant value of 0 in block <top>. This FF/Latch will be trimmed during the optimization process.
WARNING:Xst:1896 - Due to other FF/Latch trimming, FF/Latch <LINE2_31> has a constant value of 0 in block <top>. This FF/Latch will be trimmed during the optimization process.
WARNING:Xst:1896 - Due to other FF/Latch trimming, FF/Latch <LINE2_97> has a constant value of 0 in block <top>. This FF/Latch will be trimmed during the optimization process.
WARNING:Xst:1896 - Due to other FF/Latch trimming, FF/Latch <LINE2_98> has a constant value of 0 in block <top>. This FF/Latch will be trimmed during the optimization process.
WARNING:Xst:1896 - Due to other FF/Latch trimming, FF/Latch <LINE2_99> has a constant value of 0 in block <top>. This FF/Latch will be trimmed during the optimization process.
WARNING:Xst:1896 - Due to other FF/Latch trimming, FF/Latch <LINE2_102> has a constant value of 0 in block <top>. This FF/Latch will be trimmed during the optimization process.
WARNING:Xst:1896 - Due to other FF/Latch trimming, FF/Latch <LINE2_103> has a constant value of 0 in block <top>. This FF/Latch will be trimmed during the optimization process.
WARNING:Xst:1896 - Due to other FF/Latch trimming, FF/Latch <LINE2_105> has a constant value of 0 in block <top>. This FF/Latch will be trimmed during the optimization process.
WARNING:Xst:1896 - Due to other FF/Latch trimming, FF/Latch <LINE2_106> has a constant value of 0 in block <top>. This FF/Latch will be trimmed during the optimization process.
WARNING:Xst:1896 - Due to other FF/Latch trimming, FF/Latch <LINE2_107> has a constant value of 0 in block <top>. This FF/Latch will be trimmed during the optimization process.
WARNING:Xst:1896 - Due to other FF/Latch trimming, FF/Latch <LINE2_110> has a constant value of 0 in block <top>. This FF/Latch will be trimmed during the optimization process.
WARNING:Xst:1896 - Due to other FF/Latch trimming, FF/Latch <LINE2_111> has a constant value of 0 in block <top>. This FF/Latch will be trimmed during the optimization process.
WARNING:Xst:1896 - Due to other FF/Latch trimming, FF/Latch <LINE2_113> has a constant value of 0 in block <top>. This FF/Latch will be trimmed during the optimization process.
WARNING:Xst:1896 - Due to other FF/Latch trimming, FF/Latch <LINE2_114> has a constant value of 0 in block <top>. This FF/Latch will be trimmed during the optimization process.
WARNING:Xst:1896 - Due to other FF/Latch trimming, FF/Latch <LINE2_115> has a constant value of 0 in block <top>. This FF/Latch will be trimmed during the optimization process.
WARNING:Xst:1896 - Due to other FF/Latch trimming, FF/Latch <LINE2_118> has a constant value of 0 in block <top>. This FF/Latch will be trimmed during the optimization process.
WARNING:Xst:1896 - Due to other FF/Latch trimming, FF/Latch <LINE2_119> has a constant value of 0 in block <top>. This FF/Latch will be trimmed during the optimization process.
WARNING:Xst:1896 - Due to other FF/Latch trimming, FF/Latch <LINE2_121> has a constant value of 0 in block <top>. This FF/Latch will be trimmed during the optimization process.
WARNING:Xst:1896 - Due to other FF/Latch trimming, FF/Latch <LINE2_122> has a constant value of 0 in block <top>. This FF/Latch will be trimmed during the optimization process.
WARNING:Xst:1896 - Due to other FF/Latch trimming, FF/Latch <LINE2_123> has a constant value of 0 in block <top>. This FF/Latch will be trimmed during the optimization process.
WARNING:Xst:1896 - Due to other FF/Latch trimming, FF/Latch <LINE2_126> has a constant value of 0 in block <top>. This FF/Latch will be trimmed during the optimization process.
WARNING:Xst:1896 - Due to other FF/Latch trimming, FF/Latch <LINE2_127> has a constant value of 0 in block <top>. This FF/Latch will be trimmed during the optimization process.
WARNING:Xst:1896 - Due to other FF/Latch trimming, FF/Latch <LINE2_65> has a constant value of 0 in block <top>. This FF/Latch will be trimmed during the optimization process.
WARNING:Xst:1896 - Due to other FF/Latch trimming, FF/Latch <LINE2_66> has a constant value of 0 in block <top>. This FF/Latch will be trimmed during the optimization process.
WARNING:Xst:1896 - Due to other FF/Latch trimming, FF/Latch <LINE2_67> has a constant value of 0 in block <top>. This FF/Latch will be trimmed during the optimization process.
WARNING:Xst:1896 - Due to other FF/Latch trimming, FF/Latch <LINE2_70> has a constant value of 0 in block <top>. This FF/Latch will be trimmed during the optimization process.
WARNING:Xst:1896 - Due to other FF/Latch trimming, FF/Latch <LINE2_71> has a constant value of 0 in block <top>. This FF/Latch will be trimmed during the optimization process.
WARNING:Xst:1896 - Due to other FF/Latch trimming, FF/Latch <LINE2_73> has a constant value of 0 in block <top>. This FF/Latch will be trimmed during the optimization process.
WARNING:Xst:1896 - Due to other FF/Latch trimming, FF/Latch <LINE2_74> has a constant value of 0 in block <top>. This FF/Latch will be trimmed during the optimization process.
WARNING:Xst:1896 - Due to other FF/Latch trimming, FF/Latch <LINE2_75> has a constant value of 0 in block <top>. This FF/Latch will be trimmed during the optimization process.
WARNING:Xst:1896 - Due to other FF/Latch trimming, FF/Latch <LINE2_78> has a constant value of 0 in block <top>. This FF/Latch will be trimmed during the optimization process.
WARNING:Xst:1896 - Due to other FF/Latch trimming, FF/Latch <LINE2_79> has a constant value of 0 in block <top>. This FF/Latch will be trimmed during the optimization process.
WARNING:Xst:1896 - Due to other FF/Latch trimming, FF/Latch <LINE2_81> has a constant value of 0 in block <top>. This FF/Latch will be trimmed during the optimization process.
WARNING:Xst:1896 - Due to other FF/Latch trimming, FF/Latch <LINE2_82> has a constant value of 0 in block <top>. This FF/Latch will be trimmed during the optimization process.
WARNING:Xst:1896 - Due to other FF/Latch trimming, FF/Latch <LINE2_83> has a constant value of 0 in block <top>. This FF/Latch will be trimmed during the optimization process.
WARNING:Xst:1896 - Due to other FF/Latch trimming, FF/Latch <LINE2_86> has a constant value of 0 in block <top>. This FF/Latch will be trimmed during the optimization process.
WARNING:Xst:1896 - Due to other FF/Latch trimming, FF/Latch <LINE2_87> has a constant value of 0 in block <top>. This FF/Latch will be trimmed during the optimization process.
WARNING:Xst:1896 - Due to other FF/Latch trimming, FF/Latch <LINE2_89> has a constant value of 0 in block <top>. This FF/Latch will be trimmed during the optimization process.
WARNING:Xst:1896 - Due to other FF/Latch trimming, FF/Latch <LINE2_90> has a constant value of 0 in block <top>. This FF/Latch will be trimmed during the optimization process.
WARNING:Xst:1896 - Due to other FF/Latch trimming, FF/Latch <LINE2_91> has a constant value of 0 in block <top>. This FF/Latch will be trimmed during the optimization process.
WARNING:Xst:1896 - Due to other FF/Latch trimming, FF/Latch <LINE2_94> has a constant value of 0 in block <top>. This FF/Latch will be trimmed during the optimization process.
WARNING:Xst:1896 - Due to other FF/Latch trimming, FF/Latch <LINE2_95> has a constant value of 0 in block <top>. This FF/Latch will be trimmed during the optimization process.
WARNING:Xst:1293 - FF/Latch <LINE1_0> has a constant value of 0 in block <top>. This FF/Latch will be trimmed during the optimization process.
WARNING:Xst:1896 - Due to other FF/Latch trimming, FF/Latch <LINE1_8> has a constant value of 0 in block <top>. This FF/Latch will be trimmed during the optimization process.
WARNING:Xst:1896 - Due to other FF/Latch trimming, FF/Latch <LINE1_16> has a constant value of 0 in block <top>. This FF/Latch will be trimmed during the optimization process.
WARNING:Xst:1896 - Due to other FF/Latch trimming, FF/Latch <LINE1_24> has a constant value of 0 in block <top>. This FF/Latch will be trimmed during the optimization process.
WARNING:Xst:1896 - Due to other FF/Latch trimming, FF/Latch <LINE1_32> has a constant value of 0 in block <top>. This FF/Latch will be trimmed during the optimization process.
WARNING:Xst:1896 - Due to other FF/Latch trimming, FF/Latch <LINE1_40> has a constant value of 0 in block <top>. This FF/Latch will be trimmed during the optimization process.
WARNING:Xst:1896 - Due to other FF/Latch trimming, FF/Latch <LINE1_88> has a constant value of 0 in block <top>. This FF/Latch will be trimmed during the optimization process.
WARNING:Xst:1896 - Due to other FF/Latch trimming, FF/Latch <LINE1_96> has a constant value of 0 in block <top>. This FF/Latch will be trimmed during the optimization process.
WARNING:Xst:1896 - Due to other FF/Latch trimming, FF/Latch <LINE1_104> has a constant value of 0 in block <top>. This FF/Latch will be trimmed during the optimization process.
WARNING:Xst:1896 - Due to other FF/Latch trimming, FF/Latch <LINE1_112> has a constant value of 0 in block <top>. This FF/Latch will be trimmed during the optimization process.
WARNING:Xst:1896 - Due to other FF/Latch trimming, FF/Latch <LINE1_120> has a constant value of 0 in block <top>. This FF/Latch will be trimmed during the optimization process.
WARNING:Xst:1710 - FF/Latch <shOut_0> (without init value) has a constant value of 0 in block <controller>. This FF/Latch will be trimmed during the optimization process.
WARNING:Xst:1895 - Due to other FF/Latch trimming, FF/Latch <shOut_1> (without init value) has a constant value of 0 in block <controller>. This FF/Latch will be trimmed during the optimization process.
WARNING:Xst:1895 - Due to other FF/Latch trimming, FF/Latch <shOut_2> (without init value) has a constant value of 0 in block <controller>. This FF/Latch will be trimmed during the optimization process.
WARNING:Xst:1895 - Due to other FF/Latch trimming, FF/Latch <shOut_3> (without init value) has a constant value of 0 in block <controller>. This FF/Latch will be trimmed during the optimization process.
WARNING:Xst:1895 - Due to other FF/Latch trimming, FF/Latch <shOut_4> (without init value) has a constant value of 0 in block <controller>. This FF/Latch will be trimmed during the optimization process.
WARNING:Xst:1895 - Due to other FF/Latch trimming, FF/Latch <shOut_5> (without init value) has a constant value of 0 in block <controller>. This FF/Latch will be trimmed during the optimization process.
WARNING:Xst:1895 - Due to other FF/Latch trimming, FF/Latch <shOut_6> (without init value) has a constant value of 0 in block <controller>. This FF/Latch will be trimmed during the optimization process.
WARNING:Xst:1895 - Due to other FF/Latch trimming, FF/Latch <shOut_7> (without init value) has a constant value of 0 in block <controller>. This FF/Latch will be trimmed during the optimization process.
WARNING:Xst:1895 - Due to other FF/Latch trimming, FF/Latch <shOut_8> (without init value) has a constant value of 0 in block <controller>. This FF/Latch will be trimmed during the optimization process.
WARNING:Xst:1895 - Due to other FF/Latch trimming, FF/Latch <shOut_9> (without init value) has a constant value of 0 in block <controller>. This FF/Latch will be trimmed during the optimization process.
WARNING:Xst:1895 - Due to other FF/Latch trimming, FF/Latch <shOut_10> (without init value) has a constant value of 0 in block <controller>. This FF/Latch will be trimmed during the optimization process.
WARNING:Xst:1895 - Due to other FF/Latch trimming, FF/Latch <shOut_11> (without init value) has a constant value of 0 in block <controller>. This FF/Latch will be trimmed during the optimization process.
WARNING:Xst:1895 - Due to other FF/Latch trimming, FF/Latch <shOut_12> (without init value) has a constant value of 0 in block <controller>. This FF/Latch will be trimmed during the optimization process.
WARNING:Xst:1895 - Due to other FF/Latch trimming, FF/Latch <shOut_13> (without init value) has a constant value of 0 in block <controller>. This FF/Latch will be trimmed during the optimization process.
WARNING:Xst:1895 - Due to other FF/Latch trimming, FF/Latch <shOut_14> (without init value) has a constant value of 0 in block <controller>. This FF/Latch will be trimmed during the optimization process.
WARNING:Xst:1895 - Due to other FF/Latch trimming, FF/Latch <shOut_15> (without init value) has a constant value of 0 in block <controller>. This FF/Latch will be trimmed during the optimization process.
WARNING:Xst:2677 - Node <shift_0> of sequential type is unconnected in block <controller>.
WARNING:Xst:2677 - Node <shift_1> of sequential type is unconnected in block <controller>.
WARNING:Xst:2677 - Node <shift_2> of sequential type is unconnected in block <controller>.
WARNING:Xst:2677 - Node <shift_3> of sequential type is unconnected in block <controller>.
WARNING:Xst:2677 - Node <func> of sequential type is unconnected in block <controller>.

Optimizing unit <controller> ...

Optimizing unit <lcd_driver> ...

Optimizing unit <top> ...
WARNING:Xst:1293 - FF/Latch <LINE1_125> has a constant value of 1 in block <top>. This FF/Latch will be trimmed during the optimization process.
WARNING:Xst:1896 - Due to other FF/Latch trimming, FF/Latch <LINE1_117> has a constant value of 1 in block <top>. This FF/Latch will be trimmed during the optimization process.
WARNING:Xst:1896 - Due to other FF/Latch trimming, FF/Latch <LINE1_109> has a constant value of 1 in block <top>. This FF/Latch will be trimmed during the optimization process.
WARNING:Xst:1896 - Due to other FF/Latch trimming, FF/Latch <LINE1_101> has a constant value of 1 in block <top>. This FF/Latch will be trimmed during the optimization process.
WARNING:Xst:1896 - Due to other FF/Latch trimming, FF/Latch <LINE1_93> has a constant value of 1 in block <top>. This FF/Latch will be trimmed during the optimization process.
WARNING:Xst:1896 - Due to other FF/Latch trimming, FF/Latch <LINE1_85> has a constant value of 1 in block <top>. This FF/Latch will be trimmed during the optimization process.
WARNING:Xst:1896 - Due to other FF/Latch trimming, FF/Latch <LINE1_77> has a constant value of 1 in block <top>. This FF/Latch will be trimmed during the optimization process.
WARNING:Xst:1896 - Due to other FF/Latch trimming, FF/Latch <LINE1_69> has a constant value of 1 in block <top>. This FF/Latch will be trimmed during the optimization process.
WARNING:Xst:1896 - Due to other FF/Latch trimming, FF/Latch <LINE1_61> has a constant value of 1 in block <top>. This FF/Latch will be trimmed during the optimization process.
WARNING:Xst:1896 - Due to other FF/Latch trimming, FF/Latch <LINE1_53> has a constant value of 1 in block <top>. This FF/Latch will be trimmed during the optimization process.
WARNING:Xst:1896 - Due to other FF/Latch trimming, FF/Latch <LINE1_45> has a constant value of 1 in block <top>. This FF/Latch will be trimmed during the optimization process.
WARNING:Xst:1896 - Due to other FF/Latch trimming, FF/Latch <LINE1_37> has a constant value of 1 in block <top>. This FF/Latch will be trimmed during the optimization process.
WARNING:Xst:1896 - Due to other FF/Latch trimming, FF/Latch <LINE1_29> has a constant value of 1 in block <top>. This FF/Latch will be trimmed during the optimization process.
WARNING:Xst:1896 - Due to other FF/Latch trimming, FF/Latch <LINE1_21> has a constant value of 1 in block <top>. This FF/Latch will be trimmed during the optimization process.
WARNING:Xst:1896 - Due to other FF/Latch trimming, FF/Latch <LINE1_13> has a constant value of 1 in block <top>. This FF/Latch will be trimmed during the optimization process.
WARNING:Xst:1896 - Due to other FF/Latch trimming, FF/Latch <LINE1_5> has a constant value of 1 in block <top>. This FF/Latch will be trimmed during the optimization process.
WARNING:Xst:1896 - Due to other FF/Latch trimming, FF/Latch <LINE2_125> has a constant value of 1 in block <top>. This FF/Latch will be trimmed during the optimization process.
WARNING:Xst:1896 - Due to other FF/Latch trimming, FF/Latch <LINE2_117> has a constant value of 1 in block <top>. This FF/Latch will be trimmed during the optimization process.
WARNING:Xst:1896 - Due to other FF/Latch trimming, FF/Latch <LINE2_109> has a constant value of 1 in block <top>. This FF/Latch will be trimmed during the optimization process.
WARNING:Xst:1896 - Due to other FF/Latch trimming, FF/Latch <LINE2_101> has a constant value of 1 in block <top>. This FF/Latch will be trimmed during the optimization process.
WARNING:Xst:1896 - Due to other FF/Latch trimming, FF/Latch <LINE2_93> has a constant value of 1 in block <top>. This FF/Latch will be trimmed during the optimization process.
WARNING:Xst:1896 - Due to other FF/Latch trimming, FF/Latch <LINE2_85> has a constant value of 1 in block <top>. This FF/Latch will be trimmed during the optimization process.
WARNING:Xst:1896 - Due to other FF/Latch trimming, FF/Latch <LINE2_77> has a constant value of 1 in block <top>. This FF/Latch will be trimmed during the optimization process.
WARNING:Xst:1896 - Due to other FF/Latch trimming, FF/Latch <LINE2_69> has a constant value of 1 in block <top>. This FF/Latch will be trimmed during the optimization process.
WARNING:Xst:1896 - Due to other FF/Latch trimming, FF/Latch <LINE2_61> has a constant value of 1 in block <top>. This FF/Latch will be trimmed during the optimization process.
WARNING:Xst:1896 - Due to other FF/Latch trimming, FF/Latch <LINE2_53> has a constant value of 1 in block <top>. This FF/Latch will be trimmed during the optimization process.
WARNING:Xst:1896 - Due to other FF/Latch trimming, FF/Latch <LINE2_45> has a constant value of 1 in block <top>. This FF/Latch will be trimmed during the optimization process.
WARNING:Xst:1896 - Due to other FF/Latch trimming, FF/Latch <LINE2_37> has a constant value of 1 in block <top>. This FF/Latch will be trimmed during the optimization process.
WARNING:Xst:1896 - Due to other FF/Latch trimming, FF/Latch <LINE2_29> has a constant value of 1 in block <top>. This FF/Latch will be trimmed during the optimization process.
WARNING:Xst:1896 - Due to other FF/Latch trimming, FF/Latch <LINE2_21> has a constant value of 1 in block <top>. This FF/Latch will be trimmed during the optimization process.
WARNING:Xst:1896 - Due to other FF/Latch trimming, FF/Latch <LINE2_13> has a constant value of 1 in block <top>. This FF/Latch will be trimmed during the optimization process.
WARNING:Xst:1896 - Due to other FF/Latch trimming, FF/Latch <LINE2_5> has a constant value of 1 in block <top>. This FF/Latch will be trimmed during the optimization process.
WARNING:Xst:2677 - Node <rdAddrB_3> of sequential type is unconnected in block <controller>.
WARNING:Xst:2677 - Node <rdAddrB_0> of sequential type is unconnected in block <controller>.
WARNING:Xst:2677 - Node <rdAddrB_2> of sequential type is unconnected in block <controller>.
WARNING:Xst:2677 - Node <rdAddrB_1> of sequential type is unconnected in block <controller>.
WARNING:Xst:2677 - Node <rdAddrB_4> of sequential type is unconnected in block <controller>.

Mapping all equations...
Building and optimizing final netlist ...
Found area constraint ratio of 100 (+ 5) on block controller, actual ratio is 6.
FlipFlop disp/uut/state_0 has been replicated 2 time(s)
FlipFlop disp/uut/state_2 has been replicated 1 time(s)
FlipFlop disp/uut/state_4 has been replicated 2 time(s)
FlipFlop disp/uut/state_6 has been replicated 1 time(s)

Final Macro Processing ...

=========================================================================
Final Register Report

Macro Statistics
# Registers                                            : 140
 Flip-Flops                                            : 140

=========================================================================

=========================================================================
*                           Partition Report                            *
=========================================================================

Partition Implementation Status
-------------------------------

  No Partitions were found in this design.

-------------------------------

=========================================================================
*                            Final Report                               *
=========================================================================
Final Results
RTL Top Level Output File Name     : controller.ngr
Top Level Output File Name         : controller
Output Format                      : NGC
Optimization Goal                  : Speed
Keep Hierarchy                     : No

Design Statistics
# IOs                              : 15

Cell Usage :
# BELS                             : 642
#      GND                         : 1
#      INV                         : 3
#      LUT1                        : 34
#      LUT2                        : 56
#      LUT2_D                      : 11
#      LUT2_L                      : 4
#      LUT3                        : 45
#      LUT3_D                      : 20
#      LUT3_L                      : 4
#      LUT4                        : 264
#      LUT4_D                      : 48
#      LUT4_L                      : 44
#      MUXCY                       : 39
#      MUXF5                       : 32
#      VCC                         : 1
#      XORCY                       : 36
# FlipFlops/Latches                : 140
#      FD                          : 22
#      FDE                         : 57
#      FDR                         : 20
#      FDRE                        : 4
#      FDS                         : 35
#      FDSE                        : 2
# Clock Buffers                    : 1
#      BUFGP                       : 1
# IO Buffers                       : 14
#      IBUF                        : 7
#      OBUF                        : 7
=========================================================================

Device utilization summary:
---------------------------

Selected Device : 3s500efg320-4 

 Number of Slices:                      279  out of   4656     5%  
 Number of Slice Flip Flops:            140  out of   9312     1%  
 Number of 4 input LUTs:                533  out of   9312     5%  
 Number of IOs:                          15
 Number of bonded IOBs:                  15  out of    232     6%  
 Number of GCLKs:                         1  out of     24     4%  

---------------------------
Partition Resource Summary:
---------------------------

  No Partitions were found in this design.

---------------------------


=========================================================================
TIMING REPORT

NOTE: THESE TIMING NUMBERS ARE ONLY A SYNTHESIS ESTIMATE.
      FOR ACCURATE TIMING INFORMATION PLEASE REFER TO THE TRACE REPORT
      GENERATED AFTER PLACE-and-ROUTE.

Clock Information:
------------------
-----------------------------------+------------------------+-------+
Clock Signal                       | Clock buffer(FF name)  | Load  |
-----------------------------------+------------------------+-------+
clk                                | BUFGP                  | 140   |
-----------------------------------+------------------------+-------+

Asynchronous Control Signals Information:
----------------------------------------
No asynchronous control signals found in this design

Timing Summary:
---------------
Speed Grade: -4

   Minimum period: 9.866ns (Maximum Frequency: 101.353MHz)
   Minimum input arrival time before clock: 4.461ns
   Maximum output required time after clock: 4.450ns
   Maximum combinational path delay: No path found

Timing Detail:
--------------
All values displayed in nanoseconds (ns)

=========================================================================
Timing constraint: Default period analysis for Clock 'clk'
  Clock period: 9.866ns (frequency: 101.353MHz)
  Total number of paths / destination ports: 6045 / 256
-------------------------------------------------------------------------
Delay:               9.866ns (Levels of Logic = 7)
  Source:            disp/uut/state_3 (FF)
  Destination:       disp/uut/databits_0 (FF)
  Source Clock:      clk rising
  Destination Clock: clk rising

  Data Path: disp/uut/state_3 to disp/uut/databits_0
                                Gate     Net
    Cell:in->out      fanout   Delay   Delay  Logical Name (Net Name)
    ----------------------------------------  ------------
     FDE:C->Q             74   0.591   1.354  disp/uut/state_3 (disp/uut/state_3)
     LUT3_D:I1->O          5   0.704   0.668  disp/uut/LCD_RS_or00024211 (disp/uut/N33)
     LUT3:I2->O            3   0.704   0.566  disp/uut/LCD_E_cmp_eq01981 (disp/uut/LCD_E_cmp_eq0198)
     LUT4:I2->O            1   0.704   0.499  disp/uut/databits_mux0000<3>316 (disp/uut/databits_mux0000<3>316)
     LUT4:I1->O            1   0.704   0.424  disp/uut/databits_mux0000<3>335 (disp/uut/databits_mux0000<3>335)
     LUT4:I3->O            1   0.704   0.424  disp/uut/databits_mux0000<3>414_SW0 (N54)
     LUT4_L:I3->LO         1   0.704   0.104  disp/uut/databits_mux0000<3>424 (disp/uut/databits_mux0000<3>424)
     LUT4:I3->O            1   0.704   0.000  disp/uut/databits_mux0000<3>447 (disp/uut/databits_mux0000<3>)
     FDE:D                     0.308          disp/uut/databits_0
    ----------------------------------------
    Total                      9.866ns (5.827ns logic, 4.039ns route)
                                       (59.1% logic, 40.9% route)

=========================================================================
Timing constraint: Default OFFSET IN BEFORE for Clock 'clk'
  Total number of paths / destination ports: 47 / 42
-------------------------------------------------------------------------
Offset:              4.461ns (Levels of Logic = 3)
  Source:            push_b (PAD)
  Destination:       mode_2 (FF)
  Destination Clock: clk rising

  Data Path: push_b to mode_2
                                Gate     Net
    Cell:in->out      fanout   Delay   Delay  Logical Name (Net Name)
    ----------------------------------------  ------------
     IBUF:I->O             8   1.218   0.932  push_b_IBUF (push_b_IBUF)
     LUT2:I0->O            1   0.704   0.595  mode_mux0000<2>39 (mode_mux0000<2>39)
     LUT4:I0->O            1   0.704   0.000  mode_mux0000<2>651 (mode_mux0000<2>65)
     FDS:D                     0.308          mode_2
    ----------------------------------------
    Total                      4.461ns (2.934ns logic, 1.527ns route)
                                       (65.8% logic, 34.2% route)

=========================================================================
Timing constraint: Default OFFSET OUT AFTER for Clock 'clk'
  Total number of paths / destination ports: 6 / 6
-------------------------------------------------------------------------
Offset:              4.450ns (Levels of Logic = 1)
  Source:            disp/uut/databits_3 (FF)
  Destination:       lcd_data<3> (PAD)
  Source Clock:      clk rising

  Data Path: disp/uut/databits_3 to lcd_data<3>
                                Gate     Net
    Cell:in->out      fanout   Delay   Delay  Logical Name (Net Name)
    ----------------------------------------  ------------
     FDE:C->Q              4   0.591   0.587  disp/uut/databits_3 (disp/uut/databits_3)
     OBUF:I->O                 3.272          lcd_data_3_OBUF (lcd_data<3>)
    ----------------------------------------
    Total                      4.450ns (3.863ns logic, 0.587ns route)
                                       (86.8% logic, 13.2% route)

=========================================================================


Total REAL time to Xst completion: 111.00 secs
Total CPU time to Xst completion: 108.29 secs
 
--> 


Total memory usage is 545840 kilobytes

Number of errors   :    0 (   0 filtered)
Number of warnings :  410 (   0 filtered)
Number of infos    :    1 (   0 filtered)

