--------------------------------------------------------------------------------
Release 14.7 Trace  (lin64)
Copyright (c) 1995-2013 Xilinx, Inc.  All rights reserved.

/opt/Xilinx/14.7/ISE_DS/ISE/bin/lin64/unwrapped/trce -intstyle ise -v 3 -s 4 -n
3 -fastpaths -xml controller.twx controller.ncd -o controller.twr
controller.pcf -ucf controller.ucf

Design file:              controller.ncd
Physical constraint file: controller.pcf
Device,package,speed:     xc3s500e,fg320,-4 (PRODUCTION 1.27 2013-10-13)
Report level:             verbose report

Environment Variable      Effect 
--------------------      ------ 
NONE                      No environment variables were set
--------------------------------------------------------------------------------

INFO:Timing:2698 - No timing constraints found, doing default enumeration.
INFO:Timing:3412 - To improve timing, see the Timing Closure User Guide (UG612).
INFO:Timing:2752 - To get complete path coverage, use the unconstrained paths 
   option. All paths that are not constrained will be reported in the 
   unconstrained paths section(s) of the report.
INFO:Timing:3339 - The clock-to-out numbers in this timing report are based on 
   a 50 Ohm transmission line loading model.  For the details of this model, 
   and for more information on accounting for different loading conditions, 
   please see the device datasheet.
INFO:Timing:3390 - This architecture does not support a default System Jitter 
   value, please add SYSTEM_JITTER constraint to the UCF to modify the Clock 
   Uncertainty calculation.
INFO:Timing:3389 - This architecture does not support 'Discrete Jitter' and 
   'Phase Error' calculations, these terms will be zero in the Clock 
   Uncertainty calculation.  Please make appropriate modification to 
   SYSTEM_JITTER to account for the unsupported Discrete Jitter and Phase 
   Error.



Data Sheet report:
-----------------
All values displayed in nanoseconds (ns)

Setup/Hold to clock clk
------------+------------+------------+------------------+--------+
            |Max Setup to|Max Hold to |                  | Clock  |
Source      | clk (edge) | clk (edge) |Internal Clock(s) | Phase  |
------------+------------+------------+------------------+--------+
in<0>       |    6.411(R)|    0.112(R)|clk_BUFGP         |   0.000|
in<1>       |    6.125(R)|   -0.312(R)|clk_BUFGP         |   0.000|
in<2>       |    6.434(R)|    0.283(R)|clk_BUFGP         |   0.000|
in<3>       |    7.359(R)|   -0.574(R)|clk_BUFGP         |   0.000|
push_b      |    5.257(R)|   -0.718(R)|clk_BUFGP         |   0.000|
rot_a       |    2.653(R)|   -0.525(R)|clk_BUFGP         |   0.000|
rot_b       |    2.746(R)|   -0.628(R)|clk_BUFGP         |   0.000|
------------+------------+------------+------------------+--------+

Clock clk to Pad
------------+------------+------------------+--------+
            | clk (edge) |                  | Clock  |
Destination |   to PAD   |Internal Clock(s) | Phase  |
------------+------------+------------------+--------+
LCD_E       |    8.666(R)|clk_BUFGP         |   0.000|
LCD_RS      |    9.073(R)|clk_BUFGP         |   0.000|
lcd_data<0> |    9.598(R)|clk_BUFGP         |   0.000|
lcd_data<1> |    9.617(R)|clk_BUFGP         |   0.000|
lcd_data<2> |    9.472(R)|clk_BUFGP         |   0.000|
lcd_data<3> |    9.276(R)|clk_BUFGP         |   0.000|
------------+------------+------------------+--------+

Clock to Setup on destination clock clk
---------------+---------+---------+---------+---------+
               | Src:Rise| Src:Fall| Src:Rise| Src:Fall|
Source Clock   |Dest:Rise|Dest:Rise|Dest:Fall|Dest:Fall|
---------------+---------+---------+---------+---------+
clk            |   10.543|         |         |         |
---------------+---------+---------+---------+---------+


Analysis completed Mon Mar 19 17:22:48 2018 
--------------------------------------------------------------------------------

Trace Settings:
-------------------------
Trace Settings 

Peak Memory Usage: 368 MB



