#-----------------------------------------------------------
# PlanAhead v14.7 (64-bit)
# Build 321239 by xbuild on Fri Sep 27 19:24:36 MDT 2013
# Start of session at: Mon Feb  5 15:42:20 2018
# Process ID: 23388
# Log file: /users/btech/hritvikt/Desktop/CS220/Lab3/2/ripple/planAhead_run_1/planAhead.log
# Journal file: /users/btech/hritvikt/Desktop/CS220/Lab3/2/ripple/planAhead_run_1/planAhead.jou
#-----------------------------------------------------------
INFO: [Common 17-78] Attempting to get a license: PlanAhead
INFO: [Common 17-290] Got license for PlanAhead
INFO: [Device 21-36] Loading parts and site information from /opt/Xilinx/14.7/ISE_DS/PlanAhead/data/parts/arch.xml
Parsing RTL primitives file [/opt/Xilinx/14.7/ISE_DS/PlanAhead/data/parts/xilinx/rtl/prims/rtl_prims.xml]
Finished parsing RTL primitives file [/opt/Xilinx/14.7/ISE_DS/PlanAhead/data/parts/xilinx/rtl/prims/rtl_prims.xml]
start_gui
source /users/btech/hritvikt/Desktop/CS220/Lab3/2/ripple/pa.fromHdl.tcl
# create_project -name ripple -dir "/users/btech/hritvikt/Desktop/CS220/Lab3/2/ripple/planAhead_run_1" -part xc3s500efg320-4
create_project: Time (s): cpu = 00:00:07 ; elapsed = 00:00:07 . Memory (MB): peak = 2685.340 ; gain = 31.668
# set_param project.pinAheadLayout yes
# set srcset [get_property srcset [current_run -impl]]
# set_property target_constrs_file "ripple.ucf" [current_fileset -constrset]
Adding file '/users/btech/hritvikt/Desktop/CS220/Lab3/2/ripple/ripple.ucf' to fileset 'constrs_1'
# set hdlfile [add_files [list {ripple.v}]]
# set_property file_type Verilog $hdlfile
# set_property library work $hdlfile
# set_property top ripple $srcset
# add_files [list {ripple.ucf}] -fileset [get_property constrset [current_run]]
# open_rtl_design -part xc3s500efg320-4
Using Verific elaboration
Parsing VHDL file "/opt/Xilinx/14.7/ISE_DS/PlanAhead/data/parts/xilinx/rtl/lib/synplify/synattr.vhd" into library synplify
Analyzing Verilog file "/users/btech/hritvikt/Desktop/CS220/Lab3/2/ripple/ripple.v" into library work
INFO: [Designutils 20-910] Reading macro library /opt/Xilinx/14.7/ISE_DS/PlanAhead/data/./parts/xilinx/spartan3e/spartan3e/hd_int_macros.edn
Parsing EDIF File [/opt/Xilinx/14.7/ISE_DS/PlanAhead/data/./parts/xilinx/spartan3e/spartan3e/hd_int_macros.edn]
Finished Parsing EDIF File [/opt/Xilinx/14.7/ISE_DS/PlanAhead/data/./parts/xilinx/spartan3e/spartan3e/hd_int_macros.edn]
Loading clock regions from /opt/Xilinx/14.7/ISE_DS/PlanAhead/data/parts/xilinx/spartan3e/spartan3e/xc3s500e/ClockRegion.xml
Loading clock buffers from /opt/Xilinx/14.7/ISE_DS/PlanAhead/data/parts/xilinx/spartan3e/spartan3e/xc3s500e/ClockBuffers.xml
Loading package from /opt/Xilinx/14.7/ISE_DS/PlanAhead/data/parts/xilinx/spartan3e/spartan3e/xc3s500e/fg320/Package.xml
Loading io standards from /opt/Xilinx/14.7/ISE_DS/PlanAhead/data/./parts/xilinx/spartan3e/IOStandards.xml
INFO: [Device 21-19] Loading pkg sso from /opt/Xilinx/14.7/ISE_DS/PlanAhead/data/parts/xilinx/spartan3e/spartan3e/xc3s500e/fg320/SSORules.xml
Loading list of drcs for the architecture : /opt/Xilinx/14.7/ISE_DS/PlanAhead/data/./parts/xilinx/spartan3e/spartan3e/drc.xml
INFO: [Timing 38-77] Reading timing library /opt/Xilinx/14.7/ISE_DS/PlanAhead/data/parts/xilinx/spartan3e/spartan3e/spartan3e-4.lib.
INFO: [Timing 38-34] Done reading timing library /opt/Xilinx/14.7/ISE_DS/PlanAhead/data/parts/xilinx/spartan3e/spartan3e/spartan3e-4.lib.
Parsing UCF File [/users/btech/hritvikt/Desktop/CS220/Lab3/2/ripple/ripple.ucf]
Finished Parsing UCF File [/users/btech/hritvikt/Desktop/CS220/Lab3/2/ripple/ripple.ucf]
INFO: [Project 1-111] Unisim Transformation Summary:
No Unisim elements were transformed.

Phase 0 | Netlist Checksum: 728edaa3
open_rtl_design: Time (s): cpu = 00:00:17 ; elapsed = 00:00:08 . Memory (MB): peak = 2816.492 ; gain = 119.660
update_compile_order -fileset sim_1
startgroup
set_property package_pin C9 [get_ports clk]
endgroup
startgroup
set_property package_pin F12 [get_ports led0]
endgroup
startgroup
set_property package_pin E12 [get_ports led1]
endgroup
startgroup
set_property package_pin E11 [get_ports led2]
endgroup
startgroup
set_property package_pin F11 [get_ports led3]
endgroup
startgroup
set_property package_pin C11 [get_ports led4]
endgroup
startgroup
set_property package_pin D11 [get_ports led5]
endgroup
startgroup
set_property package_pin E9 [get_ports led6]
endgroup
startgroup
set_property package_pin F9 [get_ports led7]
endgroup
set_property iostandard LVTTL [get_ports [list clk]]
set_property iostandard LVTTL [get_ports [list led0]]
set_property iostandard LVTTL [get_ports [list led1]]
set_property iostandard LVTTL [get_ports [list led2]]
set_property iostandard LVTTL [get_ports [list led3]]
set_property iostandard LVTTL [get_ports [list led4]]
set_property iostandard LVCMOS25 [get_ports [list led6]]
set_property iostandard LVTTL [get_ports [list led5]]
set_property iostandard LVTTL [get_ports [list led6]]
set_property iostandard LVTTL [get_ports [list led7]]
set_property pulltype PULLDOWN [get_ports [list led7]]
set_property pulltype PULLDOWN [get_ports [list led6]]
set_property pulltype PULLDOWN [get_ports [list led5]]
set_property pulltype PULLDOWN [get_ports [list led4]]
set_property pulltype PULLDOWN [get_ports [list led3]]
set_property pulltype PULLDOWN [get_ports [list led2]]
set_property pulltype PULLDOWN [get_ports [list led1]]
set_property pulltype PULLDOWN [get_ports [list led0]]
save_constraints
exit
ERROR: [#UNDEF] *** Exception: ui.h.b: Found deleted key in HTclEventBroker. Verify if the classes listed here call cleanup()
HTclEvent: SIGNAL_MODIFY   Classes: ui.views.aR 
HTclEvent: DEBUG_CORE_CONFIG_CHANGE   Classes: ui.views.aR 
HTclEvent: DEBUG_PORT_CONFIG_CHANGE   Classes: ui.views.aR 
HTclEvent: SIGNAL_BUS_MODIFY   Classes: ui.views.aR 
 (See /users/btech/hritvikt/Desktop/CS220/Lab3/2/ripple/planAhead_pid23388.debug)
ERROR: [Common 17-39] 'stop_gui' failed due to earlier errors.
INFO: [Common 17-206] Exiting PlanAhead at Mon Feb  5 15:46:00 2018...
INFO: [Common 17-83] Releasing license: PlanAhead
