--------------------------------------------------------------------------------
Release 14.7 Trace  (lin64)
Copyright (c) 1995-2013 Xilinx, Inc.  All rights reserved.

/opt/Xilinx/14.7/ISE_DS/ISE/bin/lin64/unwrapped/trce -intstyle ise -v 3 -s 4 -n
3 -fastpaths -xml seven_bit_adder.twx seven_bit_adder.ncd -o
seven_bit_adder.twr seven_bit_adder.pcf -ucf seven_bit_adder.ucf

Design file:              seven_bit_adder.ncd
Physical constraint file: seven_bit_adder.pcf
Device,package,speed:     xc3s500e,fg320,-4 (PRODUCTION 1.27 2013-10-13)
Report level:             verbose report

Environment Variable      Effect 
--------------------      ------ 
NONE                      No environment variables were set
--------------------------------------------------------------------------------

INFO:Timing:2698 - No timing constraints found, doing default enumeration.
INFO:Timing:3412 - To improve timing, see the Timing Closure User Guide (UG612).
INFO:Timing:2752 - To get complete path coverage, use the unconstrained paths 
   option. All paths that are not constrained will be reported in the 
   unconstrained paths section(s) of the report.
INFO:Timing:3339 - The clock-to-out numbers in this timing report are based on 
   a 50 Ohm transmission line loading model.  For the details of this model, 
   and for more information on accounting for different loading conditions, 
   please see the device datasheet.
INFO:Timing:3390 - This architecture does not support a default System Jitter 
   value, please add SYSTEM_JITTER constraint to the UCF to modify the Clock 
   Uncertainty calculation.
INFO:Timing:3389 - This architecture does not support 'Discrete Jitter' and 
   'Phase Error' calculations, these terms will be zero in the Clock 
   Uncertainty calculation.  Please make appropriate modification to 
   SYSTEM_JITTER to account for the unsupported Discrete Jitter and Phase 
   Error.



Data Sheet report:
-----------------
All values displayed in nanoseconds (ns)

Setup/Hold to clock pb1
------------+------------+------------+------------------+--------+
            |Max Setup to|Max Hold to |                  | Clock  |
Source      | clk (edge) | clk (edge) |Internal Clock(s) | Phase  |
------------+------------+------------+------------------+--------+
y<0>        |   -0.907(R)|    2.801(R)|pb1_BUFGP         |   0.000|
y<1>        |   -0.227(R)|    2.258(R)|pb1_BUFGP         |   0.000|
y<2>        |   -1.207(R)|    3.041(R)|pb1_BUFGP         |   0.000|
y<3>        |   -0.190(R)|    2.227(R)|pb1_BUFGP         |   0.000|
------------+------------+------------+------------------+--------+

Setup/Hold to clock pb2
------------+------------+------------+------------------+--------+
            |Max Setup to|Max Hold to |                  | Clock  |
Source      | clk (edge) | clk (edge) |Internal Clock(s) | Phase  |
------------+------------+------------+------------------+--------+
y<0>        |    0.297(R)|    1.503(R)|pb2_BUFGP         |   0.000|
y<1>        |    0.579(R)|    1.277(R)|pb2_BUFGP         |   0.000|
y<2>        |   -0.042(R)|    1.780(R)|pb2_BUFGP         |   0.000|
------------+------------+------------+------------------+--------+

Setup/Hold to clock pb3
------------+------------+------------+------------------+--------+
            |Max Setup to|Max Hold to |                  | Clock  |
Source      | clk (edge) | clk (edge) |Internal Clock(s) | Phase  |
------------+------------+------------+------------------+--------+
y<0>        |   -0.266(R)|    2.257(R)|pb3_BUFGP         |   0.000|
y<1>        |    0.350(R)|    1.763(R)|pb3_BUFGP         |   0.000|
y<2>        |   -1.138(R)|    2.954(R)|pb3_BUFGP         |   0.000|
y<3>        |   -0.121(R)|    2.140(R)|pb3_BUFGP         |   0.000|
------------+------------+------------+------------------+--------+

Setup/Hold to clock pb4
------------+------------+------------+------------------+--------+
            |Max Setup to|Max Hold to |                  | Clock  |
Source      | clk (edge) | clk (edge) |Internal Clock(s) | Phase  |
------------+------------+------------+------------------+--------+
y<0>        |   -0.605(R)|    2.808(R)|pb4_BUFGP         |   0.000|
y<1>        |   -0.685(R)|    2.873(R)|pb4_BUFGP         |   0.000|
y<2>        |   -1.087(R)|    3.196(R)|pb4_BUFGP         |   0.000|
------------+------------+------------+------------------+--------+

Clock pb1 to Pad
------------+------------+------------------+--------+
            | clk (edge) |                  | Clock  |
Destination |   to PAD   |Internal Clock(s) | Phase  |
------------+------------+------------------+--------+
cout        |   18.514(R)|pb1_BUFGP         |   0.000|
sum<0>      |   12.297(R)|pb1_BUFGP         |   0.000|
sum<1>      |   12.638(R)|pb1_BUFGP         |   0.000|
sum<2>      |   13.186(R)|pb1_BUFGP         |   0.000|
sum<3>      |   14.548(R)|pb1_BUFGP         |   0.000|
sum<4>      |   16.490(R)|pb1_BUFGP         |   0.000|
sum<5>      |   17.051(R)|pb1_BUFGP         |   0.000|
sum<6>      |   18.977(R)|pb1_BUFGP         |   0.000|
------------+------------+------------------+--------+

Clock pb2 to Pad
------------+------------+------------------+--------+
            | clk (edge) |                  | Clock  |
Destination |   to PAD   |Internal Clock(s) | Phase  |
------------+------------+------------------+--------+
cout        |   13.938(R)|pb2_BUFGP         |   0.000|
sum<4>      |   11.490(R)|pb2_BUFGP         |   0.000|
sum<5>      |   12.456(R)|pb2_BUFGP         |   0.000|
sum<6>      |   14.401(R)|pb2_BUFGP         |   0.000|
------------+------------+------------------+--------+

Clock pb3 to Pad
------------+------------+------------------+--------+
            | clk (edge) |                  | Clock  |
Destination |   to PAD   |Internal Clock(s) | Phase  |
------------+------------+------------------+--------+
cout        |   18.501(R)|pb3_BUFGP         |   0.000|
sum<0>      |   12.095(R)|pb3_BUFGP         |   0.000|
sum<1>      |   12.461(R)|pb3_BUFGP         |   0.000|
sum<2>      |   13.173(R)|pb3_BUFGP         |   0.000|
sum<3>      |   14.535(R)|pb3_BUFGP         |   0.000|
sum<4>      |   16.477(R)|pb3_BUFGP         |   0.000|
sum<5>      |   17.038(R)|pb3_BUFGP         |   0.000|
sum<6>      |   18.964(R)|pb3_BUFGP         |   0.000|
------------+------------+------------------+--------+

Clock pb4 to Pad
------------+------------+------------------+--------+
            | clk (edge) |                  | Clock  |
Destination |   to PAD   |Internal Clock(s) | Phase  |
------------+------------+------------------+--------+
cout        |   15.855(R)|pb4_BUFGP         |   0.000|
sum<4>      |   13.136(R)|pb4_BUFGP         |   0.000|
sum<5>      |   14.385(R)|pb4_BUFGP         |   0.000|
sum<6>      |   16.318(R)|pb4_BUFGP         |   0.000|
------------+------------+------------------+--------+


Analysis completed Mon Jan 29 15:51:19 2018 
--------------------------------------------------------------------------------

Trace Settings:
-------------------------
Trace Settings 

Peak Memory Usage: 351 MB



